{
  "pass_at_1": 0.6,
  "passed": 12,
  "total": 20,
  "results": [
    {
      "task_id": "Python/163",
      "passed": true,
      "steps_used": 1,
      "trace": [
        {
          "step": 0,
          "patch": "def generate_integers(a, b):\n    lower = max(2, min(a, b))\n    upper = min(8, max(a, b))\n\n    return [i for i in range(lower, upper + 1) if i % 2 == 0]",
          "passed": true,
          "stdout": "",
          "stderr": "",
          "failures": "",
          "duration_s": 0.095
        }
      ],
      "wall_time_s": 29.22
    },
    {
      "task_id": "Python/28",
      "passed": true,
      "steps_used": 1,
      "trace": [
        {
          "step": 0,
          "patch": "def concatenate(strings):\n    return ''.join(strings)",
          "passed": true,
          "stdout": "",
          "stderr": "",
          "failures": "",
          "duration_s": 0.058
        }
      ],
      "wall_time_s": 7.538
    },
    {
      "task_id": "Python/6",
      "passed": false,
      "steps_used": 4,
      "trace": [
        {
          "step": 0,
          "patch": "def parse_nested_parens(s):\n    depth = 0\n    max_depth = 0\n    for c in s:\n        if c == '(':\n            depth += 1\n            max_depth = max(depth, max_depth)\n        elif c == ')':\n            max_depth -= 1\n\n    return max_depth",
          "passed": false,
          "stdout": "",
          "stderr": "Traceback (most recent call last):\n  File \"C:\\Users\\Jelena\\AppData\\Local\\Temp\\agentfix_flvrh4b2\\test_candidate.py\", line 14, in <module>\n    check(parse_nested_parens)\n  File \"C:\\Users\\Jelena\\AppData\\Local\\Temp\\agentfix_flvrh4b2\\test_candidate.py\", line 10, in check\n    assert parse_nested_parens('(()()) ((())) () ((())()())') == [2, 3, 1, 3]\n           ^^^^^^^^^^^^^^^^^^^^^^^^^^^^^^^^^^^^^^^^^^^^^^^^^^^^^^^^^^^^^^^^^^\nAssertionError\n",
          "failures": "Traceback (most recent call last):\n  File \"C:\\Users\\Jelena\\AppData\\Local\\Temp\\agentfix_flvrh4b2\\test_candidate.py\", line 14, in <module>\n    check(parse_nested_parens)\n  File \"C:\\Users\\Jelena\\AppData\\Local\\Temp\\agentfix_flvrh4b2\\test_candidate.py\", line 10, in check\n    assert parse_nested_parens('(()()) ((())) () ((())()())') == [2, 3, 1, 3]\n           ^^^^^^^^^^^^^^^^^^^^^^^^^^^^^^^^^^^^^^^^^^^^^^^^^^^^^^^^^^^^^^^^^^\nAssertionError",
          "duration_s": 0.072
        },
        {
          "step": 1,
          "patch": "def parse_nested_parens(s):\n    depth = 0\n    max_depth = 0\n    for c in s:\n        if c == '(':\n            depth += 1\n            max_depth = max(depth, max_depth)\n        elif c == ')':\n            max_depth -= 1\n\n    return max_depth",
          "passed": false,
          "stdout": "",
          "stderr": "Traceback (most recent call last):\n  File \"C:\\Users\\Jelena\\AppData\\Local\\Temp\\agentfix_gu9ogby7\\test_candidate.py\", line 14, in <module>\n    check(parse_nested_parens)\n  File \"C:\\Users\\Jelena\\AppData\\Local\\Temp\\agentfix_gu9ogby7\\test_candidate.py\", line 10, in check\n    assert parse_nested_parens('(()()) ((())) () ((())()())') == [2, 3, 1, 3]\n           ^^^^^^^^^^^^^^^^^^^^^^^^^^^^^^^^^^^^^^^^^^^^^^^^^^^^^^^^^^^^^^^^^^\nAssertionError\n",
          "failures": "Traceback (most recent call last):\n  File \"C:\\Users\\Jelena\\AppData\\Local\\Temp\\agentfix_gu9ogby7\\test_candidate.py\", line 14, in <module>\n    check(parse_nested_parens)\n  File \"C:\\Users\\Jelena\\AppData\\Local\\Temp\\agentfix_gu9ogby7\\test_candidate.py\", line 10, in check\n    assert parse_nested_parens('(()()) ((())) () ((())()())') == [2, 3, 1, 3]\n           ^^^^^^^^^^^^^^^^^^^^^^^^^^^^^^^^^^^^^^^^^^^^^^^^^^^^^^^^^^^^^^^^^^\nAssertionError",
          "duration_s": 0.069
        },
        {
          "step": 2,
          "patch": "def parse_nested_parens(s):\n    depth = 0\n    max_depth = 0\n    for c in s:\n        if c == '(':\n            depth += 1\n            max_depth = max(depth, max_depth)\n        elif c == ')':\n            max_depth -= 1\n\n    return max_depth",
          "passed": false,
          "stdout": "",
          "stderr": "Traceback (most recent call last):\n  File \"C:\\Users\\Jelena\\AppData\\Local\\Temp\\agentfix_k_mmjsp9\\test_candidate.py\", line 14, in <module>\n    check(parse_nested_parens)\n  File \"C:\\Users\\Jelena\\AppData\\Local\\Temp\\agentfix_k_mmjsp9\\test_candidate.py\", line 10, in check\n    assert parse_nested_parens('(()()) ((())) () ((())()())') == [2, 3, 1, 3]\n           ^^^^^^^^^^^^^^^^^^^^^^^^^^^^^^^^^^^^^^^^^^^^^^^^^^^^^^^^^^^^^^^^^^\nAssertionError\n",
          "failures": "Traceback (most recent call last):\n  File \"C:\\Users\\Jelena\\AppData\\Local\\Temp\\agentfix_k_mmjsp9\\test_candidate.py\", line 14, in <module>\n    check(parse_nested_parens)\n  File \"C:\\Users\\Jelena\\AppData\\Local\\Temp\\agentfix_k_mmjsp9\\test_candidate.py\", line 10, in check\n    assert parse_nested_parens('(()()) ((())) () ((())()())') == [2, 3, 1, 3]\n           ^^^^^^^^^^^^^^^^^^^^^^^^^^^^^^^^^^^^^^^^^^^^^^^^^^^^^^^^^^^^^^^^^^\nAssertionError",
          "duration_s": 0.061
        },
        {
          "step": 3,
          "patch": "def parse_nested_parens(s):\n    depth = 0\n    max_depth = 0\n    for c in s:\n        if c == '(':\n            depth += 1\n            max_depth = max(depth, max_depth)\n        elif c == ')':\n            max_depth -= 1\n\n    return max_depth",
          "passed": false,
          "stdout": "",
          "stderr": "Traceback (most recent call last):\n  File \"C:\\Users\\Jelena\\AppData\\Local\\Temp\\agentfix_jwje3s0l\\test_candidate.py\", line 14, in <module>\n    check(parse_nested_parens)\n  File \"C:\\Users\\Jelena\\AppData\\Local\\Temp\\agentfix_jwje3s0l\\test_candidate.py\", line 10, in check\n    assert parse_nested_parens('(()()) ((())) () ((())()())') == [2, 3, 1, 3]\n           ^^^^^^^^^^^^^^^^^^^^^^^^^^^^^^^^^^^^^^^^^^^^^^^^^^^^^^^^^^^^^^^^^^\nAssertionError\n",
          "failures": "Traceback (most recent call last):\n  File \"C:\\Users\\Jelena\\AppData\\Local\\Temp\\agentfix_jwje3s0l\\test_candidate.py\", line 14, in <module>\n    check(parse_nested_parens)\n  File \"C:\\Users\\Jelena\\AppData\\Local\\Temp\\agentfix_jwje3s0l\\test_candidate.py\", line 10, in check\n    assert parse_nested_parens('(()()) ((())) () ((())()())') == [2, 3, 1, 3]\n           ^^^^^^^^^^^^^^^^^^^^^^^^^^^^^^^^^^^^^^^^^^^^^^^^^^^^^^^^^^^^^^^^^^\nAssertionError",
          "duration_s": 0.057
        }
      ],
      "wall_time_s": 103.265
    },
    {
      "task_id": "Python/70",
      "passed": false,
      "steps_used": 4,
      "trace": [
        {
          "step": 0,
          "patch": "def strange_sort_list(lst):\n    res, switch = [], False\n    while lst:\n        res.append(min(lst) if switch else max(lst))\n        lst.remove(res[-1])\n        switch = not switch\n    return res",
          "passed": false,
          "stdout": "",
          "stderr": "Traceback (most recent call last):\n  File \"C:\\Users\\Jelena\\AppData\\Local\\Temp\\agentfix_zomn3idd\\test_candidate.py\", line 20, in <module>\n    check(strange_sort_list)\n  File \"C:\\Users\\Jelena\\AppData\\Local\\Temp\\agentfix_zomn3idd\\test_candidate.py\", line 7, in check\n    assert strange_sort_list([1, 2, 3, 4]) == [1, 4, 2, 3]\n           ^^^^^^^^^^^^^^^^^^^^^^^^^^^^^^^^^^^^^^^^^^^^^^^\nAssertionError\n",
          "failures": "Traceback (most recent call last):\n  File \"C:\\Users\\Jelena\\AppData\\Local\\Temp\\agentfix_zomn3idd\\test_candidate.py\", line 20, in <module>\n    check(strange_sort_list)\n  File \"C:\\Users\\Jelena\\AppData\\Local\\Temp\\agentfix_zomn3idd\\test_candidate.py\", line 7, in check\n    assert strange_sort_list([1, 2, 3, 4]) == [1, 4, 2, 3]\n           ^^^^^^^^^^^^^^^^^^^^^^^^^^^^^^^^^^^^^^^^^^^^^^^\nAssertionError",
          "duration_s": 0.071
        },
        {
          "step": 1,
          "patch": "def strange_sort_list(lst):\n    res, switch = [], False\n    while lst:\n        res.append(min(lst) if switch else max(lst))\n        lst.remove(res[-1])\n        switch = not switch\n    return res",
          "passed": false,
          "stdout": "",
          "stderr": "Traceback (most recent call last):\n  File \"C:\\Users\\Jelena\\AppData\\Local\\Temp\\agentfix_ckvg8its\\test_candidate.py\", line 20, in <module>\n    check(strange_sort_list)\n  File \"C:\\Users\\Jelena\\AppData\\Local\\Temp\\agentfix_ckvg8its\\test_candidate.py\", line 7, in check\n    assert strange_sort_list([1, 2, 3, 4]) == [1, 4, 2, 3]\n           ^^^^^^^^^^^^^^^^^^^^^^^^^^^^^^^^^^^^^^^^^^^^^^^\nAssertionError\n",
          "failures": "Traceback (most recent call last):\n  File \"C:\\Users\\Jelena\\AppData\\Local\\Temp\\agentfix_ckvg8its\\test_candidate.py\", line 20, in <module>\n    check(strange_sort_list)\n  File \"C:\\Users\\Jelena\\AppData\\Local\\Temp\\agentfix_ckvg8its\\test_candidate.py\", line 7, in check\n    assert strange_sort_list([1, 2, 3, 4]) == [1, 4, 2, 3]\n           ^^^^^^^^^^^^^^^^^^^^^^^^^^^^^^^^^^^^^^^^^^^^^^^\nAssertionError",
          "duration_s": 0.061
        },
        {
          "step": 2,
          "patch": "def strange_sort_list(lst):\n    res, switch = [], False\n    while lst:\n        res.append(min(lst) if switch else max(lst))\n        lst.remove(res[-1])\n        switch = not switch\n    return res",
          "passed": false,
          "stdout": "",
          "stderr": "Traceback (most recent call last):\n  File \"C:\\Users\\Jelena\\AppData\\Local\\Temp\\agentfix_jyji4y9c\\test_candidate.py\", line 20, in <module>\n    check(strange_sort_list)\n  File \"C:\\Users\\Jelena\\AppData\\Local\\Temp\\agentfix_jyji4y9c\\test_candidate.py\", line 7, in check\n    assert strange_sort_list([1, 2, 3, 4]) == [1, 4, 2, 3]\n           ^^^^^^^^^^^^^^^^^^^^^^^^^^^^^^^^^^^^^^^^^^^^^^^\nAssertionError\n",
          "failures": "Traceback (most recent call last):\n  File \"C:\\Users\\Jelena\\AppData\\Local\\Temp\\agentfix_jyji4y9c\\test_candidate.py\", line 20, in <module>\n    check(strange_sort_list)\n  File \"C:\\Users\\Jelena\\AppData\\Local\\Temp\\agentfix_jyji4y9c\\test_candidate.py\", line 7, in check\n    assert strange_sort_list([1, 2, 3, 4]) == [1, 4, 2, 3]\n           ^^^^^^^^^^^^^^^^^^^^^^^^^^^^^^^^^^^^^^^^^^^^^^^\nAssertionError",
          "duration_s": 0.063
        },
        {
          "step": 3,
          "patch": "def strange_sort_list(lst):\n    res, switch = [], False\n    while lst:\n        res.append(min(lst) if switch else max(lst))\n        lst.remove(res[-1])\n        switch = not switch\n    return res",
          "passed": false,
          "stdout": "",
          "stderr": "Traceback (most recent call last):\n  File \"C:\\Users\\Jelena\\AppData\\Local\\Temp\\agentfix_32mpaibf\\test_candidate.py\", line 20, in <module>\n    check(strange_sort_list)\n  File \"C:\\Users\\Jelena\\AppData\\Local\\Temp\\agentfix_32mpaibf\\test_candidate.py\", line 7, in check\n    assert strange_sort_list([1, 2, 3, 4]) == [1, 4, 2, 3]\n           ^^^^^^^^^^^^^^^^^^^^^^^^^^^^^^^^^^^^^^^^^^^^^^^\nAssertionError\n",
          "failures": "Traceback (most recent call last):\n  File \"C:\\Users\\Jelena\\AppData\\Local\\Temp\\agentfix_32mpaibf\\test_candidate.py\", line 20, in <module>\n    check(strange_sort_list)\n  File \"C:\\Users\\Jelena\\AppData\\Local\\Temp\\agentfix_32mpaibf\\test_candidate.py\", line 7, in check\n    assert strange_sort_list([1, 2, 3, 4]) == [1, 4, 2, 3]\n           ^^^^^^^^^^^^^^^^^^^^^^^^^^^^^^^^^^^^^^^^^^^^^^^\nAssertionError",
          "duration_s": 0.06
        }
      ],
      "wall_time_s": 79.112
    },
    {
      "task_id": "Python/62",
      "passed": true,
      "steps_used": 1,
      "trace": [
        {
          "step": 0,
          "patch": "def derivative(xs):\n    return [i * x for i, x in enumerate(xs)][1:]",
          "passed": true,
          "stdout": "",
          "stderr": "",
          "failures": "",
          "duration_s": 0.063
        }
      ],
      "wall_time_s": 9.894
    },
    {
      "task_id": "Python/57",
      "passed": true,
      "steps_used": 1,
      "trace": [
        {
          "step": 0,
          "patch": "def monotonic(l):\n    return l == sorted(l) or l == sorted(l, reverse=True)",
          "passed": true,
          "stdout": "",
          "stderr": "",
          "failures": "",
          "duration_s": 0.065
        }
      ],
      "wall_time_s": 10.403
    },
    {
      "task_id": "Python/35",
      "passed": true,
      "steps_used": 1,
      "trace": [
        {
          "step": 0,
          "patch": "def max_element(l):\n    if not l:\n        raise ValueError(\"List is empty\")\n    m = l[0]\n    for e in l:\n        if e > m:\n            m = e\n    return m",
          "passed": true,
          "stdout": "",
          "stderr": "",
          "failures": "",
          "duration_s": 0.069
        }
      ],
      "wall_time_s": 16.882
    },
    {
      "task_id": "Python/26",
      "passed": false,
      "steps_used": 4,
      "trace": [
        {
          "step": 0,
          "patch": "def remove_duplicates(numbers):\n    seen = set()\n    return [n for n in numbers if n not in seen and not seen.add(n)]",
          "passed": false,
          "stdout": "",
          "stderr": "Traceback (most recent call last):\n  File \"C:\\Users\\Jelena\\AppData\\Local\\Temp\\agentfix_z5w4l09l\\test_candidate.py\", line 14, in <module>\n    check(remove_duplicates)\n  File \"C:\\Users\\Jelena\\AppData\\Local\\Temp\\agentfix_z5w4l09l\\test_candidate.py\", line 12, in check\n    assert remove_duplicates([1, 2, 3, 2, 4, 3, 5]) == [1, 4, 5]\n           ^^^^^^^^^^^^^^^^^^^^^^^^^^^^^^^^^^^^^^^^^^^^^^^^^^^^^\nAssertionError\n",
          "failures": "Traceback (most recent call last):\n  File \"C:\\Users\\Jelena\\AppData\\Local\\Temp\\agentfix_z5w4l09l\\test_candidate.py\", line 14, in <module>\n    check(remove_duplicates)\n  File \"C:\\Users\\Jelena\\AppData\\Local\\Temp\\agentfix_z5w4l09l\\test_candidate.py\", line 12, in check\n    assert remove_duplicates([1, 2, 3, 2, 4, 3, 5]) == [1, 4, 5]\n           ^^^^^^^^^^^^^^^^^^^^^^^^^^^^^^^^^^^^^^^^^^^^^^^^^^^^^\nAssertionError",
          "duration_s": 0.082
        },
        {
          "step": 1,
          "patch": "def remove_duplicates(numbers):\n    seen = set()\n    return [n for n in numbers if n not in seen and not seen.add(n)]",
          "passed": false,
          "stdout": "",
          "stderr": "Traceback (most recent call last):\n  File \"C:\\Users\\Jelena\\AppData\\Local\\Temp\\agentfix_4p8b2bc_\\test_candidate.py\", line 14, in <module>\n    check(remove_duplicates)\n  File \"C:\\Users\\Jelena\\AppData\\Local\\Temp\\agentfix_4p8b2bc_\\test_candidate.py\", line 12, in check\n    assert remove_duplicates([1, 2, 3, 2, 4, 3, 5]) == [1, 4, 5]\n           ^^^^^^^^^^^^^^^^^^^^^^^^^^^^^^^^^^^^^^^^^^^^^^^^^^^^^\nAssertionError\n",
          "failures": "Traceback (most recent call last):\n  File \"C:\\Users\\Jelena\\AppData\\Local\\Temp\\agentfix_4p8b2bc_\\test_candidate.py\", line 14, in <module>\n    check(remove_duplicates)\n  File \"C:\\Users\\Jelena\\AppData\\Local\\Temp\\agentfix_4p8b2bc_\\test_candidate.py\", line 12, in check\n    assert remove_duplicates([1, 2, 3, 2, 4, 3, 5]) == [1, 4, 5]\n           ^^^^^^^^^^^^^^^^^^^^^^^^^^^^^^^^^^^^^^^^^^^^^^^^^^^^^\nAssertionError",
          "duration_s": 0.059
        },
        {
          "step": 2,
          "patch": "def remove_duplicates(numbers):\n    seen = set()\n    return [n for n in numbers if n not in seen and not seen.add(n)]",
          "passed": false,
          "stdout": "",
          "stderr": "Traceback (most recent call last):\n  File \"C:\\Users\\Jelena\\AppData\\Local\\Temp\\agentfix_vxu4phqd\\test_candidate.py\", line 14, in <module>\n    check(remove_duplicates)\n  File \"C:\\Users\\Jelena\\AppData\\Local\\Temp\\agentfix_vxu4phqd\\test_candidate.py\", line 12, in check\n    assert remove_duplicates([1, 2, 3, 2, 4, 3, 5]) == [1, 4, 5]\n           ^^^^^^^^^^^^^^^^^^^^^^^^^^^^^^^^^^^^^^^^^^^^^^^^^^^^^\nAssertionError\n",
          "failures": "Traceback (most recent call last):\n  File \"C:\\Users\\Jelena\\AppData\\Local\\Temp\\agentfix_vxu4phqd\\test_candidate.py\", line 14, in <module>\n    check(remove_duplicates)\n  File \"C:\\Users\\Jelena\\AppData\\Local\\Temp\\agentfix_vxu4phqd\\test_candidate.py\", line 12, in check\n    assert remove_duplicates([1, 2, 3, 2, 4, 3, 5]) == [1, 4, 5]\n           ^^^^^^^^^^^^^^^^^^^^^^^^^^^^^^^^^^^^^^^^^^^^^^^^^^^^^\nAssertionError",
          "duration_s": 0.062
        },
        {
          "step": 3,
          "patch": "def remove_duplicates(numbers):\n    seen = set()\n    return [n for n in numbers if n not in seen and not seen.add(n)]",
          "passed": false,
          "stdout": "",
          "stderr": "Traceback (most recent call last):\n  File \"C:\\Users\\Jelena\\AppData\\Local\\Temp\\agentfix_wl520j4w\\test_candidate.py\", line 14, in <module>\n    check(remove_duplicates)\n  File \"C:\\Users\\Jelena\\AppData\\Local\\Temp\\agentfix_wl520j4w\\test_candidate.py\", line 12, in check\n    assert remove_duplicates([1, 2, 3, 2, 4, 3, 5]) == [1, 4, 5]\n           ^^^^^^^^^^^^^^^^^^^^^^^^^^^^^^^^^^^^^^^^^^^^^^^^^^^^^\nAssertionError\n",
          "failures": "Traceback (most recent call last):\n  File \"C:\\Users\\Jelena\\AppData\\Local\\Temp\\agentfix_wl520j4w\\test_candidate.py\", line 14, in <module>\n    check(remove_duplicates)\n  File \"C:\\Users\\Jelena\\AppData\\Local\\Temp\\agentfix_wl520j4w\\test_candidate.py\", line 12, in check\n    assert remove_duplicates([1, 2, 3, 2, 4, 3, 5]) == [1, 4, 5]\n           ^^^^^^^^^^^^^^^^^^^^^^^^^^^^^^^^^^^^^^^^^^^^^^^^^^^^^\nAssertionError",
          "duration_s": 0.06
        }
      ],
      "wall_time_s": 58.659
    },
    {
      "task_id": "Python/139",
      "passed": true,
      "steps_used": 1,
      "trace": [
        {
          "step": 0,
          "patch": "def special_factorial(n):\n    fact_i = 1\n    special_fact = 1\n    for i in range(1, n+1):\n        fact_i *= i\n        special_fact *= fact_i\n    return special_fact",
          "passed": true,
          "stdout": "",
          "stderr": "",
          "failures": "",
          "duration_s": 0.072
        }
      ],
      "wall_time_s": 19.022
    },
    {
      "task_id": "Python/22",
      "passed": true,
      "steps_used": 1,
      "trace": [
        {
          "step": 0,
          "patch": "def filter_integers(values):\n    return [x for x in values if isinstance(x, int)]",
          "passed": true,
          "stdout": "",
          "stderr": "",
          "failures": "",
          "duration_s": 0.069
        }
      ],
      "wall_time_s": 10.248
    },
    {
      "task_id": "Python/151",
      "passed": false,
      "steps_used": 4,
      "trace": [
        {
          "step": 0,
          "patch": "def double_the_difference(lst):\n    return sum([i**2 for i in lst if i > 0 and \".\" not in str(i)])",
          "passed": false,
          "stdout": "",
          "stderr": "Traceback (most recent call last):\n  File \"C:\\Users\\Jelena\\AppData\\Local\\Temp\\agentfix_00vtcqbo\\test_candidate.py\", line 20, in <module>\n    check(double_the_difference)\n  File \"C:\\Users\\Jelena\\AppData\\Local\\Temp\\agentfix_00vtcqbo\\test_candidate.py\", line 8, in check\n    assert double_the_difference([5, 4]) == 25 , \"This prints if this assert fails 2 (good for debugging!)\"\n           ^^^^^^^^^^^^^^^^^^^^^^^^^^^^^^^^^^^\nAssertionError: This prints if this assert fails 2 (good for debugging!)\n",
          "failures": "Traceback (most recent call last):\n  File \"C:\\Users\\Jelena\\AppData\\Local\\Temp\\agentfix_00vtcqbo\\test_candidate.py\", line 20, in <module>\n    check(double_the_difference)\n  File \"C:\\Users\\Jelena\\AppData\\Local\\Temp\\agentfix_00vtcqbo\\test_candidate.py\", line 8, in check\n    assert double_the_difference([5, 4]) == 25 , \"This prints if this assert fails 2 (good for debugging!)\"\n           ^^^^^^^^^^^^^^^^^^^^^^^^^^^^^^^^^^^\nAssertionError: This prints if this assert fails 2 (good for debugging!)",
          "duration_s": 0.073
        },
        {
          "step": 1,
          "patch": "def double_the_difference(lst):\n    return sum([i**2 for i in lst if i > 0 and not '.' in str(i)])",
          "passed": false,
          "stdout": "",
          "stderr": "Traceback (most recent call last):\n  File \"C:\\Users\\Jelena\\AppData\\Local\\Temp\\agentfix_1g6l3m4l\\test_candidate.py\", line 20, in <module>\n    check(double_the_difference)\n  File \"C:\\Users\\Jelena\\AppData\\Local\\Temp\\agentfix_1g6l3m4l\\test_candidate.py\", line 8, in check\n    assert double_the_difference([5, 4]) == 25 , \"This prints if this assert fails 2 (good for debugging!)\"\n           ^^^^^^^^^^^^^^^^^^^^^^^^^^^^^^^^^^^\nAssertionError: This prints if this assert fails 2 (good for debugging!)\n",
          "failures": "Traceback (most recent call last):\n  File \"C:\\Users\\Jelena\\AppData\\Local\\Temp\\agentfix_1g6l3m4l\\test_candidate.py\", line 20, in <module>\n    check(double_the_difference)\n  File \"C:\\Users\\Jelena\\AppData\\Local\\Temp\\agentfix_1g6l3m4l\\test_candidate.py\", line 8, in check\n    assert double_the_difference([5, 4]) == 25 , \"This prints if this assert fails 2 (good for debugging!)\"\n           ^^^^^^^^^^^^^^^^^^^^^^^^^^^^^^^^^^^\nAssertionError: This prints if this assert fails 2 (good for debugging!)",
          "duration_s": 0.068
        },
        {
          "step": 2,
          "patch": "def double_the_difference(lst):\n    return sum([i**2 for i in lst if i > 0 and not '.' in str(i)])",
          "passed": false,
          "stdout": "",
          "stderr": "Traceback (most recent call last):\n  File \"C:\\Users\\Jelena\\AppData\\Local\\Temp\\agentfix_9p_p63dt\\test_candidate.py\", line 20, in <module>\n    check(double_the_difference)\n  File \"C:\\Users\\Jelena\\AppData\\Local\\Temp\\agentfix_9p_p63dt\\test_candidate.py\", line 8, in check\n    assert double_the_difference([5, 4]) == 25 , \"This prints if this assert fails 2 (good for debugging!)\"\n           ^^^^^^^^^^^^^^^^^^^^^^^^^^^^^^^^^^^\nAssertionError: This prints if this assert fails 2 (good for debugging!)\n",
          "failures": "Traceback (most recent call last):\n  File \"C:\\Users\\Jelena\\AppData\\Local\\Temp\\agentfix_9p_p63dt\\test_candidate.py\", line 20, in <module>\n    check(double_the_difference)\n  File \"C:\\Users\\Jelena\\AppData\\Local\\Temp\\agentfix_9p_p63dt\\test_candidate.py\", line 8, in check\n    assert double_the_difference([5, 4]) == 25 , \"This prints if this assert fails 2 (good for debugging!)\"\n           ^^^^^^^^^^^^^^^^^^^^^^^^^^^^^^^^^^^\nAssertionError: This prints if this assert fails 2 (good for debugging!)",
          "duration_s": 0.064
        },
        {
          "step": 3,
          "patch": "def double_the_difference(lst):\n    return sum([i**2 for i in lst if i > 0 and not '.' in str(i)])",
          "passed": false,
          "stdout": "",
          "stderr": "Traceback (most recent call last):\n  File \"C:\\Users\\Jelena\\AppData\\Local\\Temp\\agentfix_8mtrhuae\\test_candidate.py\", line 20, in <module>\n    check(double_the_difference)\n  File \"C:\\Users\\Jelena\\AppData\\Local\\Temp\\agentfix_8mtrhuae\\test_candidate.py\", line 8, in check\n    assert double_the_difference([5, 4]) == 25 , \"This prints if this assert fails 2 (good for debugging!)\"\n           ^^^^^^^^^^^^^^^^^^^^^^^^^^^^^^^^^^^\nAssertionError: This prints if this assert fails 2 (good for debugging!)\n",
          "failures": "Traceback (most recent call last):\n  File \"C:\\Users\\Jelena\\AppData\\Local\\Temp\\agentfix_8mtrhuae\\test_candidate.py\", line 20, in <module>\n    check(double_the_difference)\n  File \"C:\\Users\\Jelena\\AppData\\Local\\Temp\\agentfix_8mtrhuae\\test_candidate.py\", line 8, in check\n    assert double_the_difference([5, 4]) == 25 , \"This prints if this assert fails 2 (good for debugging!)\"\n           ^^^^^^^^^^^^^^^^^^^^^^^^^^^^^^^^^^^\nAssertionError: This prints if this assert fails 2 (good for debugging!)",
          "duration_s": 0.064
        }
      ],
      "wall_time_s": 58.894
    },
    {
      "task_id": "Python/108",
      "passed": false,
      "steps_used": 4,
      "trace": [
        {
          "step": 0,
          "patch": "def count_nums(arr):\n    return len(list(filter(lambda x: x > 0, [digits_sum(i) for i in arr])))",
          "passed": false,
          "stdout": "",
          "stderr": "Traceback (most recent call last):\n  File \"C:\\Users\\Jelena\\AppData\\Local\\Temp\\agentfix_jkwpwkmr\\test_candidate.py\", line 19, in <module>\n    check(count_nums)\n  File \"C:\\Users\\Jelena\\AppData\\Local\\Temp\\agentfix_jkwpwkmr\\test_candidate.py\", line 8, in check\n    assert count_nums([-1, -2, 0]) == 0\n           ^^^^^^^^^^^^^^^^^^^^^^^\n  File \"C:\\Users\\Jelena\\AppData\\Local\\Temp\\agentfix_jkwpwkmr\\candidate.py\", line 2, in count_nums\n    return len(list(filter(lambda x: x > 0, [digits_sum(i) for i in arr])))\n                                             ^^^^^^^^^^\nNameError: name 'digits_sum' is not defined\n",
          "failures": "Traceback (most recent call last):\n  File \"C:\\Users\\Jelena\\AppData\\Local\\Temp\\agentfix_jkwpwkmr\\test_candidate.py\", line 19, in <module>\n    check(count_nums)\n  File \"C:\\Users\\Jelena\\AppData\\Local\\Temp\\agentfix_jkwpwkmr\\test_candidate.py\", line 8, in check\n    assert count_nums([-1, -2, 0]) == 0\n           ^^^^^^^^^^^^^^^^^^^^^^^\n  File \"C:\\Users\\Jelena\\AppData\\Local\\Temp\\agentfix_jkwpwkmr\\candidate.py\", line 2, in count_nums\n    return len(list(filter(lambda x: x > 0, [digits_sum(i) for i in arr])))\n                                             ^^^^^^^^^^\nNameError: name 'digits_sum' is not defined",
          "duration_s": 0.074
        },
        {
          "step": 1,
          "patch": "def count_nums(arr):\n    return len(list(filter(lambda x: x > 0, [sum(int(digit) for digit in str(i)) for i in arr])))",
          "passed": false,
          "stdout": "",
          "stderr": "Traceback (most recent call last):\n  File \"C:\\Users\\Jelena\\AppData\\Local\\Temp\\agentfix_se5esszb\\test_candidate.py\", line 19, in <module>\n    check(count_nums)\n  File \"C:\\Users\\Jelena\\AppData\\Local\\Temp\\agentfix_se5esszb\\test_candidate.py\", line 8, in check\n    assert count_nums([-1, -2, 0]) == 0\n           ^^^^^^^^^^^^^^^^^^^^^^^\n  File \"C:\\Users\\Jelena\\AppData\\Local\\Temp\\agentfix_se5esszb\\candidate.py\", line 2, in count_nums\n    return len(list(filter(lambda x: x > 0, [sum(int(digit) for digit in str(i)) for i in arr])))\n                                             ^^^^^^^^^^^^^^^^^^^^^^^^^^^^^^^^^^^\n  File \"C:\\Users\\Jelena\\AppData\\Local\\Temp\\agentfix_se5esszb\\candidate.py\", line 2, in <genexpr>\n    return len(list(filter(lambda x: x > 0, [sum(int(digit) for digit in str(i)) for i in arr])))\n                                                 ^^^^^^^^^^\nValueError: invalid literal for int() with base 10: '-'\n",
          "failures": "Traceback (most recent call last):\n  File \"C:\\Users\\Jelena\\AppData\\Local\\Temp\\agentfix_se5esszb\\test_candidate.py\", line 19, in <module>\n    check(count_nums)\n  File \"C:\\Users\\Jelena\\AppData\\Local\\Temp\\agentfix_se5esszb\\test_candidate.py\", line 8, in check\n    assert count_nums([-1, -2, 0]) == 0\n           ^^^^^^^^^^^^^^^^^^^^^^^\n  File \"C:\\Users\\Jelena\\AppData\\Local\\Temp\\agentfix_se5esszb\\candidate.py\", line 2, in count_nums\n    return len(list(filter(lambda x: x > 0, [sum(int(digit) for digit in str(i)) for i in arr])))\n                                             ^^^^^^^^^^^^^^^^^^^^^^^^^^^^^^^^^^^\n  File \"C:\\Users\\Jelena\\AppData\\Local\\Temp\\agentfix_se5esszb\\candidate.py\", line 2, in <genexpr>\n    return len(list(filter(lambda x: x > 0, [sum(int(digit) for digit in str(i)) for i in arr])))\n                                                 ^^^^^^^^^^\nValueError: invalid literal for int() with base 10: '-'",
          "duration_s": 0.072
        },
        {
          "step": 2,
          "patch": "def count_nums(arr):\n    return len(list(filter(lambda x: x > 0, [sum(int(digit) for digit in str(abs(i))) for i in arr])))",
          "passed": false,
          "stdout": "",
          "stderr": "Traceback (most recent call last):\n  File \"C:\\Users\\Jelena\\AppData\\Local\\Temp\\agentfix_qvc4hxyp\\test_candidate.py\", line 19, in <module>\n    check(count_nums)\n  File \"C:\\Users\\Jelena\\AppData\\Local\\Temp\\agentfix_qvc4hxyp\\test_candidate.py\", line 8, in check\n    assert count_nums([-1, -2, 0]) == 0\n           ^^^^^^^^^^^^^^^^^^^^^^^^^^^^\nAssertionError\n",
          "failures": "Traceback (most recent call last):\n  File \"C:\\Users\\Jelena\\AppData\\Local\\Temp\\agentfix_qvc4hxyp\\test_candidate.py\", line 19, in <module>\n    check(count_nums)\n  File \"C:\\Users\\Jelena\\AppData\\Local\\Temp\\agentfix_qvc4hxyp\\test_candidate.py\", line 8, in check\n    assert count_nums([-1, -2, 0]) == 0\n           ^^^^^^^^^^^^^^^^^^^^^^^^^^^^\nAssertionError",
          "duration_s": 0.073
        },
        {
          "step": 3,
          "patch": "def count_nums(arr):\n    return sum(1 for i in arr if i > 0)",
          "passed": false,
          "stdout": "",
          "stderr": "Traceback (most recent call last):\n  File \"C:\\Users\\Jelena\\AppData\\Local\\Temp\\agentfix_zu16q8kv\\test_candidate.py\", line 19, in <module>\n    check(count_nums)\n  File \"C:\\Users\\Jelena\\AppData\\Local\\Temp\\agentfix_zu16q8kv\\test_candidate.py\", line 12, in check\n    assert count_nums([12, 23, 34, -45, -56, 0]) == 5\n           ^^^^^^^^^^^^^^^^^^^^^^^^^^^^^^^^^^^^^^^^^^\nAssertionError\n",
          "failures": "Traceback (most recent call last):\n  File \"C:\\Users\\Jelena\\AppData\\Local\\Temp\\agentfix_zu16q8kv\\test_candidate.py\", line 19, in <module>\n    check(count_nums)\n  File \"C:\\Users\\Jelena\\AppData\\Local\\Temp\\agentfix_zu16q8kv\\test_candidate.py\", line 12, in check\n    assert count_nums([12, 23, 34, -45, -56, 0]) == 5\n           ^^^^^^^^^^^^^^^^^^^^^^^^^^^^^^^^^^^^^^^^^^\nAssertionError",
          "duration_s": 0.07
        }
      ],
      "wall_time_s": 63.771
    },
    {
      "task_id": "Python/8",
      "passed": true,
      "steps_used": 1,
      "trace": [
        {
          "step": 0,
          "patch": "def sum_product(numbers):\n    sum_value = 0\n    prod_value = 1\n\n    for n in numbers:\n        sum_value += n\n        prod_value *= n\n    return sum_value, prod_value",
          "passed": true,
          "stdout": "",
          "stderr": "",
          "failures": "",
          "duration_s": 0.066
        }
      ],
      "wall_time_s": 16.915
    },
    {
      "task_id": "Python/7",
      "passed": true,
      "steps_used": 1,
      "trace": [
        {
          "step": 0,
          "patch": "def filter_by_substring(strings, substring):\n    return [x for x in strings if substring in x]",
          "passed": true,
          "stdout": "",
          "stderr": "",
          "failures": "",
          "duration_s": 0.069
        }
      ],
      "wall_time_s": 10.933
    },
    {
      "task_id": "Python/23",
      "passed": true,
      "steps_used": 1,
      "trace": [
        {
          "step": 0,
          "patch": "def strlen(string):\n    return len(string)",
          "passed": true,
          "stdout": "",
          "stderr": "",
          "failures": "",
          "duration_s": 0.067
        }
      ],
      "wall_time_s": 6.871
    },
    {
      "task_id": "Python/55",
      "passed": false,
      "steps_used": 4,
      "trace": [
        {
          "step": 0,
          "patch": "def fib(n):\n    if n == 0:\n        return 0\n    if n == 1:\n        return 1\n    if n == 2:\n        return 2\n    return fib(n - 1) + fib(n - 2)",
          "passed": false,
          "stdout": "",
          "stderr": "Traceback (most recent call last):\n  File \"C:\\Users\\Jelena\\AppData\\Local\\Temp\\agentfix_2bd62eva\\test_candidate.py\", line 16, in <module>\n    check(fib)\n  File \"C:\\Users\\Jelena\\AppData\\Local\\Temp\\agentfix_2bd62eva\\test_candidate.py\", line 10, in check\n    assert fib(10) == 55\n           ^^^^^^^^^^^^^\nAssertionError\n",
          "failures": "Traceback (most recent call last):\n  File \"C:\\Users\\Jelena\\AppData\\Local\\Temp\\agentfix_2bd62eva\\test_candidate.py\", line 16, in <module>\n    check(fib)\n  File \"C:\\Users\\Jelena\\AppData\\Local\\Temp\\agentfix_2bd62eva\\test_candidate.py\", line 10, in check\n    assert fib(10) == 55\n           ^^^^^^^^^^^^^\nAssertionError",
          "duration_s": 0.07
        },
        {
          "step": 1,
          "patch": "def fib(n):\n    if n == 0:\n        return 0\n    if n == 1:\n        return 1\n    if n == 2:\n        return 2\n    return fib(n - 1) + fib(n - 2)",
          "passed": false,
          "stdout": "",
          "stderr": "Traceback (most recent call last):\n  File \"C:\\Users\\Jelena\\AppData\\Local\\Temp\\agentfix_odwi526o\\test_candidate.py\", line 16, in <module>\n    check(fib)\n  File \"C:\\Users\\Jelena\\AppData\\Local\\Temp\\agentfix_odwi526o\\test_candidate.py\", line 10, in check\n    assert fib(10) == 55\n           ^^^^^^^^^^^^^\nAssertionError\n",
          "failures": "Traceback (most recent call last):\n  File \"C:\\Users\\Jelena\\AppData\\Local\\Temp\\agentfix_odwi526o\\test_candidate.py\", line 16, in <module>\n    check(fib)\n  File \"C:\\Users\\Jelena\\AppData\\Local\\Temp\\agentfix_odwi526o\\test_candidate.py\", line 10, in check\n    assert fib(10) == 55\n           ^^^^^^^^^^^^^\nAssertionError",
          "duration_s": 0.06
        },
        {
          "step": 2,
          "patch": "def fib(n):\n    if n == 0:\n        return 0\n    if n == 1:\n        return 1\n    if n == 2:\n        return 2\n    return fib(n - 1) + fib(n - 2)",
          "passed": false,
          "stdout": "",
          "stderr": "Traceback (most recent call last):\n  File \"C:\\Users\\Jelena\\AppData\\Local\\Temp\\agentfix_27q9d5ye\\test_candidate.py\", line 16, in <module>\n    check(fib)\n  File \"C:\\Users\\Jelena\\AppData\\Local\\Temp\\agentfix_27q9d5ye\\test_candidate.py\", line 10, in check\n    assert fib(10) == 55\n           ^^^^^^^^^^^^^\nAssertionError\n",
          "failures": "Traceback (most recent call last):\n  File \"C:\\Users\\Jelena\\AppData\\Local\\Temp\\agentfix_27q9d5ye\\test_candidate.py\", line 16, in <module>\n    check(fib)\n  File \"C:\\Users\\Jelena\\AppData\\Local\\Temp\\agentfix_27q9d5ye\\test_candidate.py\", line 10, in check\n    assert fib(10) == 55\n           ^^^^^^^^^^^^^\nAssertionError",
          "duration_s": 0.062
        },
        {
          "step": 3,
          "patch": "def fib(n):\n    if n == 0:\n        return 0\n    if n == 1:\n        return 1\n    if n == 2:\n        return 2\n    return fib(n - 1) + fib(n - 2)",
          "passed": false,
          "stdout": "",
          "stderr": "Traceback (most recent call last):\n  File \"C:\\Users\\Jelena\\AppData\\Local\\Temp\\agentfix_85mn53yq\\test_candidate.py\", line 16, in <module>\n    check(fib)\n  File \"C:\\Users\\Jelena\\AppData\\Local\\Temp\\agentfix_85mn53yq\\test_candidate.py\", line 10, in check\n    assert fib(10) == 55\n           ^^^^^^^^^^^^^\nAssertionError\n",
          "failures": "Traceback (most recent call last):\n  File \"C:\\Users\\Jelena\\AppData\\Local\\Temp\\agentfix_85mn53yq\\test_candidate.py\", line 16, in <module>\n    check(fib)\n  File \"C:\\Users\\Jelena\\AppData\\Local\\Temp\\agentfix_85mn53yq\\test_candidate.py\", line 10, in check\n    assert fib(10) == 55\n           ^^^^^^^^^^^^^\nAssertionError",
          "duration_s": 0.06
        }
      ],
      "wall_time_s": 87.384
    },
    {
      "task_id": "Python/59",
      "passed": true,
      "steps_used": 1,
      "trace": [
        {
          "step": 0,
          "patch": "def largest_prime_factor(n):\n    if n < 2:\n        return None\n    largest = 1\n    for i in range(2, int(n**0.5) + 1):\n        while n % i == 0:\n            largest = i\n            n //= i\n    if n > 1:\n        largest = n\n    return largest",
          "passed": true,
          "stdout": "",
          "stderr": "",
          "failures": "",
          "duration_s": 0.068
        }
      ],
      "wall_time_s": 27.133
    },
    {
      "task_id": "Python/129",
      "passed": true,
      "steps_used": 1,
      "trace": [
        {
          "step": 0,
          "patch": "def minPath(grid, k):\n    n = len(grid)\n    val = n * n + 1\n    for i in range(n):\n        for j in range(n):\n            if grid[i][j] == 1:\n                temp = []\n                if i > 0:\n                    temp.append(grid[i-1][j])\n\n                if j > 0:\n                    temp.append(grid[i][j-1])\n\n                if i < n - 1:\n                    temp.append(grid[i+1][j])\n\n                if j < n - 1:\n                    temp.append(grid[i][j+1])\n\n                val = min(temp)\n\n    ans = []\n    for i in range(k):\n        if i % 2 == 0:\n            ans.append(1)\n        else:\n            ans.append(val)\n    return ans",
          "passed": true,
          "stdout": "",
          "stderr": "",
          "failures": "",
          "duration_s": 0.077
        }
      ],
      "wall_time_s": 53.724
    },
    {
      "task_id": "Python/154",
      "passed": false,
      "steps_used": 4,
      "trace": [
        {
          "step": 0,
          "patch": "def cycpattern_check(a, b):\n    l = len(b)\n    pat = b + b\n    for i in range(len(a) - l + 1):\n        for j in range(len(b) - l + 1):\n            if a[i:i+l] == pat[j:j+l]:\n                return True\n    return False",
          "passed": false,
          "stdout": "",
          "stderr": "Traceback (most recent call last):\n  File \"C:\\Users\\Jelena\\AppData\\Local\\Temp\\agentfix_ywen4144\\test_candidate.py\", line 18, in <module>\n    check(cycpattern_check)\n  File \"C:\\Users\\Jelena\\AppData\\Local\\Temp\\agentfix_ywen4144\\test_candidate.py\", line 14, in check\n    assert  cycpattern_check(\"efef\",\"fee\") == True , \"test #3\"\n            ^^^^^^^^^^^^^^^^^^^^^^^^^^^^^^^^^^^^^^\nAssertionError: test #3\n",
          "failures": "Traceback (most recent call last):\n  File \"C:\\Users\\Jelena\\AppData\\Local\\Temp\\agentfix_ywen4144\\test_candidate.py\", line 18, in <module>\n    check(cycpattern_check)\n  File \"C:\\Users\\Jelena\\AppData\\Local\\Temp\\agentfix_ywen4144\\test_candidate.py\", line 14, in check\n    assert  cycpattern_check(\"efef\",\"fee\") == True , \"test #3\"\n            ^^^^^^^^^^^^^^^^^^^^^^^^^^^^^^^^^^^^^^\nAssertionError: test #3",
          "duration_s": 0.077
        },
        {
          "step": 1,
          "patch": "def cycpattern_check(a, b):\n    l = len(b)\n    pat = b + b\n    for i in range(len(a) - l + 1):\n        for j in range(len(b) - l + 1):\n            if a[i:i+l] == pat[j:j+l]:\n                return True\n    return False",
          "passed": false,
          "stdout": "",
          "stderr": "Traceback (most recent call last):\n  File \"C:\\Users\\Jelena\\AppData\\Local\\Temp\\agentfix_v1s_5mbi\\test_candidate.py\", line 18, in <module>\n    check(cycpattern_check)\n  File \"C:\\Users\\Jelena\\AppData\\Local\\Temp\\agentfix_v1s_5mbi\\test_candidate.py\", line 14, in check\n    assert  cycpattern_check(\"efef\",\"fee\") == True , \"test #3\"\n            ^^^^^^^^^^^^^^^^^^^^^^^^^^^^^^^^^^^^^^\nAssertionError: test #3\n",
          "failures": "Traceback (most recent call last):\n  File \"C:\\Users\\Jelena\\AppData\\Local\\Temp\\agentfix_v1s_5mbi\\test_candidate.py\", line 18, in <module>\n    check(cycpattern_check)\n  File \"C:\\Users\\Jelena\\AppData\\Local\\Temp\\agentfix_v1s_5mbi\\test_candidate.py\", line 14, in check\n    assert  cycpattern_check(\"efef\",\"fee\") == True , \"test #3\"\n            ^^^^^^^^^^^^^^^^^^^^^^^^^^^^^^^^^^^^^^\nAssertionError: test #3",
          "duration_s": 0.057
        },
        {
          "step": 2,
          "patch": "def cycpattern_check(a, b):\n    l = len(b)\n    pat = b + b\n    for i in range(len(a) - l + 1):\n        for j in range(len(b) - l + 1):\n            if a[i:i+l] == pat[j:j+l]:\n                return True\n    return False",
          "passed": false,
          "stdout": "",
          "stderr": "Traceback (most recent call last):\n  File \"C:\\Users\\Jelena\\AppData\\Local\\Temp\\agentfix_u1zbruz7\\test_candidate.py\", line 18, in <module>\n    check(cycpattern_check)\n  File \"C:\\Users\\Jelena\\AppData\\Local\\Temp\\agentfix_u1zbruz7\\test_candidate.py\", line 14, in check\n    assert  cycpattern_check(\"efef\",\"fee\") == True , \"test #3\"\n            ^^^^^^^^^^^^^^^^^^^^^^^^^^^^^^^^^^^^^^\nAssertionError: test #3\n",
          "failures": "Traceback (most recent call last):\n  File \"C:\\Users\\Jelena\\AppData\\Local\\Temp\\agentfix_u1zbruz7\\test_candidate.py\", line 18, in <module>\n    check(cycpattern_check)\n  File \"C:\\Users\\Jelena\\AppData\\Local\\Temp\\agentfix_u1zbruz7\\test_candidate.py\", line 14, in check\n    assert  cycpattern_check(\"efef\",\"fee\") == True , \"test #3\"\n            ^^^^^^^^^^^^^^^^^^^^^^^^^^^^^^^^^^^^^^\nAssertionError: test #3",
          "duration_s": 0.059
        },
        {
          "step": 3,
          "patch": "def cycpattern_check(a, b):\n    l = len(b)\n    pat = b + b\n    for i in range(len(a) - l + 1):\n        for j in range(len(b) - l + 1):\n            if a[i:i+l] == pat[j:j+l]:\n                return True\n    return False",
          "passed": false,
          "stdout": "",
          "stderr": "Traceback (most recent call last):\n  File \"C:\\Users\\Jelena\\AppData\\Local\\Temp\\agentfix_4w5g4dep\\test_candidate.py\", line 18, in <module>\n    check(cycpattern_check)\n  File \"C:\\Users\\Jelena\\AppData\\Local\\Temp\\agentfix_4w5g4dep\\test_candidate.py\", line 14, in check\n    assert  cycpattern_check(\"efef\",\"fee\") == True , \"test #3\"\n            ^^^^^^^^^^^^^^^^^^^^^^^^^^^^^^^^^^^^^^\nAssertionError: test #3\n",
          "failures": "Traceback (most recent call last):\n  File \"C:\\Users\\Jelena\\AppData\\Local\\Temp\\agentfix_4w5g4dep\\test_candidate.py\", line 18, in <module>\n    check(cycpattern_check)\n  File \"C:\\Users\\Jelena\\AppData\\Local\\Temp\\agentfix_4w5g4dep\\test_candidate.py\", line 14, in check\n    assert  cycpattern_check(\"efef\",\"fee\") == True , \"test #3\"\n            ^^^^^^^^^^^^^^^^^^^^^^^^^^^^^^^^^^^^^^\nAssertionError: test #3",
          "duration_s": 0.061
        }
      ],
      "wall_time_s": 106.404
    },
    {
      "task_id": "Python/143",
      "passed": false,
      "steps_used": 4,
      "trace": [
        {
          "step": 0,
          "patch": "def words_in_sentence(sentence):\n    new_lst = []\n    for word in sentence.split():\n        flg = 0\n        for i in range(2, len(word)):\n            if len(word) % i == 0:\n                flg = 1\n        if flg == 0 or len(word) == 2:\n            new_lst.append(word)\n    return \" \".join(new_lst)",
          "passed": false,
          "stdout": "",
          "stderr": "Traceback (most recent call last):\n  File \"C:\\Users\\Jelena\\AppData\\Local\\Temp\\agentfix_lgq81csm\\test_candidate.py\", line 17, in <module>\n    check(words_in_sentence)\n  File \"C:\\Users\\Jelena\\AppData\\Local\\Temp\\agentfix_lgq81csm\\test_candidate.py\", line 7, in check\n    assert words_in_sentence(\"This is a test\") == \"is\"\n           ^^^^^^^^^^^^^^^^^^^^^^^^^^^^^^^^^^^^^^^^^^^\nAssertionError\n",
          "failures": "Traceback (most recent call last):\n  File \"C:\\Users\\Jelena\\AppData\\Local\\Temp\\agentfix_lgq81csm\\test_candidate.py\", line 17, in <module>\n    check(words_in_sentence)\n  File \"C:\\Users\\Jelena\\AppData\\Local\\Temp\\agentfix_lgq81csm\\test_candidate.py\", line 7, in check\n    assert words_in_sentence(\"This is a test\") == \"is\"\n           ^^^^^^^^^^^^^^^^^^^^^^^^^^^^^^^^^^^^^^^^^^^\nAssertionError",
          "duration_s": 0.069
        },
        {
          "step": 1,
          "patch": "def words_in_sentence(sentence):\n    new_lst = []\n    for word in sentence.split():\n        flg = 0\n        for i in range(2, len(word)):\n            if len(word) % i == 0:\n                flg = 1\n        if flg == 0 or len(word) == 2:\n            new_lst.append(word)\n    return \" \".join(new_lst)",
          "passed": false,
          "stdout": "",
          "stderr": "Traceback (most recent call last):\n  File \"C:\\Users\\Jelena\\AppData\\Local\\Temp\\agentfix_444vkyz8\\test_candidate.py\", line 17, in <module>\n    check(words_in_sentence)\n  File \"C:\\Users\\Jelena\\AppData\\Local\\Temp\\agentfix_444vkyz8\\test_candidate.py\", line 7, in check\n    assert words_in_sentence(\"This is a test\") == \"is\"\n           ^^^^^^^^^^^^^^^^^^^^^^^^^^^^^^^^^^^^^^^^^^^\nAssertionError\n",
          "failures": "Traceback (most recent call last):\n  File \"C:\\Users\\Jelena\\AppData\\Local\\Temp\\agentfix_444vkyz8\\test_candidate.py\", line 17, in <module>\n    check(words_in_sentence)\n  File \"C:\\Users\\Jelena\\AppData\\Local\\Temp\\agentfix_444vkyz8\\test_candidate.py\", line 7, in check\n    assert words_in_sentence(\"This is a test\") == \"is\"\n           ^^^^^^^^^^^^^^^^^^^^^^^^^^^^^^^^^^^^^^^^^^^\nAssertionError",
          "duration_s": 0.061
        },
        {
          "step": 2,
          "patch": "def words_in_sentence(sentence):\n    new_lst = []\n    for word in sentence.split():\n        flg = 0\n        for i in range(2, len(word)):\n            if len(word) % i == 0:\n                flg = 1\n        if flg == 0 or len(word) == 2:\n            new_lst.append(word)\n    return \" \".join(new_lst)",
          "passed": false,
          "stdout": "",
          "stderr": "Traceback (most recent call last):\n  File \"C:\\Users\\Jelena\\AppData\\Local\\Temp\\agentfix_ri8a7k28\\test_candidate.py\", line 17, in <module>\n    check(words_in_sentence)\n  File \"C:\\Users\\Jelena\\AppData\\Local\\Temp\\agentfix_ri8a7k28\\test_candidate.py\", line 7, in check\n    assert words_in_sentence(\"This is a test\") == \"is\"\n           ^^^^^^^^^^^^^^^^^^^^^^^^^^^^^^^^^^^^^^^^^^^\nAssertionError\n",
          "failures": "Traceback (most recent call last):\n  File \"C:\\Users\\Jelena\\AppData\\Local\\Temp\\agentfix_ri8a7k28\\test_candidate.py\", line 17, in <module>\n    check(words_in_sentence)\n  File \"C:\\Users\\Jelena\\AppData\\Local\\Temp\\agentfix_ri8a7k28\\test_candidate.py\", line 7, in check\n    assert words_in_sentence(\"This is a test\") == \"is\"\n           ^^^^^^^^^^^^^^^^^^^^^^^^^^^^^^^^^^^^^^^^^^^\nAssertionError",
          "duration_s": 0.081
        },
        {
          "step": 3,
          "patch": "def words_in_sentence(sentence):\n    new_lst = []\n    for word in sentence.split():\n        flg = 0\n        for i in range(2, len(word)):\n            if len(word) % i == 0:\n                flg = 1\n        if flg == 0 or len(word) == 2:\n            new_lst.append(word)\n    return \" \".join(new_lst)",
          "passed": false,
          "stdout": "",
          "stderr": "Traceback (most recent call last):\n  File \"C:\\Users\\Jelena\\AppData\\Local\\Temp\\agentfix_mx7i3y4p\\test_candidate.py\", line 17, in <module>\n    check(words_in_sentence)\n  File \"C:\\Users\\Jelena\\AppData\\Local\\Temp\\agentfix_mx7i3y4p\\test_candidate.py\", line 7, in check\n    assert words_in_sentence(\"This is a test\") == \"is\"\n           ^^^^^^^^^^^^^^^^^^^^^^^^^^^^^^^^^^^^^^^^^^^\nAssertionError\n",
          "failures": "Traceback (most recent call last):\n  File \"C:\\Users\\Jelena\\AppData\\Local\\Temp\\agentfix_mx7i3y4p\\test_candidate.py\", line 17, in <module>\n    check(words_in_sentence)\n  File \"C:\\Users\\Jelena\\AppData\\Local\\Temp\\agentfix_mx7i3y4p\\test_candidate.py\", line 7, in check\n    assert words_in_sentence(\"This is a test\") == \"is\"\n           ^^^^^^^^^^^^^^^^^^^^^^^^^^^^^^^^^^^^^^^^^^^\nAssertionError",
          "duration_s": 0.065
        }
      ],
      "wall_time_s": 132.104
    }
  ]
}