{
  "pass_at_1": 0.2865853658536585,
  "passed": 47,
  "total": 164,
  "config": {
    "model_id": "Qwen/Qwen2.5-Coder-1.5B-Instruct",
    "device": "cuda",
    "do_sample": false,
    "temperature": null,
    "top_p": null,
    "top_k": null,
    "num_beams": 4,
    "max_new_tokens": 1024,
    "repetition_penalty": 1.05
  },
  "results": [
    {
      "task_id": "Python/0",
      "passed": true,
      "steps_used": 1,
      "trace": [
        {
          "step": 0,
          "patch": "def has_close_elements(numbers, threshold):\n    for idx, elem in enumerate(numbers):\n        for idx2, elem2 in enumerate(numbers):\n            if idx != idx2:\n                distance = abs(elem - elem2)\n                if distance < threshold:\n                    return True\n\n    return False",
          "passed": true,
          "stdout": "",
          "stderr": "",
          "failures": "",
          "duration_s": 0.094
        }
      ],
      "wall_time_s": 12.196
    },
    {
      "task_id": "Python/1",
      "passed": true,
      "steps_used": 1,
      "trace": [
        {
          "step": 0,
          "patch": "def separate_paren_groups(paren_string):\n    result = []\n    current_string = []\n    current_depth = 0\n\n    for c in paren_string:\n        if c == '(':\n            current_depth += 1\n            current_string.append(c)\n        elif c == ')':\n            current_depth -= 1\n            current_string.append(c)\n\n            if current_depth == 0:\n                result.append(''.join(current_string))\n                current_string.clear()\n\n    return result",
          "passed": true,
          "stdout": "",
          "stderr": "",
          "failures": "",
          "duration_s": 0.095
        }
      ],
      "wall_time_s": 5.184
    },
    {
      "task_id": "Python/2",
      "passed": false,
      "steps_used": 1,
      "trace": [
        {
          "step": 0,
          "patch": "def truncate_number(number):\n    return int(number)",
          "passed": false,
          "stdout": "",
          "stderr": "Traceback (most recent call last):\n  File \"/tmp/agentfix_jzqscw7p/test_candidate.py\", line 14, in <module>\n    check(truncate_number)\n  File \"/tmp/agentfix_jzqscw7p/test_candidate.py\", line 10, in check\n    assert truncate_number(3.5) == 0.5\n           ^^^^^^^^^^^^^^^^^^^^^^^^^^^\nAssertionError\n",
          "failures": "Traceback (most recent call last):\n  File \"/tmp/agentfix_jzqscw7p/test_candidate.py\", line 14, in <module>\n    check(truncate_number)\n  File \"/tmp/agentfix_jzqscw7p/test_candidate.py\", line 10, in check\n    assert truncate_number(3.5) == 0.5\n           ^^^^^^^^^^^^^^^^^^^^^^^^^^^\nAssertionError",
          "duration_s": 0.095
        }
      ],
      "wall_time_s": 1.327
    },
    {
      "task_id": "Python/3",
      "passed": true,
      "steps_used": 1,
      "trace": [
        {
          "step": 0,
          "patch": "def below_zero(operations):\n    balance = 0\n\n    for op in operations:\n        balance += op\n        if balance < 0:\n            return True\n\n    return False",
          "passed": true,
          "stdout": "",
          "stderr": "",
          "failures": "",
          "duration_s": 0.095
        }
      ],
      "wall_time_s": 2.269
    },
    {
      "task_id": "Python/4",
      "passed": true,
      "steps_used": 1,
      "trace": [
        {
          "step": 0,
          "patch": "def mean_absolute_deviation(numbers):\n    mean = sum(numbers) / len(numbers)\n    return sum(abs(x - mean) for x in numbers) / len(numbers)",
          "passed": true,
          "stdout": "",
          "stderr": "",
          "failures": "",
          "duration_s": 0.096
        }
      ],
      "wall_time_s": 2.445
    },
    {
      "task_id": "Python/5",
      "passed": true,
      "steps_used": 1,
      "trace": [
        {
          "step": 0,
          "patch": "def intersperse(numbers, delimiter):\n    if not numbers:\n        return []\n\n    result = []\n\n    for n in numbers[:-1]:\n        result.append(n)\n        result.append(delimiter)\n\n    result.append(numbers[-1])\n\n    return result",
          "passed": true,
          "stdout": "",
          "stderr": "",
          "failures": "",
          "duration_s": 0.095
        }
      ],
      "wall_time_s": 3.117
    },
    {
      "task_id": "Python/6",
      "passed": false,
      "steps_used": 1,
      "trace": [
        {
          "step": 0,
          "patch": "def parse_nested_parens(s):\n    depth = 0\n    max_depth = 0\n    for c in s:\n        if c == '(':\n            depth += 1\n            max_depth = max(depth, max_depth)\n        elif c == ')':\n            max_depth -= 1\n\n    return max_depth",
          "passed": false,
          "stdout": "",
          "stderr": "Traceback (most recent call last):\n  File \"/tmp/agentfix_c6e29e02/test_candidate.py\", line 14, in <module>\n    check(parse_nested_parens)\n  File \"/tmp/agentfix_c6e29e02/test_candidate.py\", line 10, in check\n    assert parse_nested_parens('(()()) ((())) () ((())()())') == [2, 3, 1, 3]\n           ^^^^^^^^^^^^^^^^^^^^^^^^^^^^^^^^^^^^^^^^^^^^^^^^^^^^^^^^^^^^^^^^^^\nAssertionError\n",
          "failures": "Traceback (most recent call last):\n  File \"/tmp/agentfix_c6e29e02/test_candidate.py\", line 14, in <module>\n    check(parse_nested_parens)\n  File \"/tmp/agentfix_c6e29e02/test_candidate.py\", line 10, in check\n    assert parse_nested_parens('(()()) ((())) () ((())()())') == [2, 3, 1, 3]\n           ^^^^^^^^^^^^^^^^^^^^^^^^^^^^^^^^^^^^^^^^^^^^^^^^^^^^^^^^^^^^^^^^^^\nAssertionError",
          "duration_s": 0.094
        }
      ],
      "wall_time_s": 4.432
    },
    {
      "task_id": "Python/7",
      "passed": true,
      "steps_used": 1,
      "trace": [
        {
          "step": 0,
          "patch": "def filter_by_substring(strings, substring):\n    return [x for x in strings if substring in x]",
          "passed": true,
          "stdout": "",
          "stderr": "",
          "failures": "",
          "duration_s": 0.094
        }
      ],
      "wall_time_s": 4.226
    },
    {
      "task_id": "Python/8",
      "passed": true,
      "steps_used": 1,
      "trace": [
        {
          "step": 0,
          "patch": "def sum_product(numbers):\n    sum_value = 0\n    prod_value = 1\n\n    for n in numbers:\n        sum_value += n\n        prod_value *= n\n    return sum_value, prod_value",
          "passed": true,
          "stdout": "",
          "stderr": "",
          "failures": "",
          "duration_s": 0.093
        }
      ],
      "wall_time_s": 3.078
    },
    {
      "task_id": "Python/9",
      "passed": true,
      "steps_used": 1,
      "trace": [
        {
          "step": 0,
          "patch": "def rolling_max(numbers):\n    running_max = None\n    result = []\n\n    for n in numbers:\n        if running_max is None:\n            running_max = n\n        else:\n            running_max = max(running_max, n)\n\n        result.append(running_max)\n\n    return result",
          "passed": true,
          "stdout": "",
          "stderr": "",
          "failures": "",
          "duration_s": 0.097
        }
      ],
      "wall_time_s": 4.417
    },
    {
      "task_id": "Python/10",
      "passed": false,
      "steps_used": 1,
      "trace": [
        {
          "step": 0,
          "patch": "def make_palindrome(string):\n    if not string:\n        return ''\n\n    beginning_of_suffix = 0\n\n    while not is_palindrome(string):\n        beginning_of_suffix += 1\n\n    return string + string[:beginning_of_suffix][::-1]",
          "passed": false,
          "stdout": "",
          "stderr": "Traceback (most recent call last):\n  File \"/tmp/agentfix_g2s8og9r/test_candidate.py\", line 16, in <module>\n    check(make_palindrome)\n  File \"/tmp/agentfix_g2s8og9r/test_candidate.py\", line 11, in check\n    assert make_palindrome('x') == 'x'\n           ^^^^^^^^^^^^^^^^^^^^\n  File \"/tmp/agentfix_g2s8og9r/candidate.py\", line 7, in make_palindrome\n    while not is_palindrome(string):\n              ^^^^^^^^^^^^^\nNameError: name 'is_palindrome' is not defined. Did you mean: 'make_palindrome'?\n",
          "failures": "Traceback (most recent call last):\n  File \"/tmp/agentfix_g2s8og9r/test_candidate.py\", line 16, in <module>\n    check(make_palindrome)\n  File \"/tmp/agentfix_g2s8og9r/test_candidate.py\", line 11, in check\n    assert make_palindrome('x') == 'x'\n           ^^^^^^^^^^^^^^^^^^^^\n  File \"/tmp/agentfix_g2s8og9r/candidate.py\", line 7, in make_palindrome\n    while not is_palindrome(string):\n              ^^^^^^^^^^^^^\nNameError: name 'is_palindrome' is not defined. Did you mean: 'make_palindrome'?",
          "duration_s": 0.096
        }
      ],
      "wall_time_s": 2.988
    },
    {
      "task_id": "Python/11",
      "passed": false,
      "steps_used": 1,
      "trace": [
        {
          "step": 0,
          "patch": "def xor(i, j):\n    if i == j:\n        return '1'\n    else:\n        return '0'",
          "passed": false,
          "stdout": "",
          "stderr": "Traceback (most recent call last):\n  File \"/tmp/agentfix_1jo5q1ik/test_candidate.py\", line 2, in <module>\n    from candidate import string_xor\nImportError: cannot import name 'string_xor' from 'candidate' (/tmp/agentfix_1jo5q1ik/candidate.py)\n",
          "failures": "Traceback (most recent call last):\n  File \"/tmp/agentfix_1jo5q1ik/test_candidate.py\", line 2, in <module>\n    from candidate import string_xor\nImportError: cannot import name 'string_xor' from 'candidate' (/tmp/agentfix_1jo5q1ik/candidate.py)",
          "duration_s": 0.095
        }
      ],
      "wall_time_s": 1.83
    },
    {
      "task_id": "Python/12",
      "passed": true,
      "steps_used": 1,
      "trace": [
        {
          "step": 0,
          "patch": "def longest(strings):\n    if not strings:\n        return None\n\n    maxlen = max(len(x) for x in strings)\n    for s in strings:\n        if len(s) == maxlen:\n            return s",
          "passed": true,
          "stdout": "",
          "stderr": "",
          "failures": "",
          "duration_s": 0.095
        }
      ],
      "wall_time_s": 2.497
    },
    {
      "task_id": "Python/13",
      "passed": true,
      "steps_used": 1,
      "trace": [
        {
          "step": 0,
          "patch": "def greatest_common_divisor(a, b):\n    while b:\n        a, b = b, a % b\n    return a",
          "passed": true,
          "stdout": "",
          "stderr": "",
          "failures": "",
          "duration_s": 0.095
        }
      ],
      "wall_time_s": 2.129
    },
    {
      "task_id": "Python/14",
      "passed": true,
      "steps_used": 1,
      "trace": [
        {
          "step": 0,
          "patch": "def all_prefixes(string):\n    result = []\n    for i in range(len(string)):\n        result.append(string[:i+1])\n    return result",
          "passed": true,
          "stdout": "",
          "stderr": "",
          "failures": "",
          "duration_s": 0.095
        }
      ],
      "wall_time_s": 1.982
    },
    {
      "task_id": "Python/15",
      "passed": false,
      "steps_used": 1,
      "trace": [
        {
          "step": 0,
          "patch": "def string_sequence(n):\n    return ' '.join([str(x) for x in range(n)])",
          "passed": false,
          "stdout": "",
          "stderr": "Traceback (most recent call last):\n  File \"/tmp/agentfix__bodjvvl/test_candidate.py\", line 14, in <module>\n    check(string_sequence)\n  File \"/tmp/agentfix__bodjvvl/test_candidate.py\", line 10, in check\n    assert string_sequence(0) == '0'\n           ^^^^^^^^^^^^^^^^^^^^^^^^^\nAssertionError\n",
          "failures": "Traceback (most recent call last):\n  File \"/tmp/agentfix__bodjvvl/test_candidate.py\", line 14, in <module>\n    check(string_sequence)\n  File \"/tmp/agentfix__bodjvvl/test_candidate.py\", line 10, in check\n    assert string_sequence(0) == '0'\n           ^^^^^^^^^^^^^^^^^^^^^^^^^\nAssertionError",
          "duration_s": 0.094
        }
      ],
      "wall_time_s": 1.493
    },
    {
      "task_id": "Python/16",
      "passed": false,
      "steps_used": 1,
      "trace": [
        {
          "step": 0,
          "patch": "def count_distinct_characters(string):\n    return len(set(string))",
          "passed": false,
          "stdout": "",
          "stderr": "Traceback (most recent call last):\n  File \"/tmp/agentfix_a61mobae/test_candidate.py\", line 16, in <module>\n    check(count_distinct_characters)\n  File \"/tmp/agentfix_a61mobae/test_candidate.py\", line 12, in check\n    assert count_distinct_characters('abcde' + 'cade' + 'CADE') == 5\n           ^^^^^^^^^^^^^^^^^^^^^^^^^^^^^^^^^^^^^^^^^^^^^^^^^^^^^^^^^\nAssertionError\n",
          "failures": "Traceback (most recent call last):\n  File \"/tmp/agentfix_a61mobae/test_candidate.py\", line 16, in <module>\n    check(count_distinct_characters)\n  File \"/tmp/agentfix_a61mobae/test_candidate.py\", line 12, in check\n    assert count_distinct_characters('abcde' + 'cade' + 'CADE') == 5\n           ^^^^^^^^^^^^^^^^^^^^^^^^^^^^^^^^^^^^^^^^^^^^^^^^^^^^^^^^^\nAssertionError",
          "duration_s": 0.098
        }
      ],
      "wall_time_s": 1.342
    },
    {
      "task_id": "Python/17",
      "passed": false,
      "steps_used": 1,
      "trace": [
        {
          "step": 0,
          "patch": "def parse_music(music_string):\n    note_map = {'o': 3, 'o|': 2, '.|': 1}\n    return [note_map[x] for x in music_string.split(' ') if x in note_map]",
          "passed": false,
          "stdout": "",
          "stderr": "Traceback (most recent call last):\n  File \"/tmp/agentfix_ak9rjts_/test_candidate.py\", line 16, in <module>\n    check(parse_music)\n  File \"/tmp/agentfix_ak9rjts_/test_candidate.py\", line 11, in check\n    assert parse_music('o o o o') == [4, 4, 4, 4]\n           ^^^^^^^^^^^^^^^^^^^^^^^^^^^^^^^^^^^^^^\nAssertionError\n",
          "failures": "Traceback (most recent call last):\n  File \"/tmp/agentfix_ak9rjts_/test_candidate.py\", line 16, in <module>\n    check(parse_music)\n  File \"/tmp/agentfix_ak9rjts_/test_candidate.py\", line 11, in check\n    assert parse_music('o o o o') == [4, 4, 4, 4]\n           ^^^^^^^^^^^^^^^^^^^^^^^^^^^^^^^^^^^^^^\nAssertionError",
          "duration_s": 0.094
        }
      ],
      "wall_time_s": 2.833
    },
    {
      "task_id": "Python/18",
      "passed": true,
      "steps_used": 1,
      "trace": [
        {
          "step": 0,
          "patch": "def how_many_times(string, substring):\n    times = 0\n\n    for i in range(len(string) - len(substring) + 1):\n        if string[i:i+len(substring)] == substring:\n            times += 1\n\n    return times",
          "passed": true,
          "stdout": "",
          "stderr": "",
          "failures": "",
          "duration_s": 0.096
        }
      ],
      "wall_time_s": 3.215
    },
    {
      "task_id": "Python/19",
      "passed": false,
      "steps_used": 1,
      "trace": [
        {
          "step": 0,
          "patch": "def sort_numbers(numbers):\n    value_map = {\n        'zero': 0,\n        'one': 1,\n        'two': 2,\n        'three': 3,\n        'four': 4,\n        'five': 5,\n        'six': 6,\n        'seven': 7,\n        'eight': 8,\n        'nine': 9\n    }\n    return ' '.join(sorted([value_map[x] for x in numbers.split(' ')]))",
          "passed": false,
          "stdout": "",
          "stderr": "Traceback (most recent call last):\n  File \"/tmp/agentfix_wskixfil/test_candidate.py\", line 16, in <module>\n    check(sort_numbers)\n  File \"/tmp/agentfix_wskixfil/test_candidate.py\", line 10, in check\n    assert sort_numbers('') == ''\n           ^^^^^^^^^^^^^^^^\n  File \"/tmp/agentfix_wskixfil/candidate.py\", line 14, in sort_numbers\n    return ' '.join(sorted([value_map[x] for x in numbers.split(' ')]))\n                           ^^^^^^^^^^^^^^^^^^^^^^^^^^^^^^^^^^^^^^^^^^\n  File \"/tmp/agentfix_wskixfil/candidate.py\", line 14, in <listcomp>\n    return ' '.join(sorted([value_map[x] for x in numbers.split(' ')]))\n                            ~~~~~~~~~^^^\nKeyError: ''\n",
          "failures": "Traceback (most recent call last):\n  File \"/tmp/agentfix_wskixfil/test_candidate.py\", line 16, in <module>\n    check(sort_numbers)\n  File \"/tmp/agentfix_wskixfil/test_candidate.py\", line 10, in check\n    assert sort_numbers('') == ''\n           ^^^^^^^^^^^^^^^^\n  File \"/tmp/agentfix_wskixfil/candidate.py\", line 14, in sort_numbers\n    return ' '.join(sorted([value_map[x] for x in numbers.split(' ')]))\n                           ^^^^^^^^^^^^^^^^^^^^^^^^^^^^^^^^^^^^^^^^^^\n  File \"/tmp/agentfix_wskixfil/candidate.py\", line 14, in <listcomp>\n    return ' '.join(sorted([value_map[x] for x in numbers.split(' ')]))\n                            ~~~~~~~~~^^^\nKeyError: ''",
          "duration_s": 0.093
        }
      ],
      "wall_time_s": 5.225
    },
    {
      "task_id": "Python/20",
      "passed": true,
      "steps_used": 1,
      "trace": [
        {
          "step": 0,
          "patch": "def find_closest_elements(numbers):\n    closest_pair = None\n    distance = None\n\n    for idx, elem in enumerate(numbers):\n        for idx2, elem2 in enumerate(numbers):\n            if idx != idx2:\n                if distance is None:\n                    distance = abs(elem - elem2)\n                    closest_pair = tuple(sorted([elem, elem2]))\n                else:\n                    new_distance = abs(elem - elem2)\n                    if new_distance < distance:\n                        distance = new_distance\n                        closest_pair = tuple(sorted([elem, elem2]))\n\n    return closest_pair",
          "passed": true,
          "stdout": "",
          "stderr": "",
          "failures": "",
          "duration_s": 0.094
        }
      ],
      "wall_time_s": 5.832
    },
    {
      "task_id": "Python/21",
      "passed": true,
      "steps_used": 1,
      "trace": [
        {
          "step": 0,
          "patch": "def rescale_to_unit(numbers):\n    min_number = min(numbers)\n    max_number = max(numbers)\n    return [(x - min_number) / (max_number - min_number) for x in numbers]",
          "passed": true,
          "stdout": "",
          "stderr": "",
          "failures": "",
          "duration_s": 0.093
        }
      ],
      "wall_time_s": 3.158
    },
    {
      "task_id": "Python/22",
      "passed": true,
      "steps_used": 1,
      "trace": [
        {
          "step": 0,
          "patch": "def filter_integers(values):\n    return [x for x in values if isinstance(x, int)]",
          "passed": true,
          "stdout": "",
          "stderr": "",
          "failures": "",
          "duration_s": 0.096
        }
      ],
      "wall_time_s": 3.468
    },
    {
      "task_id": "Python/23",
      "passed": false,
      "steps_used": 1,
      "trace": [
        {
          "step": 0,
          "patch": "def strlen(string):\n    return len(string) - 1",
          "passed": false,
          "stdout": "",
          "stderr": "Traceback (most recent call last):\n  File \"/tmp/agentfix_ed7uisew/test_candidate.py\", line 14, in <module>\n    check(strlen)\n  File \"/tmp/agentfix_ed7uisew/test_candidate.py\", line 10, in check\n    assert strlen('') == 0\n           ^^^^^^^^^^^^^^^\nAssertionError\n",
          "failures": "Traceback (most recent call last):\n  File \"/tmp/agentfix_ed7uisew/test_candidate.py\", line 14, in <module>\n    check(strlen)\n  File \"/tmp/agentfix_ed7uisew/test_candidate.py\", line 10, in check\n    assert strlen('') == 0\n           ^^^^^^^^^^^^^^^\nAssertionError",
          "duration_s": 0.096
        }
      ],
      "wall_time_s": 1.177
    },
    {
      "task_id": "Python/24",
      "passed": false,
      "steps_used": 1,
      "trace": [
        {
          "step": 0,
          "patch": "def largest_divisor(n):\n    for i in reversed(range(1, n + 1)):\n        if n % i == 0:\n            return i",
          "passed": false,
          "stdout": "",
          "stderr": "Traceback (most recent call last):\n  File \"/tmp/agentfix_x3jrj5co/test_candidate.py\", line 16, in <module>\n    check(largest_divisor)\n  File \"/tmp/agentfix_x3jrj5co/test_candidate.py\", line 10, in check\n    assert largest_divisor(3) == 1\n           ^^^^^^^^^^^^^^^^^^^^^^^\nAssertionError\n",
          "failures": "Traceback (most recent call last):\n  File \"/tmp/agentfix_x3jrj5co/test_candidate.py\", line 16, in <module>\n    check(largest_divisor)\n  File \"/tmp/agentfix_x3jrj5co/test_candidate.py\", line 10, in check\n    assert largest_divisor(3) == 1\n           ^^^^^^^^^^^^^^^^^^^^^^^\nAssertionError",
          "duration_s": 0.095
        }
      ],
      "wall_time_s": 2.064
    },
    {
      "task_id": "Python/25",
      "passed": true,
      "steps_used": 1,
      "trace": [
        {
          "step": 0,
          "patch": "def factorize(n):\n    fact = []\n    i = 2\n    while i * i <= n:\n        while n % i == 0:\n            fact.append(i)\n            n //= i\n        i += 1\n    if n > 1:\n        fact.append(n)\n    return fact",
          "passed": true,
          "stdout": "",
          "stderr": "",
          "failures": "",
          "duration_s": 0.094
        }
      ],
      "wall_time_s": 3.598
    },
    {
      "task_id": "Python/26",
      "passed": false,
      "steps_used": 1,
      "trace": [
        {
          "step": 0,
          "patch": "def remove_duplicates(numbers):\n    return [n for n in numbers if numbers.count(n) < 1]",
          "passed": false,
          "stdout": "",
          "stderr": "Traceback (most recent call last):\n  File \"/tmp/agentfix_1txle3bd/test_candidate.py\", line 14, in <module>\n    check(remove_duplicates)\n  File \"/tmp/agentfix_1txle3bd/test_candidate.py\", line 11, in check\n    assert remove_duplicates([1, 2, 3, 4]) == [1, 2, 3, 4]\n           ^^^^^^^^^^^^^^^^^^^^^^^^^^^^^^^^^^^^^^^^^^^^^^^\nAssertionError\n",
          "failures": "Traceback (most recent call last):\n  File \"/tmp/agentfix_1txle3bd/test_candidate.py\", line 14, in <module>\n    check(remove_duplicates)\n  File \"/tmp/agentfix_1txle3bd/test_candidate.py\", line 11, in check\n    assert remove_duplicates([1, 2, 3, 4]) == [1, 2, 3, 4]\n           ^^^^^^^^^^^^^^^^^^^^^^^^^^^^^^^^^^^^^^^^^^^^^^^\nAssertionError",
          "duration_s": 0.094
        }
      ],
      "wall_time_s": 1.588
    },
    {
      "task_id": "Python/27",
      "passed": true,
      "steps_used": 1,
      "trace": [
        {
          "step": 0,
          "patch": "def flip_case(string):\n    return string.swapcase()",
          "passed": true,
          "stdout": "",
          "stderr": "",
          "failures": "",
          "duration_s": 0.096
        }
      ],
      "wall_time_s": 1.665
    },
    {
      "task_id": "Python/28",
      "passed": false,
      "steps_used": 1,
      "trace": [
        {
          "step": 0,
          "patch": "def concatenate(strings):\n    return ' '.join(strings)",
          "passed": false,
          "stdout": "",
          "stderr": "Traceback (most recent call last):\n  File \"/tmp/agentfix_9iiq85w3/test_candidate.py\", line 14, in <module>\n    check(concatenate)\n  File \"/tmp/agentfix_9iiq85w3/test_candidate.py\", line 11, in check\n    assert concatenate(['x', 'y', 'z']) == 'xyz'\n           ^^^^^^^^^^^^^^^^^^^^^^^^^^^^^^^^^^^^^\nAssertionError\n",
          "failures": "Traceback (most recent call last):\n  File \"/tmp/agentfix_9iiq85w3/test_candidate.py\", line 14, in <module>\n    check(concatenate)\n  File \"/tmp/agentfix_9iiq85w3/test_candidate.py\", line 11, in check\n    assert concatenate(['x', 'y', 'z']) == 'xyz'\n           ^^^^^^^^^^^^^^^^^^^^^^^^^^^^^^^^^^^^^\nAssertionError",
          "duration_s": 0.094
        }
      ],
      "wall_time_s": 3.221
    },
    {
      "task_id": "Python/29",
      "passed": true,
      "steps_used": 1,
      "trace": [
        {
          "step": 0,
          "patch": "def filter_by_prefix(strings, prefix):\n    return [x for x in strings if x.startswith(prefix)]",
          "passed": true,
          "stdout": "",
          "stderr": "",
          "failures": "",
          "duration_s": 0.094
        }
      ],
      "wall_time_s": 3.67
    },
    {
      "task_id": "Python/30",
      "passed": false,
      "steps_used": 1,
      "trace": [
        {
          "step": 0,
          "patch": "def get_positive(l):\n    return [e for e in l if e >= 0]",
          "passed": false,
          "stdout": "",
          "stderr": "Traceback (most recent call last):\n  File \"/tmp/agentfix_tliv4ja9/test_candidate.py\", line 15, in <module>\n    check(get_positive)\n  File \"/tmp/agentfix_tliv4ja9/test_candidate.py\", line 11, in check\n    assert get_positive([5, 3, -5, 2, 3, 3, 9, 0, 123, 1, -10]) == [5, 3, 2, 3, 3, 9, 123, 1]\n           ^^^^^^^^^^^^^^^^^^^^^^^^^^^^^^^^^^^^^^^^^^^^^^^^^^^^^^^^^^^^^^^^^^^^^^^^^^^^^^^^^^\nAssertionError\n",
          "failures": "Traceback (most recent call last):\n  File \"/tmp/agentfix_tliv4ja9/test_candidate.py\", line 15, in <module>\n    check(get_positive)\n  File \"/tmp/agentfix_tliv4ja9/test_candidate.py\", line 11, in check\n    assert get_positive([5, 3, -5, 2, 3, 3, 9, 0, 123, 1, -10]) == [5, 3, 2, 3, 3, 9, 123, 1]\n           ^^^^^^^^^^^^^^^^^^^^^^^^^^^^^^^^^^^^^^^^^^^^^^^^^^^^^^^^^^^^^^^^^^^^^^^^^^^^^^^^^^\nAssertionError",
          "duration_s": 0.097
        }
      ],
      "wall_time_s": 1.661
    },
    {
      "task_id": "Python/31",
      "passed": true,
      "steps_used": 1,
      "trace": [
        {
          "step": 0,
          "patch": "def is_prime(n):\n    if n < 2:\n        return False\n    for k in range(2, int(n**0.5) + 1):\n        if n % k == 0:\n            return False\n    return True",
          "passed": true,
          "stdout": "",
          "stderr": "",
          "failures": "",
          "duration_s": 0.095
        }
      ],
      "wall_time_s": 3.085
    },
    {
      "task_id": "Python/32",
      "passed": false,
      "steps_used": 1,
      "trace": [
        {
          "step": 0,
          "patch": "def find_zero(xs):\n    begin, end = -1., 1.\n    while poly(xs, begin) * poly(xs, end) > 0:\n        begin *= 2.0\n        end *= 2.0\n    while abs(begin - end) > 1e-10:\n        center = (begin + end) / 2.0\n        if poly(xs, center) * poly(xs, begin) > 0:\n            begin = center\n        else:\n            end = center\n    return begin",
          "passed": false,
          "stdout": "",
          "stderr": "Traceback (most recent call last):\n  File \"/tmp/agentfix_9858n0it/test_candidate.py\", line 25, in <module>\n    check(find_zero)\n  File \"/tmp/agentfix_9858n0it/test_candidate.py\", line 22, in check\n    solution = find_zero(copy.deepcopy(coeffs))\n               ^^^^^^^^^^^^^^^^^^^^^^^^^^^^^^^^\n  File \"/tmp/agentfix_9858n0it/candidate.py\", line 3, in find_zero\n    while poly(xs, begin) * poly(xs, end) > 0:\n          ^^^^\nNameError: name 'poly' is not defined\n",
          "failures": "Traceback (most recent call last):\n  File \"/tmp/agentfix_9858n0it/test_candidate.py\", line 25, in <module>\n    check(find_zero)\n  File \"/tmp/agentfix_9858n0it/test_candidate.py\", line 22, in check\n    solution = find_zero(copy.deepcopy(coeffs))\n               ^^^^^^^^^^^^^^^^^^^^^^^^^^^^^^^^\n  File \"/tmp/agentfix_9858n0it/candidate.py\", line 3, in find_zero\n    while poly(xs, begin) * poly(xs, end) > 0:\n          ^^^^\nNameError: name 'poly' is not defined",
          "duration_s": 0.097
        }
      ],
      "wall_time_s": 5.672
    },
    {
      "task_id": "Python/33",
      "passed": false,
      "steps_used": 1,
      "trace": [
        {
          "step": 0,
          "patch": "def sort_third(l):\n    l.sort(key=lambda x: x[2])\n    return l",
          "passed": false,
          "stdout": "",
          "stderr": "Traceback (most recent call last):\n  File \"/tmp/agentfix_ocx68feq/test_candidate.py\", line 18, in <module>\n    check(sort_third)\n  File \"/tmp/agentfix_ocx68feq/test_candidate.py\", line 10, in check\n    assert tuple(sort_third([1, 2, 3])) == tuple(sort_third([1, 2, 3]))\n                 ^^^^^^^^^^^^^^^^^^^^^\n  File \"/tmp/agentfix_ocx68feq/candidate.py\", line 2, in sort_third\n    l.sort(key=lambda x: x[2])\n  File \"/tmp/agentfix_ocx68feq/candidate.py\", line 2, in <lambda>\n    l.sort(key=lambda x: x[2])\n                         ~^^^\nTypeError: 'int' object is not subscriptable\n",
          "failures": "Traceback (most recent call last):\n  File \"/tmp/agentfix_ocx68feq/test_candidate.py\", line 18, in <module>\n    check(sort_third)\n  File \"/tmp/agentfix_ocx68feq/test_candidate.py\", line 10, in check\n    assert tuple(sort_third([1, 2, 3])) == tuple(sort_third([1, 2, 3]))\n                 ^^^^^^^^^^^^^^^^^^^^^\n  File \"/tmp/agentfix_ocx68feq/candidate.py\", line 2, in sort_third\n    l.sort(key=lambda x: x[2])\n  File \"/tmp/agentfix_ocx68feq/candidate.py\", line 2, in <lambda>\n    l.sort(key=lambda x: x[2])\n                         ~^^^\nTypeError: 'int' object is not subscriptable",
          "duration_s": 0.096
        }
      ],
      "wall_time_s": 1.463
    },
    {
      "task_id": "Python/34",
      "passed": true,
      "steps_used": 1,
      "trace": [
        {
          "step": 0,
          "patch": "def unique(l):\n    return list(set(l))",
          "passed": true,
          "stdout": "",
          "stderr": "",
          "failures": "",
          "duration_s": 0.095
        }
      ],
      "wall_time_s": 1.746
    },
    {
      "task_id": "Python/35",
      "passed": true,
      "steps_used": 1,
      "trace": [
        {
          "step": 0,
          "patch": "def max_element(l):\n    m = l[0]\n    for e in l:\n        if e > m:\n            m = e\n    return m",
          "passed": true,
          "stdout": "",
          "stderr": "",
          "failures": "",
          "duration_s": 0.095
        }
      ],
      "wall_time_s": 2.449
    },
    {
      "task_id": "Python/36",
      "passed": false,
      "steps_used": 1,
      "trace": [
        {
          "step": 0,
          "patch": "def fizz_buzz(n):\n    ans = 0\n    for i in range(n):\n        if i % 11 == 0 and i % 13 == 0:\n            ans += 1\n    return ans",
          "passed": false,
          "stdout": "",
          "stderr": "Traceback (most recent call last):\n  File \"/tmp/agentfix_4mmfjtff/test_candidate.py\", line 19, in <module>\n    check(fizz_buzz)\n  File \"/tmp/agentfix_4mmfjtff/test_candidate.py\", line 10, in check\n    assert fizz_buzz(50) == 0\n           ^^^^^^^^^^^^^^^^^^\nAssertionError\n",
          "failures": "Traceback (most recent call last):\n  File \"/tmp/agentfix_4mmfjtff/test_candidate.py\", line 19, in <module>\n    check(fizz_buzz)\n  File \"/tmp/agentfix_4mmfjtff/test_candidate.py\", line 10, in check\n    assert fizz_buzz(50) == 0\n           ^^^^^^^^^^^^^^^^^^\nAssertionError",
          "duration_s": 0.095
        }
      ],
      "wall_time_s": 3.769
    },
    {
      "task_id": "Python/37",
      "passed": false,
      "steps_used": 1,
      "trace": [
        {
          "step": 0,
          "patch": "def sort_even(l):\n    evens = l[::2]\n    odds = l[1::2]\n    odds.sort()\n    ans = []\n    for e, o in zip(evens, odds):\n        ans.extend([e, o])\n    if len(evens) > len(odds):\n        ans.append(evens[-1])\n    return ans",
          "passed": false,
          "stdout": "",
          "stderr": "Traceback (most recent call last):\n  File \"/tmp/agentfix_0qxm_iln/test_candidate.py\", line 14, in <module>\n    check(sort_even)\n  File \"/tmp/agentfix_0qxm_iln/test_candidate.py\", line 11, in check\n    assert tuple(sort_even([5, 3, -5, 2, -3, 3, 9, 0, 123, 1, -10])) == tuple([-10, 3, -5, 2, -3, 3, 5, 0, 9, 1, 123])\n           ^^^^^^^^^^^^^^^^^^^^^^^^^^^^^^^^^^^^^^^^^^^^^^^^^^^^^^^^^^^^^^^^^^^^^^^^^^^^^^^^^^^^^^^^^^^^^^^^^^^^^^^^^^^\nAssertionError\n",
          "failures": "Traceback (most recent call last):\n  File \"/tmp/agentfix_0qxm_iln/test_candidate.py\", line 14, in <module>\n    check(sort_even)\n  File \"/tmp/agentfix_0qxm_iln/test_candidate.py\", line 11, in check\n    assert tuple(sort_even([5, 3, -5, 2, -3, 3, 9, 0, 123, 1, -10])) == tuple([-10, 3, -5, 2, -3, 3, 5, 0, 9, 1, 123])\n           ^^^^^^^^^^^^^^^^^^^^^^^^^^^^^^^^^^^^^^^^^^^^^^^^^^^^^^^^^^^^^^^^^^^^^^^^^^^^^^^^^^^^^^^^^^^^^^^^^^^^^^^^^^^\nAssertionError",
          "duration_s": 0.094
        }
      ],
      "wall_time_s": 3.973
    },
    {
      "task_id": "Python/38",
      "passed": false,
      "steps_used": 1,
      "trace": [
        {
          "step": 0,
          "patch": "def decode_cyclic(s):\n    return encode_cyclic(s)",
          "passed": false,
          "stdout": "",
          "stderr": "Traceback (most recent call last):\n  File \"/tmp/agentfix_of9jwmqr/test_candidate.py\", line 19, in <module>\n    check(decode_cyclic)\n  File \"/tmp/agentfix_of9jwmqr/test_candidate.py\", line 16, in check\n    encoded_str = encode_cyclic(str)\n                  ^^^^^^^^^^^^^\nNameError: name 'encode_cyclic' is not defined. Did you mean: 'decode_cyclic'?\n",
          "failures": "Traceback (most recent call last):\n  File \"/tmp/agentfix_of9jwmqr/test_candidate.py\", line 19, in <module>\n    check(decode_cyclic)\n  File \"/tmp/agentfix_of9jwmqr/test_candidate.py\", line 16, in check\n    encoded_str = encode_cyclic(str)\n                  ^^^^^^^^^^^^^\nNameError: name 'encode_cyclic' is not defined. Did you mean: 'decode_cyclic'?",
          "duration_s": 0.108
        }
      ],
      "wall_time_s": 1.721
    },
    {
      "task_id": "Python/39",
      "passed": false,
      "steps_used": 1,
      "trace": [
        {
          "step": 0,
          "patch": "def prime_fib(n):\n    f = [0, 1]\n    while True:\n        f.append(f[-1] + f[-2])\n        if is_prime(f[-1]):\n            n -= 1\n        if n == 0:\n            return f[-1]",
          "passed": false,
          "stdout": "",
          "stderr": "Traceback (most recent call last):\n  File \"/tmp/agentfix_iijif8se/test_candidate.py\", line 21, in <module>\n    check(prime_fib)\n  File \"/tmp/agentfix_iijif8se/test_candidate.py\", line 10, in check\n    assert prime_fib(1) == 2\n           ^^^^^^^^^^^^\n  File \"/tmp/agentfix_iijif8se/candidate.py\", line 5, in prime_fib\n    if is_prime(f[-1]):\n       ^^^^^^^^\nNameError: name 'is_prime' is not defined\n",
          "failures": "Traceback (most recent call last):\n  File \"/tmp/agentfix_iijif8se/test_candidate.py\", line 21, in <module>\n    check(prime_fib)\n  File \"/tmp/agentfix_iijif8se/test_candidate.py\", line 10, in check\n    assert prime_fib(1) == 2\n           ^^^^^^^^^^^^\n  File \"/tmp/agentfix_iijif8se/candidate.py\", line 5, in prime_fib\n    if is_prime(f[-1]):\n       ^^^^^^^^\nNameError: name 'is_prime' is not defined",
          "duration_s": 0.096
        }
      ],
      "wall_time_s": 3.292
    },
    {
      "task_id": "Python/40",
      "passed": true,
      "steps_used": 1,
      "trace": [
        {
          "step": 0,
          "patch": "def triples_sum_to_zero(l):\n    for i in range(len(l)):\n        for j in range(i + 1, len(l)):\n            for k in range(j + 1, len(l)):\n                if l[i] + l[j] + l[k] == 0:\n                    return True\n    return False",
          "passed": true,
          "stdout": "",
          "stderr": "",
          "failures": "",
          "duration_s": 0.096
        }
      ],
      "wall_time_s": 3.887
    },
    {
      "task_id": "Python/41",
      "passed": true,
      "steps_used": 1,
      "trace": [
        {
          "step": 0,
          "patch": "def car_race_collision(n):\n    return n**2",
          "passed": true,
          "stdout": "",
          "stderr": "",
          "failures": "",
          "duration_s": 0.095
        }
      ],
      "wall_time_s": 1.346
    },
    {
      "task_id": "Python/42",
      "passed": false,
      "steps_used": 1,
      "trace": [
        {
          "step": 0,
          "patch": "def incr_list(l):\n    return [e + 2 for e in l]",
          "passed": false,
          "stdout": "",
          "stderr": "Traceback (most recent call last):\n  File \"/tmp/agentfix_k1ww67ld/test_candidate.py\", line 14, in <module>\n    check(incr_list)\n  File \"/tmp/agentfix_k1ww67ld/test_candidate.py\", line 11, in check\n    assert incr_list([3, 2, 1]) == [4, 3, 2]\n           ^^^^^^^^^^^^^^^^^^^^^^^^^^^^^^^^^\nAssertionError\n",
          "failures": "Traceback (most recent call last):\n  File \"/tmp/agentfix_k1ww67ld/test_candidate.py\", line 14, in <module>\n    check(incr_list)\n  File \"/tmp/agentfix_k1ww67ld/test_candidate.py\", line 11, in check\n    assert incr_list([3, 2, 1]) == [4, 3, 2]\n           ^^^^^^^^^^^^^^^^^^^^^^^^^^^^^^^^^\nAssertionError",
          "duration_s": 0.095
        }
      ],
      "wall_time_s": 4.322
    },
    {
      "task_id": "Python/43",
      "passed": true,
      "steps_used": 1,
      "trace": [
        {
          "step": 0,
          "patch": "def pairs_sum_to_zero(l):\n    for i, l1 in enumerate(l):\n        for j in range(i + 1, len(l)):\n            if l1 + l[j] == 0:\n                return True\n    return False",
          "passed": true,
          "stdout": "",
          "stderr": "",
          "failures": "",
          "duration_s": 0.095
        }
      ],
      "wall_time_s": 2.79
    },
    {
      "task_id": "Python/44",
      "passed": true,
      "steps_used": 1,
      "trace": [
        {
          "step": 0,
          "patch": "def change_base(x, base):\n    ret = \"\"\n    while x > 0:\n        ret = str(x % base) + ret\n        x //= base\n    return ret",
          "passed": true,
          "stdout": "",
          "stderr": "",
          "failures": "",
          "duration_s": 0.097
        }
      ],
      "wall_time_s": 2.689
    },
    {
      "task_id": "Python/45",
      "passed": true,
      "steps_used": 1,
      "trace": [
        {
          "step": 0,
          "patch": "def triangle_area(a, h):\n    return a * h / 2",
          "passed": true,
          "stdout": "",
          "stderr": "",
          "failures": "",
          "duration_s": 0.111
        }
      ],
      "wall_time_s": 1.812
    },
    {
      "task_id": "Python/46",
      "passed": false,
      "steps_used": 1,
      "trace": [
        {
          "step": 0,
          "patch": "def fib4(n):\n    results = [0, 0, 2, 0]\n    if n < 4:\n        return results[n]\n\n    for _ in range(4, n + 1):\n        results.append(results[-1] + results[-2] + results[-3] + results[-4])\n        results.pop(0)\n\n    return results[-2]",
          "passed": false,
          "stdout": "",
          "stderr": "Traceback (most recent call last):\n  File \"/tmp/agentfix_0efeq7jr/test_candidate.py\", line 15, in <module>\n    check(fib4)\n  File \"/tmp/agentfix_0efeq7jr/test_candidate.py\", line 10, in check\n    assert fib4(5) == 4\n           ^^^^^^^^^^^^\nAssertionError\n",
          "failures": "Traceback (most recent call last):\n  File \"/tmp/agentfix_0efeq7jr/test_candidate.py\", line 15, in <module>\n    check(fib4)\n  File \"/tmp/agentfix_0efeq7jr/test_candidate.py\", line 10, in check\n    assert fib4(5) == 4\n           ^^^^^^^^^^^^\nAssertionError",
          "duration_s": 0.095
        }
      ],
      "wall_time_s": 4.582
    },
    {
      "task_id": "Python/47",
      "passed": true,
      "steps_used": 1,
      "trace": [
        {
          "step": 0,
          "patch": "def median(l):\n    l = sorted(l)\n    if len(l) % 2 == 1:\n        return l[len(l) // 2]\n    else:\n        return (l[len(l) // 2 - 1] + l[len(l) // 2]) / 2.0",
          "passed": true,
          "stdout": "",
          "stderr": "",
          "failures": "",
          "duration_s": 0.094
        }
      ],
      "wall_time_s": 3.793
    },
    {
      "task_id": "Python/48",
      "passed": true,
      "steps_used": 1,
      "trace": [
        {
          "step": 0,
          "patch": "def is_palindrome(text):\n    for i in range(len(text) // 2):\n        if text[i] != text[-(i + 1)]:\n            return False\n    return True",
          "passed": true,
          "stdout": "",
          "stderr": "",
          "failures": "",
          "duration_s": 0.096
        }
      ],
      "wall_time_s": 2.451
    },
    {
      "task_id": "Python/49",
      "passed": false,
      "steps_used": 1,
      "trace": [
        {
          "step": 0,
          "patch": "def modp(n, p):\n    ret = 0\n    for i in range(n):\n        ret = (2 * ret) % p\n    return ret",
          "passed": false,
          "stdout": "",
          "stderr": "Traceback (most recent call last):\n  File \"/tmp/agentfix_5468zmtk/test_candidate.py\", line 18, in <module>\n    check(modp)\n  File \"/tmp/agentfix_5468zmtk/test_candidate.py\", line 10, in check\n    assert modp(3, 5) == 3\n           ^^^^^^^^^^^^^^^\nAssertionError\n",
          "failures": "Traceback (most recent call last):\n  File \"/tmp/agentfix_5468zmtk/test_candidate.py\", line 18, in <module>\n    check(modp)\n  File \"/tmp/agentfix_5468zmtk/test_candidate.py\", line 10, in check\n    assert modp(3, 5) == 3\n           ^^^^^^^^^^^^^^^\nAssertionError",
          "duration_s": 0.096
        }
      ],
      "wall_time_s": 2.178
    },
    {
      "task_id": "Python/50",
      "passed": false,
      "steps_used": 1,
      "trace": [
        {
          "step": 0,
          "patch": "def decode_shift(s):\n    return \"\".join([chr(((ord(ch) - 5 - ord(\"a\")) % 26) + ord(ch)) for ch in s])",
          "passed": false,
          "stdout": "",
          "stderr": "Traceback (most recent call last):\n  File \"/tmp/agentfix_pm0a1y48/test_candidate.py\", line 20, in <module>\n    check(decode_shift)\n  File \"/tmp/agentfix_pm0a1y48/test_candidate.py\", line 17, in check\n    encoded_str = encode_shift(str)\n                  ^^^^^^^^^^^^\nNameError: name 'encode_shift' is not defined. Did you mean: 'decode_shift'?\n",
          "failures": "Traceback (most recent call last):\n  File \"/tmp/agentfix_pm0a1y48/test_candidate.py\", line 20, in <module>\n    check(decode_shift)\n  File \"/tmp/agentfix_pm0a1y48/test_candidate.py\", line 17, in check\n    encoded_str = encode_shift(str)\n                  ^^^^^^^^^^^^\nNameError: name 'encode_shift' is not defined. Did you mean: 'decode_shift'?",
          "duration_s": 0.095
        }
      ],
      "wall_time_s": 2.393
    },
    {
      "task_id": "Python/51",
      "passed": false,
      "steps_used": 1,
      "trace": [
        {
          "step": 0,
          "patch": "def remove_vowels(text):\n    return \"\".join([s for s in text if s.lower() not in [\"a\", \"e\", \"i\", \"o\", \"u\", \"y\"]])",
          "passed": false,
          "stdout": "",
          "stderr": "Traceback (most recent call last):\n  File \"/tmp/agentfix_4cxaae86/test_candidate.py\", line 18, in <module>\n    check(remove_vowels)\n  File \"/tmp/agentfix_4cxaae86/test_candidate.py\", line 16, in check\n    assert remove_vowels('ybcd') == 'ybcd'\n           ^^^^^^^^^^^^^^^^^^^^^^^^^^^^^^^\nAssertionError\n",
          "failures": "Traceback (most recent call last):\n  File \"/tmp/agentfix_4cxaae86/test_candidate.py\", line 18, in <module>\n    check(remove_vowels)\n  File \"/tmp/agentfix_4cxaae86/test_candidate.py\", line 16, in check\n    assert remove_vowels('ybcd') == 'ybcd'\n           ^^^^^^^^^^^^^^^^^^^^^^^^^^^^^^^\nAssertionError",
          "duration_s": 0.095
        }
      ],
      "wall_time_s": 2.456
    },
    {
      "task_id": "Python/52",
      "passed": false,
      "steps_used": 1,
      "trace": [
        {
          "step": 0,
          "patch": "def below_threshold(l, t):\n    for e in l:\n        if e < t:\n            return True\n    return False",
          "passed": false,
          "stdout": "",
          "stderr": "Traceback (most recent call last):\n  File \"/tmp/agentfix_fulo4sdo/test_candidate.py\", line 17, in <module>\n    check(below_threshold)\n  File \"/tmp/agentfix_fulo4sdo/test_candidate.py\", line 11, in check\n    assert not below_threshold([1, 20, 4, 10], 5)\n           ^^^^^^^^^^^^^^^^^^^^^^^^^^^^^^^^^^^^^^\nAssertionError\n",
          "failures": "Traceback (most recent call last):\n  File \"/tmp/agentfix_fulo4sdo/test_candidate.py\", line 17, in <module>\n    check(below_threshold)\n  File \"/tmp/agentfix_fulo4sdo/test_candidate.py\", line 11, in check\n    assert not below_threshold([1, 20, 4, 10], 5)\n           ^^^^^^^^^^^^^^^^^^^^^^^^^^^^^^^^^^^^^^\nAssertionError",
          "duration_s": 0.095
        }
      ],
      "wall_time_s": 1.787
    },
    {
      "task_id": "Python/53",
      "passed": false,
      "steps_used": 1,
      "trace": [
        {
          "step": 0,
          "patch": "def add(x, y):\n    return x + y + y + x",
          "passed": false,
          "stdout": "",
          "stderr": "Traceback (most recent call last):\n  File \"/tmp/agentfix_yje6bna5/test_candidate.py\", line 22, in <module>\n    check(add)\n  File \"/tmp/agentfix_yje6bna5/test_candidate.py\", line 12, in check\n    assert add(0, 1) == 1\n           ^^^^^^^^^^^^^^\nAssertionError\n",
          "failures": "Traceback (most recent call last):\n  File \"/tmp/agentfix_yje6bna5/test_candidate.py\", line 22, in <module>\n    check(add)\n  File \"/tmp/agentfix_yje6bna5/test_candidate.py\", line 12, in check\n    assert add(0, 1) == 1\n           ^^^^^^^^^^^^^^\nAssertionError",
          "duration_s": 0.095
        }
      ],
      "wall_time_s": 1.299
    },
    {
      "task_id": "Python/54",
      "passed": false,
      "steps_used": 1,
      "trace": [
        {
          "step": 0,
          "patch": "def same_chars(s0, s1):\n    return s0 == s1",
          "passed": false,
          "stdout": "",
          "stderr": "Traceback (most recent call last):\n  File \"/tmp/agentfix_8n4wisoe/test_candidate.py\", line 18, in <module>\n    check(same_chars)\n  File \"/tmp/agentfix_8n4wisoe/test_candidate.py\", line 10, in check\n    assert same_chars('eabcdzzzz', 'dddzzzzzzzddeddabc') == True\n           ^^^^^^^^^^^^^^^^^^^^^^^^^^^^^^^^^^^^^^^^^^^^^^^^^^^^^\nAssertionError\n",
          "failures": "Traceback (most recent call last):\n  File \"/tmp/agentfix_8n4wisoe/test_candidate.py\", line 18, in <module>\n    check(same_chars)\n  File \"/tmp/agentfix_8n4wisoe/test_candidate.py\", line 10, in check\n    assert same_chars('eabcdzzzz', 'dddzzzzzzzddeddabc') == True\n           ^^^^^^^^^^^^^^^^^^^^^^^^^^^^^^^^^^^^^^^^^^^^^^^^^^^^^\nAssertionError",
          "duration_s": 0.094
        }
      ],
      "wall_time_s": 1.624
    },
    {
      "task_id": "Python/55",
      "passed": false,
      "steps_used": 1,
      "trace": [
        {
          "step": 0,
          "patch": "def fib(n):\n    if n == 0:\n        return 0\n    if n == 1:\n        return 1\n    if n == 2:\n        return 2\n    return fib(n - 1) + fib(n - 2)",
          "passed": false,
          "stdout": "",
          "stderr": "Traceback (most recent call last):\n  File \"/tmp/agentfix_bhg6fnk5/test_candidate.py\", line 16, in <module>\n    check(fib)\n  File \"/tmp/agentfix_bhg6fnk5/test_candidate.py\", line 10, in check\n    assert fib(10) == 55\n           ^^^^^^^^^^^^^\nAssertionError\n",
          "failures": "Traceback (most recent call last):\n  File \"/tmp/agentfix_bhg6fnk5/test_candidate.py\", line 16, in <module>\n    check(fib)\n  File \"/tmp/agentfix_bhg6fnk5/test_candidate.py\", line 10, in check\n    assert fib(10) == 55\n           ^^^^^^^^^^^^^\nAssertionError",
          "duration_s": 0.095
        }
      ],
      "wall_time_s": 3.053
    },
    {
      "task_id": "Python/56",
      "passed": false,
      "steps_used": 1,
      "trace": [
        {
          "step": 0,
          "patch": "def correct_bracketing(brackets):\n    depth = 0\n    for b in brackets:\n        if b == \">\":\n            depth += 1\n        else:\n            depth -= 1\n        if depth < 0:\n            return False\n    return depth == 0",
          "passed": false,
          "stdout": "",
          "stderr": "Traceback (most recent call last):\n  File \"/tmp/agentfix_axfa056d/test_candidate.py\", line 23, in <module>\n    check(correct_bracketing)\n  File \"/tmp/agentfix_axfa056d/test_candidate.py\", line 10, in check\n    assert correct_bracketing(\"<>\")\n           ^^^^^^^^^^^^^^^^^^^^^^^^\nAssertionError\n",
          "failures": "Traceback (most recent call last):\n  File \"/tmp/agentfix_axfa056d/test_candidate.py\", line 23, in <module>\n    check(correct_bracketing)\n  File \"/tmp/agentfix_axfa056d/test_candidate.py\", line 10, in check\n    assert correct_bracketing(\"<>\")\n           ^^^^^^^^^^^^^^^^^^^^^^^^\nAssertionError",
          "duration_s": 0.094
        }
      ],
      "wall_time_s": 3.435
    },
    {
      "task_id": "Python/57",
      "passed": true,
      "steps_used": 1,
      "trace": [
        {
          "step": 0,
          "patch": "def monotonic(l):\n    return l == sorted(l) or l == sorted(l, reverse=True)",
          "passed": true,
          "stdout": "",
          "stderr": "",
          "failures": "",
          "duration_s": 0.096
        }
      ],
      "wall_time_s": 1.892
    },
    {
      "task_id": "Python/58",
      "passed": true,
      "steps_used": 1,
      "trace": [
        {
          "step": 0,
          "patch": "def common(l1, l2):\n    ret = set()\n    for e1 in l1:\n        if e1 in l2:\n            ret.add(e1)\n    return sorted(list(ret))",
          "passed": true,
          "stdout": "",
          "stderr": "",
          "failures": "",
          "duration_s": 0.094
        }
      ],
      "wall_time_s": 2.394
    },
    {
      "task_id": "Python/59",
      "passed": true,
      "steps_used": 1,
      "trace": [
        {
          "step": 0,
          "patch": "def largest_prime_factor(n):\n    largest = 1\n    for j in range(2, int(n**0.5) + 1):\n        while n % j == 0:\n            largest = j\n            n //= j\n    if n > 1:\n        largest = n\n    return largest",
          "passed": true,
          "stdout": "",
          "stderr": "",
          "failures": "",
          "duration_s": 0.096
        }
      ],
      "wall_time_s": 3.62
    },
    {
      "task_id": "Python/60",
      "passed": true,
      "steps_used": 1,
      "trace": [
        {
          "step": 0,
          "patch": "def sum_to_n(n):\n    return sum(range(1, n + 1))",
          "passed": true,
          "stdout": "",
          "stderr": "",
          "failures": "",
          "duration_s": 0.094
        }
      ],
      "wall_time_s": 1.377
    },
    {
      "task_id": "Python/61",
      "passed": false,
      "steps_used": 1,
      "trace": [
        {
          "step": 0,
          "patch": "def correct_bracketing(brackets):\n    depth = 0\n    for b in brackets:\n        if b == \"(\":\n            depth += 1\n        else:\n            depth -= 1\n        if depth < 0:\n            return True\n    return depth == 0",
          "passed": false,
          "stdout": "",
          "stderr": "Traceback (most recent call last):\n  File \"/tmp/agentfix_lazdq_6l/test_candidate.py\", line 23, in <module>\n    check(correct_bracketing)\n  File \"/tmp/agentfix_lazdq_6l/test_candidate.py\", line 14, in check\n    assert not correct_bracketing(\"((()())))\")\n           ^^^^^^^^^^^^^^^^^^^^^^^^^^^^^^^^^^^\nAssertionError\n",
          "failures": "Traceback (most recent call last):\n  File \"/tmp/agentfix_lazdq_6l/test_candidate.py\", line 23, in <module>\n    check(correct_bracketing)\n  File \"/tmp/agentfix_lazdq_6l/test_candidate.py\", line 14, in check\n    assert not correct_bracketing(\"((()())))\")\n           ^^^^^^^^^^^^^^^^^^^^^^^^^^^^^^^^^^^\nAssertionError",
          "duration_s": 0.096
        }
      ],
      "wall_time_s": 3.362
    },
    {
      "task_id": "Python/62",
      "passed": false,
      "steps_used": 1,
      "trace": [
        {
          "step": 0,
          "patch": "def derivative(xs):\n    return [(i + 1) * x for i, x in enumerate(xs)]",
          "passed": false,
          "stdout": "",
          "stderr": "Traceback (most recent call last):\n  File \"/tmp/agentfix_s8ngvvv_/test_candidate.py\", line 16, in <module>\n    check(derivative)\n  File \"/tmp/agentfix_s8ngvvv_/test_candidate.py\", line 10, in check\n    assert derivative([3, 1, 2, 4, 5]) == [1, 4, 12, 20]\n           ^^^^^^^^^^^^^^^^^^^^^^^^^^^^^^^^^^^^^^^^^^^^^\nAssertionError\n",
          "failures": "Traceback (most recent call last):\n  File \"/tmp/agentfix_s8ngvvv_/test_candidate.py\", line 16, in <module>\n    check(derivative)\n  File \"/tmp/agentfix_s8ngvvv_/test_candidate.py\", line 10, in check\n    assert derivative([3, 1, 2, 4, 5]) == [1, 4, 12, 20]\n           ^^^^^^^^^^^^^^^^^^^^^^^^^^^^^^^^^^^^^^^^^^^^^\nAssertionError",
          "duration_s": 0.095
        }
      ],
      "wall_time_s": 1.575
    },
    {
      "task_id": "Python/63",
      "passed": false,
      "steps_used": 1,
      "trace": [
        {
          "step": 0,
          "patch": "def fibfib(n):\n    if n == 0:\n        return 0\n    if n == 1:\n        return 1\n    if n == 2:\n        return 2\n    return fibfib(n - 1) + fibfib(n - 2)",
          "passed": false,
          "stdout": "",
          "stderr": "Traceback (most recent call last):\n  File \"/tmp/agentfix_102pymag/test_candidate.py\", line 18, in <module>\n    check(fibfib)\n  File \"/tmp/agentfix_102pymag/test_candidate.py\", line 10, in check\n    assert fibfib(2) == 1\n           ^^^^^^^^^^^^^^\nAssertionError\n",
          "failures": "Traceback (most recent call last):\n  File \"/tmp/agentfix_102pymag/test_candidate.py\", line 18, in <module>\n    check(fibfib)\n  File \"/tmp/agentfix_102pymag/test_candidate.py\", line 10, in check\n    assert fibfib(2) == 1\n           ^^^^^^^^^^^^^^\nAssertionError",
          "duration_s": 0.094
        }
      ],
      "wall_time_s": 3.537
    },
    {
      "task_id": "Python/64",
      "passed": false,
      "steps_used": 1,
      "trace": [
        {
          "step": 0,
          "patch": "def vowels_count(s):\n    vowels = \"aeiouyAEIOUY\"\n    n_vowels = sum(c in vowels for c in s)\n    return n_vowels",
          "passed": false,
          "stdout": "",
          "stderr": "Traceback (most recent call last):\n  File \"/tmp/agentfix_3hsg3qr6/test_candidate.py\", line 18, in <module>\n    check(vowels_count)\n  File \"/tmp/agentfix_3hsg3qr6/test_candidate.py\", line 10, in check\n    assert vowels_count(\"bye\") == 1, \"Test 4\"\n           ^^^^^^^^^^^^^^^^^^^^^^^^\nAssertionError: Test 4\n",
          "failures": "Traceback (most recent call last):\n  File \"/tmp/agentfix_3hsg3qr6/test_candidate.py\", line 18, in <module>\n    check(vowels_count)\n  File \"/tmp/agentfix_3hsg3qr6/test_candidate.py\", line 10, in check\n    assert vowels_count(\"bye\") == 1, \"Test 4\"\n           ^^^^^^^^^^^^^^^^^^^^^^^^\nAssertionError: Test 4",
          "duration_s": 0.095
        }
      ],
      "wall_time_s": 2.397
    },
    {
      "task_id": "Python/65",
      "passed": true,
      "steps_used": 1,
      "trace": [
        {
          "step": 0,
          "patch": "def circular_shift(x, shift):\n    s = str(x)\n    if shift > len(s):\n        return s[::-1]\n    else:\n        return s[-shift:] + s[:-shift]",
          "passed": true,
          "stdout": "",
          "stderr": "",
          "failures": "",
          "duration_s": 0.096
        }
      ],
      "wall_time_s": 2.679
    },
    {
      "task_id": "Python/66",
      "passed": false,
      "steps_used": 1,
      "trace": [
        {
          "step": 0,
          "patch": "def digitSum(s):\n    if s == \"\":\n        return 0\n    return sum(ord(char) if char.islower() else 0 for char in s)",
          "passed": false,
          "stdout": "",
          "stderr": "Traceback (most recent call last):\n  File \"/tmp/agentfix_33gq4pji/test_candidate.py\", line 20, in <module>\n    check(digitSum)\n  File \"/tmp/agentfix_33gq4pji/test_candidate.py\", line 9, in check\n    assert digitSum(\"abAB\") == 131, \"Error\"\n           ^^^^^^^^^^^^^^^^^^^^^^^\nAssertionError: Error\n",
          "failures": "Traceback (most recent call last):\n  File \"/tmp/agentfix_33gq4pji/test_candidate.py\", line 20, in <module>\n    check(digitSum)\n  File \"/tmp/agentfix_33gq4pji/test_candidate.py\", line 9, in check\n    assert digitSum(\"abAB\") == 131, \"Error\"\n           ^^^^^^^^^^^^^^^^^^^^^^^\nAssertionError: Error",
          "duration_s": 0.095
        }
      ],
      "wall_time_s": 2.134
    },
    {
      "task_id": "Python/67",
      "passed": false,
      "steps_used": 1,
      "trace": [
        {
          "step": 0,
          "patch": "def fruit_distribution(s, n):\n    lis = [int(i) for i in s.split(' ') if i.isdigit()]\n    return n - sum(lis) - 1",
          "passed": false,
          "stdout": "",
          "stderr": "Traceback (most recent call last):\n  File \"/tmp/agentfix_5jdz_2wm/test_candidate.py\", line 15, in <module>\n    check(fruit_distribution)\n  File \"/tmp/agentfix_5jdz_2wm/test_candidate.py\", line 7, in check\n    assert fruit_distribution(\"5 apples and 6 oranges\",19) == 8\n           ^^^^^^^^^^^^^^^^^^^^^^^^^^^^^^^^^^^^^^^^^^^^^^^^^^^^\nAssertionError\n",
          "failures": "Traceback (most recent call last):\n  File \"/tmp/agentfix_5jdz_2wm/test_candidate.py\", line 15, in <module>\n    check(fruit_distribution)\n  File \"/tmp/agentfix_5jdz_2wm/test_candidate.py\", line 7, in check\n    assert fruit_distribution(\"5 apples and 6 oranges\",19) == 8\n           ^^^^^^^^^^^^^^^^^^^^^^^^^^^^^^^^^^^^^^^^^^^^^^^^^^^^\nAssertionError",
          "duration_s": 0.094
        }
      ],
      "wall_time_s": 2.358
    },
    {
      "task_id": "Python/68",
      "passed": false,
      "steps_used": 1,
      "trace": [
        {
          "step": 0,
          "patch": "def pluck(arr):\n    if len(arr) == 0: return []\n    evens = list(filter(lambda x: x % 2 == 0, arr))\n    if not evens: return []\n    return [arr.index(min(evens)), min(evens)]",
          "passed": false,
          "stdout": "",
          "stderr": "Traceback (most recent call last):\n  File \"/tmp/agentfix_2jels6ep/test_candidate.py\", line 20, in <module>\n    check(pluck)\n  File \"/tmp/agentfix_2jels6ep/test_candidate.py\", line 8, in check\n    assert pluck([4,2,3]) == [2, 1], \"Error\"\n           ^^^^^^^^^^^^^^^^^^^^^^^^\nAssertionError: Error\n",
          "failures": "Traceback (most recent call last):\n  File \"/tmp/agentfix_2jels6ep/test_candidate.py\", line 20, in <module>\n    check(pluck)\n  File \"/tmp/agentfix_2jels6ep/test_candidate.py\", line 8, in check\n    assert pluck([4,2,3]) == [2, 1], \"Error\"\n           ^^^^^^^^^^^^^^^^^^^^^^^^\nAssertionError: Error",
          "duration_s": 0.095
        }
      ],
      "wall_time_s": 3.182
    },
    {
      "task_id": "Python/69",
      "passed": false,
      "steps_used": 1,
      "trace": [
        {
          "step": 0,
          "patch": "def search(lst):\n    frq = [0] * (max(lst) + 1)\n    for i in lst:\n        frq[i] += 1\n\n    ans = 0\n    for i in range(1, len(frq)):\n        if frq[i] >= i:\n            ans = i\n    \n    return ans",
          "passed": false,
          "stdout": "",
          "stderr": "Traceback (most recent call last):\n  File \"/tmp/agentfix_lz4d3pjp/test_candidate.py\", line 35, in <module>\n    check(search)\n  File \"/tmp/agentfix_lz4d3pjp/test_candidate.py\", line 9, in check\n    assert search([3, 3]) == -1\n           ^^^^^^^^^^^^^^^^^^^^\nAssertionError\n",
          "failures": "Traceback (most recent call last):\n  File \"/tmp/agentfix_lz4d3pjp/test_candidate.py\", line 35, in <module>\n    check(search)\n  File \"/tmp/agentfix_lz4d3pjp/test_candidate.py\", line 9, in check\n    assert search([3, 3]) == -1\n           ^^^^^^^^^^^^^^^^^^^^\nAssertionError",
          "duration_s": 0.096
        }
      ],
      "wall_time_s": 6.312
    },
    {
      "task_id": "Python/70",
      "passed": true,
      "steps_used": 1,
      "trace": [
        {
          "step": 0,
          "patch": "def strange_sort_list(lst):\n    res, switch = [], False\n    while lst:\n        if switch:\n            res.append(max(lst))\n        else:\n            res.append(min(lst))\n        lst.remove(res[-1])\n        switch = not switch\n    return res",
          "passed": true,
          "stdout": "",
          "stderr": "",
          "failures": "",
          "duration_s": 0.109
        }
      ],
      "wall_time_s": 2.977
    },
    {
      "task_id": "Python/71",
      "passed": false,
      "steps_used": 1,
      "trace": [
        {
          "step": 0,
          "patch": "def triangle_area(a, b, c):\n    if a + b <= c or a + c <= b or b + c <= a:\n        return -1 \n    s = (a + b + c)    \n    area = (s * (s - a) * (s - b) * (s - c)) ** 0.5\n    area = round(area, 2)\n    return area",
          "passed": false,
          "stdout": "",
          "stderr": "Traceback (most recent call last):\n  File \"/tmp/agentfix_yqkvwm1e/test_candidate.py\", line 19, in <module>\n    check(triangle_area)\n  File \"/tmp/agentfix_yqkvwm1e/test_candidate.py\", line 7, in check\n    assert triangle_area(3, 4, 5) == 6.00, \"This prints if this assert fails 1 (good for debugging!)\"\n           ^^^^^^^^^^^^^^^^^^^^^^^^^^^^^^\nAssertionError: This prints if this assert fails 1 (good for debugging!)\n",
          "failures": "Traceback (most recent call last):\n  File \"/tmp/agentfix_yqkvwm1e/test_candidate.py\", line 19, in <module>\n    check(triangle_area)\n  File \"/tmp/agentfix_yqkvwm1e/test_candidate.py\", line 7, in check\n    assert triangle_area(3, 4, 5) == 6.00, \"This prints if this assert fails 1 (good for debugging!)\"\n           ^^^^^^^^^^^^^^^^^^^^^^^^^^^^^^\nAssertionError: This prints if this assert fails 1 (good for debugging!)",
          "duration_s": 0.094
        }
      ],
      "wall_time_s": 4.633
    },
    {
      "task_id": "Python/72",
      "passed": false,
      "steps_used": 1,
      "trace": [
        {
          "step": 0,
          "patch": "def will_it_fly(q, w):\n    if sum(q) > w:\n        return False\n\n    i, j = 0, len(q)-1\n    while i < j:\n        if q[i] == q[j]:\n            return False\n        i += 1\n        j -= 1\n    return True",
          "passed": false,
          "stdout": "",
          "stderr": "Traceback (most recent call last):\n  File \"/tmp/agentfix_qp4b3t4q/test_candidate.py\", line 17, in <module>\n    check(will_it_fly)\n  File \"/tmp/agentfix_qp4b3t4q/test_candidate.py\", line 7, in check\n    assert will_it_fly([3, 2, 3], 9) is True\n           ^^^^^^^^^^^^^^^^^^^^^^^^^^^^^^^^^\nAssertionError\n",
          "failures": "Traceback (most recent call last):\n  File \"/tmp/agentfix_qp4b3t4q/test_candidate.py\", line 17, in <module>\n    check(will_it_fly)\n  File \"/tmp/agentfix_qp4b3t4q/test_candidate.py\", line 7, in check\n    assert will_it_fly([3, 2, 3], 9) is True\n           ^^^^^^^^^^^^^^^^^^^^^^^^^^^^^^^^^\nAssertionError",
          "duration_s": 0.096
        }
      ],
      "wall_time_s": 3.665
    },
    {
      "task_id": "Python/73",
      "passed": false,
      "steps_used": 1,
      "trace": [
        {
          "step": 0,
          "patch": "def smallest_change(arr):\n    ans = 0\n    for i in range(len(arr) // 2):\n        if ans != arr[len(arr) - i - 1]:\n            ans += 1\n    return ans",
          "passed": false,
          "stdout": "",
          "stderr": "Traceback (most recent call last):\n  File \"/tmp/agentfix__7w33f65/test_candidate.py\", line 18, in <module>\n    check(smallest_change)\n  File \"/tmp/agentfix__7w33f65/test_candidate.py\", line 8, in check\n    assert smallest_change([1, 2, 3, 4, 3, 2, 2]) == 1\n           ^^^^^^^^^^^^^^^^^^^^^^^^^^^^^^^^^^^^^^^^^^^\nAssertionError\n",
          "failures": "Traceback (most recent call last):\n  File \"/tmp/agentfix__7w33f65/test_candidate.py\", line 18, in <module>\n    check(smallest_change)\n  File \"/tmp/agentfix__7w33f65/test_candidate.py\", line 8, in check\n    assert smallest_change([1, 2, 3, 4, 3, 2, 2]) == 1\n           ^^^^^^^^^^^^^^^^^^^^^^^^^^^^^^^^^^^^^^^^^^^\nAssertionError",
          "duration_s": 0.095
        }
      ],
      "wall_time_s": 2.748
    },
    {
      "task_id": "Python/74",
      "passed": false,
      "steps_used": 1,
      "trace": [
        {
          "step": 0,
          "patch": "def total_match(lst1, lst2):\n    l1 = sum(len(st) for st in lst1)\n    l2 = sum(len(st) for st in lst2)\n    return lst2 if l1 <= l2 else lst1",
          "passed": false,
          "stdout": "",
          "stderr": "Traceback (most recent call last):\n  File \"/tmp/agentfix_iztxcz5u/test_candidate.py\", line 22, in <module>\n    check(total_match)\n  File \"/tmp/agentfix_iztxcz5u/test_candidate.py\", line 9, in check\n    assert total_match(['hi', 'admin'], ['hi', 'hi']) == ['hi', 'hi']\n           ^^^^^^^^^^^^^^^^^^^^^^^^^^^^^^^^^^^^^^^^^^^^^^^^^^^^^^^^^^\nAssertionError\n",
          "failures": "Traceback (most recent call last):\n  File \"/tmp/agentfix_iztxcz5u/test_candidate.py\", line 22, in <module>\n    check(total_match)\n  File \"/tmp/agentfix_iztxcz5u/test_candidate.py\", line 9, in check\n    assert total_match(['hi', 'admin'], ['hi', 'hi']) == ['hi', 'hi']\n           ^^^^^^^^^^^^^^^^^^^^^^^^^^^^^^^^^^^^^^^^^^^^^^^^^^^^^^^^^^\nAssertionError",
          "duration_s": 0.094
        }
      ],
      "wall_time_s": 2.902
    },
    {
      "task_id": "Python/75",
      "passed": false,
      "steps_used": 1,
      "trace": [
        {
          "step": 0,
          "patch": "def is_multiply_prime(a):\n    for i in range(2,101):\n        if not is_prime(i): continue\n        for j in range(2,101):\n            if not is_prime(j): continue\n            for k in range(2,101):\n                if not is_prime(k): continue\n                if i*j*k == a: return True\n    return False",
          "passed": false,
          "stdout": "",
          "stderr": "Traceback (most recent call last):\n  File \"/tmp/agentfix_rtz97a8q/test_candidate.py\", line 17, in <module>\n    check(is_multiply_prime)\n  File \"/tmp/agentfix_rtz97a8q/test_candidate.py\", line 6, in check\n    assert is_multiply_prime(5) == False\n           ^^^^^^^^^^^^^^^^^^^^\n  File \"/tmp/agentfix_rtz97a8q/candidate.py\", line 3, in is_multiply_prime\n    if not is_prime(i): continue\n           ^^^^^^^^\nNameError: name 'is_prime' is not defined\n",
          "failures": "Traceback (most recent call last):\n  File \"/tmp/agentfix_rtz97a8q/test_candidate.py\", line 17, in <module>\n    check(is_multiply_prime)\n  File \"/tmp/agentfix_rtz97a8q/test_candidate.py\", line 6, in check\n    assert is_multiply_prime(5) == False\n           ^^^^^^^^^^^^^^^^^^^^\n  File \"/tmp/agentfix_rtz97a8q/candidate.py\", line 3, in is_multiply_prime\n    if not is_prime(i): continue\n           ^^^^^^^^\nNameError: name 'is_prime' is not defined",
          "duration_s": 0.095
        }
      ],
      "wall_time_s": 4.455
    },
    {
      "task_id": "Python/76",
      "passed": false,
      "steps_used": 1,
      "trace": [
        {
          "step": 0,
          "patch": "def is_simple_power(n, x):\n    if n == 1:\n        return x == 1\n    power = 1\n    while power < n:\n        power *= n\n    return power == x",
          "passed": false,
          "stdout": "",
          "stderr": "Traceback (most recent call last):\n  File \"/tmp/agentfix_8keyxl8m/test_candidate.py\", line 27, in <module>\n    check(is_simple_power)\n  File \"/tmp/agentfix_8keyxl8m/test_candidate.py\", line 7, in check\n    assert is_simple_power(1, 4)== True, \"This prints if this assert fails 1 (good for debugging!)\"\n           ^^^^^^^^^^^^^^^^^^^^^^^^^^^^\nAssertionError: This prints if this assert fails 1 (good for debugging!)\n",
          "failures": "Traceback (most recent call last):\n  File \"/tmp/agentfix_8keyxl8m/test_candidate.py\", line 27, in <module>\n    check(is_simple_power)\n  File \"/tmp/agentfix_8keyxl8m/test_candidate.py\", line 7, in check\n    assert is_simple_power(1, 4)== True, \"This prints if this assert fails 1 (good for debugging!)\"\n           ^^^^^^^^^^^^^^^^^^^^^^^^^^^^\nAssertionError: This prints if this assert fails 1 (good for debugging!)",
          "duration_s": 0.094
        }
      ],
      "wall_time_s": 3.025
    },
    {
      "task_id": "Python/77",
      "passed": false,
      "steps_used": 1,
      "trace": [
        {
          "step": 0,
          "patch": "def iscube(a):\n    a = abs(a)\n    return round(a ** (1. / 3)) == a",
          "passed": false,
          "stdout": "",
          "stderr": "Traceback (most recent call last):\n  File \"/tmp/agentfix_70hhw2ld/test_candidate.py\", line 19, in <module>\n    check(iscube)\n  File \"/tmp/agentfix_70hhw2ld/test_candidate.py\", line 10, in check\n    assert iscube(64) == True, \"Fourth test error: \" + str(iscube(64))\n           ^^^^^^^^^^^^^^^^^^\nAssertionError: Fourth test error: False\n",
          "failures": "Traceback (most recent call last):\n  File \"/tmp/agentfix_70hhw2ld/test_candidate.py\", line 19, in <module>\n    check(iscube)\n  File \"/tmp/agentfix_70hhw2ld/test_candidate.py\", line 10, in check\n    assert iscube(64) == True, \"Fourth test error: \" + str(iscube(64))\n           ^^^^^^^^^^^^^^^^^^\nAssertionError: Fourth test error: False",
          "duration_s": 0.096
        }
      ],
      "wall_time_s": 1.795
    },
    {
      "task_id": "Python/78",
      "passed": true,
      "steps_used": 1,
      "trace": [
        {
          "step": 0,
          "patch": "def hex_key(num):\n    primes = ('2', '3', '5', '7', 'B', 'D')\n    total = 0\n    for i in range(0, len(num)):\n        if num[i] in primes:\n            total += 1\n    return total",
          "passed": true,
          "stdout": "",
          "stderr": "",
          "failures": "",
          "duration_s": 0.094
        }
      ],
      "wall_time_s": 3.405
    },
    {
      "task_id": "Python/79",
      "passed": false,
      "steps_used": 1,
      "trace": [
        {
          "step": 0,
          "patch": "def decimal_to_binary(decimal):\n    return \"db\" + bin(decimal)[2:] + \"d\"",
          "passed": false,
          "stdout": "",
          "stderr": "Traceback (most recent call last):\n  File \"/tmp/agentfix_wo1v6l5m/test_candidate.py\", line 15, in <module>\n    check(decimal_to_binary)\n  File \"/tmp/agentfix_wo1v6l5m/test_candidate.py\", line 7, in check\n    assert decimal_to_binary(0) == \"db0db\"\n           ^^^^^^^^^^^^^^^^^^^^^^^^^^^^^^^\nAssertionError\n",
          "failures": "Traceback (most recent call last):\n  File \"/tmp/agentfix_wo1v6l5m/test_candidate.py\", line 15, in <module>\n    check(decimal_to_binary)\n  File \"/tmp/agentfix_wo1v6l5m/test_candidate.py\", line 7, in check\n    assert decimal_to_binary(0) == \"db0db\"\n           ^^^^^^^^^^^^^^^^^^^^^^^^^^^^^^^\nAssertionError",
          "duration_s": 0.093
        }
      ],
      "wall_time_s": 1.74
    },
    {
      "task_id": "Python/80",
      "passed": false,
      "steps_used": 1,
      "trace": [
        {
          "step": 0,
          "patch": "def is_happy(s):\n    if len(s) < 3:\n        return False\n\n    for i in range(len(s) - 2):\n        if s[i] == s[i+1] and s[i+1] == s[i+2]:\n            return False\n    return True",
          "passed": false,
          "stdout": "",
          "stderr": "Traceback (most recent call last):\n  File \"/tmp/agentfix_jndfkflb/test_candidate.py\", line 16, in <module>\n    check(is_happy)\n  File \"/tmp/agentfix_jndfkflb/test_candidate.py\", line 10, in check\n    assert is_happy(\"aabb\") == False , \"aabb\"\n           ^^^^^^^^^^^^^^^^^^^^^^^^^\nAssertionError: aabb\n",
          "failures": "Traceback (most recent call last):\n  File \"/tmp/agentfix_jndfkflb/test_candidate.py\", line 16, in <module>\n    check(is_happy)\n  File \"/tmp/agentfix_jndfkflb/test_candidate.py\", line 10, in check\n    assert is_happy(\"aabb\") == False , \"aabb\"\n           ^^^^^^^^^^^^^^^^^^^^^^^^^\nAssertionError: aabb",
          "duration_s": 0.096
        }
      ],
      "wall_time_s": 3.807
    },
    {
      "task_id": "Python/81",
      "passed": false,
      "steps_used": 1,
      "trace": [
        {
          "step": 0,
          "patch": "def numerical_letter_grade(grades):\n    letter_grade = []\n    for gpa in grades:\n        if gpa == 4.0:\n            letter_grade.append(\"A+\")\n        elif gpa > 3.7:\n            letter_grade.append(\"A\")\n        elif gpa > 3.3:\n            letter_grade.append(\"A-\")\n        elif gpa > 3.0:\n            letter_grade.append(\"B+\")\n        elif gpa > 2.7:\n            letter_grade.append(\"B\")\n        elif gpa > 2.3:\n            letter_grade.append(\"B-\")\n        elif gpa > 2.0:\n            letter_grade.append(\"C+\")\n        elif gpa > 1.7:\n            letter_grade.append(\"C\")\n        elif gpa > 1.3:\n            letter_grade.append(\"C-\")\n        elif gpa > 1.0:\n            letter_grade.append(\"D+\")\n        elif gpa > 0.7:\n            letter_grade.append(\"D\")\n        elif gpa > 0.0:\n            letter_grade.append(\"D-\")\n        else:\n            letter_grade.append(\"E+\")\n    return letter_grade",
          "passed": false,
          "stdout": "",
          "stderr": "Traceback (most recent call last):\n  File \"/tmp/agentfix_m4u2wn89/test_candidate.py\", line 17, in <module>\n    check(numerical_letter_grade)\n  File \"/tmp/agentfix_m4u2wn89/test_candidate.py\", line 10, in check\n    assert numerical_letter_grade([0.0]) == ['E']\n           ^^^^^^^^^^^^^^^^^^^^^^^^^^^^^^^^^^^^^^\nAssertionError\n",
          "failures": "Traceback (most recent call last):\n  File \"/tmp/agentfix_m4u2wn89/test_candidate.py\", line 17, in <module>\n    check(numerical_letter_grade)\n  File \"/tmp/agentfix_m4u2wn89/test_candidate.py\", line 10, in check\n    assert numerical_letter_grade([0.0]) == ['E']\n           ^^^^^^^^^^^^^^^^^^^^^^^^^^^^^^^^^^^^^^\nAssertionError",
          "duration_s": 0.095
        }
      ],
      "wall_time_s": 12.532
    },
    {
      "task_id": "Python/82",
      "passed": true,
      "steps_used": 1,
      "trace": [
        {
          "step": 0,
          "patch": "def prime_length(string):\n    l = len(string)\n    if l <= 1:\n        return False\n    for i in range(2, int(l**0.5) + 1):\n        if l % i == 0:\n            return False\n    return True",
          "passed": true,
          "stdout": "",
          "stderr": "",
          "failures": "",
          "duration_s": 0.096
        }
      ],
      "wall_time_s": 3.395
    },
    {
      "task_id": "Python/83",
      "passed": false,
      "steps_used": 1,
      "trace": [
        {
          "step": 0,
          "patch": "def starts_one_ends(n):\n    if n == 1: return 1\n    return 18 * n * (10 ** (n - 1))",
          "passed": false,
          "stdout": "",
          "stderr": "Traceback (most recent call last):\n  File \"/tmp/agentfix_unpsqu7f/test_candidate.py\", line 17, in <module>\n    check(starts_one_ends)\n  File \"/tmp/agentfix_unpsqu7f/test_candidate.py\", line 9, in check\n    assert starts_one_ends(2) == 18\n           ^^^^^^^^^^^^^^^^^^^^^^^^\nAssertionError\n",
          "failures": "Traceback (most recent call last):\n  File \"/tmp/agentfix_unpsqu7f/test_candidate.py\", line 17, in <module>\n    check(starts_one_ends)\n  File \"/tmp/agentfix_unpsqu7f/test_candidate.py\", line 9, in check\n    assert starts_one_ends(2) == 18\n           ^^^^^^^^^^^^^^^^^^^^^^^^\nAssertionError",
          "duration_s": 0.097
        }
      ],
      "wall_time_s": 2.186
    },
    {
      "task_id": "Python/84",
      "passed": false,
      "steps_used": 1,
      "trace": [
        {
          "step": 0,
          "patch": "def solve(N):\n    return bin(int(str(N)[-1]))[2:]",
          "passed": false,
          "stdout": "",
          "stderr": "Traceback (most recent call last):\n  File \"/tmp/agentfix_4dqokkk5/test_candidate.py\", line 17, in <module>\n    check(solve)\n  File \"/tmp/agentfix_4dqokkk5/test_candidate.py\", line 8, in check\n    assert solve(1000) == \"1\", \"Error\"\n           ^^^^^^^^^^^^^^^^^^\nAssertionError: Error\n",
          "failures": "Traceback (most recent call last):\n  File \"/tmp/agentfix_4dqokkk5/test_candidate.py\", line 17, in <module>\n    check(solve)\n  File \"/tmp/agentfix_4dqokkk5/test_candidate.py\", line 8, in check\n    assert solve(1000) == \"1\", \"Error\"\n           ^^^^^^^^^^^^^^^^^^\nAssertionError: Error",
          "duration_s": 0.095
        }
      ],
      "wall_time_s": 1.513
    },
    {
      "task_id": "Python/85",
      "passed": true,
      "steps_used": 1,
      "trace": [
        {
          "step": 0,
          "patch": "def add(lst):\n    return sum([lst[i] for i in range(1, len(lst), 2) if lst[i]%2 == 0])",
          "passed": true,
          "stdout": "",
          "stderr": "",
          "failures": "",
          "duration_s": 0.093
        }
      ],
      "wall_time_s": 2.091
    },
    {
      "task_id": "Python/86",
      "passed": false,
      "steps_used": 1,
      "trace": [
        {
          "step": 0,
          "patch": "def anti_shuffle(s):\n    return ''.join([''.join(sorted(list(i))) for i in s.split(' ')])",
          "passed": false,
          "stdout": "",
          "stderr": "Traceback (most recent call last):\n  File \"/tmp/agentfix_iwbjsbgc/test_candidate.py\", line 17, in <module>\n    check(anti_shuffle)\n  File \"/tmp/agentfix_iwbjsbgc/test_candidate.py\", line 11, in check\n    assert anti_shuffle('Hello World!!!') == 'Hello !!!Wdlor'\n           ^^^^^^^^^^^^^^^^^^^^^^^^^^^^^^^^^^^^^^^^^^^^^^^^^^\nAssertionError\n",
          "failures": "Traceback (most recent call last):\n  File \"/tmp/agentfix_iwbjsbgc/test_candidate.py\", line 17, in <module>\n    check(anti_shuffle)\n  File \"/tmp/agentfix_iwbjsbgc/test_candidate.py\", line 11, in check\n    assert anti_shuffle('Hello World!!!') == 'Hello !!!Wdlor'\n           ^^^^^^^^^^^^^^^^^^^^^^^^^^^^^^^^^^^^^^^^^^^^^^^^^^\nAssertionError",
          "duration_s": 0.093
        }
      ],
      "wall_time_s": 1.785
    },
    {
      "task_id": "Python/87",
      "passed": false,
      "steps_used": 1,
      "trace": [
        {
          "step": 0,
          "patch": "def get_row(lst, x):\n    coords = [(j, i) for i in range(len(lst)) for j in range(len(lst[i])) if lst[i][j] == x]\n    return sorted(sorted(coords, key=lambda x: x[1], reverse=True), key=lambda x: x[0])",
          "passed": false,
          "stdout": "",
          "stderr": "Traceback (most recent call last):\n  File \"/tmp/agentfix_s5wxsdx9/test_candidate.py\", line 36, in <module>\n    check(get_row)\n  File \"/tmp/agentfix_s5wxsdx9/test_candidate.py\", line 7, in check\n    assert get_row([\n           ^^^^^^^^^\nAssertionError\n",
          "failures": "Traceback (most recent call last):\n  File \"/tmp/agentfix_s5wxsdx9/test_candidate.py\", line 36, in <module>\n    check(get_row)\n  File \"/tmp/agentfix_s5wxsdx9/test_candidate.py\", line 7, in check\n    assert get_row([\n           ^^^^^^^^^\nAssertionError",
          "duration_s": 0.095
        }
      ],
      "wall_time_s": 3.534
    },
    {
      "task_id": "Python/88",
      "passed": false,
      "steps_used": 1,
      "trace": [
        {
          "step": 0,
          "patch": "def sort_array(array):\n    if len(array) == 0:\n        return []\n    return sorted(array, reverse=(array[0] + array[-1]) % 2 != 0)",
          "passed": false,
          "stdout": "",
          "stderr": "Traceback (most recent call last):\n  File \"/tmp/agentfix_6igp249g/test_candidate.py\", line 19, in <module>\n    check(sort_array)\n  File \"/tmp/agentfix_6igp249g/test_candidate.py\", line 10, in check\n    assert sort_array([2, 4, 3, 0, 1, 5]) == [0, 1, 2, 3, 4, 5], \"Error\"\n           ^^^^^^^^^^^^^^^^^^^^^^^^^^^^^^^^^^^^^^^^^^^^^^^^^^^^\nAssertionError: Error\n",
          "failures": "Traceback (most recent call last):\n  File \"/tmp/agentfix_6igp249g/test_candidate.py\", line 19, in <module>\n    check(sort_array)\n  File \"/tmp/agentfix_6igp249g/test_candidate.py\", line 10, in check\n    assert sort_array([2, 4, 3, 0, 1, 5]) == [0, 1, 2, 3, 4, 5], \"Error\"\n           ^^^^^^^^^^^^^^^^^^^^^^^^^^^^^^^^^^^^^^^^^^^^^^^^^^^^\nAssertionError: Error",
          "duration_s": 0.095
        }
      ],
      "wall_time_s": 2.361
    },
    {
      "task_id": "Python/89",
      "passed": false,
      "steps_used": 1,
      "trace": [
        {
          "step": 0,
          "patch": "def encrypt(s):\n    d = 'abcdefghijklmnopqrstuvwxyz'\n    out = ''\n    for c in s:\n        if c in d:\n            out += d[(d.index(c)+2*2) % 24]\n        else:\n            out += c\n    return out",
          "passed": false,
          "stdout": "",
          "stderr": "Traceback (most recent call last):\n  File \"/tmp/agentfix_btpxwvpu/test_candidate.py\", line 19, in <module>\n    check(encrypt)\n  File \"/tmp/agentfix_btpxwvpu/test_candidate.py\", line 12, in check\n    assert encrypt('faewfawefaewg')=='jeiajeaijeiak', \"This prints if this assert fails 1 (good for debugging!)\"\n           ^^^^^^^^^^^^^^^^^^^^^^^^^^^^^^^^^^^^^^^^^\nAssertionError: This prints if this assert fails 1 (good for debugging!)\n",
          "failures": "Traceback (most recent call last):\n  File \"/tmp/agentfix_btpxwvpu/test_candidate.py\", line 19, in <module>\n    check(encrypt)\n  File \"/tmp/agentfix_btpxwvpu/test_candidate.py\", line 12, in check\n    assert encrypt('faewfawefaewg')=='jeiajeaijeiak', \"This prints if this assert fails 1 (good for debugging!)\"\n           ^^^^^^^^^^^^^^^^^^^^^^^^^^^^^^^^^^^^^^^^^\nAssertionError: This prints if this assert fails 1 (good for debugging!)",
          "duration_s": 0.094
        }
      ],
      "wall_time_s": 3.439
    },
    {
      "task_id": "Python/90",
      "passed": false,
      "steps_used": 1,
      "trace": [
        {
          "step": 0,
          "patch": "def next_smallest(lst):\n    lst = sorted(set(lst))\n    if len(lst) < 3:\n        return None\n    return lst[1]",
          "passed": false,
          "stdout": "",
          "stderr": "Traceback (most recent call last):\n  File \"/tmp/agentfix_3bg5jznh/test_candidate.py\", line 18, in <module>\n    check(next_smallest)\n  File \"/tmp/agentfix_3bg5jznh/test_candidate.py\", line 11, in check\n    assert next_smallest([1,1,1,1,0]) == 1\n           ^^^^^^^^^^^^^^^^^^^^^^^^^^^^^^^\nAssertionError\n",
          "failures": "Traceback (most recent call last):\n  File \"/tmp/agentfix_3bg5jznh/test_candidate.py\", line 18, in <module>\n    check(next_smallest)\n  File \"/tmp/agentfix_3bg5jznh/test_candidate.py\", line 11, in check\n    assert next_smallest([1,1,1,1,0]) == 1\n           ^^^^^^^^^^^^^^^^^^^^^^^^^^^^^^^\nAssertionError",
          "duration_s": 0.095
        }
      ],
      "wall_time_s": 2.003
    },
    {
      "task_id": "Python/91",
      "passed": false,
      "steps_used": 1,
      "trace": [
        {
          "step": 0,
          "patch": "def is_bored(S):\n    import re\n    sentences = re.split(r'[.?!]\\s*', S)\n    return sum(sentence[:2] == ' I' for sentence in sentences)",
          "passed": false,
          "stdout": "",
          "stderr": "Traceback (most recent call last):\n  File \"/tmp/agentfix_u7b5gt6b/test_candidate.py\", line 17, in <module>\n    check(is_bored)\n  File \"/tmp/agentfix_u7b5gt6b/test_candidate.py\", line 9, in check\n    assert is_bored(\"I love It !\") == 1, \"Test 3\"\n           ^^^^^^^^^^^^^^^^^^^^^^^^^^^^\nAssertionError: Test 3\n",
          "failures": "Traceback (most recent call last):\n  File \"/tmp/agentfix_u7b5gt6b/test_candidate.py\", line 17, in <module>\n    check(is_bored)\n  File \"/tmp/agentfix_u7b5gt6b/test_candidate.py\", line 9, in check\n    assert is_bored(\"I love It !\") == 1, \"Test 3\"\n           ^^^^^^^^^^^^^^^^^^^^^^^^^^^^\nAssertionError: Test 3",
          "duration_s": 0.094
        }
      ],
      "wall_time_s": 2.441
    },
    {
      "task_id": "Python/92",
      "passed": false,
      "steps_used": 1,
      "trace": [
        {
          "step": 0,
          "patch": "def any_int(x, y, z):\n    if isinstance(x, int) and isinstance(y, int) and isinstance(z, int):\n        return (x + y == z) or (y + z == x)\n    return False",
          "passed": false,
          "stdout": "",
          "stderr": "Traceback (most recent call last):\n  File \"/tmp/agentfix_knki0p93/test_candidate.py\", line 20, in <module>\n    check(any_int)\n  File \"/tmp/agentfix_knki0p93/test_candidate.py\", line 7, in check\n    assert any_int(2, 3, 1)==True, \"This prints if this assert fails 1 (good for debugging!)\"\n           ^^^^^^^^^^^^^^^^^^^^^^\nAssertionError: This prints if this assert fails 1 (good for debugging!)\n",
          "failures": "Traceback (most recent call last):\n  File \"/tmp/agentfix_knki0p93/test_candidate.py\", line 20, in <module>\n    check(any_int)\n  File \"/tmp/agentfix_knki0p93/test_candidate.py\", line 7, in check\n    assert any_int(2, 3, 1)==True, \"This prints if this assert fails 1 (good for debugging!)\"\n           ^^^^^^^^^^^^^^^^^^^^^^\nAssertionError: This prints if this assert fails 1 (good for debugging!)",
          "duration_s": 0.096
        }
      ],
      "wall_time_s": 2.943
    },
    {
      "task_id": "Python/93",
      "passed": false,
      "steps_used": 1,
      "trace": [
        {
          "step": 0,
          "patch": "def encode(message):\n    vowels = \"aeiou\"\n    vowels_replace = dict([(i, chr(ord(i) + 2)) for i in vowels])\n    message = message.swapcase()\n    return ''.join([vowels_replace[i] if i in vowels else i for i in message])",
          "passed": false,
          "stdout": "",
          "stderr": "Traceback (most recent call last):\n  File \"/tmp/agentfix_zddkfwa7/test_candidate.py\", line 15, in <module>\n    check(encode)\n  File \"/tmp/agentfix_zddkfwa7/test_candidate.py\", line 8, in check\n    assert encode('Mudasir') == 'mWDCSKR', \"This prints if this assert fails 2 (good for debugging!)\"\n           ^^^^^^^^^^^^^^^^^^^^^^^^^^^^^^\nAssertionError: This prints if this assert fails 2 (good for debugging!)\n",
          "failures": "Traceback (most recent call last):\n  File \"/tmp/agentfix_zddkfwa7/test_candidate.py\", line 15, in <module>\n    check(encode)\n  File \"/tmp/agentfix_zddkfwa7/test_candidate.py\", line 8, in check\n    assert encode('Mudasir') == 'mWDCSKR', \"This prints if this assert fails 2 (good for debugging!)\"\n           ^^^^^^^^^^^^^^^^^^^^^^^^^^^^^^\nAssertionError: This prints if this assert fails 2 (good for debugging!)",
          "duration_s": 0.094
        }
      ],
      "wall_time_s": 3.364
    },
    {
      "task_id": "Python/94",
      "passed": false,
      "steps_used": 1,
      "trace": [
        {
          "step": 0,
          "patch": "def isPrime(n):\n    if n <= 1:\n        return False\n    if n <= 3:\n        return True\n    if n % 2 == 0 or n % 3 == 0:\n        return False\n    i = 5\n    while i * i <= n:\n        if n % i == 0 or n % (i + 2) == 0:\n            return False\n        i += 6\n    return True",
          "passed": false,
          "stdout": "",
          "stderr": "Traceback (most recent call last):\n  File \"/tmp/agentfix_iw7iqknc/test_candidate.py\", line 2, in <module>\n    from candidate import skjkasdkd\nImportError: cannot import name 'skjkasdkd' from 'candidate' (/tmp/agentfix_iw7iqknc/candidate.py)\n",
          "failures": "Traceback (most recent call last):\n  File \"/tmp/agentfix_iw7iqknc/test_candidate.py\", line 2, in <module>\n    from candidate import skjkasdkd\nImportError: cannot import name 'skjkasdkd' from 'candidate' (/tmp/agentfix_iw7iqknc/candidate.py)",
          "duration_s": 0.096
        }
      ],
      "wall_time_s": 5.033
    },
    {
      "task_id": "Python/95",
      "passed": true,
      "steps_used": 1,
      "trace": [
        {
          "step": 0,
          "patch": "def check_dict_case(dict):\n    if len(dict.keys()) == 0:\n        return False\n    else:\n        state = \"start\"\n        for key in dict.keys():\n            if isinstance(key, str) == False:\n                state = \"mixed\"\n                break\n            if state == \"start\":\n                if key.isupper():\n                    state = \"upper\"\n                elif key.islower():\n                    state = \"lower\"\n                else:\n                    break\n            elif (state == \"upper\" and not key.isupper()) or (state == \"lower\" and not key.islower()):\n                state = \"mixed\"\n                break\n            else:\n                break\n        return state == \"upper\" or state == \"lower\"",
          "passed": true,
          "stdout": "",
          "stderr": "",
          "failures": "",
          "duration_s": 0.095
        }
      ],
      "wall_time_s": 7.382
    },
    {
      "task_id": "Python/96",
      "passed": false,
      "steps_used": 1,
      "trace": [
        {
          "step": 0,
          "patch": "def count_up_to(n):\n    primes = []\n    for i in range(2, n):\n        is_prime = True\n        for j in range(2, i):\n            if j % i == 0:\n                is_prime = False\n                break\n        if is_prime:\n            primes.append(i)\n    return primes",
          "passed": false,
          "stdout": "",
          "stderr": "Traceback (most recent call last):\n  File \"/tmp/agentfix_3nt5wmoq/test_candidate.py\", line 17, in <module>\n    check(count_up_to)\n  File \"/tmp/agentfix_3nt5wmoq/test_candidate.py\", line 6, in check\n    assert count_up_to(5) == [2,3]\n           ^^^^^^^^^^^^^^^^^^^^^^^\nAssertionError\n",
          "failures": "Traceback (most recent call last):\n  File \"/tmp/agentfix_3nt5wmoq/test_candidate.py\", line 17, in <module>\n    check(count_up_to)\n  File \"/tmp/agentfix_3nt5wmoq/test_candidate.py\", line 6, in check\n    assert count_up_to(5) == [2,3]\n           ^^^^^^^^^^^^^^^^^^^^^^^\nAssertionError",
          "duration_s": 0.095
        }
      ],
      "wall_time_s": 4.111
    },
    {
      "task_id": "Python/97",
      "passed": false,
      "steps_used": 1,
      "trace": [
        {
          "step": 0,
          "patch": "def multiply(a, b):\n    return abs(a % 10) * abs(b % 10) * a * b",
          "passed": false,
          "stdout": "",
          "stderr": "Traceback (most recent call last):\n  File \"/tmp/agentfix_hsfhw_cc/test_candidate.py\", line 19, in <module>\n    check(multiply)\n  File \"/tmp/agentfix_hsfhw_cc/test_candidate.py\", line 7, in check\n    assert multiply(148, 412) == 16, \"First test error: \" + str(multiply(148, 412))                    \n           ^^^^^^^^^^^^^^^^^^^^^^^^\nAssertionError: First test error: 975616\n",
          "failures": "Traceback (most recent call last):\n  File \"/tmp/agentfix_hsfhw_cc/test_candidate.py\", line 19, in <module>\n    check(multiply)\n  File \"/tmp/agentfix_hsfhw_cc/test_candidate.py\", line 7, in check\n    assert multiply(148, 412) == 16, \"First test error: \" + str(multiply(148, 412))                    \n           ^^^^^^^^^^^^^^^^^^^^^^^^\nAssertionError: First test error: 975616",
          "duration_s": 0.095
        }
      ],
      "wall_time_s": 1.87
    },
    {
      "task_id": "Python/98",
      "passed": false,
      "steps_used": 1,
      "trace": [
        {
          "step": 0,
          "patch": "def count_upper(s):\n    count = 0\n    for i in range(0, len(s), 2):\n        if s[i].upper() in \"AEIOU\":\n            count += 2\n    return count",
          "passed": false,
          "stdout": "",
          "stderr": "Traceback (most recent call last):\n  File \"/tmp/agentfix_ggmy11tg/test_candidate.py\", line 18, in <module>\n    check(count_upper)\n  File \"/tmp/agentfix_ggmy11tg/test_candidate.py\", line 7, in check\n    assert count_upper('aBCdEf')  == 1\n           ^^^^^^^^^^^^^^^^^^^^^^^^^^^\nAssertionError\n",
          "failures": "Traceback (most recent call last):\n  File \"/tmp/agentfix_ggmy11tg/test_candidate.py\", line 18, in <module>\n    check(count_upper)\n  File \"/tmp/agentfix_ggmy11tg/test_candidate.py\", line 7, in check\n    assert count_upper('aBCdEf')  == 1\n           ^^^^^^^^^^^^^^^^^^^^^^^^^^^\nAssertionError",
          "duration_s": 0.094
        }
      ],
      "wall_time_s": 2.911
    },
    {
      "task_id": "Python/99",
      "passed": false,
      "steps_used": 1,
      "trace": [
        {
          "step": 0,
          "patch": "def closest_integer(value):\n    if value.count('.') == 1:\n        # remove trailing zeros\n        while (value[-1] == '0'):\n            value = value[:-1]\n\n    num = float(value)\n    if value[-2:] == '.5':\n        if num > 0:\n            res = floor(num)\n        else:\n            res = ceil(num)\n    elif len(value) > 0:\n        res = int(round(num))\n    else:\n        res = 0\n\n    return res",
          "passed": false,
          "stdout": "",
          "stderr": "Traceback (most recent call last):\n  File \"/tmp/agentfix_1k1w3fp4/test_candidate.py\", line 15, in <module>\n    check(closest_integer)\n  File \"/tmp/agentfix_1k1w3fp4/test_candidate.py\", line 8, in check\n    assert closest_integer(\"14.5\") == 15, \"Test 2\"\n           ^^^^^^^^^^^^^^^^^^^^^^^\n  File \"/tmp/agentfix_1k1w3fp4/candidate.py\", line 10, in closest_integer\n    res = floor(num)\n          ^^^^^\nNameError: name 'floor' is not defined. Did you mean: 'float'?\n",
          "failures": "Traceback (most recent call last):\n  File \"/tmp/agentfix_1k1w3fp4/test_candidate.py\", line 15, in <module>\n    check(closest_integer)\n  File \"/tmp/agentfix_1k1w3fp4/test_candidate.py\", line 8, in check\n    assert closest_integer(\"14.5\") == 15, \"Test 2\"\n           ^^^^^^^^^^^^^^^^^^^^^^^\n  File \"/tmp/agentfix_1k1w3fp4/candidate.py\", line 10, in closest_integer\n    res = floor(num)\n          ^^^^^\nNameError: name 'floor' is not defined. Did you mean: 'float'?",
          "duration_s": 0.096
        }
      ],
      "wall_time_s": 5.667
    },
    {
      "task_id": "Python/100",
      "passed": false,
      "steps_used": 1,
      "trace": [
        {
          "step": 0,
          "patch": "def make_a_pile(n):\n    return [n + 2*i + i for i in range(n)]",
          "passed": false,
          "stdout": "",
          "stderr": "Traceback (most recent call last):\n  File \"/tmp/agentfix_4s9afosl/test_candidate.py\", line 16, in <module>\n    check(make_a_pile)\n  File \"/tmp/agentfix_4s9afosl/test_candidate.py\", line 7, in check\n    assert make_a_pile(3) == [3, 5, 7], \"Test 3\"\n           ^^^^^^^^^^^^^^^^^^^^^^^^^^^\nAssertionError: Test 3\n",
          "failures": "Traceback (most recent call last):\n  File \"/tmp/agentfix_4s9afosl/test_candidate.py\", line 16, in <module>\n    check(make_a_pile)\n  File \"/tmp/agentfix_4s9afosl/test_candidate.py\", line 7, in check\n    assert make_a_pile(3) == [3, 5, 7], \"Test 3\"\n           ^^^^^^^^^^^^^^^^^^^^^^^^^^^\nAssertionError: Test 3",
          "duration_s": 0.096
        }
      ],
      "wall_time_s": 1.744
    },
    {
      "task_id": "Python/101",
      "passed": false,
      "steps_used": 1,
      "trace": [
        {
          "step": 0,
          "patch": "def words_string(s):\n    if not s:\n        return []\n\n    s_list = []\n\n    for letter in s:\n        if letter == ',':\n            s_list.append(',')\n        else:\n            s_list.append(letter)\n\n    s_list = \"\".join(s_list)\n    return s_list.split(',')",
          "passed": false,
          "stdout": "",
          "stderr": "Traceback (most recent call last):\n  File \"/tmp/agentfix_9nmyycy1/test_candidate.py\", line 18, in <module>\n    check(words_string)\n  File \"/tmp/agentfix_9nmyycy1/test_candidate.py\", line 8, in check\n    assert words_string(\"Hi, my name is John\") == [\"Hi\", \"my\", \"name\", \"is\", \"John\"]\n           ^^^^^^^^^^^^^^^^^^^^^^^^^^^^^^^^^^^^^^^^^^^^^^^^^^^^^^^^^^^^^^^^^^^^^^^^^\nAssertionError\n",
          "failures": "Traceback (most recent call last):\n  File \"/tmp/agentfix_9nmyycy1/test_candidate.py\", line 18, in <module>\n    check(words_string)\n  File \"/tmp/agentfix_9nmyycy1/test_candidate.py\", line 8, in check\n    assert words_string(\"Hi, my name is John\") == [\"Hi\", \"my\", \"name\", \"is\", \"John\"]\n           ^^^^^^^^^^^^^^^^^^^^^^^^^^^^^^^^^^^^^^^^^^^^^^^^^^^^^^^^^^^^^^^^^^^^^^^^^\nAssertionError",
          "duration_s": 0.095
        }
      ],
      "wall_time_s": 3.234
    },
    {
      "task_id": "Python/102",
      "passed": false,
      "steps_used": 1,
      "trace": [
        {
          "step": 0,
          "patch": "def choose_num(x, y):\n    if x > y:\n        return -1\n    if y % 2 == 0:\n        return y\n    if x == y:\n        return -1\n    return x - 1",
          "passed": false,
          "stdout": "",
          "stderr": "Traceback (most recent call last):\n  File \"/tmp/agentfix_a69f5ypw/test_candidate.py\", line 18, in <module>\n    check(choose_num)\n  File \"/tmp/agentfix_a69f5ypw/test_candidate.py\", line 7, in check\n    assert choose_num(12, 15) == 14\n           ^^^^^^^^^^^^^^^^^^^^^^^^\nAssertionError\n",
          "failures": "Traceback (most recent call last):\n  File \"/tmp/agentfix_a69f5ypw/test_candidate.py\", line 18, in <module>\n    check(choose_num)\n  File \"/tmp/agentfix_a69f5ypw/test_candidate.py\", line 7, in check\n    assert choose_num(12, 15) == 14\n           ^^^^^^^^^^^^^^^^^^^^^^^^\nAssertionError",
          "duration_s": 0.093
        }
      ],
      "wall_time_s": 2.789
    },
    {
      "task_id": "Python/103",
      "passed": false,
      "steps_used": 1,
      "trace": [
        {
          "step": 0,
          "patch": "def rounded_avg(m, n):\n    if m < n:\n        return -1\n    summation = 0\n    for i in range(n, m+1):\n        summation += i\n    return bin(round(summation / (m - n)))",
          "passed": false,
          "stdout": "",
          "stderr": "Traceback (most recent call last):\n  File \"/tmp/agentfix_f1am99ai/test_candidate.py\", line 23, in <module>\n    check(rounded_avg)\n  File \"/tmp/agentfix_f1am99ai/test_candidate.py\", line 7, in check\n    assert rounded_avg(1, 5) == \"0b11\"\n           ^^^^^^^^^^^^^^^^^^^^^^^^^^^\nAssertionError\n",
          "failures": "Traceback (most recent call last):\n  File \"/tmp/agentfix_f1am99ai/test_candidate.py\", line 23, in <module>\n    check(rounded_avg)\n  File \"/tmp/agentfix_f1am99ai/test_candidate.py\", line 7, in check\n    assert rounded_avg(1, 5) == \"0b11\"\n           ^^^^^^^^^^^^^^^^^^^^^^^^^^^\nAssertionError",
          "duration_s": 0.094
        }
      ],
      "wall_time_s": 3.069
    },
    {
      "task_id": "Python/104",
      "passed": false,
      "steps_used": 1,
      "trace": [
        {
          "step": 0,
          "patch": "def unique_digits(x):\n    odd_digit_elements = []\n    for j, i in enumerate(x):\n        if all (int(c) % 2 == 1 for c in str(i)):\n            odd_digit_elements.append(i)\n            odd_digit_elements.append(j)\n    return sorted(odd_digit_elements)",
          "passed": false,
          "stdout": "",
          "stderr": "Traceback (most recent call last):\n  File \"/tmp/agentfix_yspowr6h/test_candidate.py\", line 15, in <module>\n    check(unique_digits)\n  File \"/tmp/agentfix_yspowr6h/test_candidate.py\", line 7, in check\n    assert unique_digits([15, 33, 1422, 1]) == [1, 15, 33]\n           ^^^^^^^^^^^^^^^^^^^^^^^^^^^^^^^^^^^^^^^^^^^^^^^\nAssertionError\n",
          "failures": "Traceback (most recent call last):\n  File \"/tmp/agentfix_yspowr6h/test_candidate.py\", line 15, in <module>\n    check(unique_digits)\n  File \"/tmp/agentfix_yspowr6h/test_candidate.py\", line 7, in check\n    assert unique_digits([15, 33, 1422, 1]) == [1, 15, 33]\n           ^^^^^^^^^^^^^^^^^^^^^^^^^^^^^^^^^^^^^^^^^^^^^^^\nAssertionError",
          "duration_s": 0.093
        }
      ],
      "wall_time_s": 3.32
    },
    {
      "task_id": "Python/105",
      "passed": false,
      "steps_used": 1,
      "trace": [
        {
          "step": 0,
          "patch": "def by_length(arr):\n    sorted_arr = sorted(arr)\n    new_arr = []\n    for var in sorted_arr:\n        if var in dic:\n            new_arr.append(dic[var])\n    return new_arr",
          "passed": false,
          "stdout": "",
          "stderr": "Traceback (most recent call last):\n  File \"/tmp/agentfix_2eg_ukme/test_candidate.py\", line 17, in <module>\n    check(by_length)\n  File \"/tmp/agentfix_2eg_ukme/test_candidate.py\", line 8, in check\n    assert by_length([2, 1, 1, 4, 5, 8, 2, 3]) == [\"Eight\", \"Five\", \"Four\", \"Three\", \"Two\", \"Two\", \"One\", \"One\"], \"Error\"\n           ^^^^^^^^^^^^^^^^^^^^^^^^^^^^^^^^^^^\n  File \"/tmp/agentfix_2eg_ukme/candidate.py\", line 5, in by_length\n    if var in dic:\n              ^^^\nNameError: name 'dic' is not defined. Did you mean: 'dir'?\n",
          "failures": "Traceback (most recent call last):\n  File \"/tmp/agentfix_2eg_ukme/test_candidate.py\", line 17, in <module>\n    check(by_length)\n  File \"/tmp/agentfix_2eg_ukme/test_candidate.py\", line 8, in check\n    assert by_length([2, 1, 1, 4, 5, 8, 2, 3]) == [\"Eight\", \"Five\", \"Four\", \"Three\", \"Two\", \"Two\", \"One\", \"One\"], \"Error\"\n           ^^^^^^^^^^^^^^^^^^^^^^^^^^^^^^^^^^^\n  File \"/tmp/agentfix_2eg_ukme/candidate.py\", line 5, in by_length\n    if var in dic:\n              ^^^\nNameError: name 'dic' is not defined. Did you mean: 'dir'?",
          "duration_s": 0.093
        }
      ],
      "wall_time_s": 2.862
    },
    {
      "task_id": "Python/106",
      "passed": false,
      "steps_used": 1,
      "trace": [
        {
          "step": 0,
          "patch": "def f(n):\n    ret = []\n    for i in range(1, n + 1):\n        if i % 2 == 0:\n            x = 1\n            for j in range(1, i + 1):\n                x *= i\n            ret.append(x)\n        else:\n            x = 0\n            for j in range(1, i + 1):\n                x += j\n            ret.append(x)\n    return ret",
          "passed": false,
          "stdout": "",
          "stderr": "Traceback (most recent call last):\n  File \"/tmp/agentfix_0uhx3jtk/test_candidate.py\", line 11, in <module>\n    check(f)\n  File \"/tmp/agentfix_0uhx3jtk/test_candidate.py\", line 6, in check\n    assert f(5) == [1, 2, 6, 24, 15]\n           ^^^^^^^^^^^^^^^^^^^^^^^^^\nAssertionError\n",
          "failures": "Traceback (most recent call last):\n  File \"/tmp/agentfix_0uhx3jtk/test_candidate.py\", line 11, in <module>\n    check(f)\n  File \"/tmp/agentfix_0uhx3jtk/test_candidate.py\", line 6, in check\n    assert f(5) == [1, 2, 6, 24, 15]\n           ^^^^^^^^^^^^^^^^^^^^^^^^^\nAssertionError",
          "duration_s": 0.095
        }
      ],
      "wall_time_s": 4.987
    },
    {
      "task_id": "Python/107",
      "passed": false,
      "steps_used": 1,
      "trace": [
        {
          "step": 0,
          "patch": "def is_palindrome(n):\n    return str(n) == str(n)[::-1]",
          "passed": false,
          "stdout": "",
          "stderr": "Traceback (most recent call last):\n  File \"/tmp/agentfix_cx8q903g/test_candidate.py\", line 2, in <module>\n    from candidate import even_odd_palindrome\nImportError: cannot import name 'even_odd_palindrome' from 'candidate' (/tmp/agentfix_cx8q903g/candidate.py)\n",
          "failures": "Traceback (most recent call last):\n  File \"/tmp/agentfix_cx8q903g/test_candidate.py\", line 2, in <module>\n    from candidate import even_odd_palindrome\nImportError: cannot import name 'even_odd_palindrome' from 'candidate' (/tmp/agentfix_cx8q903g/candidate.py)",
          "duration_s": 0.095
        }
      ],
      "wall_time_s": 5.745
    },
    {
      "task_id": "Python/108",
      "passed": false,
      "steps_used": 1,
      "trace": [
        {
          "step": 0,
          "patch": "def count_nums(arr):\n    return len(list(filter(lambda x: x > 0, [digits_sum(i) for i in arr])))",
          "passed": false,
          "stdout": "",
          "stderr": "Traceback (most recent call last):\n  File \"/tmp/agentfix_rl5z1bn0/test_candidate.py\", line 19, in <module>\n    check(count_nums)\n  File \"/tmp/agentfix_rl5z1bn0/test_candidate.py\", line 8, in check\n    assert count_nums([-1, -2, 0]) == 0\n           ^^^^^^^^^^^^^^^^^^^^^^^\n  File \"/tmp/agentfix_rl5z1bn0/candidate.py\", line 2, in count_nums\n    return len(list(filter(lambda x: x > 0, [digits_sum(i) for i in arr])))\n                                            ^^^^^^^^^^^^^^^^^^^^^^^^^^^^\n  File \"/tmp/agentfix_rl5z1bn0/candidate.py\", line 2, in <listcomp>\n    return len(list(filter(lambda x: x > 0, [digits_sum(i) for i in arr])))\n                                             ^^^^^^^^^^\nNameError: name 'digits_sum' is not defined\n",
          "failures": "Traceback (most recent call last):\n  File \"/tmp/agentfix_rl5z1bn0/test_candidate.py\", line 19, in <module>\n    check(count_nums)\n  File \"/tmp/agentfix_rl5z1bn0/test_candidate.py\", line 8, in check\n    assert count_nums([-1, -2, 0]) == 0\n           ^^^^^^^^^^^^^^^^^^^^^^^\n  File \"/tmp/agentfix_rl5z1bn0/candidate.py\", line 2, in count_nums\n    return len(list(filter(lambda x: x > 0, [digits_sum(i) for i in arr])))\n                                            ^^^^^^^^^^^^^^^^^^^^^^^^^^^^\n  File \"/tmp/agentfix_rl5z1bn0/candidate.py\", line 2, in <listcomp>\n    return len(list(filter(lambda x: x > 0, [digits_sum(i) for i in arr])))\n                                             ^^^^^^^^^^\nNameError: name 'digits_sum' is not defined",
          "duration_s": 0.094
        }
      ],
      "wall_time_s": 3.407
    },
    {
      "task_id": "Python/109",
      "passed": false,
      "steps_used": 1,
      "trace": [
        {
          "step": 0,
          "patch": "def move_one_ball(arr):\n    if len(arr) == 0:\n        return True\n    sorted_array = sorted(arr)\n    min_value = min(arr)\n    min_index = sorted_array.index(min_value)\n    my_arr = arr[min_index:] + arr[:min_index]\n    for i in range(len(arr)):\n        if my_arr[i] != sorted_array[i]:\n            return False\n    return True",
          "passed": false,
          "stdout": "",
          "stderr": "Traceback (most recent call last):\n  File \"/tmp/agentfix__uoo8nnl/test_candidate.py\", line 14, in <module>\n    check(move_one_ball)\n  File \"/tmp/agentfix__uoo8nnl/test_candidate.py\", line 7, in check\n    assert move_one_ball([3, 4, 5, 1, 2])==True, \"This prints if this assert fails 1 (good for debugging!)\"\n           ^^^^^^^^^^^^^^^^^^^^^^^^^^^^^^^^^^^^\nAssertionError: This prints if this assert fails 1 (good for debugging!)\n",
          "failures": "Traceback (most recent call last):\n  File \"/tmp/agentfix__uoo8nnl/test_candidate.py\", line 14, in <module>\n    check(move_one_ball)\n  File \"/tmp/agentfix__uoo8nnl/test_candidate.py\", line 7, in check\n    assert move_one_ball([3, 4, 5, 1, 2])==True, \"This prints if this assert fails 1 (good for debugging!)\"\n           ^^^^^^^^^^^^^^^^^^^^^^^^^^^^^^^^^^^^\nAssertionError: This prints if this assert fails 1 (good for debugging!)",
          "duration_s": 0.095
        }
      ],
      "wall_time_s": 4.369
    },
    {
      "task_id": "Python/110",
      "passed": false,
      "steps_used": 1,
      "trace": [
        {
          "step": 0,
          "patch": "def exchange(lst1, lst2):\n    odd = 0\n    even = 0\n    for i in lst1:\n        if i % 2 == 1:\n            even -= 1\n    for i in lst2:\n        if i % 2 == 0:\n            odd += 1\n    if even >= odd:\n        return \"YES\"\n    return \"NO\"",
          "passed": false,
          "stdout": "",
          "stderr": "Traceback (most recent call last):\n  File \"/tmp/agentfix_wtfsnaxp/test_candidate.py\", line 17, in <module>\n    check(exchange)\n  File \"/tmp/agentfix_wtfsnaxp/test_candidate.py\", line 7, in check\n    assert exchange([1, 2, 3, 4], [1, 2, 3, 4]) == \"YES\"\n           ^^^^^^^^^^^^^^^^^^^^^^^^^^^^^^^^^^^^^^^^^^^^^\nAssertionError\n",
          "failures": "Traceback (most recent call last):\n  File \"/tmp/agentfix_wtfsnaxp/test_candidate.py\", line 17, in <module>\n    check(exchange)\n  File \"/tmp/agentfix_wtfsnaxp/test_candidate.py\", line 7, in check\n    assert exchange([1, 2, 3, 4], [1, 2, 3, 4]) == \"YES\"\n           ^^^^^^^^^^^^^^^^^^^^^^^^^^^^^^^^^^^^^^^^^^^^^\nAssertionError",
          "duration_s": 0.097
        }
      ],
      "wall_time_s": 4.25
    },
    {
      "task_id": "Python/111",
      "passed": false,
      "steps_used": 1,
      "trace": [
        {
          "step": 0,
          "patch": "def histogram(test):\n    dict1 = {}\n    list1 = test.split(\" \")\n    t = 1\n\n    for i in list1:\n        if list1.count(i) > t and i != '':\n            t = list1.count(i)\n    if t > 0:\n        for i in list1:\n            if list1.count(i) == t:\n                dict1[i] = t\n    return dict1",
          "passed": false,
          "stdout": "",
          "stderr": "Traceback (most recent call last):\n  File \"/tmp/agentfix_viuocxav/test_candidate.py\", line 19, in <module>\n    check(histogram)\n  File \"/tmp/agentfix_viuocxav/test_candidate.py\", line 16, in check\n    assert histogram('') == {}, \"This prints if this assert fails 7 (also good for debugging!)\"\n           ^^^^^^^^^^^^^^^^^^^\nAssertionError: This prints if this assert fails 7 (also good for debugging!)\n",
          "failures": "Traceback (most recent call last):\n  File \"/tmp/agentfix_viuocxav/test_candidate.py\", line 19, in <module>\n    check(histogram)\n  File \"/tmp/agentfix_viuocxav/test_candidate.py\", line 16, in check\n    assert histogram('') == {}, \"This prints if this assert fails 7 (also good for debugging!)\"\n           ^^^^^^^^^^^^^^^^^^^\nAssertionError: This prints if this assert fails 7 (also good for debugging!)",
          "duration_s": 0.094
        }
      ],
      "wall_time_s": 4.538
    },
    {
      "task_id": "Python/112",
      "passed": false,
      "steps_used": 1,
      "trace": [
        {
          "step": 0,
          "patch": "def reverse_delete(s, c):\n    return (s, s[::-1] != s)",
          "passed": false,
          "stdout": "",
          "stderr": "Traceback (most recent call last):\n  File \"/tmp/agentfix_pa_vvhmj/test_candidate.py\", line 16, in <module>\n    check(reverse_delete)\n  File \"/tmp/agentfix_pa_vvhmj/test_candidate.py\", line 6, in check\n    assert reverse_delete(\"abcde\",\"ae\") == ('bcd',False)\n           ^^^^^^^^^^^^^^^^^^^^^^^^^^^^^^^^^^^^^^^^^^^^^\nAssertionError\n",
          "failures": "Traceback (most recent call last):\n  File \"/tmp/agentfix_pa_vvhmj/test_candidate.py\", line 16, in <module>\n    check(reverse_delete)\n  File \"/tmp/agentfix_pa_vvhmj/test_candidate.py\", line 6, in check\n    assert reverse_delete(\"abcde\",\"ae\") == ('bcd',False)\n           ^^^^^^^^^^^^^^^^^^^^^^^^^^^^^^^^^^^^^^^^^^^^^\nAssertionError",
          "duration_s": 0.095
        }
      ],
      "wall_time_s": 1.922
    },
    {
      "task_id": "Python/113",
      "passed": false,
      "steps_used": 1,
      "trace": [
        {
          "step": 0,
          "patch": "def odd_count(lst):\n    res = []\n    for arr in lst:\n        n = sum(int(d) % 2 == 1 for d in arr)\n        res.append(f\"the number of odd elements {n} in the str{n}ng {n} of {n} the {n}nput.\")\n    return res",
          "passed": false,
          "stdout": "",
          "stderr": "Traceback (most recent call last):\n  File \"/tmp/agentfix__ur_2mm6/test_candidate.py\", line 18, in <module>\n    check(odd_count)\n  File \"/tmp/agentfix__ur_2mm6/test_candidate.py\", line 7, in check\n    assert odd_count(['1234567']) == [\"the number of odd elements 4n the str4ng 4 of the 4nput.\"], \"Test 1\"\n           ^^^^^^^^^^^^^^^^^^^^^^^^^^^^^^^^^^^^^^^^^^^^^^^^^^^^^^^^^^^^^^^^^^^^^^^^^^^^^^^^^^^^^^\nAssertionError: Test 1\n",
          "failures": "Traceback (most recent call last):\n  File \"/tmp/agentfix__ur_2mm6/test_candidate.py\", line 18, in <module>\n    check(odd_count)\n  File \"/tmp/agentfix__ur_2mm6/test_candidate.py\", line 7, in check\n    assert odd_count(['1234567']) == [\"the number of odd elements 4n the str4ng 4 of the 4nput.\"], \"Test 1\"\n           ^^^^^^^^^^^^^^^^^^^^^^^^^^^^^^^^^^^^^^^^^^^^^^^^^^^^^^^^^^^^^^^^^^^^^^^^^^^^^^^^^^^^^^\nAssertionError: Test 1",
          "duration_s": 0.095
        }
      ],
      "wall_time_s": 3.908
    },
    {
      "task_id": "Python/114",
      "passed": false,
      "steps_used": 1,
      "trace": [
        {
          "step": 0,
          "patch": "def minSubArraySum(nums):\n    max_sum = 0\n    s = 0\n    for num in nums:\n        s += num\n        if (s < 0):\n            s = 0\n        max_sum = max(s, max_sum)\n    if max_sum == 0:\n        max_sum = min(i for i in nums)\n    min_sum = min(i for i in nums)\n    return min_sum",
          "passed": false,
          "stdout": "",
          "stderr": "Traceback (most recent call last):\n  File \"/tmp/agentfix_x9bxmf3j/test_candidate.py\", line 22, in <module>\n    check(minSubArraySum)\n  File \"/tmp/agentfix_x9bxmf3j/test_candidate.py\", line 8, in check\n    assert minSubArraySum([-1, -2, -3]) == -6\n           ^^^^^^^^^^^^^^^^^^^^^^^^^^^^^^^^^^\nAssertionError\n",
          "failures": "Traceback (most recent call last):\n  File \"/tmp/agentfix_x9bxmf3j/test_candidate.py\", line 22, in <module>\n    check(minSubArraySum)\n  File \"/tmp/agentfix_x9bxmf3j/test_candidate.py\", line 8, in check\n    assert minSubArraySum([-1, -2, -3]) == -6\n           ^^^^^^^^^^^^^^^^^^^^^^^^^^^^^^^^^^\nAssertionError",
          "duration_s": 0.096
        }
      ],
      "wall_time_s": 4.65
    },
    {
      "task_id": "Python/115",
      "passed": false,
      "steps_used": 1,
      "trace": [
        {
          "step": 0,
          "patch": "def max_fill(grid, capacity):\n    return max([math.floor(sum(arr)/capacity) for arr in grid])",
          "passed": false,
          "stdout": "",
          "stderr": "Traceback (most recent call last):\n  File \"/tmp/agentfix_m84th0c1/test_candidate.py\", line 18, in <module>\n    check(max_fill)\n  File \"/tmp/agentfix_m84th0c1/test_candidate.py\", line 9, in check\n    assert max_fill([[0,0,1,0], [0,1,0,0], [1,1,1,1]], 1) == 6, \"Error\"\n           ^^^^^^^^^^^^^^^^^^^^^^^^^^^^^^^^^^^^^^^^^^^^^^\n  File \"/tmp/agentfix_m84th0c1/candidate.py\", line 2, in max_fill\n    return max([math.floor(sum(arr)/capacity) for arr in grid])\n               ^^^^^^^^^^^^^^^^^^^^^^^^^^^^^^^^^^^^^^^^^^^^^^^\n  File \"/tmp/agentfix_m84th0c1/candidate.py\", line 2, in <listcomp>\n    return max([math.floor(sum(arr)/capacity) for arr in grid])\n                ^^^^\nNameError: name 'math' is not defined\n",
          "failures": "Traceback (most recent call last):\n  File \"/tmp/agentfix_m84th0c1/test_candidate.py\", line 18, in <module>\n    check(max_fill)\n  File \"/tmp/agentfix_m84th0c1/test_candidate.py\", line 9, in check\n    assert max_fill([[0,0,1,0], [0,1,0,0], [1,1,1,1]], 1) == 6, \"Error\"\n           ^^^^^^^^^^^^^^^^^^^^^^^^^^^^^^^^^^^^^^^^^^^^^^\n  File \"/tmp/agentfix_m84th0c1/candidate.py\", line 2, in max_fill\n    return max([math.floor(sum(arr)/capacity) for arr in grid])\n               ^^^^^^^^^^^^^^^^^^^^^^^^^^^^^^^^^^^^^^^^^^^^^^^\n  File \"/tmp/agentfix_m84th0c1/candidate.py\", line 2, in <listcomp>\n    return max([math.floor(sum(arr)/capacity) for arr in grid])\n                ^^^^\nNameError: name 'math' is not defined",
          "duration_s": 0.096
        }
      ],
      "wall_time_s": 1.659
    },
    {
      "task_id": "Python/116",
      "passed": false,
      "steps_used": 1,
      "trace": [
        {
          "step": 0,
          "patch": "def sort_array(arr):\n    return sorted(arr, key=lambda x: arr.count('1'))",
          "passed": false,
          "stdout": "",
          "stderr": "Traceback (most recent call last):\n  File \"/tmp/agentfix_cxdm3cnu/test_candidate.py\", line 20, in <module>\n    check(sort_array)\n  File \"/tmp/agentfix_cxdm3cnu/test_candidate.py\", line 8, in check\n    assert sort_array([1,5,2,3,4]) == [1, 2, 4, 3, 5]\n           ^^^^^^^^^^^^^^^^^^^^^^^^^^^^^^^^^^^^^^^^^^\nAssertionError\n",
          "failures": "Traceback (most recent call last):\n  File \"/tmp/agentfix_cxdm3cnu/test_candidate.py\", line 20, in <module>\n    check(sort_array)\n  File \"/tmp/agentfix_cxdm3cnu/test_candidate.py\", line 8, in check\n    assert sort_array([1,5,2,3,4]) == [1, 2, 4, 3, 5]\n           ^^^^^^^^^^^^^^^^^^^^^^^^^^^^^^^^^^^^^^^^^^\nAssertionError",
          "duration_s": 0.094
        }
      ],
      "wall_time_s": 1.489
    },
    {
      "task_id": "Python/117",
      "passed": true,
      "steps_used": 1,
      "trace": [
        {
          "step": 0,
          "patch": "def select_words(s, n):\n    result = []\n    for word in s.split():\n        n_consonants = 0\n        for i in range(0, len(word)):\n            if word[i].lower() not in [\"a\",\"e\",\"i\",\"o\",\"u\"]:\n                n_consonants += 1 \n        if n_consonants == n:\n            result.append(word)\n    return result",
          "passed": true,
          "stdout": "",
          "stderr": "",
          "failures": "",
          "duration_s": 0.094
        }
      ],
      "wall_time_s": 4.376
    },
    {
      "task_id": "Python/118",
      "passed": false,
      "steps_used": 1,
      "trace": [
        {
          "step": 0,
          "patch": "def get_closest_vowel(word):\n    if len(word) < 3:\n        return \" \"\n\n    vowels = {\"a\", \"e\", \"i\", \"o\", \"u\", \"A\", \"E\", 'O', 'U', 'I'}\n    for i in range(len(word)-2, 0, -1):\n        if word[i] in vowels:\n            if (word[i+1] not in vowels) or (word[i-1] not in vowels):\n                return word[i]\n    return \" \"",
          "passed": false,
          "stdout": "",
          "stderr": "Traceback (most recent call last):\n  File \"/tmp/agentfix_qhe27iul/test_candidate.py\", line 24, in <module>\n    check(get_closest_vowel)\n  File \"/tmp/agentfix_qhe27iul/test_candidate.py\", line 9, in check\n    assert get_closest_vowel(\"easy\") == \"\"\n           ^^^^^^^^^^^^^^^^^^^^^^^^^^^^^^^\nAssertionError\n",
          "failures": "Traceback (most recent call last):\n  File \"/tmp/agentfix_qhe27iul/test_candidate.py\", line 24, in <module>\n    check(get_closest_vowel)\n  File \"/tmp/agentfix_qhe27iul/test_candidate.py\", line 9, in check\n    assert get_closest_vowel(\"easy\") == \"\"\n           ^^^^^^^^^^^^^^^^^^^^^^^^^^^^^^^\nAssertionError",
          "duration_s": 0.097
        }
      ],
      "wall_time_s": 5.564
    },
    {
      "task_id": "Python/119",
      "passed": false,
      "steps_used": 1,
      "trace": [
        {
          "step": 0,
          "patch": "def match_parens(s):\n    val = 0\n    for i in s:\n        if i == '(':\n            val += 1\n        else:\n            val -= 1\n        if val < 0:\n            return False\n    return val == 0",
          "passed": false,
          "stdout": "",
          "stderr": "Traceback (most recent call last):\n  File \"/tmp/agentfix_r5nnr888/test_candidate.py\", line 23, in <module>\n    check(match_parens)\n  File \"/tmp/agentfix_r5nnr888/test_candidate.py\", line 7, in check\n    assert match_parens(['()(', ')']) == 'Yes'\n           ^^^^^^^^^^^^^^^^^^^^^^^^^^^^^^^^^^^\nAssertionError\n",
          "failures": "Traceback (most recent call last):\n  File \"/tmp/agentfix_r5nnr888/test_candidate.py\", line 23, in <module>\n    check(match_parens)\n  File \"/tmp/agentfix_r5nnr888/test_candidate.py\", line 7, in check\n    assert match_parens(['()(', ')']) == 'Yes'\n           ^^^^^^^^^^^^^^^^^^^^^^^^^^^^^^^^^^^\nAssertionError",
          "duration_s": 0.094
        }
      ],
      "wall_time_s": 3.494
    },
    {
      "task_id": "Python/120",
      "passed": false,
      "steps_used": 1,
      "trace": [
        {
          "step": 0,
          "patch": "def maximum(arr, k):\n    if k == 0:\n        return []\n    arr.sort()\n    ans = arr[-k:]\n    return ans[::-1]",
          "passed": false,
          "stdout": "",
          "stderr": "Traceback (most recent call last):\n  File \"/tmp/agentfix_z526dlek/test_candidate.py\", line 21, in <module>\n    check(maximum)\n  File \"/tmp/agentfix_z526dlek/test_candidate.py\", line 7, in check\n    assert maximum([-3, -4, 5], 3) == [-4, -3, 5]\n           ^^^^^^^^^^^^^^^^^^^^^^^^^^^^^^^^^^^^^^\nAssertionError\n",
          "failures": "Traceback (most recent call last):\n  File \"/tmp/agentfix_z526dlek/test_candidate.py\", line 21, in <module>\n    check(maximum)\n  File \"/tmp/agentfix_z526dlek/test_candidate.py\", line 7, in check\n    assert maximum([-3, -4, 5], 3) == [-4, -3, 5]\n           ^^^^^^^^^^^^^^^^^^^^^^^^^^^^^^^^^^^^^^\nAssertionError",
          "duration_s": 0.095
        }
      ],
      "wall_time_s": 2.131
    },
    {
      "task_id": "Python/121",
      "passed": false,
      "steps_used": 1,
      "trace": [
        {
          "step": 0,
          "patch": "def solution(lst):\n    return sum([x for idx, x in enumerate(lst) if idx%2==1 and x%2==1])",
          "passed": false,
          "stdout": "",
          "stderr": "Traceback (most recent call last):\n  File \"/tmp/agentfix_1dapu5c6/test_candidate.py\", line 17, in <module>\n    check(solution)\n  File \"/tmp/agentfix_1dapu5c6/test_candidate.py\", line 7, in check\n    assert solution([5, 8, 7, 1])    == 12\n           ^^^^^^^^^^^^^^^^^^^^^^^^^^^^^^^\nAssertionError\n",
          "failures": "Traceback (most recent call last):\n  File \"/tmp/agentfix_1dapu5c6/test_candidate.py\", line 17, in <module>\n    check(solution)\n  File \"/tmp/agentfix_1dapu5c6/test_candidate.py\", line 7, in check\n    assert solution([5, 8, 7, 1])    == 12\n           ^^^^^^^^^^^^^^^^^^^^^^^^^^^^^^^\nAssertionError",
          "duration_s": 0.1
        }
      ],
      "wall_time_s": 2.092
    },
    {
      "task_id": "Python/122",
      "passed": false,
      "steps_used": 1,
      "trace": [
        {
          "step": 0,
          "patch": "def add_elements(arr):\n    return sum(elem for elem in arr if len(str(elem)) <= 2)",
          "passed": false,
          "stdout": "",
          "stderr": "Traceback (most recent call last):\n  File \"/tmp/agentfix_oryv0uzf/test_candidate.py\", line 15, in <module>\n    check(add_elements)\n  File \"/tmp/agentfix_oryv0uzf/test_candidate.py\", line 7, in check\n    assert add_elements([1,-2,-3,41,57,76,87,88,99], 3) == -4\n           ^^^^^^^^^^^^^^^^^^^^^^^^^^^^^^^^^^^^^^^^^^^^\nTypeError: add_elements() takes 1 positional argument but 2 were given\n",
          "failures": "Traceback (most recent call last):\n  File \"/tmp/agentfix_oryv0uzf/test_candidate.py\", line 15, in <module>\n    check(add_elements)\n  File \"/tmp/agentfix_oryv0uzf/test_candidate.py\", line 7, in check\n    assert add_elements([1,-2,-3,41,57,76,87,88,99], 3) == -4\n           ^^^^^^^^^^^^^^^^^^^^^^^^^^^^^^^^^^^^^^^^^^^^\nTypeError: add_elements() takes 1 positional argument but 2 were given",
          "duration_s": 0.094
        }
      ],
      "wall_time_s": 1.659
    },
    {
      "task_id": "Python/123",
      "passed": false,
      "steps_used": 1,
      "trace": [
        {
          "step": 0,
          "patch": "def get_odd_collatz(n):\n    odd_collatz = []\n    while n > 1:\n        if n % 2 == 0:\n            n = n / 2\n        else:\n            n = n * 2 + 1\n            \n        if n % 2 == 1:\n            odd_collatz.append(int(n))\n\n    return sorted(odd_collatz)",
          "passed": false,
          "stdout": "",
          "stderr": "Traceback (most recent call last):\n  File \"/tmp/agentfix_f7_4fjzv/test_candidate.py\", line 14, in <module>\n    check(get_odd_collatz)\n  File \"/tmp/agentfix_f7_4fjzv/test_candidate.py\", line 7, in check\n    assert get_odd_collatz(14) == [1, 5, 7, 11, 13, 17]\n           ^^^^^^^^^^^^^^^^^^^^^^^^^^^^^^^^^^^^^^^^^^^^\nAssertionError\n",
          "failures": "Traceback (most recent call last):\n  File \"/tmp/agentfix_f7_4fjzv/test_candidate.py\", line 14, in <module>\n    check(get_odd_collatz)\n  File \"/tmp/agentfix_f7_4fjzv/test_candidate.py\", line 7, in check\n    assert get_odd_collatz(14) == [1, 5, 7, 11, 13, 17]\n           ^^^^^^^^^^^^^^^^^^^^^^^^^^^^^^^^^^^^^^^^^^^^\nAssertionError",
          "duration_s": 0.095
        }
      ],
      "wall_time_s": 4.141
    },
    {
      "task_id": "Python/124",
      "passed": false,
      "steps_used": 1,
      "trace": [
        {
          "step": 0,
          "patch": "def valid_date(date):\n    try:\n        date = date.strip()\n        day, month, year = date.split('-')\n        day, month, year = int(day), int(month), int(year)\n        if month < 1 or month > 12:\n            return False\n        if month in [1,3,5,7,8,10,12] and day < 1 or day > 31:\n            return False\n        if month in [4,6,9,11] and day < 1 or day > 30:\n            return False\n        if month == 2 and day < 1 or day > 29:\n            return False\n    except ValueError:\n        return False\n    return True",
          "passed": false,
          "stdout": "",
          "stderr": "Traceback (most recent call last):\n  File \"/tmp/agentfix_9madv9v7/test_candidate.py\", line 39, in <module>\n    check(valid_date)\n  File \"/tmp/agentfix_9madv9v7/test_candidate.py\", line 9, in check\n    assert valid_date('15-01-2012') == False\n           ^^^^^^^^^^^^^^^^^^^^^^^^^^^^^^^^^\nAssertionError\n",
          "failures": "Traceback (most recent call last):\n  File \"/tmp/agentfix_9madv9v7/test_candidate.py\", line 39, in <module>\n    check(valid_date)\n  File \"/tmp/agentfix_9madv9v7/test_candidate.py\", line 9, in check\n    assert valid_date('15-01-2012') == False\n           ^^^^^^^^^^^^^^^^^^^^^^^^^^^^^^^^^\nAssertionError",
          "duration_s": 0.095
        }
      ],
      "wall_time_s": 8.02
    },
    {
      "task_id": "Python/125",
      "passed": false,
      "steps_used": 1,
      "trace": [
        {
          "step": 0,
          "patch": "def split_words(txt):\n    if \" \" in txt:\n        return txt.split()\n    elif \",\" in txt:\n        return txt.replace(',', ' ').split()\n    else:\n        return [i for i in txt if i.islower() and ord(i) % 2 == 0]",
          "passed": false,
          "stdout": "",
          "stderr": "Traceback (most recent call last):\n  File \"/tmp/agentfix_8atqlu32/test_candidate.py\", line 15, in <module>\n    check(split_words)\n  File \"/tmp/agentfix_8atqlu32/test_candidate.py\", line 10, in check\n    assert split_words(\"abcdef\") == 3\n           ^^^^^^^^^^^^^^^^^^^^^^^^^^\nAssertionError\n",
          "failures": "Traceback (most recent call last):\n  File \"/tmp/agentfix_8atqlu32/test_candidate.py\", line 15, in <module>\n    check(split_words)\n  File \"/tmp/agentfix_8atqlu32/test_candidate.py\", line 10, in check\n    assert split_words(\"abcdef\") == 3\n           ^^^^^^^^^^^^^^^^^^^^^^^^^^\nAssertionError",
          "duration_s": 0.096
        }
      ],
      "wall_time_s": 3.227
    },
    {
      "task_id": "Python/126",
      "passed": false,
      "steps_used": 1,
      "trace": [
        {
          "step": 0,
          "patch": "def is_sorted(lst):\n    for i in range(1, len(lst)):\n        if lst[i-1] > lst[i]:\n            return False\n    return True",
          "passed": false,
          "stdout": "",
          "stderr": "Traceback (most recent call last):\n  File \"/tmp/agentfix_wn1sux4u/test_candidate.py\", line 23, in <module>\n    check(is_sorted)\n  File \"/tmp/agentfix_wn1sux4u/test_candidate.py\", line 18, in check\n    assert is_sorted([1, 2, 2, 2, 3, 4]) == False, \"This prints if this assert fails 5 (good for debugging!)\"\n           ^^^^^^^^^^^^^^^^^^^^^^^^^^^^^^^^^^^^^^\nAssertionError: This prints if this assert fails 5 (good for debugging!)\n",
          "failures": "Traceback (most recent call last):\n  File \"/tmp/agentfix_wn1sux4u/test_candidate.py\", line 23, in <module>\n    check(is_sorted)\n  File \"/tmp/agentfix_wn1sux4u/test_candidate.py\", line 18, in check\n    assert is_sorted([1, 2, 2, 2, 3, 4]) == False, \"This prints if this assert fails 5 (good for debugging!)\"\n           ^^^^^^^^^^^^^^^^^^^^^^^^^^^^^^^^^^^^^^\nAssertionError: This prints if this assert fails 5 (good for debugging!)",
          "duration_s": 0.096
        }
      ],
      "wall_time_s": 3.598
    },
    {
      "task_id": "Python/127",
      "passed": false,
      "steps_used": 1,
      "trace": [
        {
          "step": 0,
          "patch": "def intersection(interval1, interval2):\n    l = max(interval1[0], interval2[0])\n    r = min(interval1[1], interval2[1])\n    length = r - l\n    if length > 0:\n        return \"YES\"\n    return \"NO\"",
          "passed": false,
          "stdout": "",
          "stderr": "Traceback (most recent call last):\n  File \"/tmp/agentfix_fyznwvzf/test_candidate.py\", line 18, in <module>\n    check(intersection)\n  File \"/tmp/agentfix_fyznwvzf/test_candidate.py\", line 8, in check\n    assert intersection((-1, 1), (0, 4)) == \"NO\"\n           ^^^^^^^^^^^^^^^^^^^^^^^^^^^^^^^^^^^^^\nAssertionError\n",
          "failures": "Traceback (most recent call last):\n  File \"/tmp/agentfix_fyznwvzf/test_candidate.py\", line 18, in <module>\n    check(intersection)\n  File \"/tmp/agentfix_fyznwvzf/test_candidate.py\", line 8, in check\n    assert intersection((-1, 1), (0, 4)) == \"NO\"\n           ^^^^^^^^^^^^^^^^^^^^^^^^^^^^^^^^^^^^^\nAssertionError",
          "duration_s": 0.096
        }
      ],
      "wall_time_s": 3.548
    },
    {
      "task_id": "Python/128",
      "passed": false,
      "steps_used": 1,
      "trace": [
        {
          "step": 0,
          "patch": "def prod_signs(arr):\n    if not arr: return None\n    prod = 0 if 0 in arr else (-1) ** 2 * len(list(filter(lambda x: x < 0, arr)))\n    return prod * sum([abs(i) for i in arr])",
          "passed": false,
          "stdout": "",
          "stderr": "Traceback (most recent call last):\n  File \"/tmp/agentfix_j8edc_li/test_candidate.py\", line 20, in <module>\n    check(prod_signs)\n  File \"/tmp/agentfix_j8edc_li/test_candidate.py\", line 8, in check\n    assert prod_signs([1, 2, 2, -4]) == -9\n           ^^^^^^^^^^^^^^^^^^^^^^^^^^^^^^^\nAssertionError\n",
          "failures": "Traceback (most recent call last):\n  File \"/tmp/agentfix_j8edc_li/test_candidate.py\", line 20, in <module>\n    check(prod_signs)\n  File \"/tmp/agentfix_j8edc_li/test_candidate.py\", line 8, in check\n    assert prod_signs([1, 2, 2, -4]) == -9\n           ^^^^^^^^^^^^^^^^^^^^^^^^^^^^^^^\nAssertionError",
          "duration_s": 0.095
        }
      ],
      "wall_time_s": 3.233
    },
    {
      "task_id": "Python/129",
      "passed": true,
      "steps_used": 1,
      "trace": [
        {
          "step": 0,
          "patch": "def minPath(grid, k):\n    n = len(grid)\n    val = n * n + 1\n    for i in range(n):\n        for j in range(n):\n            if grid[i][j] == 1:\n                temp = []\n                if i != 0:\n                    temp.append(grid[i-1][j])\n\n                if j != 0:\n                    temp.append(grid[i][j-1])\n\n                if i != n - 1:\n                    temp.append(grid[i+1][j])\n\n                if j != n - 1:\n                    temp.append(grid[i][j+1])\n\n                val = min(temp)\n\n    ans = []\n    for i in range(k):\n        if i % 2 == 0:\n            ans.append(1)\n        else:\n            ans.append(val)\n    return ans",
          "passed": true,
          "stdout": "",
          "stderr": "",
          "failures": "",
          "duration_s": 0.095
        }
      ],
      "wall_time_s": 8.626
    },
    {
      "task_id": "Python/130",
      "passed": false,
      "steps_used": 1,
      "trace": [
        {
          "step": 0,
          "patch": "def tri(n):\n    if n == 0:\n        return [1]\n    my_tri = [1, 3]\n    for i in range(2, n + 1):\n        if i % 2 == 0:\n            my_tri.append(i / 2 + 1)\n        else:\n            my_tri.append(my_tri[i - 1] + my_tri[i - 2] + i + (i + 3) / 2)\n    return my_tri",
          "passed": false,
          "stdout": "",
          "stderr": "Traceback (most recent call last):\n  File \"/tmp/agentfix_6qfob8vf/test_candidate.py\", line 21, in <module>\n    check(tri)\n  File \"/tmp/agentfix_6qfob8vf/test_candidate.py\", line 8, in check\n    assert tri(3) == [1, 3, 2.0, 8.0]\n           ^^^^^^^^^^^^^^^^^^^^^^^^^^\nAssertionError\n",
          "failures": "Traceback (most recent call last):\n  File \"/tmp/agentfix_6qfob8vf/test_candidate.py\", line 21, in <module>\n    check(tri)\n  File \"/tmp/agentfix_6qfob8vf/test_candidate.py\", line 8, in check\n    assert tri(3) == [1, 3, 2.0, 8.0]\n           ^^^^^^^^^^^^^^^^^^^^^^^^^^\nAssertionError",
          "duration_s": 0.095
        }
      ],
      "wall_time_s": 5.148
    },
    {
      "task_id": "Python/131",
      "passed": true,
      "steps_used": 1,
      "trace": [
        {
          "step": 0,
          "patch": "def digits(n):\n    product = 1\n    odd_count = 0\n    for digit in str(n):\n        int_digit = int(digit)\n        if int_digit % 2 == 1:\n            product *= int_digit\n            odd_count += 1\n    if odd_count == 0:\n        return 0\n    else:\n        return product",
          "passed": true,
          "stdout": "",
          "stderr": "",
          "failures": "",
          "duration_s": 0.095
        }
      ],
      "wall_time_s": 4.078
    },
    {
      "task_id": "Python/132",
      "passed": false,
      "steps_used": 1,
      "trace": [
        {
          "step": 0,
          "patch": "def is_nested(string):\n    opening_bracket_index = []\n    closing_bracket_index = []\n    for i in range(len(string)):\n        if string[i] == '(':\n            opening_bracket_index.append(i)\n        else:\n            closing_bracket_index.append(i)\n    closing_bracket_index.reverse()\n    cnt = 0\n    i = 0\n    l = len(closing_bracket_index)\n    for idx in opening_bracket_index:\n        if i < l and idx < closing_bracket_index[i]:\n            cnt += 1\n            i += 1\n    return cnt >= 2",
          "passed": false,
          "stdout": "",
          "stderr": "Traceback (most recent call last):\n  File \"/tmp/agentfix_a5y546c2/test_candidate.py\", line 24, in <module>\n    check(is_nested)\n  File \"/tmp/agentfix_a5y546c2/test_candidate.py\", line 7, in check\n    assert is_nested('[[]]') == True, \"This prints if this assert fails 1 (good for debugging!)\"\n           ^^^^^^^^^^^^^^^^^^^^^^^^^\nAssertionError: This prints if this assert fails 1 (good for debugging!)\n",
          "failures": "Traceback (most recent call last):\n  File \"/tmp/agentfix_a5y546c2/test_candidate.py\", line 24, in <module>\n    check(is_nested)\n  File \"/tmp/agentfix_a5y546c2/test_candidate.py\", line 7, in check\n    assert is_nested('[[]]') == True, \"This prints if this assert fails 1 (good for debugging!)\"\n           ^^^^^^^^^^^^^^^^^^^^^^^^^\nAssertionError: This prints if this assert fails 1 (good for debugging!)",
          "duration_s": 0.095
        }
      ],
      "wall_time_s": 6.511
    },
    {
      "task_id": "Python/133",
      "passed": false,
      "steps_used": 1,
      "trace": [
        {
          "step": 0,
          "patch": "def sum_squares(lst):\n    squared = 0\n    for i in lst:\n        squared += i**2\n    return squared",
          "passed": false,
          "stdout": "",
          "stderr": "Traceback (most recent call last):\n  File \"/tmp/agentfix_8k3rjtlz/test_candidate.py\", line 24, in <module>\n    check(sum_squares)\n  File \"/tmp/agentfix_8k3rjtlz/test_candidate.py\", line 10, in check\n    assert sum_squares([1.4,4.2,0])==29, \"This prints if this assert fails 1 (good for debugging!)\"\n           ^^^^^^^^^^^^^^^^^^^^^^^^^^^^\nAssertionError: This prints if this assert fails 1 (good for debugging!)\n",
          "failures": "Traceback (most recent call last):\n  File \"/tmp/agentfix_8k3rjtlz/test_candidate.py\", line 24, in <module>\n    check(sum_squares)\n  File \"/tmp/agentfix_8k3rjtlz/test_candidate.py\", line 10, in check\n    assert sum_squares([1.4,4.2,0])==29, \"This prints if this assert fails 1 (good for debugging!)\"\n           ^^^^^^^^^^^^^^^^^^^^^^^^^^^^\nAssertionError: This prints if this assert fails 1 (good for debugging!)",
          "duration_s": 0.095
        }
      ],
      "wall_time_s": 1.906
    },
    {
      "task_id": "Python/134",
      "passed": false,
      "steps_used": 1,
      "trace": [
        {
          "step": 0,
          "patch": "def check_if_last_char_is_a_letter(txt):\n    return True if len(txt.split(' ')[-1]) == 1 and (97 <= ord(txt.split(' ')[-1].upper()) <= 122) else False",
          "passed": false,
          "stdout": "",
          "stderr": "Traceback (most recent call last):\n  File \"/tmp/agentfix_dy069f2o/test_candidate.py\", line 21, in <module>\n    check(check_if_last_char_is_a_letter)\n  File \"/tmp/agentfix_dy069f2o/test_candidate.py\", line 8, in check\n    assert check_if_last_char_is_a_letter(\"apple pi e\") == True\n           ^^^^^^^^^^^^^^^^^^^^^^^^^^^^^^^^^^^^^^^^^^^^^^^^^^^^\nAssertionError\n",
          "failures": "Traceback (most recent call last):\n  File \"/tmp/agentfix_dy069f2o/test_candidate.py\", line 21, in <module>\n    check(check_if_last_char_is_a_letter)\n  File \"/tmp/agentfix_dy069f2o/test_candidate.py\", line 8, in check\n    assert check_if_last_char_is_a_letter(\"apple pi e\") == True\n           ^^^^^^^^^^^^^^^^^^^^^^^^^^^^^^^^^^^^^^^^^^^^^^^^^^^^\nAssertionError",
          "duration_s": 0.094
        }
      ],
      "wall_time_s": 2.834
    },
    {
      "task_id": "Python/135",
      "passed": true,
      "steps_used": 1,
      "trace": [
        {
          "step": 0,
          "patch": "def can_arrange(arr):\n    ind = -1\n    i = 1\n    while i < len(arr):\n        if arr[i] < arr[i - 1]:\n            ind = i\n        i += 1\n    return ind",
          "passed": true,
          "stdout": "",
          "stderr": "",
          "failures": "",
          "duration_s": 0.095
        }
      ],
      "wall_time_s": 2.878
    },
    {
      "task_id": "Python/136",
      "passed": false,
      "steps_used": 1,
      "trace": [
        {
          "step": 0,
          "patch": "def largest_smallest_integers(lst):\n    smallest = list(filter(lambda x: x < 0, lst))\n    largest = list(filter(lambda x: x > 0, lst))\n    largest = list(filter(lambda x: x > 0, smallest))\n    smallest = list(filter(lambda x: x > 0, largest))\n    return (max(smallest) if smallest else None, min(largest) if largest else None)",
          "passed": false,
          "stdout": "",
          "stderr": "Traceback (most recent call last):\n  File \"/tmp/agentfix_lkcpasrd/test_candidate.py\", line 22, in <module>\n    check(largest_smallest_integers)\n  File \"/tmp/agentfix_lkcpasrd/test_candidate.py\", line 7, in check\n    assert largest_smallest_integers([2, 4, 1, 3, 5, 7]) == (None, 1)\n           ^^^^^^^^^^^^^^^^^^^^^^^^^^^^^^^^^^^^^^^^^^^^^^^^^^^^^^^^^^\nAssertionError\n",
          "failures": "Traceback (most recent call last):\n  File \"/tmp/agentfix_lkcpasrd/test_candidate.py\", line 22, in <module>\n    check(largest_smallest_integers)\n  File \"/tmp/agentfix_lkcpasrd/test_candidate.py\", line 7, in check\n    assert largest_smallest_integers([2, 4, 1, 3, 5, 7]) == (None, 1)\n           ^^^^^^^^^^^^^^^^^^^^^^^^^^^^^^^^^^^^^^^^^^^^^^^^^^^^^^^^^^\nAssertionError",
          "duration_s": 0.096
        }
      ],
      "wall_time_s": 4.604
    },
    {
      "task_id": "Python/137",
      "passed": false,
      "steps_used": 1,
      "trace": [
        {
          "step": 0,
          "patch": "def compare_one(a, b):\n    if isinstance(a, str): a = a.replace(',', '.').replace('.', ',')\n    if isinstance(b, str): b = b.replace(',', '.').replace('.', ',')\n    if float(a) == float(b): return None\n    return a if float(a) > float(b) else b",
          "passed": false,
          "stdout": "",
          "stderr": "Traceback (most recent call last):\n  File \"/tmp/agentfix_5cvjz30e/test_candidate.py\", line 19, in <module>\n    check(compare_one)\n  File \"/tmp/agentfix_5cvjz30e/test_candidate.py\", line 11, in check\n    assert compare_one(1, \"2,3\") == \"2,3\"\n           ^^^^^^^^^^^^^^^^^^^^^\n  File \"/tmp/agentfix_5cvjz30e/candidate.py\", line 4, in compare_one\n    if float(a) == float(b): return None\n                   ^^^^^^^^\nValueError: could not convert string to float: '2,3'\n",
          "failures": "Traceback (most recent call last):\n  File \"/tmp/agentfix_5cvjz30e/test_candidate.py\", line 19, in <module>\n    check(compare_one)\n  File \"/tmp/agentfix_5cvjz30e/test_candidate.py\", line 11, in check\n    assert compare_one(1, \"2,3\") == \"2,3\"\n           ^^^^^^^^^^^^^^^^^^^^^\n  File \"/tmp/agentfix_5cvjz30e/candidate.py\", line 4, in compare_one\n    if float(a) == float(b): return None\n                   ^^^^^^^^\nValueError: could not convert string to float: '2,3'",
          "duration_s": 0.095
        }
      ],
      "wall_time_s": 4.712
    },
    {
      "task_id": "Python/138",
      "passed": false,
      "steps_used": 1,
      "trace": [
        {
          "step": 0,
          "patch": "def is_equal_to_sum_even(n):\n    return n % 2 == 0 and 8 <= n <= 8",
          "passed": false,
          "stdout": "",
          "stderr": "Traceback (most recent call last):\n  File \"/tmp/agentfix_h2ibvz1c/test_candidate.py\", line 14, in <module>\n    check(is_equal_to_sum_even)\n  File \"/tmp/agentfix_h2ibvz1c/test_candidate.py\", line 8, in check\n    assert is_equal_to_sum_even(10) == True\n           ^^^^^^^^^^^^^^^^^^^^^^^^^^^^^^^^\nAssertionError\n",
          "failures": "Traceback (most recent call last):\n  File \"/tmp/agentfix_h2ibvz1c/test_candidate.py\", line 14, in <module>\n    check(is_equal_to_sum_even)\n  File \"/tmp/agentfix_h2ibvz1c/test_candidate.py\", line 8, in check\n    assert is_equal_to_sum_even(10) == True\n           ^^^^^^^^^^^^^^^^^^^^^^^^^^^^^^^^\nAssertionError",
          "duration_s": 0.095
        }
      ],
      "wall_time_s": 1.878
    },
    {
      "task_id": "Python/139",
      "passed": true,
      "steps_used": 1,
      "trace": [
        {
          "step": 0,
          "patch": "def special_factorial(n):\n    fact_i = 1\n    special_fact = 1\n    for i in range(1, n+1):\n        fact_i *= i\n        special_fact *= fact_i\n    return special_fact",
          "passed": true,
          "stdout": "",
          "stderr": "",
          "failures": "",
          "duration_s": 0.097
        }
      ],
      "wall_time_s": 2.859
    },
    {
      "task_id": "Python/140",
      "passed": false,
      "steps_used": 1,
      "trace": [
        {
          "step": 0,
          "patch": "def fix_spaces(text):\n    new_text = \"\"\n    i = 0\n    start, end = 0, 0\n    while i < len(text):\n        if text[i] == \" \":\n            end += 1\n        else:\n            if end - start > 2:\n                new_text += \"-\"+text[i]\n            elif end - start > 0:\n                new_text += \"_\"*(end - start)+text[i]\n            else:\n                new_text += text[i]\n            start, end = i+1, i+1\n        i+=1\n    if end - start > 2:\n        new_text += \"-\"\n    elif end - start > 0:\n        new_text += \"__\"\n    return new_text",
          "passed": false,
          "stdout": "",
          "stderr": "Traceback (most recent call last):\n  File \"/tmp/agentfix_4p_qadta/test_candidate.py\", line 15, in <module>\n    check(fix_spaces)\n  File \"/tmp/agentfix_4p_qadta/test_candidate.py\", line 8, in check\n    assert fix_spaces(\"Mudasir Hanif \") == \"Mudasir_Hanif_\", \"This prints if this assert fails 2 (good for debugging!)\"\n           ^^^^^^^^^^^^^^^^^^^^^^^^^^^^^^^^^^^^^^^^^^^^^^^^\nAssertionError: This prints if this assert fails 2 (good for debugging!)\n",
          "failures": "Traceback (most recent call last):\n  File \"/tmp/agentfix_4p_qadta/test_candidate.py\", line 15, in <module>\n    check(fix_spaces)\n  File \"/tmp/agentfix_4p_qadta/test_candidate.py\", line 8, in check\n    assert fix_spaces(\"Mudasir Hanif \") == \"Mudasir_Hanif_\", \"This prints if this assert fails 2 (good for debugging!)\"\n           ^^^^^^^^^^^^^^^^^^^^^^^^^^^^^^^^^^^^^^^^^^^^^^^^\nAssertionError: This prints if this assert fails 2 (good for debugging!)",
          "duration_s": 0.095
        }
      ],
      "wall_time_s": 11.514
    },
    {
      "task_id": "Python/141",
      "passed": false,
      "steps_used": 1,
      "trace": [
        {
          "step": 0,
          "patch": "def file_name_check(file_name):\n    suf = ['txt', 'exe', 'dll']\n    lst = file_name.split('.')\n    if len(lst) != 2:\n        return 'No'\n    if len(lst[0]) == 0:\n        return 'No'\n    if not lst[0][0].isalpha():\n        return 'No'\n    t = len([x for x in lst[0] if x.isdigit()])\n    if t > 3:\n        return 'No'\n    return 'Yes'",
          "passed": false,
          "stdout": "",
          "stderr": "Traceback (most recent call last):\n  File \"/tmp/agentfix_z6lzxlrk/test_candidate.py\", line 38, in <module>\n    check(file_name_check)\n  File \"/tmp/agentfix_z6lzxlrk/test_candidate.py\", line 9, in check\n    assert file_name_check('s1sdf3.asd') == 'No'\n           ^^^^^^^^^^^^^^^^^^^^^^^^^^^^^^^^^^^^^\nAssertionError\n",
          "failures": "Traceback (most recent call last):\n  File \"/tmp/agentfix_z6lzxlrk/test_candidate.py\", line 38, in <module>\n    check(file_name_check)\n  File \"/tmp/agentfix_z6lzxlrk/test_candidate.py\", line 9, in check\n    assert file_name_check('s1sdf3.asd') == 'No'\n           ^^^^^^^^^^^^^^^^^^^^^^^^^^^^^^^^^^^^^\nAssertionError",
          "duration_s": 0.097
        }
      ],
      "wall_time_s": 5.569
    },
    {
      "task_id": "Python/142",
      "passed": false,
      "steps_used": 1,
      "trace": [
        {
          "step": 0,
          "patch": "def sum_squares(lst):\n    result = []\n    for i in range(len(lst)):\n        if i % 3 == 0:\n            result.append(lst[i]**2)\n        elif i % 3 != 0:\n            result.append(lst[i]**3)\n        else:\n            result.append(lst[i])\n    return sum(result)",
          "passed": false,
          "stdout": "",
          "stderr": "Traceback (most recent call last):\n  File \"/tmp/agentfix_saga0_5v/test_candidate.py\", line 23, in <module>\n    check(sum_squares)\n  File \"/tmp/agentfix_saga0_5v/test_candidate.py\", line 8, in check\n    assert sum_squares([1,2,3]) == 6\n           ^^^^^^^^^^^^^^^^^^^^^^^^^\nAssertionError\n",
          "failures": "Traceback (most recent call last):\n  File \"/tmp/agentfix_saga0_5v/test_candidate.py\", line 23, in <module>\n    check(sum_squares)\n  File \"/tmp/agentfix_saga0_5v/test_candidate.py\", line 8, in check\n    assert sum_squares([1,2,3]) == 6\n           ^^^^^^^^^^^^^^^^^^^^^^^^^\nAssertionError",
          "duration_s": 0.096
        }
      ],
      "wall_time_s": 3.632
    },
    {
      "task_id": "Python/143",
      "passed": false,
      "steps_used": 1,
      "trace": [
        {
          "step": 0,
          "patch": "def words_in_sentence(sentence):\n    new_lst = []\n    for word in sentence.split():\n        flg = 0\n        for i in range(2, len(word)):\n            if len(word) % i == 0:\n                flg = 1\n        if flg == 0 or len(word) == 2:\n            new_lst.append(word)\n    return \" \".join(new_lst)",
          "passed": false,
          "stdout": "",
          "stderr": "Traceback (most recent call last):\n  File \"/tmp/agentfix_ye3b41yx/test_candidate.py\", line 17, in <module>\n    check(words_in_sentence)\n  File \"/tmp/agentfix_ye3b41yx/test_candidate.py\", line 7, in check\n    assert words_in_sentence(\"This is a test\") == \"is\"\n           ^^^^^^^^^^^^^^^^^^^^^^^^^^^^^^^^^^^^^^^^^^^\nAssertionError\n",
          "failures": "Traceback (most recent call last):\n  File \"/tmp/agentfix_ye3b41yx/test_candidate.py\", line 17, in <module>\n    check(words_in_sentence)\n  File \"/tmp/agentfix_ye3b41yx/test_candidate.py\", line 7, in check\n    assert words_in_sentence(\"This is a test\") == \"is\"\n           ^^^^^^^^^^^^^^^^^^^^^^^^^^^^^^^^^^^^^^^^^^^\nAssertionError",
          "duration_s": 0.094
        }
      ],
      "wall_time_s": 4.289
    },
    {
      "task_id": "Python/144",
      "passed": false,
      "steps_used": 1,
      "trace": [
        {
          "step": 0,
          "patch": "def simplify(x, n):\n    a, b = x.split(\"/\")\n    c, d = n.split(\"/\")\n    a = int(b) * int(c)\n    d = int(c) * int(b)\n    numerator = int(a) * int(c)\n    denom = int(b) * int(d)\n    return numerator == denom",
          "passed": false,
          "stdout": "",
          "stderr": "Traceback (most recent call last):\n  File \"/tmp/agentfix_nurk7uhy/test_candidate.py\", line 24, in <module>\n    check(simplify)\n  File \"/tmp/agentfix_nurk7uhy/test_candidate.py\", line 9, in check\n    assert simplify(\"5/1\", \"3/1\") == True, 'test3'\n           ^^^^^^^^^^^^^^^^^^^^^^^^^^^^^^\nAssertionError: test3\n",
          "failures": "Traceback (most recent call last):\n  File \"/tmp/agentfix_nurk7uhy/test_candidate.py\", line 24, in <module>\n    check(simplify)\n  File \"/tmp/agentfix_nurk7uhy/test_candidate.py\", line 9, in check\n    assert simplify(\"5/1\", \"3/1\") == True, 'test3'\n           ^^^^^^^^^^^^^^^^^^^^^^^^^^^^^^\nAssertionError: test3",
          "duration_s": 0.095
        }
      ],
      "wall_time_s": 3.682
    },
    {
      "task_id": "Python/145",
      "passed": false,
      "steps_used": 1,
      "trace": [
        {
          "step": 0,
          "patch": "def order_by_points(nums):\n    neg = 1\n    if nums[0] < 0: nums[0], neg = -1 * nums[0], -1 + nums[0] \n    nums = [int(i) for i in str(nums[0])]\n    nums[0] = nums[0] * neg\n    return sorted(nums, key=digits_sum)",
          "passed": false,
          "stdout": "",
          "stderr": "Traceback (most recent call last):\n  File \"/tmp/agentfix_k5vnzyfg/test_candidate.py\", line 17, in <module>\n    check(order_by_points)\n  File \"/tmp/agentfix_k5vnzyfg/test_candidate.py\", line 7, in check\n    assert order_by_points([1, 11, -1, -11, -12]) == [-1, -11, 1, -12, 11]\n           ^^^^^^^^^^^^^^^^^^^^^^^^^^^^^^^^^^^^^^\n  File \"/tmp/agentfix_k5vnzyfg/candidate.py\", line 6, in order_by_points\n    return sorted(nums, key=digits_sum)\n                            ^^^^^^^^^^\nNameError: name 'digits_sum' is not defined\n",
          "failures": "Traceback (most recent call last):\n  File \"/tmp/agentfix_k5vnzyfg/test_candidate.py\", line 17, in <module>\n    check(order_by_points)\n  File \"/tmp/agentfix_k5vnzyfg/test_candidate.py\", line 7, in check\n    assert order_by_points([1, 11, -1, -11, -12]) == [-1, -11, 1, -12, 11]\n           ^^^^^^^^^^^^^^^^^^^^^^^^^^^^^^^^^^^^^^\n  File \"/tmp/agentfix_k5vnzyfg/candidate.py\", line 6, in order_by_points\n    return sorted(nums, key=digits_sum)\n                            ^^^^^^^^^^\nNameError: name 'digits_sum' is not defined",
          "duration_s": 0.095
        }
      ],
      "wall_time_s": 4.208
    },
    {
      "task_id": "Python/146",
      "passed": true,
      "steps_used": 1,
      "trace": [
        {
          "step": 0,
          "patch": "def specialFilter(nums):\n    count = 0\n    for num in nums:\n        if num > 10:\n            odd_digits = (1, 3, 5, 7, 9)\n            number_as_string = str(num)\n            if int(number_as_string[0]) in odd_digits and int(number_as_string[-1]) in odd_digits:\n                count += 1\n        \n    return count",
          "passed": true,
          "stdout": "",
          "stderr": "",
          "failures": "",
          "duration_s": 0.095
        }
      ],
      "wall_time_s": 4.458
    },
    {
      "task_id": "Python/147",
      "passed": false,
      "steps_used": 1,
      "trace": [
        {
          "step": 0,
          "patch": "def get_max_triples(n):\n    A = [i*i for i in range(1, n+1)]\n    ans = []\n    for i in range(n):\n        for j in range(i+1, n):\n            for k in range(j+1, n):\n                if (A[i] + A[j] + A[k]) % 3 == 0:\n                    ans.append((A[i], A[j], A[k]))\n    return len(ans)",
          "passed": false,
          "stdout": "",
          "stderr": "Traceback (most recent call last):\n  File \"/tmp/agentfix_v3z4jabg/test_candidate.py\", line 11, in <module>\n    check(get_max_triples)\n  File \"/tmp/agentfix_v3z4jabg/test_candidate.py\", line 6, in check\n    assert get_max_triples(5) == 1\n           ^^^^^^^^^^^^^^^^^^^^^^^\nAssertionError\n",
          "failures": "Traceback (most recent call last):\n  File \"/tmp/agentfix_v3z4jabg/test_candidate.py\", line 11, in <module>\n    check(get_max_triples)\n  File \"/tmp/agentfix_v3z4jabg/test_candidate.py\", line 6, in check\n    assert get_max_triples(5) == 1\n           ^^^^^^^^^^^^^^^^^^^^^^^\nAssertionError",
          "duration_s": 0.096
        }
      ],
      "wall_time_s": 5.085
    },
    {
      "task_id": "Python/148",
      "passed": true,
      "steps_used": 1,
      "trace": [
        {
          "step": 0,
          "patch": "def bf(planet1, planet2):\n    planet_names = (\"Mercury\", \"Venus\", \"Earth\", \"Mars\", \"Jupiter\", \"Saturn\", \"Uranus\", \"Neptune\")\n    if planet1 not in planet_names or planet2 not in planet_names or planet1 == planet2:\n        return ()\n    planet1_index = planet_names.index(planet1)\n    planet2_index = planet_names.index(planet2)\n    if planet1_index < planet2_index:\n        return planet_names[planet1_index + 1: planet2_index]\n    else:\n        return planet_names[planet2_index + 1: planet1_index]",
          "passed": true,
          "stdout": "",
          "stderr": "",
          "failures": "",
          "duration_s": 0.095
        }
      ],
      "wall_time_s": 7.039
    },
    {
      "task_id": "Python/149",
      "passed": false,
      "steps_used": 1,
      "trace": [
        {
          "step": 0,
          "patch": "def sorted_list_sum(lst):\n    lst.sort()\n    new_lst = [i for i in lst if len(i) % 2 == 0]\n    return sum(new_lst)",
          "passed": false,
          "stdout": "",
          "stderr": "Traceback (most recent call last):\n  File \"/tmp/agentfix_kui3i10j/test_candidate.py\", line 17, in <module>\n    check(sorted_list_sum)\n  File \"/tmp/agentfix_kui3i10j/test_candidate.py\", line 7, in check\n    assert sorted_list_sum([\"aa\", \"a\", \"aaa\"]) == [\"aa\"]\n           ^^^^^^^^^^^^^^^^^^^^^^^^^^^^^^^^^^^\n  File \"/tmp/agentfix_kui3i10j/candidate.py\", line 4, in sorted_list_sum\n    return sum(new_lst)\n           ^^^^^^^^^^^^\nTypeError: unsupported operand type(s) for +: 'int' and 'str'\n",
          "failures": "Traceback (most recent call last):\n  File \"/tmp/agentfix_kui3i10j/test_candidate.py\", line 17, in <module>\n    check(sorted_list_sum)\n  File \"/tmp/agentfix_kui3i10j/test_candidate.py\", line 7, in check\n    assert sorted_list_sum([\"aa\", \"a\", \"aaa\"]) == [\"aa\"]\n           ^^^^^^^^^^^^^^^^^^^^^^^^^^^^^^^^^^^\n  File \"/tmp/agentfix_kui3i10j/candidate.py\", line 4, in sorted_list_sum\n    return sum(new_lst)\n           ^^^^^^^^^^^^\nTypeError: unsupported operand type(s) for +: 'int' and 'str'",
          "duration_s": 0.095
        }
      ],
      "wall_time_s": 2.528
    },
    {
      "task_id": "Python/150",
      "passed": false,
      "steps_used": 1,
      "trace": [
        {
          "step": 0,
          "patch": "def x_or_y(x, y, n):\n    if n == 1:\n        return y\n    for i in range(2, n):\n        if n % i - 1 == 0:\n            return y\n            break\n    else:\n        return x",
          "passed": false,
          "stdout": "",
          "stderr": "Traceback (most recent call last):\n  File \"/tmp/agentfix_3g0luznp/test_candidate.py\", line 21, in <module>\n    check(x_or_y)\n  File \"/tmp/agentfix_3g0luznp/test_candidate.py\", line 8, in check\n    assert x_or_y(15, 8, 5) == 5\n           ^^^^^^^^^^^^^^^^^^^^^\nAssertionError\n",
          "failures": "Traceback (most recent call last):\n  File \"/tmp/agentfix_3g0luznp/test_candidate.py\", line 21, in <module>\n    check(x_or_y)\n  File \"/tmp/agentfix_3g0luznp/test_candidate.py\", line 8, in check\n    assert x_or_y(15, 8, 5) == 5\n           ^^^^^^^^^^^^^^^^^^^^^\nAssertionError",
          "duration_s": 0.096
        }
      ],
      "wall_time_s": 3.136
    },
    {
      "task_id": "Python/151",
      "passed": false,
      "steps_used": 1,
      "trace": [
        {
          "step": 0,
          "patch": "def double_the_difference(lst):\n    return 2 * sum([i**2 for i in lst if i > 0 and \".\" not in str(i)])",
          "passed": false,
          "stdout": "",
          "stderr": "Traceback (most recent call last):\n  File \"/tmp/agentfix_78t3pcb7/test_candidate.py\", line 20, in <module>\n    check(double_the_difference)\n  File \"/tmp/agentfix_78t3pcb7/test_candidate.py\", line 8, in check\n    assert double_the_difference([5, 4]) == 25 , \"This prints if this assert fails 2 (good for debugging!)\"\n           ^^^^^^^^^^^^^^^^^^^^^^^^^^^^^^^^^^^\nAssertionError: This prints if this assert fails 2 (good for debugging!)\n",
          "failures": "Traceback (most recent call last):\n  File \"/tmp/agentfix_78t3pcb7/test_candidate.py\", line 20, in <module>\n    check(double_the_difference)\n  File \"/tmp/agentfix_78t3pcb7/test_candidate.py\", line 8, in check\n    assert double_the_difference([5, 4]) == 25 , \"This prints if this assert fails 2 (good for debugging!)\"\n           ^^^^^^^^^^^^^^^^^^^^^^^^^^^^^^^^^^^\nAssertionError: This prints if this assert fails 2 (good for debugging!)",
          "duration_s": 0.095
        }
      ],
      "wall_time_s": 2.047
    },
    {
      "task_id": "Python/152",
      "passed": false,
      "steps_used": 1,
      "trace": [
        {
          "step": 0,
          "patch": "def compare(game, guess):\n    return [abs(x - y) + abs(y - x) for x, y in zip(game, guess)]",
          "passed": false,
          "stdout": "",
          "stderr": "Traceback (most recent call last):\n  File \"/tmp/agentfix_18a03zcf/test_candidate.py\", line 18, in <module>\n    check(compare)\n  File \"/tmp/agentfix_18a03zcf/test_candidate.py\", line 7, in check\n    assert compare([1,2,3,4,5,1],[1,2,3,4,2,-2])==[0,0,0,0,3,3], \"This prints if this assert fails 1 (good for debugging!)\"\n           ^^^^^^^^^^^^^^^^^^^^^^^^^^^^^^^^^^^^^^^^^^^^^^^^^^^^\nAssertionError: This prints if this assert fails 1 (good for debugging!)\n",
          "failures": "Traceback (most recent call last):\n  File \"/tmp/agentfix_18a03zcf/test_candidate.py\", line 18, in <module>\n    check(compare)\n  File \"/tmp/agentfix_18a03zcf/test_candidate.py\", line 7, in check\n    assert compare([1,2,3,4,5,1],[1,2,3,4,2,-2])==[0,0,0,0,3,3], \"This prints if this assert fails 1 (good for debugging!)\"\n           ^^^^^^^^^^^^^^^^^^^^^^^^^^^^^^^^^^^^^^^^^^^^^^^^^^^^\nAssertionError: This prints if this assert fails 1 (good for debugging!)",
          "duration_s": 0.095
        }
      ],
      "wall_time_s": 1.911
    },
    {
      "task_id": "Python/153",
      "passed": false,
      "steps_used": 1,
      "trace": [
        {
          "step": 0,
          "patch": "def Strongest_Extension(extensions, class_name):\n    strong = extensions[0]\n    my_val = len([x for x in extensions[0] if x.isalpha() and x.isupper()]) - len([x for x in extensions[0] if x.isalpha() and x.islower()])\n    for s in extensions:\n        val = len([x for x in s if x.isalpha() and x.isupper()]) - len([x for x in s if x.isalpha() and x.islower()])\n        if val > my_val:\n            strong = s\n            my_val = val\n\n    ans = class_name + strong\n    return ans",
          "passed": false,
          "stdout": "",
          "stderr": "Traceback (most recent call last):\n  File \"/tmp/agentfix_hj9ek4w8/test_candidate.py\", line 19, in <module>\n    check(Strongest_Extension)\n  File \"/tmp/agentfix_hj9ek4w8/test_candidate.py\", line 7, in check\n    assert Strongest_Extension('Watashi', ['tEN', 'niNE', 'eIGHt8OKe']) == 'Watashi.eIGHt8OKe'\n           ^^^^^^^^^^^^^^^^^^^^^^^^^^^^^^^^^^^^^^^^^^^^^^^^^^^^^^^^^^^^\n  File \"/tmp/agentfix_hj9ek4w8/candidate.py\", line 10, in Strongest_Extension\n    ans = class_name + strong\n          ~~~~~~~~~~~^~~~~~~~\nTypeError: can only concatenate list (not \"str\") to list\n",
          "failures": "Traceback (most recent call last):\n  File \"/tmp/agentfix_hj9ek4w8/test_candidate.py\", line 19, in <module>\n    check(Strongest_Extension)\n  File \"/tmp/agentfix_hj9ek4w8/test_candidate.py\", line 7, in check\n    assert Strongest_Extension('Watashi', ['tEN', 'niNE', 'eIGHt8OKe']) == 'Watashi.eIGHt8OKe'\n           ^^^^^^^^^^^^^^^^^^^^^^^^^^^^^^^^^^^^^^^^^^^^^^^^^^^^^^^^^^^^\n  File \"/tmp/agentfix_hj9ek4w8/candidate.py\", line 10, in Strongest_Extension\n    ans = class_name + strong\n          ~~~~~~~~~~~^~~~~~~~\nTypeError: can only concatenate list (not \"str\") to list",
          "duration_s": 0.097
        }
      ],
      "wall_time_s": 6.947
    },
    {
      "task_id": "Python/154",
      "passed": false,
      "steps_used": 1,
      "trace": [
        {
          "step": 0,
          "patch": "def cycpattern_check(a, b):\n    l = len(b)\n    pat = b + b\n    for i in range(len(a) - l + 1):\n        for j in range(len(b) - l + 1):\n            if a[i:i+l] == pat[j:j+l]:\n                return True\n    return False",
          "passed": false,
          "stdout": "",
          "stderr": "Traceback (most recent call last):\n  File \"/tmp/agentfix_bej8krqc/test_candidate.py\", line 18, in <module>\n    check(cycpattern_check)\n  File \"/tmp/agentfix_bej8krqc/test_candidate.py\", line 14, in check\n    assert  cycpattern_check(\"efef\",\"fee\") == True , \"test #3\"\n            ^^^^^^^^^^^^^^^^^^^^^^^^^^^^^^^^^^^^^^\nAssertionError: test #3\n",
          "failures": "Traceback (most recent call last):\n  File \"/tmp/agentfix_bej8krqc/test_candidate.py\", line 18, in <module>\n    check(cycpattern_check)\n  File \"/tmp/agentfix_bej8krqc/test_candidate.py\", line 14, in check\n    assert  cycpattern_check(\"efef\",\"fee\") == True , \"test #3\"\n            ^^^^^^^^^^^^^^^^^^^^^^^^^^^^^^^^^^^^^^\nAssertionError: test #3",
          "duration_s": 0.095
        }
      ],
      "wall_time_s": 4.021
    },
    {
      "task_id": "Python/155",
      "passed": true,
      "steps_used": 1,
      "trace": [
        {
          "step": 0,
          "patch": "def even_odd_count(num):\n    even_count = 0\n    odd_count = 0\n    for i in str(abs(num)):\n        if int(i) % 2 == 0:\n            even_count += 1\n        else:\n            odd_count += 1\n    return (even_count, odd_count)",
          "passed": true,
          "stdout": "",
          "stderr": "",
          "failures": "",
          "duration_s": 0.095
        }
      ],
      "wall_time_s": 3.564
    },
    {
      "task_id": "Python/156",
      "passed": false,
      "steps_used": 1,
      "trace": [
        {
          "step": 0,
          "patch": "def int_to_mini_roman(num):\n    num = [1, 4, 5, 9, 10, 40, 50, 90, 100, 400, 500, 900, 1000] \n    sym = [\"I\", \"IV\", \"V\", \"IX\", \"X\", \"XL\", \"L\", \"XC\", \"C\", \"CD\", \"D\", \"CM\", \"M\"] \n    i = 12\n    res = ''\n    while number: \n        div = number // num[i] \n        number %= num[i] \n        while div: \n            res += sym[i]\n        i -= 1\n    return res.lower()",
          "passed": false,
          "stdout": "",
          "stderr": "Traceback (most recent call last):\n  File \"/tmp/agentfix_ltv7ejl3/test_candidate.py\", line 25, in <module>\n    check(int_to_mini_roman)\n  File \"/tmp/agentfix_ltv7ejl3/test_candidate.py\", line 7, in check\n    assert int_to_mini_roman(19) == 'xix'\n           ^^^^^^^^^^^^^^^^^^^^^\n  File \"/tmp/agentfix_ltv7ejl3/candidate.py\", line 6, in int_to_mini_roman\n    while number: \n          ^^^^^^\nUnboundLocalError: cannot access local variable 'number' where it is not associated with a value\n",
          "failures": "Traceback (most recent call last):\n  File \"/tmp/agentfix_ltv7ejl3/test_candidate.py\", line 25, in <module>\n    check(int_to_mini_roman)\n  File \"/tmp/agentfix_ltv7ejl3/test_candidate.py\", line 7, in check\n    assert int_to_mini_roman(19) == 'xix'\n           ^^^^^^^^^^^^^^^^^^^^^\n  File \"/tmp/agentfix_ltv7ejl3/candidate.py\", line 6, in int_to_mini_roman\n    while number: \n          ^^^^^^\nUnboundLocalError: cannot access local variable 'number' where it is not associated with a value",
          "duration_s": 0.095
        }
      ],
      "wall_time_s": 8.37
    },
    {
      "task_id": "Python/157",
      "passed": false,
      "steps_used": 1,
      "trace": [
        {
          "step": 0,
          "patch": "def right_angle_triangle(a, b, c):\n    return a**2 + b**2 == c**2",
          "passed": false,
          "stdout": "",
          "stderr": "Traceback (most recent call last):\n  File \"/tmp/agentfix_yuwef959/test_candidate.py\", line 21, in <module>\n    check(right_angle_triangle)\n  File \"/tmp/agentfix_yuwef959/test_candidate.py\", line 9, in check\n    assert right_angle_triangle(10, 6, 8) == True\n           ^^^^^^^^^^^^^^^^^^^^^^^^^^^^^^^^^^^^^^\nAssertionError\n",
          "failures": "Traceback (most recent call last):\n  File \"/tmp/agentfix_yuwef959/test_candidate.py\", line 21, in <module>\n    check(right_angle_triangle)\n  File \"/tmp/agentfix_yuwef959/test_candidate.py\", line 9, in check\n    assert right_angle_triangle(10, 6, 8) == True\n           ^^^^^^^^^^^^^^^^^^^^^^^^^^^^^^^^^^^^^^\nAssertionError",
          "duration_s": 0.095
        }
      ],
      "wall_time_s": 1.627
    },
    {
      "task_id": "Python/158",
      "passed": false,
      "steps_used": 1,
      "trace": [
        {
          "step": 0,
          "patch": "def find_max(words):\n    return max(words)",
          "passed": false,
          "stdout": "",
          "stderr": "Traceback (most recent call last):\n  File \"/tmp/agentfix_ng4uzfvy/test_candidate.py\", line 20, in <module>\n    check(find_max)\n  File \"/tmp/agentfix_ng4uzfvy/test_candidate.py\", line 8, in check\n    assert (find_max([\"name\", \"enam\", \"game\"]) == \"enam\"), 't2'\n            ^^^^^^^^^^^^^^^^^^^^^^^^^^^^^^^^^^^^^^^^^^^^\nAssertionError: t2\n",
          "failures": "Traceback (most recent call last):\n  File \"/tmp/agentfix_ng4uzfvy/test_candidate.py\", line 20, in <module>\n    check(find_max)\n  File \"/tmp/agentfix_ng4uzfvy/test_candidate.py\", line 8, in check\n    assert (find_max([\"name\", \"enam\", \"game\"]) == \"enam\"), 't2'\n            ^^^^^^^^^^^^^^^^^^^^^^^^^^^^^^^^^^^^^^^^^^^^\nAssertionError: t2",
          "duration_s": 0.095
        }
      ],
      "wall_time_s": 1.421
    },
    {
      "task_id": "Python/159",
      "passed": false,
      "steps_used": 1,
      "trace": [
        {
          "step": 0,
          "patch": "def eat(need, remaining):\n    if(need <= remaining):\n        return [ number + need , number + remaining-need ]\n    else:\n        return [ number + need + remaining , 0]",
          "passed": false,
          "stdout": "",
          "stderr": "Traceback (most recent call last):\n  File \"/tmp/agentfix_61vvw4a9/test_candidate.py\", line 18, in <module>\n    check(eat)\n  File \"/tmp/agentfix_61vvw4a9/test_candidate.py\", line 8, in check\n    assert eat(5, 6, 10) == [11, 4], \"Error\"\n           ^^^^^^^^^^^^^\nTypeError: eat() takes 2 positional arguments but 3 were given\n",
          "failures": "Traceback (most recent call last):\n  File \"/tmp/agentfix_61vvw4a9/test_candidate.py\", line 18, in <module>\n    check(eat)\n  File \"/tmp/agentfix_61vvw4a9/test_candidate.py\", line 8, in check\n    assert eat(5, 6, 10) == [11, 4], \"Error\"\n           ^^^^^^^^^^^^^\nTypeError: eat() takes 2 positional arguments but 3 were given",
          "duration_s": 0.094
        }
      ],
      "wall_time_s": 2.482
    },
    {
      "task_id": "Python/160",
      "passed": false,
      "steps_used": 1,
      "trace": [
        {
          "step": 0,
          "patch": "def do_algebra(operand, operator):\n    expression = str(operand[0])\n    for oprt, oprn in zip(operator, operand[1:]):\n        expression += oprt + str(oprn)\n    return eval(expression)",
          "passed": false,
          "stdout": "",
          "stderr": "Traceback (most recent call last):\n  File \"/tmp/agentfix_x2e_jj8k/test_candidate.py\", line 14, in <module>\n    check(do_algebra)\n  File \"/tmp/agentfix_x2e_jj8k/test_candidate.py\", line 7, in check\n    assert do_algebra(['**', '*', '+'], [2, 3, 4, 5]) == 37\n           ^^^^^^^^^^^^^^^^^^^^^^^^^^^^^^^^^^^^^^^^^^\n  File \"/tmp/agentfix_x2e_jj8k/candidate.py\", line 4, in do_algebra\n    expression += oprt + str(oprn)\n                  ~~~~~^~~~~~~~~~~\nTypeError: unsupported operand type(s) for +: 'int' and 'str'\n",
          "failures": "Traceback (most recent call last):\n  File \"/tmp/agentfix_x2e_jj8k/test_candidate.py\", line 14, in <module>\n    check(do_algebra)\n  File \"/tmp/agentfix_x2e_jj8k/test_candidate.py\", line 7, in check\n    assert do_algebra(['**', '*', '+'], [2, 3, 4, 5]) == 37\n           ^^^^^^^^^^^^^^^^^^^^^^^^^^^^^^^^^^^^^^^^^^\n  File \"/tmp/agentfix_x2e_jj8k/candidate.py\", line 4, in do_algebra\n    expression += oprt + str(oprn)\n                  ~~~~~^~~~~~~~~~~\nTypeError: unsupported operand type(s) for +: 'int' and 'str'",
          "duration_s": 0.096
        }
      ],
      "wall_time_s": 3.024
    },
    {
      "task_id": "Python/161",
      "passed": false,
      "steps_used": 1,
      "trace": [
        {
          "step": 0,
          "patch": "def solve(s):\n    flg = 0\n    idx = 0\n    new_str = list(s)\n    for i in s:\n        if i.isalpha():\n            new_str[idx] = i\n            flg = 1\n        idx += 1\n    s = \"\"\n    for i in new_str:\n        s += i\n    if flg == 0:\n        return s[::-1]\n    return s",
          "passed": false,
          "stdout": "",
          "stderr": "Traceback (most recent call last):\n  File \"/tmp/agentfix__wuucjnn/test_candidate.py\", line 20, in <module>\n    check(solve)\n  File \"/tmp/agentfix__wuucjnn/test_candidate.py\", line 7, in check\n    assert solve(\"AsDf\") == \"aSdF\"\n           ^^^^^^^^^^^^^^^^^^^^^^^\nAssertionError\n",
          "failures": "Traceback (most recent call last):\n  File \"/tmp/agentfix__wuucjnn/test_candidate.py\", line 20, in <module>\n    check(solve)\n  File \"/tmp/agentfix__wuucjnn/test_candidate.py\", line 7, in check\n    assert solve(\"AsDf\") == \"aSdF\"\n           ^^^^^^^^^^^^^^^^^^^^^^^\nAssertionError",
          "duration_s": 0.095
        }
      ],
      "wall_time_s": 4.739
    },
    {
      "task_id": "Python/162",
      "passed": true,
      "steps_used": 1,
      "trace": [
        {
          "step": 0,
          "patch": "def string_to_md5(text):\n    import hashlib\n    return hashlib.md5(text.encode()).hexdigest() if text else None",
          "passed": true,
          "stdout": "",
          "stderr": "",
          "failures": "",
          "duration_s": 0.094
        }
      ],
      "wall_time_s": 1.827
    },
    {
      "task_id": "Python/163",
      "passed": false,
      "steps_used": 1,
      "trace": [
        {
          "step": 0,
          "patch": "def generate_integers(a, b):\n    lower = max(2, min(a, b))\n    upper = min(8, max(a, b))\n\n    return [i for i in range(lower, upper) if i % 2 == 0]",
          "passed": false,
          "stdout": "",
          "stderr": "Traceback (most recent call last):\n  File \"/tmp/agentfix_mruw9g2d/test_candidate.py\", line 15, in <module>\n    check(generate_integers)\n  File \"/tmp/agentfix_mruw9g2d/test_candidate.py\", line 7, in check\n    assert generate_integers(2, 10) == [2, 4, 6, 8], \"Test 1\"\n           ^^^^^^^^^^^^^^^^^^^^^^^^^^^^^^^^^^^^^^^^\nAssertionError: Test 1\n",
          "failures": "Traceback (most recent call last):\n  File \"/tmp/agentfix_mruw9g2d/test_candidate.py\", line 15, in <module>\n    check(generate_integers)\n  File \"/tmp/agentfix_mruw9g2d/test_candidate.py\", line 7, in check\n    assert generate_integers(2, 10) == [2, 4, 6, 8], \"Test 1\"\n           ^^^^^^^^^^^^^^^^^^^^^^^^^^^^^^^^^^^^^^^^\nAssertionError: Test 1",
          "duration_s": 0.097
        }
      ],
      "wall_time_s": 3.111
    }
  ]
}