{
  "pass_at_1": 0.2621951219512195,
  "passed": 43,
  "total": 164,
  "config": {
    "model_id": "Qwen/Qwen2.5-Coder-1.5B-Instruct",
    "device": "cuda",
    "do_sample": true,
    "temperature": 0.5,
    "top_p": 0.9,
    "top_k": null,
    "num_beams": 1,
    "max_new_tokens": 1024,
    "repetition_penalty": 1.05
  },
  "results": [
    {
      "task_id": "Python/0",
      "passed": false,
      "steps_used": 1,
      "trace": [
        {
          "step": 0,
          "patch": "def has_close_elements(numbers, threshold):\n    for idx in range(len(numbers)):\n        for idx2 in range(idx + 1, len(numbers)):\n            distance = numbers[idx] - numbers[idx2]\n            if distance < threshold:\n                return True\n\n    return False",
          "passed": false,
          "stdout": "",
          "stderr": "Traceback (most recent call last):\n  File \"/tmp/agentfix_3ipu9yef/test_candidate.py\", line 18, in <module>\n    check(has_close_elements)\n  File \"/tmp/agentfix_3ipu9yef/test_candidate.py\", line 11, in check\n    assert has_close_elements([1.0, 2.0, 3.9, 4.0, 5.0, 2.2], 0.05) == False\n           ^^^^^^^^^^^^^^^^^^^^^^^^^^^^^^^^^^^^^^^^^^^^^^^^^^^^^^^^^^^^^^^^^\nAssertionError\n",
          "failures": "Traceback (most recent call last):\n  File \"/tmp/agentfix_3ipu9yef/test_candidate.py\", line 18, in <module>\n    check(has_close_elements)\n  File \"/tmp/agentfix_3ipu9yef/test_candidate.py\", line 11, in check\n    assert has_close_elements([1.0, 2.0, 3.9, 4.0, 5.0, 2.2], 0.05) == False\n           ^^^^^^^^^^^^^^^^^^^^^^^^^^^^^^^^^^^^^^^^^^^^^^^^^^^^^^^^^^^^^^^^^\nAssertionError",
          "duration_s": 0.094
        }
      ],
      "wall_time_s": 10.645
    },
    {
      "task_id": "Python/1",
      "passed": false,
      "steps_used": 1,
      "trace": [
        {
          "step": 0,
          "patch": "def separate_paren_groups(paren_string):\n    result = []\n    current_string = []\n    current_depth = 0\n\n    for c in paren_string:\n        if c == '(':\n            current_depth += 1\n            current_string.append(c)\n        elif c == ')':\n            current_depth -= 1\n            current_string.append(c)\n\n            if current_depth < 0:\n                result.append(''.join(current_string))\n                current_string.clear()\n\n    return result",
          "passed": false,
          "stdout": "",
          "stderr": "Traceback (most recent call last):\n  File \"/tmp/agentfix_khrxcck6/test_candidate.py\", line 21, in <module>\n    check(separate_paren_groups)\n  File \"/tmp/agentfix_khrxcck6/test_candidate.py\", line 10, in check\n    assert separate_paren_groups('(()()) ((())) () ((())()())') == [\n           ^^^^^^^^^^^^^^^^^^^^^^^^^^^^^^^^^^^^^^^^^^^^^^^^^^^^^^^^^\nAssertionError\n",
          "failures": "Traceback (most recent call last):\n  File \"/tmp/agentfix_khrxcck6/test_candidate.py\", line 21, in <module>\n    check(separate_paren_groups)\n  File \"/tmp/agentfix_khrxcck6/test_candidate.py\", line 10, in check\n    assert separate_paren_groups('(()()) ((())) () ((())()())') == [\n           ^^^^^^^^^^^^^^^^^^^^^^^^^^^^^^^^^^^^^^^^^^^^^^^^^^^^^^^^^\nAssertionError",
          "duration_s": 0.094
        }
      ],
      "wall_time_s": 3.422
    },
    {
      "task_id": "Python/2",
      "passed": false,
      "steps_used": 1,
      "trace": [
        {
          "step": 0,
          "patch": "def truncate_number(number):\n    return int(number)",
          "passed": false,
          "stdout": "",
          "stderr": "Traceback (most recent call last):\n  File \"/tmp/agentfix_etx_z4p7/test_candidate.py\", line 14, in <module>\n    check(truncate_number)\n  File \"/tmp/agentfix_etx_z4p7/test_candidate.py\", line 10, in check\n    assert truncate_number(3.5) == 0.5\n           ^^^^^^^^^^^^^^^^^^^^^^^^^^^\nAssertionError\n",
          "failures": "Traceback (most recent call last):\n  File \"/tmp/agentfix_etx_z4p7/test_candidate.py\", line 14, in <module>\n    check(truncate_number)\n  File \"/tmp/agentfix_etx_z4p7/test_candidate.py\", line 10, in check\n    assert truncate_number(3.5) == 0.5\n           ^^^^^^^^^^^^^^^^^^^^^^^^^^^\nAssertionError",
          "duration_s": 0.096
        }
      ],
      "wall_time_s": 0.655
    },
    {
      "task_id": "Python/3",
      "passed": true,
      "steps_used": 1,
      "trace": [
        {
          "step": 0,
          "patch": "def below_zero(operations):\n    balance = 0\n\n    for op in operations:\n        balance += op\n        if balance < 0:\n            return True\n\n    return False",
          "passed": true,
          "stdout": "",
          "stderr": "",
          "failures": "",
          "duration_s": 0.095
        }
      ],
      "wall_time_s": 1.546
    },
    {
      "task_id": "Python/4",
      "passed": true,
      "steps_used": 1,
      "trace": [
        {
          "step": 0,
          "patch": "def mean_absolute_deviation(numbers):\n    total_sum = sum(numbers)\n    count = len(numbers)\n    mean = total_sum / count\n    deviations = [abs(x - mean) for x in numbers]\n    return sum(deviations) / count",
          "passed": true,
          "stdout": "",
          "stderr": "",
          "failures": "",
          "duration_s": 0.094
        }
      ],
      "wall_time_s": 1.985
    },
    {
      "task_id": "Python/5",
      "passed": true,
      "steps_used": 1,
      "trace": [
        {
          "step": 0,
          "patch": "def intersperse(numbers, delimiter):\n    if not numbers:\n        return []\n\n    result = []\n    for i, n in enumerate(numbers):\n        result.append(n)\n        if i < len(numbers) - 1:\n            result.append(delimiter)\n\n    return result",
          "passed": true,
          "stdout": "",
          "stderr": "",
          "failures": "",
          "duration_s": 0.099
        }
      ],
      "wall_time_s": 2.065
    },
    {
      "task_id": "Python/6",
      "passed": false,
      "steps_used": 1,
      "trace": [
        {
          "step": 0,
          "patch": "def parse_nested_parens(s):\n    depth = 0\n    max_depth = 0\n    for c in s:\n        if c == '(':\n            depth += 1\n            max_depth = max(depth, max_depth)\n        else:\n            max_depth -= 1\n\n    return max_depth",
          "passed": false,
          "stdout": "",
          "stderr": "Traceback (most recent call last):\n  File \"/tmp/agentfix_0gjux065/test_candidate.py\", line 14, in <module>\n    check(parse_nested_parens)\n  File \"/tmp/agentfix_0gjux065/test_candidate.py\", line 10, in check\n    assert parse_nested_parens('(()()) ((())) () ((())()())') == [2, 3, 1, 3]\n           ^^^^^^^^^^^^^^^^^^^^^^^^^^^^^^^^^^^^^^^^^^^^^^^^^^^^^^^^^^^^^^^^^^\nAssertionError\n",
          "failures": "Traceback (most recent call last):\n  File \"/tmp/agentfix_0gjux065/test_candidate.py\", line 14, in <module>\n    check(parse_nested_parens)\n  File \"/tmp/agentfix_0gjux065/test_candidate.py\", line 10, in check\n    assert parse_nested_parens('(()()) ((())) () ((())()())') == [2, 3, 1, 3]\n           ^^^^^^^^^^^^^^^^^^^^^^^^^^^^^^^^^^^^^^^^^^^^^^^^^^^^^^^^^^^^^^^^^^\nAssertionError",
          "duration_s": 0.094
        }
      ],
      "wall_time_s": 2.425
    },
    {
      "task_id": "Python/7",
      "passed": true,
      "steps_used": 1,
      "trace": [
        {
          "step": 0,
          "patch": "def filter_by_substring(strings, substring):\n    return [x for x in strings if substring in x]",
          "passed": true,
          "stdout": "",
          "stderr": "",
          "failures": "",
          "duration_s": 0.095
        }
      ],
      "wall_time_s": 1.045
    },
    {
      "task_id": "Python/8",
      "passed": true,
      "steps_used": 1,
      "trace": [
        {
          "step": 0,
          "patch": "def sum_product(numbers):\n    sum_value = 0\n    prod_value = 1\n\n    for n in numbers:\n        sum_value += n\n        prod_value *= n\n    return sum_value, prod_value",
          "passed": true,
          "stdout": "",
          "stderr": "",
          "failures": "",
          "duration_s": 0.094
        }
      ],
      "wall_time_s": 1.77
    },
    {
      "task_id": "Python/9",
      "passed": true,
      "steps_used": 1,
      "trace": [
        {
          "step": 0,
          "patch": "def rolling_max(numbers):\n    result = []\n    current_max = None\n\n    for n in numbers:\n        if current_max is None:\n            current_max = n\n        else:\n            current_max = max(current_max, n)\n\n        result.append(current_max)\n\n    return result",
          "passed": true,
          "stdout": "",
          "stderr": "",
          "failures": "",
          "duration_s": 0.094
        }
      ],
      "wall_time_s": 2.154
    },
    {
      "task_id": "Python/10",
      "passed": false,
      "steps_used": 1,
      "trace": [
        {
          "step": 0,
          "patch": "def make_palindrome(s):\n    if not s:\n        return ''\n    \n    left, right = 0, len(s) - 1\n    \n    while left < right:\n        if s[left] != s[right]:\n            break\n        left += 1\n        right -= 1\n    \n    return s + s[left:right+1][::-1]",
          "passed": false,
          "stdout": "",
          "stderr": "Traceback (most recent call last):\n  File \"/tmp/agentfix_zj8jbc8n/test_candidate.py\", line 16, in <module>\n    check(make_palindrome)\n  File \"/tmp/agentfix_zj8jbc8n/test_candidate.py\", line 11, in check\n    assert make_palindrome('x') == 'x'\n           ^^^^^^^^^^^^^^^^^^^^^^^^^^^\nAssertionError\n",
          "failures": "Traceback (most recent call last):\n  File \"/tmp/agentfix_zj8jbc8n/test_candidate.py\", line 16, in <module>\n    check(make_palindrome)\n  File \"/tmp/agentfix_zj8jbc8n/test_candidate.py\", line 11, in check\n    assert make_palindrome('x') == 'x'\n           ^^^^^^^^^^^^^^^^^^^^^^^^^^^\nAssertionError",
          "duration_s": 0.097
        }
      ],
      "wall_time_s": 2.688
    },
    {
      "task_id": "Python/11",
      "passed": false,
      "steps_used": 1,
      "trace": [
        {
          "step": 0,
          "patch": "def xor(i, j):\n    if i == j:\n        return '0'\n    else:\n        return '1'",
          "passed": false,
          "stdout": "",
          "stderr": "Traceback (most recent call last):\n  File \"/tmp/agentfix_pd4kfe27/test_candidate.py\", line 2, in <module>\n    from candidate import string_xor\nImportError: cannot import name 'string_xor' from 'candidate' (/tmp/agentfix_pd4kfe27/candidate.py)\n",
          "failures": "Traceback (most recent call last):\n  File \"/tmp/agentfix_pd4kfe27/test_candidate.py\", line 2, in <module>\n    from candidate import string_xor\nImportError: cannot import name 'string_xor' from 'candidate' (/tmp/agentfix_pd4kfe27/candidate.py)",
          "duration_s": 0.097
        }
      ],
      "wall_time_s": 1.745
    },
    {
      "task_id": "Python/12",
      "passed": true,
      "steps_used": 1,
      "trace": [
        {
          "step": 0,
          "patch": "def longest(strings):\n    if not strings:\n        return None\n\n    maxlen = max(len(s) for s in strings)\n    for s in strings:\n        if len(s) == maxlen:\n            return s",
          "passed": true,
          "stdout": "",
          "stderr": "",
          "failures": "",
          "duration_s": 0.093
        }
      ],
      "wall_time_s": 1.706
    },
    {
      "task_id": "Python/13",
      "passed": true,
      "steps_used": 1,
      "trace": [
        {
          "step": 0,
          "patch": "def greatest_common_divisor(a, b):\n    while b:\n        a, b = b, a % b\n    return a",
          "passed": true,
          "stdout": "",
          "stderr": "",
          "failures": "",
          "duration_s": 0.095
        }
      ],
      "wall_time_s": 1.227
    },
    {
      "task_id": "Python/14",
      "passed": true,
      "steps_used": 1,
      "trace": [
        {
          "step": 0,
          "patch": "def all_prefixes(string):\n    result = []\n    for i in range(len(string)):\n        result.append(string[:i+1])\n    return result",
          "passed": true,
          "stdout": "",
          "stderr": "",
          "failures": "",
          "duration_s": 0.094
        }
      ],
      "wall_time_s": 1.326
    },
    {
      "task_id": "Python/15",
      "passed": false,
      "steps_used": 1,
      "trace": [
        {
          "step": 0,
          "patch": "def string_sequence(n):\n    return ' '.join(str(x) for x in range(1, n+1))",
          "passed": false,
          "stdout": "",
          "stderr": "Traceback (most recent call last):\n  File \"/tmp/agentfix_9tjakk_r/test_candidate.py\", line 14, in <module>\n    check(string_sequence)\n  File \"/tmp/agentfix_9tjakk_r/test_candidate.py\", line 10, in check\n    assert string_sequence(0) == '0'\n           ^^^^^^^^^^^^^^^^^^^^^^^^^\nAssertionError\n",
          "failures": "Traceback (most recent call last):\n  File \"/tmp/agentfix_9tjakk_r/test_candidate.py\", line 14, in <module>\n    check(string_sequence)\n  File \"/tmp/agentfix_9tjakk_r/test_candidate.py\", line 10, in check\n    assert string_sequence(0) == '0'\n           ^^^^^^^^^^^^^^^^^^^^^^^^^\nAssertionError",
          "duration_s": 0.095
        }
      ],
      "wall_time_s": 1.097
    },
    {
      "task_id": "Python/16",
      "passed": false,
      "steps_used": 1,
      "trace": [
        {
          "step": 0,
          "patch": "def count_distinct_characters(string):\n    return len(set(string))",
          "passed": false,
          "stdout": "",
          "stderr": "Traceback (most recent call last):\n  File \"/tmp/agentfix_rh0aye_c/test_candidate.py\", line 16, in <module>\n    check(count_distinct_characters)\n  File \"/tmp/agentfix_rh0aye_c/test_candidate.py\", line 12, in check\n    assert count_distinct_characters('abcde' + 'cade' + 'CADE') == 5\n           ^^^^^^^^^^^^^^^^^^^^^^^^^^^^^^^^^^^^^^^^^^^^^^^^^^^^^^^^^\nAssertionError\n",
          "failures": "Traceback (most recent call last):\n  File \"/tmp/agentfix_rh0aye_c/test_candidate.py\", line 16, in <module>\n    check(count_distinct_characters)\n  File \"/tmp/agentfix_rh0aye_c/test_candidate.py\", line 12, in check\n    assert count_distinct_characters('abcde' + 'cade' + 'CADE') == 5\n           ^^^^^^^^^^^^^^^^^^^^^^^^^^^^^^^^^^^^^^^^^^^^^^^^^^^^^^^^^\nAssertionError",
          "duration_s": 0.094
        }
      ],
      "wall_time_s": 0.759
    },
    {
      "task_id": "Python/17",
      "passed": false,
      "steps_used": 1,
      "trace": [
        {
          "step": 0,
          "patch": "def parse_music(music_string):\n    note_map = {'o': 3, 'o|': 2, '.|': 1}\n    return [note_map[x] for x in music_string.split(' ') if x in note_map]",
          "passed": false,
          "stdout": "",
          "stderr": "Traceback (most recent call last):\n  File \"/tmp/agentfix_n2cteejd/test_candidate.py\", line 16, in <module>\n    check(parse_music)\n  File \"/tmp/agentfix_n2cteejd/test_candidate.py\", line 11, in check\n    assert parse_music('o o o o') == [4, 4, 4, 4]\n           ^^^^^^^^^^^^^^^^^^^^^^^^^^^^^^^^^^^^^^\nAssertionError\n",
          "failures": "Traceback (most recent call last):\n  File \"/tmp/agentfix_n2cteejd/test_candidate.py\", line 16, in <module>\n    check(parse_music)\n  File \"/tmp/agentfix_n2cteejd/test_candidate.py\", line 11, in check\n    assert parse_music('o o o o') == [4, 4, 4, 4]\n           ^^^^^^^^^^^^^^^^^^^^^^^^^^^^^^^^^^^^^^\nAssertionError",
          "duration_s": 0.096
        }
      ],
      "wall_time_s": 1.951
    },
    {
      "task_id": "Python/18",
      "passed": true,
      "steps_used": 1,
      "trace": [
        {
          "step": 0,
          "patch": "def how_many_times(string, substring):\n    count = 0\n    for i in range(len(string) - len(substring) + 1):\n        if string[i:i+len(substring)] == substring:\n            count += 1\n    return count",
          "passed": true,
          "stdout": "",
          "stderr": "",
          "failures": "",
          "duration_s": 0.097
        }
      ],
      "wall_time_s": 2.015
    },
    {
      "task_id": "Python/19",
      "passed": false,
      "steps_used": 1,
      "trace": [
        {
          "step": 0,
          "patch": "def sort_numbers(numbers):\n    value_map = {\n        'zero': 0,\n        'one': 1,\n        'two': 2,\n        'three': 3,\n        'four': 4,\n        'five': 5,\n        'six': 6,\n        'seven': 7,\n        'eight': 8,\n        'nine': 9\n    }\n    return ' '.join(sorted([value_map[x] for x in numbers.split(' ')]))",
          "passed": false,
          "stdout": "",
          "stderr": "Traceback (most recent call last):\n  File \"/tmp/agentfix_3f0v310j/test_candidate.py\", line 16, in <module>\n    check(sort_numbers)\n  File \"/tmp/agentfix_3f0v310j/test_candidate.py\", line 10, in check\n    assert sort_numbers('') == ''\n           ^^^^^^^^^^^^^^^^\n  File \"/tmp/agentfix_3f0v310j/candidate.py\", line 14, in sort_numbers\n    return ' '.join(sorted([value_map[x] for x in numbers.split(' ')]))\n                           ^^^^^^^^^^^^^^^^^^^^^^^^^^^^^^^^^^^^^^^^^^\n  File \"/tmp/agentfix_3f0v310j/candidate.py\", line 14, in <listcomp>\n    return ' '.join(sorted([value_map[x] for x in numbers.split(' ')]))\n                            ~~~~~~~~~^^^\nKeyError: ''\n",
          "failures": "Traceback (most recent call last):\n  File \"/tmp/agentfix_3f0v310j/test_candidate.py\", line 16, in <module>\n    check(sort_numbers)\n  File \"/tmp/agentfix_3f0v310j/test_candidate.py\", line 10, in check\n    assert sort_numbers('') == ''\n           ^^^^^^^^^^^^^^^^\n  File \"/tmp/agentfix_3f0v310j/candidate.py\", line 14, in sort_numbers\n    return ' '.join(sorted([value_map[x] for x in numbers.split(' ')]))\n                           ^^^^^^^^^^^^^^^^^^^^^^^^^^^^^^^^^^^^^^^^^^\n  File \"/tmp/agentfix_3f0v310j/candidate.py\", line 14, in <listcomp>\n    return ' '.join(sorted([value_map[x] for x in numbers.split(' ')]))\n                            ~~~~~~~~~^^^\nKeyError: ''",
          "duration_s": 0.097
        }
      ],
      "wall_time_s": 3.637
    },
    {
      "task_id": "Python/20",
      "passed": true,
      "steps_used": 1,
      "trace": [
        {
          "step": 0,
          "patch": "def find_closest_elements(numbers):\n    closest_pair = None\n    min_distance = float('inf')\n\n    for idx, elem in enumerate(numbers):\n        for idx2, elem2 in enumerate(numbers):\n            if idx != idx2:\n                distance = abs(elem - elem2)\n                if distance < min_distance:\n                    min_distance = distance\n                    closest_pair = tuple(sorted([elem, elem2]))\n\n    return closest_pair",
          "passed": true,
          "stdout": "",
          "stderr": "",
          "failures": "",
          "duration_s": 0.095
        }
      ],
      "wall_time_s": 3.204
    },
    {
      "task_id": "Python/21",
      "passed": true,
      "steps_used": 1,
      "trace": [
        {
          "step": 0,
          "patch": "def rescale_to_unit(numbers):\n    min_number = min(numbers)\n    max_number = max(numbers)\n    return [(x - min_number) / (max_number - min_number) for x in numbers]",
          "passed": true,
          "stdout": "",
          "stderr": "",
          "failures": "",
          "duration_s": 0.094
        }
      ],
      "wall_time_s": 1.671
    },
    {
      "task_id": "Python/22",
      "passed": true,
      "steps_used": 1,
      "trace": [
        {
          "step": 0,
          "patch": "def filter_integers(values):\n    return [x for x in values if isinstance(x, int)]",
          "passed": true,
          "stdout": "",
          "stderr": "",
          "failures": "",
          "duration_s": 0.096
        }
      ],
      "wall_time_s": 0.991
    },
    {
      "task_id": "Python/23",
      "passed": true,
      "steps_used": 1,
      "trace": [
        {
          "step": 0,
          "patch": "def strlen(string):\n    return len(string)",
          "passed": true,
          "stdout": "",
          "stderr": "",
          "failures": "",
          "duration_s": 0.106
        }
      ],
      "wall_time_s": 0.65
    },
    {
      "task_id": "Python/24",
      "passed": false,
      "steps_used": 1,
      "trace": [
        {
          "step": 0,
          "patch": "def largest_divisor(n):\n    for i in range(1, n + 1):\n        if n % i == 0:\n            return i",
          "passed": false,
          "stdout": "",
          "stderr": "Traceback (most recent call last):\n  File \"/tmp/agentfix_7gt4urur/test_candidate.py\", line 16, in <module>\n    check(largest_divisor)\n  File \"/tmp/agentfix_7gt4urur/test_candidate.py\", line 12, in check\n    assert largest_divisor(10) == 5\n           ^^^^^^^^^^^^^^^^^^^^^^^^\nAssertionError\n",
          "failures": "Traceback (most recent call last):\n  File \"/tmp/agentfix_7gt4urur/test_candidate.py\", line 16, in <module>\n    check(largest_divisor)\n  File \"/tmp/agentfix_7gt4urur/test_candidate.py\", line 12, in check\n    assert largest_divisor(10) == 5\n           ^^^^^^^^^^^^^^^^^^^^^^^^\nAssertionError",
          "duration_s": 0.096
        }
      ],
      "wall_time_s": 1.366
    },
    {
      "task_id": "Python/25",
      "passed": true,
      "steps_used": 1,
      "trace": [
        {
          "step": 0,
          "patch": "def factorize(n):\n    fact = []\n    i = 2\n    while i * i <= n:\n        if n % i:\n            i += 1\n        else:\n            n //= i\n            fact.append(i)\n    if n > 1:\n        fact.append(n)\n    return fact",
          "passed": true,
          "stdout": "",
          "stderr": "",
          "failures": "",
          "duration_s": 0.094
        }
      ],
      "wall_time_s": 2.381
    },
    {
      "task_id": "Python/26",
      "passed": false,
      "steps_used": 1,
      "trace": [
        {
          "step": 0,
          "patch": "def remove_duplicates(numbers):\n    return list(set(numbers))",
          "passed": false,
          "stdout": "",
          "stderr": "Traceback (most recent call last):\n  File \"/tmp/agentfix_7i2wljje/test_candidate.py\", line 14, in <module>\n    check(remove_duplicates)\n  File \"/tmp/agentfix_7i2wljje/test_candidate.py\", line 12, in check\n    assert remove_duplicates([1, 2, 3, 2, 4, 3, 5]) == [1, 4, 5]\n           ^^^^^^^^^^^^^^^^^^^^^^^^^^^^^^^^^^^^^^^^^^^^^^^^^^^^^\nAssertionError\n",
          "failures": "Traceback (most recent call last):\n  File \"/tmp/agentfix_7i2wljje/test_candidate.py\", line 14, in <module>\n    check(remove_duplicates)\n  File \"/tmp/agentfix_7i2wljje/test_candidate.py\", line 12, in check\n    assert remove_duplicates([1, 2, 3, 2, 4, 3, 5]) == [1, 4, 5]\n           ^^^^^^^^^^^^^^^^^^^^^^^^^^^^^^^^^^^^^^^^^^^^^^^^^^^^^\nAssertionError",
          "duration_s": 0.095
        }
      ],
      "wall_time_s": 0.696
    },
    {
      "task_id": "Python/27",
      "passed": true,
      "steps_used": 1,
      "trace": [
        {
          "step": 0,
          "patch": "def flip_case(string):\n    return string.swapcase()",
          "passed": true,
          "stdout": "",
          "stderr": "",
          "failures": "",
          "duration_s": 0.109
        }
      ],
      "wall_time_s": 0.691
    },
    {
      "task_id": "Python/28",
      "passed": true,
      "steps_used": 1,
      "trace": [
        {
          "step": 0,
          "patch": "def concatenate(strings):\n    return ''.join(strings)",
          "passed": true,
          "stdout": "",
          "stderr": "",
          "failures": "",
          "duration_s": 0.114
        }
      ],
      "wall_time_s": 0.664
    },
    {
      "task_id": "Python/29",
      "passed": true,
      "steps_used": 1,
      "trace": [
        {
          "step": 0,
          "patch": "def filter_by_prefix(strings, prefix):\n    return [x for x in strings if x.startswith(prefix)]",
          "passed": true,
          "stdout": "",
          "stderr": "",
          "failures": "",
          "duration_s": 0.097
        }
      ],
      "wall_time_s": 1.014
    },
    {
      "task_id": "Python/30",
      "passed": false,
      "steps_used": 1,
      "trace": [
        {
          "step": 0,
          "patch": "def get_positive(l):\n    return [e for e in l if e >= 0]",
          "passed": false,
          "stdout": "",
          "stderr": "Traceback (most recent call last):\n  File \"/tmp/agentfix_hfh_bz4q/test_candidate.py\", line 15, in <module>\n    check(get_positive)\n  File \"/tmp/agentfix_hfh_bz4q/test_candidate.py\", line 11, in check\n    assert get_positive([5, 3, -5, 2, 3, 3, 9, 0, 123, 1, -10]) == [5, 3, 2, 3, 3, 9, 123, 1]\n           ^^^^^^^^^^^^^^^^^^^^^^^^^^^^^^^^^^^^^^^^^^^^^^^^^^^^^^^^^^^^^^^^^^^^^^^^^^^^^^^^^^\nAssertionError\n",
          "failures": "Traceback (most recent call last):\n  File \"/tmp/agentfix_hfh_bz4q/test_candidate.py\", line 15, in <module>\n    check(get_positive)\n  File \"/tmp/agentfix_hfh_bz4q/test_candidate.py\", line 11, in check\n    assert get_positive([5, 3, -5, 2, 3, 3, 9, 0, 123, 1, -10]) == [5, 3, 2, 3, 3, 9, 123, 1]\n           ^^^^^^^^^^^^^^^^^^^^^^^^^^^^^^^^^^^^^^^^^^^^^^^^^^^^^^^^^^^^^^^^^^^^^^^^^^^^^^^^^^\nAssertionError",
          "duration_s": 0.096
        }
      ],
      "wall_time_s": 0.943
    },
    {
      "task_id": "Python/31",
      "passed": true,
      "steps_used": 1,
      "trace": [
        {
          "step": 0,
          "patch": "def is_prime(n):\n    if n < 2:\n        return False\n    for k in range(2, int(n**0.5) + 1):\n        if n % k == 0:\n            return False\n    return True",
          "passed": true,
          "stdout": "",
          "stderr": "",
          "failures": "",
          "duration_s": 0.094
        }
      ],
      "wall_time_s": 1.975
    },
    {
      "task_id": "Python/32",
      "passed": false,
      "steps_used": 1,
      "trace": [
        {
          "step": 0,
          "patch": "def find_zero(xs):\n    begin, end = -1., 1.\n    while poly(xs, begin) * poly(xs, end) > 0:\n        begin *= 2.0\n        end *= 2.0\n    while abs(begin - end) > 1e-10:\n        center = (begin + end) / 2.0\n        if poly(xs, center) * poly(xs, begin) > 0:\n            begin = center\n        else:\n            end = center\n    return begin",
          "passed": false,
          "stdout": "",
          "stderr": "Traceback (most recent call last):\n  File \"/tmp/agentfix_1b4l7w20/test_candidate.py\", line 25, in <module>\n    check(find_zero)\n  File \"/tmp/agentfix_1b4l7w20/test_candidate.py\", line 22, in check\n    solution = find_zero(copy.deepcopy(coeffs))\n               ^^^^^^^^^^^^^^^^^^^^^^^^^^^^^^^^\n  File \"/tmp/agentfix_1b4l7w20/candidate.py\", line 3, in find_zero\n    while poly(xs, begin) * poly(xs, end) > 0:\n          ^^^^\nNameError: name 'poly' is not defined\n",
          "failures": "Traceback (most recent call last):\n  File \"/tmp/agentfix_1b4l7w20/test_candidate.py\", line 25, in <module>\n    check(find_zero)\n  File \"/tmp/agentfix_1b4l7w20/test_candidate.py\", line 22, in check\n    solution = find_zero(copy.deepcopy(coeffs))\n               ^^^^^^^^^^^^^^^^^^^^^^^^^^^^^^^^\n  File \"/tmp/agentfix_1b4l7w20/candidate.py\", line 3, in find_zero\n    while poly(xs, begin) * poly(xs, end) > 0:\n          ^^^^\nNameError: name 'poly' is not defined",
          "duration_s": 0.098
        }
      ],
      "wall_time_s": 3.944
    },
    {
      "task_id": "Python/33",
      "passed": false,
      "steps_used": 1,
      "trace": [
        {
          "step": 0,
          "patch": "def sort_third(l):\n    l.sort()\n    return l",
          "passed": false,
          "stdout": "",
          "stderr": "Traceback (most recent call last):\n  File \"/tmp/agentfix_zrotizp5/test_candidate.py\", line 18, in <module>\n    check(sort_third)\n  File \"/tmp/agentfix_zrotizp5/test_candidate.py\", line 13, in check\n    assert tuple(sort_third([5, 6, 3, 4, 8, 9, 2])) == tuple([2, 6, 3, 4, 8, 9, 5])\n           ^^^^^^^^^^^^^^^^^^^^^^^^^^^^^^^^^^^^^^^^^^^^^^^^^^^^^^^^^^^^^^^^^^^^^^^^\nAssertionError\n",
          "failures": "Traceback (most recent call last):\n  File \"/tmp/agentfix_zrotizp5/test_candidate.py\", line 18, in <module>\n    check(sort_third)\n  File \"/tmp/agentfix_zrotizp5/test_candidate.py\", line 13, in check\n    assert tuple(sort_third([5, 6, 3, 4, 8, 9, 2])) == tuple([2, 6, 3, 4, 8, 9, 5])\n           ^^^^^^^^^^^^^^^^^^^^^^^^^^^^^^^^^^^^^^^^^^^^^^^^^^^^^^^^^^^^^^^^^^^^^^^^\nAssertionError",
          "duration_s": 0.095
        }
      ],
      "wall_time_s": 0.731
    },
    {
      "task_id": "Python/34",
      "passed": true,
      "steps_used": 1,
      "trace": [
        {
          "step": 0,
          "patch": "def unique(l):\n    return list(set(l))",
          "passed": true,
          "stdout": "",
          "stderr": "",
          "failures": "",
          "duration_s": 0.094
        }
      ],
      "wall_time_s": 0.632
    },
    {
      "task_id": "Python/35",
      "passed": true,
      "steps_used": 1,
      "trace": [
        {
          "step": 0,
          "patch": "def max_element(l):\n    if not l:\n        raise ValueError(\"List is empty\")\n    m = l[0]\n    for e in l:\n        if e > m:\n            m = e\n    return m",
          "passed": true,
          "stdout": "",
          "stderr": "",
          "failures": "",
          "duration_s": 0.094
        }
      ],
      "wall_time_s": 1.812
    },
    {
      "task_id": "Python/36",
      "passed": false,
      "steps_used": 1,
      "trace": [
        {
          "step": 0,
          "patch": "def fizz_buzz(n):\n    ans = 0\n    for i in range(n):\n        if i % 11 == 0 and i % 13 == 0:\n            ans += 1\n    return ans",
          "passed": false,
          "stdout": "",
          "stderr": "Traceback (most recent call last):\n  File \"/tmp/agentfix_hw80pjxl/test_candidate.py\", line 19, in <module>\n    check(fizz_buzz)\n  File \"/tmp/agentfix_hw80pjxl/test_candidate.py\", line 10, in check\n    assert fizz_buzz(50) == 0\n           ^^^^^^^^^^^^^^^^^^\nAssertionError\n",
          "failures": "Traceback (most recent call last):\n  File \"/tmp/agentfix_hw80pjxl/test_candidate.py\", line 19, in <module>\n    check(fizz_buzz)\n  File \"/tmp/agentfix_hw80pjxl/test_candidate.py\", line 10, in check\n    assert fizz_buzz(50) == 0\n           ^^^^^^^^^^^^^^^^^^\nAssertionError",
          "duration_s": 0.094
        }
      ],
      "wall_time_s": 1.898
    },
    {
      "task_id": "Python/37",
      "passed": false,
      "steps_used": 1,
      "trace": [
        {
          "step": 0,
          "patch": "def sort_even(l):\n    evens = l[::2]\n    odds = l[1::2]\n    odds.sort(reverse=True)\n    ans = []\n    for e, o in zip(evens, odds):\n        ans.extend([e, o])\n    if len(evens) > len(odds):\n        ans.append(evens[-1])\n    return ans",
          "passed": false,
          "stdout": "",
          "stderr": "Traceback (most recent call last):\n  File \"/tmp/agentfix_fggmyn4i/test_candidate.py\", line 14, in <module>\n    check(sort_even)\n  File \"/tmp/agentfix_fggmyn4i/test_candidate.py\", line 11, in check\n    assert tuple(sort_even([5, 3, -5, 2, -3, 3, 9, 0, 123, 1, -10])) == tuple([-10, 3, -5, 2, -3, 3, 5, 0, 9, 1, 123])\n           ^^^^^^^^^^^^^^^^^^^^^^^^^^^^^^^^^^^^^^^^^^^^^^^^^^^^^^^^^^^^^^^^^^^^^^^^^^^^^^^^^^^^^^^^^^^^^^^^^^^^^^^^^^^\nAssertionError\n",
          "failures": "Traceback (most recent call last):\n  File \"/tmp/agentfix_fggmyn4i/test_candidate.py\", line 14, in <module>\n    check(sort_even)\n  File \"/tmp/agentfix_fggmyn4i/test_candidate.py\", line 11, in check\n    assert tuple(sort_even([5, 3, -5, 2, -3, 3, 9, 0, 123, 1, -10])) == tuple([-10, 3, -5, 2, -3, 3, 5, 0, 9, 1, 123])\n           ^^^^^^^^^^^^^^^^^^^^^^^^^^^^^^^^^^^^^^^^^^^^^^^^^^^^^^^^^^^^^^^^^^^^^^^^^^^^^^^^^^^^^^^^^^^^^^^^^^^^^^^^^^^\nAssertionError",
          "duration_s": 0.097
        }
      ],
      "wall_time_s": 2.762
    },
    {
      "task_id": "Python/38",
      "passed": false,
      "steps_used": 1,
      "trace": [
        {
          "step": 0,
          "patch": "def decode_cyclic(s):\n    return s[::-1]",
          "passed": false,
          "stdout": "",
          "stderr": "Traceback (most recent call last):\n  File \"/tmp/agentfix_8j93seyd/test_candidate.py\", line 19, in <module>\n    check(decode_cyclic)\n  File \"/tmp/agentfix_8j93seyd/test_candidate.py\", line 16, in check\n    encoded_str = encode_cyclic(str)\n                  ^^^^^^^^^^^^^\nNameError: name 'encode_cyclic' is not defined. Did you mean: 'decode_cyclic'?\n",
          "failures": "Traceback (most recent call last):\n  File \"/tmp/agentfix_8j93seyd/test_candidate.py\", line 19, in <module>\n    check(decode_cyclic)\n  File \"/tmp/agentfix_8j93seyd/test_candidate.py\", line 16, in check\n    encoded_str = encode_cyclic(str)\n                  ^^^^^^^^^^^^^\nNameError: name 'encode_cyclic' is not defined. Did you mean: 'decode_cyclic'?",
          "duration_s": 0.095
        }
      ],
      "wall_time_s": 0.72
    },
    {
      "task_id": "Python/39",
      "passed": false,
      "steps_used": 1,
      "trace": [
        {
          "step": 0,
          "patch": "def prime_fib(n):\n    f = [0, 1]\n    while True:\n        f.append(f[-1] + f[-2])\n        if is_prime(f[-1]):\n            n -= 1\n        if n == 0:\n            return f[-1]",
          "passed": false,
          "stdout": "",
          "stderr": "Traceback (most recent call last):\n  File \"/tmp/agentfix_k1_batvc/test_candidate.py\", line 21, in <module>\n    check(prime_fib)\n  File \"/tmp/agentfix_k1_batvc/test_candidate.py\", line 10, in check\n    assert prime_fib(1) == 2\n           ^^^^^^^^^^^^\n  File \"/tmp/agentfix_k1_batvc/candidate.py\", line 5, in prime_fib\n    if is_prime(f[-1]):\n       ^^^^^^^^\nNameError: name 'is_prime' is not defined\n",
          "failures": "Traceback (most recent call last):\n  File \"/tmp/agentfix_k1_batvc/test_candidate.py\", line 21, in <module>\n    check(prime_fib)\n  File \"/tmp/agentfix_k1_batvc/test_candidate.py\", line 10, in check\n    assert prime_fib(1) == 2\n           ^^^^^^^^^^^^\n  File \"/tmp/agentfix_k1_batvc/candidate.py\", line 5, in prime_fib\n    if is_prime(f[-1]):\n       ^^^^^^^^\nNameError: name 'is_prime' is not defined",
          "duration_s": 0.097
        }
      ],
      "wall_time_s": 2.226
    },
    {
      "task_id": "Python/40",
      "passed": true,
      "steps_used": 1,
      "trace": [
        {
          "step": 0,
          "patch": "def triples_sum_to_zero(l):\n    for i in range(len(l) - 2):\n        for j in range(i + 1, len(l) - 1):\n            for k in range(j + 1, len(l)):\n                if l[i] + l[j] + l[k] == 0:\n                    return True\n    return False",
          "passed": true,
          "stdout": "",
          "stderr": "",
          "failures": "",
          "duration_s": 0.095
        }
      ],
      "wall_time_s": 2.729
    },
    {
      "task_id": "Python/41",
      "passed": true,
      "steps_used": 1,
      "trace": [
        {
          "step": 0,
          "patch": "def car_race_collision(n):\n    return n**2",
          "passed": true,
          "stdout": "",
          "stderr": "",
          "failures": "",
          "duration_s": 0.094
        }
      ],
      "wall_time_s": 0.697
    },
    {
      "task_id": "Python/42",
      "passed": false,
      "steps_used": 1,
      "trace": [
        {
          "step": 0,
          "patch": "def incr_list(l):\n    return [e + 2 for e in l]",
          "passed": false,
          "stdout": "",
          "stderr": "Traceback (most recent call last):\n  File \"/tmp/agentfix_ovcnb0hw/test_candidate.py\", line 14, in <module>\n    check(incr_list)\n  File \"/tmp/agentfix_ovcnb0hw/test_candidate.py\", line 11, in check\n    assert incr_list([3, 2, 1]) == [4, 3, 2]\n           ^^^^^^^^^^^^^^^^^^^^^^^^^^^^^^^^^\nAssertionError\n",
          "failures": "Traceback (most recent call last):\n  File \"/tmp/agentfix_ovcnb0hw/test_candidate.py\", line 14, in <module>\n    check(incr_list)\n  File \"/tmp/agentfix_ovcnb0hw/test_candidate.py\", line 11, in check\n    assert incr_list([3, 2, 1]) == [4, 3, 2]\n           ^^^^^^^^^^^^^^^^^^^^^^^^^^^^^^^^^\nAssertionError",
          "duration_s": 0.094
        }
      ],
      "wall_time_s": 0.854
    },
    {
      "task_id": "Python/43",
      "passed": true,
      "steps_used": 1,
      "trace": [
        {
          "step": 0,
          "patch": "def pairs_sum_to_zero(l):\n    seen = set()\n    for l1 in l:\n        if -l1 in seen:\n            return True\n        seen.add(l1)\n    return False",
          "passed": true,
          "stdout": "",
          "stderr": "",
          "failures": "",
          "duration_s": 0.106
        }
      ],
      "wall_time_s": 1.688
    },
    {
      "task_id": "Python/44",
      "passed": true,
      "steps_used": 1,
      "trace": [
        {
          "step": 0,
          "patch": "def change_base(x, base):\n    ret = \"\"\n    while x > 0:\n        ret = str(x % base) + ret\n        x //= base\n    return ret",
          "passed": true,
          "stdout": "",
          "stderr": "",
          "failures": "",
          "duration_s": 0.096
        }
      ],
      "wall_time_s": 1.541
    },
    {
      "task_id": "Python/45",
      "passed": true,
      "steps_used": 1,
      "trace": [
        {
          "step": 0,
          "patch": "def triangle_area(a, h):\n    return a * h / 2",
          "passed": true,
          "stdout": "",
          "stderr": "",
          "failures": "",
          "duration_s": 0.095
        }
      ],
      "wall_time_s": 0.829
    },
    {
      "task_id": "Python/46",
      "passed": false,
      "steps_used": 1,
      "trace": [
        {
          "step": 0,
          "patch": "def fib4(n):\n    results = [0, 0, 2, 0]\n    if n < 4:\n        return results[n]\n\n    for _ in range(4, n + 1):\n        results.append(results[-1] + results[-2] + results[-3] + results[-4])\n        results.pop(0)\n\n    return results[-2]",
          "passed": false,
          "stdout": "",
          "stderr": "Traceback (most recent call last):\n  File \"/tmp/agentfix_lbl6jvl3/test_candidate.py\", line 15, in <module>\n    check(fib4)\n  File \"/tmp/agentfix_lbl6jvl3/test_candidate.py\", line 10, in check\n    assert fib4(5) == 4\n           ^^^^^^^^^^^^\nAssertionError\n",
          "failures": "Traceback (most recent call last):\n  File \"/tmp/agentfix_lbl6jvl3/test_candidate.py\", line 15, in <module>\n    check(fib4)\n  File \"/tmp/agentfix_lbl6jvl3/test_candidate.py\", line 10, in check\n    assert fib4(5) == 4\n           ^^^^^^^^^^^^\nAssertionError",
          "duration_s": 0.107
        }
      ],
      "wall_time_s": 2.873
    },
    {
      "task_id": "Python/47",
      "passed": true,
      "steps_used": 1,
      "trace": [
        {
          "step": 0,
          "patch": "def median(l):\n    l = sorted(l)\n    if len(l) % 2 == 1:\n        return l[len(l) // 2]\n    else:\n        return (l[len(l) // 2 - 1] + l[len(l) // 2]) / 2.0",
          "passed": true,
          "stdout": "",
          "stderr": "",
          "failures": "",
          "duration_s": 0.095
        }
      ],
      "wall_time_s": 2.391
    },
    {
      "task_id": "Python/48",
      "passed": true,
      "steps_used": 1,
      "trace": [
        {
          "step": 0,
          "patch": "def is_palindrome(text):\n    for i in range(len(text) // 2):\n        if text[i] != text[-(i + 1)]:\n            return False\n    return True",
          "passed": true,
          "stdout": "",
          "stderr": "",
          "failures": "",
          "duration_s": 0.096
        }
      ],
      "wall_time_s": 1.634
    },
    {
      "task_id": "Python/49",
      "passed": true,
      "steps_used": 1,
      "trace": [
        {
          "step": 0,
          "patch": "def modp(n, p):\n    ret = 1\n    for i in range(n):\n        ret = (ret * 2) % p\n    return ret",
          "passed": true,
          "stdout": "",
          "stderr": "",
          "failures": "",
          "duration_s": 0.097
        }
      ],
      "wall_time_s": 1.483
    },
    {
      "task_id": "Python/50",
      "passed": false,
      "steps_used": 1,
      "trace": [
        {
          "step": 0,
          "patch": "def decode_shift(s):\n    return \"\".join([chr(((ord(ch) - 5 - ord(\"a\")) % 26) + ord(ch)) for ch in s])",
          "passed": false,
          "stdout": "",
          "stderr": "Traceback (most recent call last):\n  File \"/tmp/agentfix_sdy9u23y/test_candidate.py\", line 20, in <module>\n    check(decode_shift)\n  File \"/tmp/agentfix_sdy9u23y/test_candidate.py\", line 17, in check\n    encoded_str = encode_shift(str)\n                  ^^^^^^^^^^^^\nNameError: name 'encode_shift' is not defined. Did you mean: 'decode_shift'?\n",
          "failures": "Traceback (most recent call last):\n  File \"/tmp/agentfix_sdy9u23y/test_candidate.py\", line 20, in <module>\n    check(decode_shift)\n  File \"/tmp/agentfix_sdy9u23y/test_candidate.py\", line 17, in check\n    encoded_str = encode_shift(str)\n                  ^^^^^^^^^^^^\nNameError: name 'encode_shift' is not defined. Did you mean: 'decode_shift'?",
          "duration_s": 0.095
        }
      ],
      "wall_time_s": 1.512
    },
    {
      "task_id": "Python/51",
      "passed": false,
      "steps_used": 1,
      "trace": [
        {
          "step": 0,
          "patch": "def remove_vowels(text):\n    return \"\".join([s for s in text if s.lower() not in [\"a\", \"e\", \"i\", \"o\", \"u\", \"w\", \"y\"]])",
          "passed": false,
          "stdout": "",
          "stderr": "Traceback (most recent call last):\n  File \"/tmp/agentfix_vy54y8s0/test_candidate.py\", line 18, in <module>\n    check(remove_vowels)\n  File \"/tmp/agentfix_vy54y8s0/test_candidate.py\", line 16, in check\n    assert remove_vowels('ybcd') == 'ybcd'\n           ^^^^^^^^^^^^^^^^^^^^^^^^^^^^^^^\nAssertionError\n",
          "failures": "Traceback (most recent call last):\n  File \"/tmp/agentfix_vy54y8s0/test_candidate.py\", line 18, in <module>\n    check(remove_vowels)\n  File \"/tmp/agentfix_vy54y8s0/test_candidate.py\", line 16, in check\n    assert remove_vowels('ybcd') == 'ybcd'\n           ^^^^^^^^^^^^^^^^^^^^^^^^^^^^^^^\nAssertionError",
          "duration_s": 0.097
        }
      ],
      "wall_time_s": 1.781
    },
    {
      "task_id": "Python/52",
      "passed": false,
      "steps_used": 1,
      "trace": [
        {
          "step": 0,
          "patch": "def below_threshold(l, t):\n    for e in l:\n        if e < t:\n            return True\n    return False",
          "passed": false,
          "stdout": "",
          "stderr": "Traceback (most recent call last):\n  File \"/tmp/agentfix_wtihlj1n/test_candidate.py\", line 17, in <module>\n    check(below_threshold)\n  File \"/tmp/agentfix_wtihlj1n/test_candidate.py\", line 11, in check\n    assert not below_threshold([1, 20, 4, 10], 5)\n           ^^^^^^^^^^^^^^^^^^^^^^^^^^^^^^^^^^^^^^\nAssertionError\n",
          "failures": "Traceback (most recent call last):\n  File \"/tmp/agentfix_wtihlj1n/test_candidate.py\", line 17, in <module>\n    check(below_threshold)\n  File \"/tmp/agentfix_wtihlj1n/test_candidate.py\", line 11, in check\n    assert not below_threshold([1, 20, 4, 10], 5)\n           ^^^^^^^^^^^^^^^^^^^^^^^^^^^^^^^^^^^^^^\nAssertionError",
          "duration_s": 0.106
        }
      ],
      "wall_time_s": 1.207
    },
    {
      "task_id": "Python/53",
      "passed": false,
      "steps_used": 1,
      "trace": [
        {
          "step": 0,
          "patch": "def add(x, y):\n    return x + y + y + x",
          "passed": false,
          "stdout": "",
          "stderr": "Traceback (most recent call last):\n  File \"/tmp/agentfix_vwdscmqe/test_candidate.py\", line 22, in <module>\n    check(add)\n  File \"/tmp/agentfix_vwdscmqe/test_candidate.py\", line 12, in check\n    assert add(0, 1) == 1\n           ^^^^^^^^^^^^^^\nAssertionError\n",
          "failures": "Traceback (most recent call last):\n  File \"/tmp/agentfix_vwdscmqe/test_candidate.py\", line 22, in <module>\n    check(add)\n  File \"/tmp/agentfix_vwdscmqe/test_candidate.py\", line 12, in check\n    assert add(0, 1) == 1\n           ^^^^^^^^^^^^^^\nAssertionError",
          "duration_s": 0.094
        }
      ],
      "wall_time_s": 0.825
    },
    {
      "task_id": "Python/54",
      "passed": false,
      "steps_used": 1,
      "trace": [
        {
          "step": 0,
          "patch": "def same_chars(s0, s1):\n    return sorted(s0) == sorted(s1)",
          "passed": false,
          "stdout": "",
          "stderr": "Traceback (most recent call last):\n  File \"/tmp/agentfix_mt29hsc8/test_candidate.py\", line 18, in <module>\n    check(same_chars)\n  File \"/tmp/agentfix_mt29hsc8/test_candidate.py\", line 10, in check\n    assert same_chars('eabcdzzzz', 'dddzzzzzzzddeddabc') == True\n           ^^^^^^^^^^^^^^^^^^^^^^^^^^^^^^^^^^^^^^^^^^^^^^^^^^^^^\nAssertionError\n",
          "failures": "Traceback (most recent call last):\n  File \"/tmp/agentfix_mt29hsc8/test_candidate.py\", line 18, in <module>\n    check(same_chars)\n  File \"/tmp/agentfix_mt29hsc8/test_candidate.py\", line 10, in check\n    assert same_chars('eabcdzzzz', 'dddzzzzzzzddeddabc') == True\n           ^^^^^^^^^^^^^^^^^^^^^^^^^^^^^^^^^^^^^^^^^^^^^^^^^^^^^\nAssertionError",
          "duration_s": 0.093
        }
      ],
      "wall_time_s": 0.954
    },
    {
      "task_id": "Python/55",
      "passed": false,
      "steps_used": 1,
      "trace": [
        {
          "step": 0,
          "patch": "def fib(n):\n    if n == 0:\n        return 0\n    if n == 1:\n        return 1\n    if n == 2:\n        return 2\n    return fib(n - 1) + fib(n - 2)",
          "passed": false,
          "stdout": "",
          "stderr": "Traceback (most recent call last):\n  File \"/tmp/agentfix_3bqxoepq/test_candidate.py\", line 16, in <module>\n    check(fib)\n  File \"/tmp/agentfix_3bqxoepq/test_candidate.py\", line 10, in check\n    assert fib(10) == 55\n           ^^^^^^^^^^^^^\nAssertionError\n",
          "failures": "Traceback (most recent call last):\n  File \"/tmp/agentfix_3bqxoepq/test_candidate.py\", line 16, in <module>\n    check(fib)\n  File \"/tmp/agentfix_3bqxoepq/test_candidate.py\", line 10, in check\n    assert fib(10) == 55\n           ^^^^^^^^^^^^^\nAssertionError",
          "duration_s": 0.094
        }
      ],
      "wall_time_s": 2.082
    },
    {
      "task_id": "Python/56",
      "passed": false,
      "steps_used": 1,
      "trace": [
        {
          "step": 0,
          "patch": "def correct_bracketing(brackets):\n    depth = 0\n    for b in brackets:\n        if b == \">\":\n            depth += 1\n        else:\n            depth -= 1\n        if depth < 0:\n            return False\n    return depth == 0",
          "passed": false,
          "stdout": "",
          "stderr": "Traceback (most recent call last):\n  File \"/tmp/agentfix_k44j6im7/test_candidate.py\", line 23, in <module>\n    check(correct_bracketing)\n  File \"/tmp/agentfix_k44j6im7/test_candidate.py\", line 10, in check\n    assert correct_bracketing(\"<>\")\n           ^^^^^^^^^^^^^^^^^^^^^^^^\nAssertionError\n",
          "failures": "Traceback (most recent call last):\n  File \"/tmp/agentfix_k44j6im7/test_candidate.py\", line 23, in <module>\n    check(correct_bracketing)\n  File \"/tmp/agentfix_k44j6im7/test_candidate.py\", line 10, in check\n    assert correct_bracketing(\"<>\")\n           ^^^^^^^^^^^^^^^^^^^^^^^^\nAssertionError",
          "duration_s": 0.094
        }
      ],
      "wall_time_s": 2.224
    },
    {
      "task_id": "Python/57",
      "passed": true,
      "steps_used": 1,
      "trace": [
        {
          "step": 0,
          "patch": "def monotonic(l):\n    return l == sorted(l) or l == sorted(l, reverse=True)",
          "passed": true,
          "stdout": "",
          "stderr": "",
          "failures": "",
          "duration_s": 0.096
        }
      ],
      "wall_time_s": 1.016
    },
    {
      "task_id": "Python/58",
      "passed": false,
      "steps_used": 1,
      "trace": [
        {
          "step": 0,
          "patch": "def common(l1, l2):\n    ret = set()\n    for e1 in l1:\n        if e1 not in ret:\n            ret.add(e1)\n    for e2 in l2:\n        if e2 not in ret:\n            ret.add(e2)\n    return sorted(list(ret))",
          "passed": false,
          "stdout": "",
          "stderr": "Traceback (most recent call last):\n  File \"/tmp/agentfix_sb3m8473/test_candidate.py\", line 15, in <module>\n    check(common)\n  File \"/tmp/agentfix_sb3m8473/test_candidate.py\", line 10, in check\n    assert common([1, 4, 3, 34, 653, 2, 5], [5, 7, 1, 5, 9, 653, 121]) == [1, 5, 653]\n           ^^^^^^^^^^^^^^^^^^^^^^^^^^^^^^^^^^^^^^^^^^^^^^^^^^^^^^^^^^^^^^^^^^^^^^^^^^\nAssertionError\n",
          "failures": "Traceback (most recent call last):\n  File \"/tmp/agentfix_sb3m8473/test_candidate.py\", line 15, in <module>\n    check(common)\n  File \"/tmp/agentfix_sb3m8473/test_candidate.py\", line 10, in check\n    assert common([1, 4, 3, 34, 653, 2, 5], [5, 7, 1, 5, 9, 653, 121]) == [1, 5, 653]\n           ^^^^^^^^^^^^^^^^^^^^^^^^^^^^^^^^^^^^^^^^^^^^^^^^^^^^^^^^^^^^^^^^^^^^^^^^^^\nAssertionError",
          "duration_s": 0.095
        }
      ],
      "wall_time_s": 2.353
    },
    {
      "task_id": "Python/59",
      "passed": true,
      "steps_used": 1,
      "trace": [
        {
          "step": 0,
          "patch": "def largest_prime_factor(n):\n    largest = 1\n    for j in range(2, int(n**0.5) + 1):\n        while n % j == 0:\n            largest = j\n            n //= j\n    if n > 1:\n        largest = n\n    return largest",
          "passed": true,
          "stdout": "",
          "stderr": "",
          "failures": "",
          "duration_s": 0.095
        }
      ],
      "wall_time_s": 2.529
    },
    {
      "task_id": "Python/60",
      "passed": true,
      "steps_used": 1,
      "trace": [
        {
          "step": 0,
          "patch": "def sum_to_n(n):\n    return n * (n + 1) // 2",
          "passed": true,
          "stdout": "",
          "stderr": "",
          "failures": "",
          "duration_s": 0.095
        }
      ],
      "wall_time_s": 0.954
    },
    {
      "task_id": "Python/61",
      "passed": true,
      "steps_used": 1,
      "trace": [
        {
          "step": 0,
          "patch": "def correct_bracketing(brackets):\n    depth = 0\n    for b in brackets:\n        if b == \"(\":\n            depth += 1\n        else:\n            depth -= 1\n        if depth < 0:\n            return False\n    return depth == 0",
          "passed": true,
          "stdout": "",
          "stderr": "",
          "failures": "",
          "duration_s": 0.095
        }
      ],
      "wall_time_s": 2.212
    },
    {
      "task_id": "Python/62",
      "passed": false,
      "steps_used": 1,
      "trace": [
        {
          "step": 0,
          "patch": "def derivative(xs):\n    return [i * x for i, x in enumerate(xs)]",
          "passed": false,
          "stdout": "",
          "stderr": "Traceback (most recent call last):\n  File \"/tmp/agentfix_tewzcinx/test_candidate.py\", line 16, in <module>\n    check(derivative)\n  File \"/tmp/agentfix_tewzcinx/test_candidate.py\", line 10, in check\n    assert derivative([3, 1, 2, 4, 5]) == [1, 4, 12, 20]\n           ^^^^^^^^^^^^^^^^^^^^^^^^^^^^^^^^^^^^^^^^^^^^^\nAssertionError\n",
          "failures": "Traceback (most recent call last):\n  File \"/tmp/agentfix_tewzcinx/test_candidate.py\", line 16, in <module>\n    check(derivative)\n  File \"/tmp/agentfix_tewzcinx/test_candidate.py\", line 10, in check\n    assert derivative([3, 1, 2, 4, 5]) == [1, 4, 12, 20]\n           ^^^^^^^^^^^^^^^^^^^^^^^^^^^^^^^^^^^^^^^^^^^^^\nAssertionError",
          "duration_s": 0.095
        }
      ],
      "wall_time_s": 0.916
    },
    {
      "task_id": "Python/63",
      "passed": false,
      "steps_used": 1,
      "trace": [
        {
          "step": 0,
          "patch": "def fibfib(n):\n    if n == 0:\n        return 0\n    if n == 1:\n        return 1\n    if n == 2:\n        return 2\n    return fibfib(n - 1) + fibfib(n - 2)",
          "passed": false,
          "stdout": "",
          "stderr": "Traceback (most recent call last):\n  File \"/tmp/agentfix_nfi0sr9y/test_candidate.py\", line 18, in <module>\n    check(fibfib)\n  File \"/tmp/agentfix_nfi0sr9y/test_candidate.py\", line 10, in check\n    assert fibfib(2) == 1\n           ^^^^^^^^^^^^^^\nAssertionError\n",
          "failures": "Traceback (most recent call last):\n  File \"/tmp/agentfix_nfi0sr9y/test_candidate.py\", line 18, in <module>\n    check(fibfib)\n  File \"/tmp/agentfix_nfi0sr9y/test_candidate.py\", line 10, in check\n    assert fibfib(2) == 1\n           ^^^^^^^^^^^^^^\nAssertionError",
          "duration_s": 0.094
        }
      ],
      "wall_time_s": 2.171
    },
    {
      "task_id": "Python/64",
      "passed": false,
      "steps_used": 1,
      "trace": [
        {
          "step": 0,
          "patch": "def vowels_count(s):\n    vowels = \"aeiouyAEIOUY\"\n    n_vowels = sum(c in vowels for c in s)\n    return n_vowels",
          "passed": false,
          "stdout": "",
          "stderr": "Traceback (most recent call last):\n  File \"/tmp/agentfix_qjk32246/test_candidate.py\", line 18, in <module>\n    check(vowels_count)\n  File \"/tmp/agentfix_qjk32246/test_candidate.py\", line 10, in check\n    assert vowels_count(\"bye\") == 1, \"Test 4\"\n           ^^^^^^^^^^^^^^^^^^^^^^^^\nAssertionError: Test 4\n",
          "failures": "Traceback (most recent call last):\n  File \"/tmp/agentfix_qjk32246/test_candidate.py\", line 18, in <module>\n    check(vowels_count)\n  File \"/tmp/agentfix_qjk32246/test_candidate.py\", line 10, in check\n    assert vowels_count(\"bye\") == 1, \"Test 4\"\n           ^^^^^^^^^^^^^^^^^^^^^^^^\nAssertionError: Test 4",
          "duration_s": 0.095
        }
      ],
      "wall_time_s": 1.535
    },
    {
      "task_id": "Python/65",
      "passed": true,
      "steps_used": 1,
      "trace": [
        {
          "step": 0,
          "patch": "def circular_shift(x, shift):\n    s = str(x)\n    if shift > len(s):\n        return s[::-1]\n    else:\n        return s[-shift:] + s[:-shift]",
          "passed": true,
          "stdout": "",
          "stderr": "",
          "failures": "",
          "duration_s": 0.095
        }
      ],
      "wall_time_s": 1.631
    },
    {
      "task_id": "Python/66",
      "passed": false,
      "steps_used": 1,
      "trace": [
        {
          "step": 0,
          "patch": "def digitSum(s):\n    return sum(int(char) for char in s if char.isdigit())",
          "passed": false,
          "stdout": "",
          "stderr": "Traceback (most recent call last):\n  File \"/tmp/agentfix_v2rsonv9/test_candidate.py\", line 20, in <module>\n    check(digitSum)\n  File \"/tmp/agentfix_v2rsonv9/test_candidate.py\", line 9, in check\n    assert digitSum(\"abAB\") == 131, \"Error\"\n           ^^^^^^^^^^^^^^^^^^^^^^^\nAssertionError: Error\n",
          "failures": "Traceback (most recent call last):\n  File \"/tmp/agentfix_v2rsonv9/test_candidate.py\", line 20, in <module>\n    check(digitSum)\n  File \"/tmp/agentfix_v2rsonv9/test_candidate.py\", line 9, in check\n    assert digitSum(\"abAB\") == 131, \"Error\"\n           ^^^^^^^^^^^^^^^^^^^^^^^\nAssertionError: Error",
          "duration_s": 0.096
        }
      ],
      "wall_time_s": 0.946
    },
    {
      "task_id": "Python/67",
      "passed": false,
      "steps_used": 1,
      "trace": [
        {
          "step": 0,
          "patch": "def fruit_distribution(n, s):\n    lis = [int(i) for i in s.split(' ') if i.isdigit()]\n    return n - sum(lis) - 1",
          "passed": false,
          "stdout": "",
          "stderr": "Traceback (most recent call last):\n  File \"/tmp/agentfix_c9fuutg_/test_candidate.py\", line 15, in <module>\n    check(fruit_distribution)\n  File \"/tmp/agentfix_c9fuutg_/test_candidate.py\", line 7, in check\n    assert fruit_distribution(\"5 apples and 6 oranges\",19) == 8\n           ^^^^^^^^^^^^^^^^^^^^^^^^^^^^^^^^^^^^^^^^^^^^^^^\n  File \"/tmp/agentfix_c9fuutg_/candidate.py\", line 2, in fruit_distribution\n    lis = [int(i) for i in s.split(' ') if i.isdigit()]\n                           ^^^^^^^\nAttributeError: 'int' object has no attribute 'split'\n",
          "failures": "Traceback (most recent call last):\n  File \"/tmp/agentfix_c9fuutg_/test_candidate.py\", line 15, in <module>\n    check(fruit_distribution)\n  File \"/tmp/agentfix_c9fuutg_/test_candidate.py\", line 7, in check\n    assert fruit_distribution(\"5 apples and 6 oranges\",19) == 8\n           ^^^^^^^^^^^^^^^^^^^^^^^^^^^^^^^^^^^^^^^^^^^^^^^\n  File \"/tmp/agentfix_c9fuutg_/candidate.py\", line 2, in fruit_distribution\n    lis = [int(i) for i in s.split(' ') if i.isdigit()]\n                           ^^^^^^^\nAttributeError: 'int' object has no attribute 'split'",
          "duration_s": 0.097
        }
      ],
      "wall_time_s": 1.501
    },
    {
      "task_id": "Python/68",
      "passed": false,
      "steps_used": 1,
      "trace": [
        {
          "step": 0,
          "patch": "def pluck(arr):\n    if len(arr) == 0: return []\n    evens = list(filter(lambda x: x % 2 == 0, arr))\n    if not evens: return []\n    return [arr.index(min(evens)), min(evens)]",
          "passed": false,
          "stdout": "",
          "stderr": "Traceback (most recent call last):\n  File \"/tmp/agentfix_u9qw4rqm/test_candidate.py\", line 20, in <module>\n    check(pluck)\n  File \"/tmp/agentfix_u9qw4rqm/test_candidate.py\", line 8, in check\n    assert pluck([4,2,3]) == [2, 1], \"Error\"\n           ^^^^^^^^^^^^^^^^^^^^^^^^\nAssertionError: Error\n",
          "failures": "Traceback (most recent call last):\n  File \"/tmp/agentfix_u9qw4rqm/test_candidate.py\", line 20, in <module>\n    check(pluck)\n  File \"/tmp/agentfix_u9qw4rqm/test_candidate.py\", line 8, in check\n    assert pluck([4,2,3]) == [2, 1], \"Error\"\n           ^^^^^^^^^^^^^^^^^^^^^^^^\nAssertionError: Error",
          "duration_s": 0.095
        }
      ],
      "wall_time_s": 2.123
    },
    {
      "task_id": "Python/69",
      "passed": false,
      "steps_used": 1,
      "trace": [
        {
          "step": 0,
          "patch": "def search(lst):\n    frq = [0] * (max(lst) + 1)\n    for i in lst:\n        frq[i] += 1\n\n    ans = 0\n    for i in range(1, len(frq)):\n        if frq[i] >= i:\n            ans = i\n    \n    return ans",
          "passed": false,
          "stdout": "",
          "stderr": "Traceback (most recent call last):\n  File \"/tmp/agentfix_pi0v_ilo/test_candidate.py\", line 35, in <module>\n    check(search)\n  File \"/tmp/agentfix_pi0v_ilo/test_candidate.py\", line 9, in check\n    assert search([3, 3]) == -1\n           ^^^^^^^^^^^^^^^^^^^^\nAssertionError\n",
          "failures": "Traceback (most recent call last):\n  File \"/tmp/agentfix_pi0v_ilo/test_candidate.py\", line 35, in <module>\n    check(search)\n  File \"/tmp/agentfix_pi0v_ilo/test_candidate.py\", line 9, in check\n    assert search([3, 3]) == -1\n           ^^^^^^^^^^^^^^^^^^^^\nAssertionError",
          "duration_s": 0.096
        }
      ],
      "wall_time_s": 2.582
    },
    {
      "task_id": "Python/70",
      "passed": false,
      "steps_used": 1,
      "trace": [
        {
          "step": 0,
          "patch": "def strange_sort_list(lst):\n    res, switch = [], False\n    while lst:\n        res.append(min(lst) if switch else max(lst))\n        lst.remove(res[-1])\n        switch = not switch\n    return res",
          "passed": false,
          "stdout": "",
          "stderr": "Traceback (most recent call last):\n  File \"/tmp/agentfix_7adlt_ze/test_candidate.py\", line 20, in <module>\n    check(strange_sort_list)\n  File \"/tmp/agentfix_7adlt_ze/test_candidate.py\", line 7, in check\n    assert strange_sort_list([1, 2, 3, 4]) == [1, 4, 2, 3]\n           ^^^^^^^^^^^^^^^^^^^^^^^^^^^^^^^^^^^^^^^^^^^^^^^\nAssertionError\n",
          "failures": "Traceback (most recent call last):\n  File \"/tmp/agentfix_7adlt_ze/test_candidate.py\", line 20, in <module>\n    check(strange_sort_list)\n  File \"/tmp/agentfix_7adlt_ze/test_candidate.py\", line 7, in check\n    assert strange_sort_list([1, 2, 3, 4]) == [1, 4, 2, 3]\n           ^^^^^^^^^^^^^^^^^^^^^^^^^^^^^^^^^^^^^^^^^^^^^^^\nAssertionError",
          "duration_s": 0.095
        }
      ],
      "wall_time_s": 1.876
    },
    {
      "task_id": "Python/71",
      "passed": false,
      "steps_used": 1,
      "trace": [
        {
          "step": 0,
          "patch": "def triangle_area(a, b, c):\n    if a + b <= c or a + c <= b or b + c <= a:\n        return -1 \n    s = (a + b + c)    \n    area = (s * (s - a) * (s - b) * (s - c)) ** 0.5\n    area = round(area, 2)\n    return area",
          "passed": false,
          "stdout": "",
          "stderr": "Traceback (most recent call last):\n  File \"/tmp/agentfix_y2keoazx/test_candidate.py\", line 19, in <module>\n    check(triangle_area)\n  File \"/tmp/agentfix_y2keoazx/test_candidate.py\", line 7, in check\n    assert triangle_area(3, 4, 5) == 6.00, \"This prints if this assert fails 1 (good for debugging!)\"\n           ^^^^^^^^^^^^^^^^^^^^^^^^^^^^^^\nAssertionError: This prints if this assert fails 1 (good for debugging!)\n",
          "failures": "Traceback (most recent call last):\n  File \"/tmp/agentfix_y2keoazx/test_candidate.py\", line 19, in <module>\n    check(triangle_area)\n  File \"/tmp/agentfix_y2keoazx/test_candidate.py\", line 7, in check\n    assert triangle_area(3, 4, 5) == 6.00, \"This prints if this assert fails 1 (good for debugging!)\"\n           ^^^^^^^^^^^^^^^^^^^^^^^^^^^^^^\nAssertionError: This prints if this assert fails 1 (good for debugging!)",
          "duration_s": 0.095
        }
      ],
      "wall_time_s": 3.149
    },
    {
      "task_id": "Python/72",
      "passed": false,
      "steps_used": 1,
      "trace": [
        {
          "step": 0,
          "patch": "def will_it_fly(q, w):\n    if sum(q) > w:\n        return False\n\n    i, j = 0, len(q)-1\n    while i < j:\n        if q[i] == q[j]:\n            return False\n        i += 1\n        j -= 1\n    return True",
          "passed": false,
          "stdout": "",
          "stderr": "Traceback (most recent call last):\n  File \"/tmp/agentfix_pljchrnj/test_candidate.py\", line 17, in <module>\n    check(will_it_fly)\n  File \"/tmp/agentfix_pljchrnj/test_candidate.py\", line 7, in check\n    assert will_it_fly([3, 2, 3], 9) is True\n           ^^^^^^^^^^^^^^^^^^^^^^^^^^^^^^^^^\nAssertionError\n",
          "failures": "Traceback (most recent call last):\n  File \"/tmp/agentfix_pljchrnj/test_candidate.py\", line 17, in <module>\n    check(will_it_fly)\n  File \"/tmp/agentfix_pljchrnj/test_candidate.py\", line 7, in check\n    assert will_it_fly([3, 2, 3], 9) is True\n           ^^^^^^^^^^^^^^^^^^^^^^^^^^^^^^^^^\nAssertionError",
          "duration_s": 0.094
        }
      ],
      "wall_time_s": 2.522
    },
    {
      "task_id": "Python/73",
      "passed": false,
      "steps_used": 1,
      "trace": [
        {
          "step": 0,
          "patch": "def smallest_change(arr):\n    ans = 0\n    for i in range(len(arr) // 2):\n        if ans != arr[i]:\n            ans += 1\n    return ans",
          "passed": false,
          "stdout": "",
          "stderr": "Traceback (most recent call last):\n  File \"/tmp/agentfix_wgjy3s09/test_candidate.py\", line 18, in <module>\n    check(smallest_change)\n  File \"/tmp/agentfix_wgjy3s09/test_candidate.py\", line 8, in check\n    assert smallest_change([1, 2, 3, 4, 3, 2, 2]) == 1\n           ^^^^^^^^^^^^^^^^^^^^^^^^^^^^^^^^^^^^^^^^^^^\nAssertionError\n",
          "failures": "Traceback (most recent call last):\n  File \"/tmp/agentfix_wgjy3s09/test_candidate.py\", line 18, in <module>\n    check(smallest_change)\n  File \"/tmp/agentfix_wgjy3s09/test_candidate.py\", line 8, in check\n    assert smallest_change([1, 2, 3, 4, 3, 2, 2]) == 1\n           ^^^^^^^^^^^^^^^^^^^^^^^^^^^^^^^^^^^^^^^^^^^\nAssertionError",
          "duration_s": 0.097
        }
      ],
      "wall_time_s": 1.615
    },
    {
      "task_id": "Python/74",
      "passed": false,
      "steps_used": 1,
      "trace": [
        {
          "step": 0,
          "patch": "def total_match(lst1, lst2):\n    l1 = sum(len(st) for st in lst1)\n    l2 = sum(len(st) for st in lst2)\n    \n    if l1 <= l2:\n        return lst2\n    else:\n        return lst1",
          "passed": false,
          "stdout": "",
          "stderr": "Traceback (most recent call last):\n  File \"/tmp/agentfix_dsdnyu7c/test_candidate.py\", line 22, in <module>\n    check(total_match)\n  File \"/tmp/agentfix_dsdnyu7c/test_candidate.py\", line 9, in check\n    assert total_match(['hi', 'admin'], ['hi', 'hi']) == ['hi', 'hi']\n           ^^^^^^^^^^^^^^^^^^^^^^^^^^^^^^^^^^^^^^^^^^^^^^^^^^^^^^^^^^\nAssertionError\n",
          "failures": "Traceback (most recent call last):\n  File \"/tmp/agentfix_dsdnyu7c/test_candidate.py\", line 22, in <module>\n    check(total_match)\n  File \"/tmp/agentfix_dsdnyu7c/test_candidate.py\", line 9, in check\n    assert total_match(['hi', 'admin'], ['hi', 'hi']) == ['hi', 'hi']\n           ^^^^^^^^^^^^^^^^^^^^^^^^^^^^^^^^^^^^^^^^^^^^^^^^^^^^^^^^^^\nAssertionError",
          "duration_s": 0.106
        }
      ],
      "wall_time_s": 2.229
    },
    {
      "task_id": "Python/75",
      "passed": false,
      "steps_used": 1,
      "trace": [
        {
          "step": 0,
          "patch": "def is_multiply_prime(a):\n    for i in range(2, int(a**0.5) + 1):\n        if a % i == 0:\n            return False\n    return True",
          "passed": false,
          "stdout": "",
          "stderr": "Traceback (most recent call last):\n  File \"/tmp/agentfix_16nghpkb/test_candidate.py\", line 17, in <module>\n    check(is_multiply_prime)\n  File \"/tmp/agentfix_16nghpkb/test_candidate.py\", line 6, in check\n    assert is_multiply_prime(5) == False\n           ^^^^^^^^^^^^^^^^^^^^^^^^^^^^^\nAssertionError\n",
          "failures": "Traceback (most recent call last):\n  File \"/tmp/agentfix_16nghpkb/test_candidate.py\", line 17, in <module>\n    check(is_multiply_prime)\n  File \"/tmp/agentfix_16nghpkb/test_candidate.py\", line 6, in check\n    assert is_multiply_prime(5) == False\n           ^^^^^^^^^^^^^^^^^^^^^^^^^^^^^\nAssertionError",
          "duration_s": 0.096
        }
      ],
      "wall_time_s": 1.736
    },
    {
      "task_id": "Python/76",
      "passed": false,
      "steps_used": 1,
      "trace": [
        {
          "step": 0,
          "patch": "def is_simple_power(n, x):\n    if n == 1:\n        return x == 1\n    power = 1\n    while power < n:\n        power *= n\n    return power == x",
          "passed": false,
          "stdout": "",
          "stderr": "Traceback (most recent call last):\n  File \"/tmp/agentfix_f75xp0d_/test_candidate.py\", line 27, in <module>\n    check(is_simple_power)\n  File \"/tmp/agentfix_f75xp0d_/test_candidate.py\", line 7, in check\n    assert is_simple_power(1, 4)== True, \"This prints if this assert fails 1 (good for debugging!)\"\n           ^^^^^^^^^^^^^^^^^^^^^^^^^^^^\nAssertionError: This prints if this assert fails 1 (good for debugging!)\n",
          "failures": "Traceback (most recent call last):\n  File \"/tmp/agentfix_f75xp0d_/test_candidate.py\", line 27, in <module>\n    check(is_simple_power)\n  File \"/tmp/agentfix_f75xp0d_/test_candidate.py\", line 7, in check\n    assert is_simple_power(1, 4)== True, \"This prints if this assert fails 1 (good for debugging!)\"\n           ^^^^^^^^^^^^^^^^^^^^^^^^^^^^\nAssertionError: This prints if this assert fails 1 (good for debugging!)",
          "duration_s": 0.099
        }
      ],
      "wall_time_s": 1.773
    },
    {
      "task_id": "Python/77",
      "passed": false,
      "steps_used": 1,
      "trace": [
        {
          "step": 0,
          "patch": "def iscube(a):\n    a = abs(a)\n    return round(a ** (1. / 3)) == int(a)",
          "passed": false,
          "stdout": "",
          "stderr": "Traceback (most recent call last):\n  File \"/tmp/agentfix_0s9n0l8l/test_candidate.py\", line 19, in <module>\n    check(iscube)\n  File \"/tmp/agentfix_0s9n0l8l/test_candidate.py\", line 10, in check\n    assert iscube(64) == True, \"Fourth test error: \" + str(iscube(64))\n           ^^^^^^^^^^^^^^^^^^\nAssertionError: Fourth test error: False\n",
          "failures": "Traceback (most recent call last):\n  File \"/tmp/agentfix_0s9n0l8l/test_candidate.py\", line 19, in <module>\n    check(iscube)\n  File \"/tmp/agentfix_0s9n0l8l/test_candidate.py\", line 10, in check\n    assert iscube(64) == True, \"Fourth test error: \" + str(iscube(64))\n           ^^^^^^^^^^^^^^^^^^\nAssertionError: Fourth test error: False",
          "duration_s": 0.098
        }
      ],
      "wall_time_s": 1.188
    },
    {
      "task_id": "Python/78",
      "passed": true,
      "steps_used": 1,
      "trace": [
        {
          "step": 0,
          "patch": "def hex_key(num):\n    primes = ('2', '3', '5', '7', 'B', 'D')\n    total = 0\n    for i in range(0, len(num)):\n        if num[i] in primes:\n            total += 1\n    return total",
          "passed": true,
          "stdout": "",
          "stderr": "",
          "failures": "",
          "duration_s": 0.094
        }
      ],
      "wall_time_s": 2.275
    },
    {
      "task_id": "Python/79",
      "passed": false,
      "steps_used": 1,
      "trace": [
        {
          "step": 0,
          "patch": "def decimal_to_binary(decimal):\n    return \"db\" + bin(decimal)[2:] + \"d\"",
          "passed": false,
          "stdout": "",
          "stderr": "Traceback (most recent call last):\n  File \"/tmp/agentfix_2qgra4bk/test_candidate.py\", line 15, in <module>\n    check(decimal_to_binary)\n  File \"/tmp/agentfix_2qgra4bk/test_candidate.py\", line 7, in check\n    assert decimal_to_binary(0) == \"db0db\"\n           ^^^^^^^^^^^^^^^^^^^^^^^^^^^^^^^\nAssertionError\n",
          "failures": "Traceback (most recent call last):\n  File \"/tmp/agentfix_2qgra4bk/test_candidate.py\", line 15, in <module>\n    check(decimal_to_binary)\n  File \"/tmp/agentfix_2qgra4bk/test_candidate.py\", line 7, in check\n    assert decimal_to_binary(0) == \"db0db\"\n           ^^^^^^^^^^^^^^^^^^^^^^^^^^^^^^^\nAssertionError",
          "duration_s": 0.095
        }
      ],
      "wall_time_s": 1.006
    },
    {
      "task_id": "Python/80",
      "passed": false,
      "steps_used": 1,
      "trace": [
        {
          "step": 0,
          "patch": "def is_happy(s):\n    if len(s) < 3:\n        return False\n\n    for i in range(len(s) - 2):\n        if s[i] == s[i+1] and s[i+1] == s[i+2] and s[i] == s[i+2]:\n            return False\n    return True",
          "passed": false,
          "stdout": "",
          "stderr": "Traceback (most recent call last):\n  File \"/tmp/agentfix_bgohbpbr/test_candidate.py\", line 16, in <module>\n    check(is_happy)\n  File \"/tmp/agentfix_bgohbpbr/test_candidate.py\", line 10, in check\n    assert is_happy(\"aabb\") == False , \"aabb\"\n           ^^^^^^^^^^^^^^^^^^^^^^^^^\nAssertionError: aabb\n",
          "failures": "Traceback (most recent call last):\n  File \"/tmp/agentfix_bgohbpbr/test_candidate.py\", line 16, in <module>\n    check(is_happy)\n  File \"/tmp/agentfix_bgohbpbr/test_candidate.py\", line 10, in check\n    assert is_happy(\"aabb\") == False , \"aabb\"\n           ^^^^^^^^^^^^^^^^^^^^^^^^^\nAssertionError: aabb",
          "duration_s": 0.095
        }
      ],
      "wall_time_s": 2.656
    },
    {
      "task_id": "Python/81",
      "passed": false,
      "steps_used": 1,
      "trace": [
        {
          "step": 0,
          "patch": "def numerical_letter_grade(grades):\n    letter_grade = []\n    for gpa in grades:\n        if gpa == 4.0:\n            letter_grade.append(\"A+\")\n        elif gpa > 3.7:\n            letter_grade.append(\"A\")\n        elif gpa > 3.3:\n            letter_grade.append(\"A-\")\n        elif gpa > 3.0:\n            letter_grade.append(\"B+\")\n        elif gpa > 2.7:\n            letter_grade.append(\"B\")\n        elif gpa > 2.3:\n            letter_grade.append(\"B-\")\n        elif gpa > 2.0:\n            letter_grade.append(\"C+\")\n        elif gpa > 1.7:\n            letter_grade.append(\"C\")\n        elif gpa > 1.3:\n            letter_grade.append(\"C-\")\n        elif gpa > 1.0:\n            letter_grade.append(\"D+\")\n        elif gpa > 0.7:\n            letter_grade.append(\"D\")\n        elif gpa > 0.0:\n            letter_grade.append(\"D-\")\n        else:\n            letter_grade.append(\"E+\")\n    return letter_grade",
          "passed": false,
          "stdout": "",
          "stderr": "Traceback (most recent call last):\n  File \"/tmp/agentfix_tcwjes4a/test_candidate.py\", line 17, in <module>\n    check(numerical_letter_grade)\n  File \"/tmp/agentfix_tcwjes4a/test_candidate.py\", line 10, in check\n    assert numerical_letter_grade([0.0]) == ['E']\n           ^^^^^^^^^^^^^^^^^^^^^^^^^^^^^^^^^^^^^^\nAssertionError\n",
          "failures": "Traceback (most recent call last):\n  File \"/tmp/agentfix_tcwjes4a/test_candidate.py\", line 17, in <module>\n    check(numerical_letter_grade)\n  File \"/tmp/agentfix_tcwjes4a/test_candidate.py\", line 10, in check\n    assert numerical_letter_grade([0.0]) == ['E']\n           ^^^^^^^^^^^^^^^^^^^^^^^^^^^^^^^^^^^^^^\nAssertionError",
          "duration_s": 0.099
        }
      ],
      "wall_time_s": 8.244
    },
    {
      "task_id": "Python/82",
      "passed": false,
      "steps_used": 1,
      "trace": [
        {
          "step": 0,
          "patch": "def prime_length(string):\n    if len(string) <= 1:\n        return False\n    for i in range(2, int(math.sqrt(len(string))) + 1):\n        if len(string) % i == 0:\n            return False\n    return True",
          "passed": false,
          "stdout": "",
          "stderr": "Traceback (most recent call last):\n  File \"/tmp/agentfix_62b82qgp/test_candidate.py\", line 26, in <module>\n    check(prime_length)\n  File \"/tmp/agentfix_62b82qgp/test_candidate.py\", line 7, in check\n    assert prime_length('Hello') == True\n           ^^^^^^^^^^^^^^^^^^^^^\n  File \"/tmp/agentfix_62b82qgp/candidate.py\", line 4, in prime_length\n    for i in range(2, int(math.sqrt(len(string))) + 1):\n                          ^^^^\nNameError: name 'math' is not defined\n",
          "failures": "Traceback (most recent call last):\n  File \"/tmp/agentfix_62b82qgp/test_candidate.py\", line 26, in <module>\n    check(prime_length)\n  File \"/tmp/agentfix_62b82qgp/test_candidate.py\", line 7, in check\n    assert prime_length('Hello') == True\n           ^^^^^^^^^^^^^^^^^^^^^\n  File \"/tmp/agentfix_62b82qgp/candidate.py\", line 4, in prime_length\n    for i in range(2, int(math.sqrt(len(string))) + 1):\n                          ^^^^\nNameError: name 'math' is not defined",
          "duration_s": 0.096
        }
      ],
      "wall_time_s": 2.106
    },
    {
      "task_id": "Python/83",
      "passed": false,
      "steps_used": 1,
      "trace": [
        {
          "step": 0,
          "patch": "def starts_one_ends(n):\n    if n == 1: return 1\n    return 18 * n * (10 ** (n - 2))",
          "passed": false,
          "stdout": "",
          "stderr": "Traceback (most recent call last):\n  File \"/tmp/agentfix_ays23oxv/test_candidate.py\", line 17, in <module>\n    check(starts_one_ends)\n  File \"/tmp/agentfix_ays23oxv/test_candidate.py\", line 9, in check\n    assert starts_one_ends(2) == 18\n           ^^^^^^^^^^^^^^^^^^^^^^^^\nAssertionError\n",
          "failures": "Traceback (most recent call last):\n  File \"/tmp/agentfix_ays23oxv/test_candidate.py\", line 17, in <module>\n    check(starts_one_ends)\n  File \"/tmp/agentfix_ays23oxv/test_candidate.py\", line 9, in check\n    assert starts_one_ends(2) == 18\n           ^^^^^^^^^^^^^^^^^^^^^^^^\nAssertionError",
          "duration_s": 0.095
        }
      ],
      "wall_time_s": 1.458
    },
    {
      "task_id": "Python/84",
      "passed": false,
      "steps_used": 1,
      "trace": [
        {
          "step": 0,
          "patch": "def solve(N):\n    return bin(int(N))[2:]",
          "passed": false,
          "stdout": "",
          "stderr": "Traceback (most recent call last):\n  File \"/tmp/agentfix_kuha5d0e/test_candidate.py\", line 17, in <module>\n    check(solve)\n  File \"/tmp/agentfix_kuha5d0e/test_candidate.py\", line 8, in check\n    assert solve(1000) == \"1\", \"Error\"\n           ^^^^^^^^^^^^^^^^^^\nAssertionError: Error\n",
          "failures": "Traceback (most recent call last):\n  File \"/tmp/agentfix_kuha5d0e/test_candidate.py\", line 17, in <module>\n    check(solve)\n  File \"/tmp/agentfix_kuha5d0e/test_candidate.py\", line 8, in check\n    assert solve(1000) == \"1\", \"Error\"\n           ^^^^^^^^^^^^^^^^^^\nAssertionError: Error",
          "duration_s": 0.095
        }
      ],
      "wall_time_s": 0.724
    },
    {
      "task_id": "Python/85",
      "passed": true,
      "steps_used": 1,
      "trace": [
        {
          "step": 0,
          "patch": "def add(lst):\n    return sum([lst[i] for i in range(1, len(lst), 2) if lst[i] % 2 == 0])",
          "passed": true,
          "stdout": "",
          "stderr": "",
          "failures": "",
          "duration_s": 0.097
        }
      ],
      "wall_time_s": 1.439
    },
    {
      "task_id": "Python/86",
      "passed": false,
      "steps_used": 1,
      "trace": [
        {
          "step": 0,
          "patch": "def anti_shuffle(s):\n    return ''.join([''.join(sorted(list(i))) for i in s.split(' ')])",
          "passed": false,
          "stdout": "",
          "stderr": "Traceback (most recent call last):\n  File \"/tmp/agentfix_o8gg3fhc/test_candidate.py\", line 17, in <module>\n    check(anti_shuffle)\n  File \"/tmp/agentfix_o8gg3fhc/test_candidate.py\", line 11, in check\n    assert anti_shuffle('Hello World!!!') == 'Hello !!!Wdlor'\n           ^^^^^^^^^^^^^^^^^^^^^^^^^^^^^^^^^^^^^^^^^^^^^^^^^^\nAssertionError\n",
          "failures": "Traceback (most recent call last):\n  File \"/tmp/agentfix_o8gg3fhc/test_candidate.py\", line 17, in <module>\n    check(anti_shuffle)\n  File \"/tmp/agentfix_o8gg3fhc/test_candidate.py\", line 11, in check\n    assert anti_shuffle('Hello World!!!') == 'Hello !!!Wdlor'\n           ^^^^^^^^^^^^^^^^^^^^^^^^^^^^^^^^^^^^^^^^^^^^^^^^^^\nAssertionError",
          "duration_s": 0.111
        }
      ],
      "wall_time_s": 1.166
    },
    {
      "task_id": "Python/87",
      "passed": false,
      "steps_used": 1,
      "trace": [
        {
          "step": 0,
          "patch": "def get_row(lst, x):\n    return sorted([coord for coord in coords if coord[1] == x], key=lambda x: x[0])",
          "passed": false,
          "stdout": "",
          "stderr": "Traceback (most recent call last):\n  File \"/tmp/agentfix_akm3h4qw/test_candidate.py\", line 36, in <module>\n    check(get_row)\n  File \"/tmp/agentfix_akm3h4qw/test_candidate.py\", line 7, in check\n    assert get_row([\n           ^^^^^^^^^\n  File \"/tmp/agentfix_akm3h4qw/candidate.py\", line 2, in get_row\n    return sorted([coord for coord in coords if coord[1] == x], key=lambda x: x[0])\n                                      ^^^^^^\nNameError: name 'coords' is not defined\n",
          "failures": "Traceback (most recent call last):\n  File \"/tmp/agentfix_akm3h4qw/test_candidate.py\", line 36, in <module>\n    check(get_row)\n  File \"/tmp/agentfix_akm3h4qw/test_candidate.py\", line 7, in check\n    assert get_row([\n           ^^^^^^^^^\n  File \"/tmp/agentfix_akm3h4qw/candidate.py\", line 2, in get_row\n    return sorted([coord for coord in coords if coord[1] == x], key=lambda x: x[0])\n                                      ^^^^^^\nNameError: name 'coords' is not defined",
          "duration_s": 0.096
        }
      ],
      "wall_time_s": 1.406
    },
    {
      "task_id": "Python/88",
      "passed": true,
      "steps_used": 1,
      "trace": [
        {
          "step": 0,
          "patch": "def sort_array(array):\n    if not array:\n        return []\n    if (array[0] + array[-1]) % 2 != 0:\n        return sorted(array)\n    else:\n        return sorted(array, reverse=True)",
          "passed": true,
          "stdout": "",
          "stderr": "",
          "failures": "",
          "duration_s": 0.097
        }
      ],
      "wall_time_s": 1.866
    },
    {
      "task_id": "Python/89",
      "passed": false,
      "steps_used": 1,
      "trace": [
        {
          "step": 0,
          "patch": "def encrypt(s):\n    d = 'abcdefghijklmnopqrstuvwxyz'\n    out = ''\n    for c in s:\n        if c in d:\n            out += d[(d.index(c)+2*2) % 24]\n        else:\n            out += c\n    return out",
          "passed": false,
          "stdout": "",
          "stderr": "Traceback (most recent call last):\n  File \"/tmp/agentfix_9s7zav_0/test_candidate.py\", line 19, in <module>\n    check(encrypt)\n  File \"/tmp/agentfix_9s7zav_0/test_candidate.py\", line 12, in check\n    assert encrypt('faewfawefaewg')=='jeiajeaijeiak', \"This prints if this assert fails 1 (good for debugging!)\"\n           ^^^^^^^^^^^^^^^^^^^^^^^^^^^^^^^^^^^^^^^^^\nAssertionError: This prints if this assert fails 1 (good for debugging!)\n",
          "failures": "Traceback (most recent call last):\n  File \"/tmp/agentfix_9s7zav_0/test_candidate.py\", line 19, in <module>\n    check(encrypt)\n  File \"/tmp/agentfix_9s7zav_0/test_candidate.py\", line 12, in check\n    assert encrypt('faewfawefaewg')=='jeiajeaijeiak', \"This prints if this assert fails 1 (good for debugging!)\"\n           ^^^^^^^^^^^^^^^^^^^^^^^^^^^^^^^^^^^^^^^^^\nAssertionError: This prints if this assert fails 1 (good for debugging!)",
          "duration_s": 0.097
        }
      ],
      "wall_time_s": 2.162
    },
    {
      "task_id": "Python/90",
      "passed": false,
      "steps_used": 1,
      "trace": [
        {
          "step": 0,
          "patch": "def next_smallest(lst):\n    lst = sorted(set(lst))\n    if len(lst) < 3:\n        return None\n    return lst[1]",
          "passed": false,
          "stdout": "",
          "stderr": "Traceback (most recent call last):\n  File \"/tmp/agentfix_7dnnn3v8/test_candidate.py\", line 18, in <module>\n    check(next_smallest)\n  File \"/tmp/agentfix_7dnnn3v8/test_candidate.py\", line 11, in check\n    assert next_smallest([1,1,1,1,0]) == 1\n           ^^^^^^^^^^^^^^^^^^^^^^^^^^^^^^^\nAssertionError\n",
          "failures": "Traceback (most recent call last):\n  File \"/tmp/agentfix_7dnnn3v8/test_candidate.py\", line 18, in <module>\n    check(next_smallest)\n  File \"/tmp/agentfix_7dnnn3v8/test_candidate.py\", line 11, in check\n    assert next_smallest([1,1,1,1,0]) == 1\n           ^^^^^^^^^^^^^^^^^^^^^^^^^^^^^^^\nAssertionError",
          "duration_s": 0.093
        }
      ],
      "wall_time_s": 1.357
    },
    {
      "task_id": "Python/91",
      "passed": false,
      "steps_used": 1,
      "trace": [
        {
          "step": 0,
          "patch": "def is_bored(S):\n    sentences = re.split(r'[.?!]\\s*', S)\n    return sum(sentence.startswith(' I') for sentence in sentences)",
          "passed": false,
          "stdout": "",
          "stderr": "Traceback (most recent call last):\n  File \"/tmp/agentfix_uni2flw2/test_candidate.py\", line 17, in <module>\n    check(is_bored)\n  File \"/tmp/agentfix_uni2flw2/test_candidate.py\", line 7, in check\n    assert is_bored(\"Hello world\") == 0, \"Test 1\"\n           ^^^^^^^^^^^^^^^^^^^^^^^\n  File \"/tmp/agentfix_uni2flw2/candidate.py\", line 2, in is_bored\n    sentences = re.split(r'[.?!]\\s*', S)\n                ^^\nNameError: name 're' is not defined\n",
          "failures": "Traceback (most recent call last):\n  File \"/tmp/agentfix_uni2flw2/test_candidate.py\", line 17, in <module>\n    check(is_bored)\n  File \"/tmp/agentfix_uni2flw2/test_candidate.py\", line 7, in check\n    assert is_bored(\"Hello world\") == 0, \"Test 1\"\n           ^^^^^^^^^^^^^^^^^^^^^^^\n  File \"/tmp/agentfix_uni2flw2/candidate.py\", line 2, in is_bored\n    sentences = re.split(r'[.?!]\\s*', S)\n                ^^\nNameError: name 're' is not defined",
          "duration_s": 0.094
        }
      ],
      "wall_time_s": 1.383
    },
    {
      "task_id": "Python/92",
      "passed": false,
      "steps_used": 1,
      "trace": [
        {
          "step": 0,
          "patch": "def any_int(x, y, z):\n    if isinstance(x, int) and isinstance(y, int) and isinstance(z, int):\n        return (x + y == z) or (y + z == x)\n    return False",
          "passed": false,
          "stdout": "",
          "stderr": "Traceback (most recent call last):\n  File \"/tmp/agentfix_co7g4lw7/test_candidate.py\", line 20, in <module>\n    check(any_int)\n  File \"/tmp/agentfix_co7g4lw7/test_candidate.py\", line 7, in check\n    assert any_int(2, 3, 1)==True, \"This prints if this assert fails 1 (good for debugging!)\"\n           ^^^^^^^^^^^^^^^^^^^^^^\nAssertionError: This prints if this assert fails 1 (good for debugging!)\n",
          "failures": "Traceback (most recent call last):\n  File \"/tmp/agentfix_co7g4lw7/test_candidate.py\", line 20, in <module>\n    check(any_int)\n  File \"/tmp/agentfix_co7g4lw7/test_candidate.py\", line 7, in check\n    assert any_int(2, 3, 1)==True, \"This prints if this assert fails 1 (good for debugging!)\"\n           ^^^^^^^^^^^^^^^^^^^^^^\nAssertionError: This prints if this assert fails 1 (good for debugging!)",
          "duration_s": 0.096
        }
      ],
      "wall_time_s": 1.883
    },
    {
      "task_id": "Python/93",
      "passed": false,
      "steps_used": 1,
      "trace": [
        {
          "step": 0,
          "patch": "def encode(message):\n    vowels = \"aeiou\"\n    vowels_replace = dict([(i, chr(ord(i) + 2)) for i in vowels])\n    message = message.swapcase()\n    return ''.join([vowels_replace.get(i, i) for i in message])",
          "passed": false,
          "stdout": "",
          "stderr": "Traceback (most recent call last):\n  File \"/tmp/agentfix_iec_3qij/test_candidate.py\", line 15, in <module>\n    check(encode)\n  File \"/tmp/agentfix_iec_3qij/test_candidate.py\", line 8, in check\n    assert encode('Mudasir') == 'mWDCSKR', \"This prints if this assert fails 2 (good for debugging!)\"\n           ^^^^^^^^^^^^^^^^^^^^^^^^^^^^^^\nAssertionError: This prints if this assert fails 2 (good for debugging!)\n",
          "failures": "Traceback (most recent call last):\n  File \"/tmp/agentfix_iec_3qij/test_candidate.py\", line 15, in <module>\n    check(encode)\n  File \"/tmp/agentfix_iec_3qij/test_candidate.py\", line 8, in check\n    assert encode('Mudasir') == 'mWDCSKR', \"This prints if this assert fails 2 (good for debugging!)\"\n           ^^^^^^^^^^^^^^^^^^^^^^^^^^^^^^\nAssertionError: This prints if this assert fails 2 (good for debugging!)",
          "duration_s": 0.094
        }
      ],
      "wall_time_s": 2.207
    },
    {
      "task_id": "Python/94",
      "passed": false,
      "steps_used": 1,
      "trace": [
        {
          "step": 0,
          "patch": "def isPrime(n):\n    if n <= 1:\n        return False\n    for i in range(2, int(n**0.5) + 1):\n        if n % i == 0:\n            return False\n    return True",
          "passed": false,
          "stdout": "",
          "stderr": "Traceback (most recent call last):\n  File \"/tmp/agentfix_j7owwdca/test_candidate.py\", line 2, in <module>\n    from candidate import skjkasdkd\nImportError: cannot import name 'skjkasdkd' from 'candidate' (/tmp/agentfix_j7owwdca/candidate.py)\n",
          "failures": "Traceback (most recent call last):\n  File \"/tmp/agentfix_j7owwdca/test_candidate.py\", line 2, in <module>\n    from candidate import skjkasdkd\nImportError: cannot import name 'skjkasdkd' from 'candidate' (/tmp/agentfix_j7owwdca/candidate.py)",
          "duration_s": 0.096
        }
      ],
      "wall_time_s": 2.043
    },
    {
      "task_id": "Python/95",
      "passed": true,
      "steps_used": 1,
      "trace": [
        {
          "step": 0,
          "patch": "def check_dict_case(dict):\n    if not dict:\n        return False\n    state = \"start\"\n    for key in dict.keys():\n        if not isinstance(key, str):\n            state = \"mixed\"\n            break\n        if state == \"start\":\n            if key.isupper():\n                state = \"upper\"\n            elif key.islower():\n                state = \"lower\"\n            else:\n                break\n        elif (state == \"upper\" and not key.isupper()) or (state == \"lower\" and not key.islower()):\n            state = \"mixed\"\n            break\n        else:\n            break\n    return state in (\"upper\", \"lower\")",
          "passed": true,
          "stdout": "",
          "stderr": "",
          "failures": "",
          "duration_s": 0.096
        }
      ],
      "wall_time_s": 4.657
    },
    {
      "task_id": "Python/96",
      "passed": false,
      "steps_used": 1,
      "trace": [
        {
          "step": 0,
          "patch": "def count_up_to(n):\n    primes = []\n    for i in range(2, n):\n        is_prime = True\n        for j in range(2, i):\n            if j * j > i:\n                break\n            if j % i == 0:\n                is_prime = False\n                break\n        if is_prime:\n            primes.append(i)\n    return primes",
          "passed": false,
          "stdout": "",
          "stderr": "Traceback (most recent call last):\n  File \"/tmp/agentfix_d3rjc5zw/test_candidate.py\", line 17, in <module>\n    check(count_up_to)\n  File \"/tmp/agentfix_d3rjc5zw/test_candidate.py\", line 6, in check\n    assert count_up_to(5) == [2,3]\n           ^^^^^^^^^^^^^^^^^^^^^^^\nAssertionError\n",
          "failures": "Traceback (most recent call last):\n  File \"/tmp/agentfix_d3rjc5zw/test_candidate.py\", line 17, in <module>\n    check(count_up_to)\n  File \"/tmp/agentfix_d3rjc5zw/test_candidate.py\", line 6, in check\n    assert count_up_to(5) == [2,3]\n           ^^^^^^^^^^^^^^^^^^^^^^^\nAssertionError",
          "duration_s": 0.097
        }
      ],
      "wall_time_s": 2.881
    },
    {
      "task_id": "Python/97",
      "passed": false,
      "steps_used": 1,
      "trace": [
        {
          "step": 0,
          "patch": "def multiply(a, b):\n    return abs(a % 10) * abs(b % 10) * a * b",
          "passed": false,
          "stdout": "",
          "stderr": "Traceback (most recent call last):\n  File \"/tmp/agentfix_k96efpm_/test_candidate.py\", line 19, in <module>\n    check(multiply)\n  File \"/tmp/agentfix_k96efpm_/test_candidate.py\", line 7, in check\n    assert multiply(148, 412) == 16, \"First test error: \" + str(multiply(148, 412))                    \n           ^^^^^^^^^^^^^^^^^^^^^^^^\nAssertionError: First test error: 975616\n",
          "failures": "Traceback (most recent call last):\n  File \"/tmp/agentfix_k96efpm_/test_candidate.py\", line 19, in <module>\n    check(multiply)\n  File \"/tmp/agentfix_k96efpm_/test_candidate.py\", line 7, in check\n    assert multiply(148, 412) == 16, \"First test error: \" + str(multiply(148, 412))                    \n           ^^^^^^^^^^^^^^^^^^^^^^^^\nAssertionError: First test error: 975616",
          "duration_s": 0.098
        }
      ],
      "wall_time_s": 1.223
    },
    {
      "task_id": "Python/98",
      "passed": false,
      "steps_used": 1,
      "trace": [
        {
          "step": 0,
          "patch": "def count_upper(s):\n    count = 0\n    for i in range(0, len(s), 2):\n        if s[i].upper() in \"AEIOU\":\n            count += 2\n    return count",
          "passed": false,
          "stdout": "",
          "stderr": "Traceback (most recent call last):\n  File \"/tmp/agentfix_q3hgyxfr/test_candidate.py\", line 18, in <module>\n    check(count_upper)\n  File \"/tmp/agentfix_q3hgyxfr/test_candidate.py\", line 7, in check\n    assert count_upper('aBCdEf')  == 1\n           ^^^^^^^^^^^^^^^^^^^^^^^^^^^\nAssertionError\n",
          "failures": "Traceback (most recent call last):\n  File \"/tmp/agentfix_q3hgyxfr/test_candidate.py\", line 18, in <module>\n    check(count_upper)\n  File \"/tmp/agentfix_q3hgyxfr/test_candidate.py\", line 7, in check\n    assert count_upper('aBCdEf')  == 1\n           ^^^^^^^^^^^^^^^^^^^^^^^^^^^\nAssertionError",
          "duration_s": 0.094
        }
      ],
      "wall_time_s": 1.915
    },
    {
      "task_id": "Python/99",
      "passed": false,
      "steps_used": 1,
      "trace": [
        {
          "step": 0,
          "patch": "def closest_integer(value):\n    if value.count('.') == 1:\n        # remove trailing zeros\n        while (value[-1] == '0'):\n            value = value[:-1]\n\n    num = float(value)\n    if value[-2:] == '.5':\n        if num > 0:\n            res = floor(num)\n        else:\n            res = ceil(num)\n    elif len(value) > 0:\n        res = round(num)\n    else:\n        res = 0\n\n    return res",
          "passed": false,
          "stdout": "",
          "stderr": "Traceback (most recent call last):\n  File \"/tmp/agentfix_mfpr_0d5/test_candidate.py\", line 15, in <module>\n    check(closest_integer)\n  File \"/tmp/agentfix_mfpr_0d5/test_candidate.py\", line 8, in check\n    assert closest_integer(\"14.5\") == 15, \"Test 2\"\n           ^^^^^^^^^^^^^^^^^^^^^^^\n  File \"/tmp/agentfix_mfpr_0d5/candidate.py\", line 10, in closest_integer\n    res = floor(num)\n          ^^^^^\nNameError: name 'floor' is not defined. Did you mean: 'float'?\n",
          "failures": "Traceback (most recent call last):\n  File \"/tmp/agentfix_mfpr_0d5/test_candidate.py\", line 15, in <module>\n    check(closest_integer)\n  File \"/tmp/agentfix_mfpr_0d5/test_candidate.py\", line 8, in check\n    assert closest_integer(\"14.5\") == 15, \"Test 2\"\n           ^^^^^^^^^^^^^^^^^^^^^^^\n  File \"/tmp/agentfix_mfpr_0d5/candidate.py\", line 10, in closest_integer\n    res = floor(num)\n          ^^^^^\nNameError: name 'floor' is not defined. Did you mean: 'float'?",
          "duration_s": 0.096
        }
      ],
      "wall_time_s": 3.675
    },
    {
      "task_id": "Python/100",
      "passed": false,
      "steps_used": 1,
      "trace": [
        {
          "step": 0,
          "patch": "def make_a_pile(n):\n    return [n + 2*i + i for i in range(n)]",
          "passed": false,
          "stdout": "",
          "stderr": "Traceback (most recent call last):\n  File \"/tmp/agentfix_kae8x66w/test_candidate.py\", line 16, in <module>\n    check(make_a_pile)\n  File \"/tmp/agentfix_kae8x66w/test_candidate.py\", line 7, in check\n    assert make_a_pile(3) == [3, 5, 7], \"Test 3\"\n           ^^^^^^^^^^^^^^^^^^^^^^^^^^^\nAssertionError: Test 3\n",
          "failures": "Traceback (most recent call last):\n  File \"/tmp/agentfix_kae8x66w/test_candidate.py\", line 16, in <module>\n    check(make_a_pile)\n  File \"/tmp/agentfix_kae8x66w/test_candidate.py\", line 7, in check\n    assert make_a_pile(3) == [3, 5, 7], \"Test 3\"\n           ^^^^^^^^^^^^^^^^^^^^^^^^^^^\nAssertionError: Test 3",
          "duration_s": 0.096
        }
      ],
      "wall_time_s": 1.065
    },
    {
      "task_id": "Python/101",
      "passed": false,
      "steps_used": 1,
      "trace": [
        {
          "step": 0,
          "patch": "def words_string(s):\n    if not s:\n        return []\n\n    s_list = []\n    for letter in s:\n        if letter == ',':\n            s_list.append(',')\n        else:\n            s_list.append(letter)\n\n    # Join the list without any separator\n    s_list = ''.join(s_list)\n    return s_list",
          "passed": false,
          "stdout": "",
          "stderr": "Traceback (most recent call last):\n  File \"/tmp/agentfix_bf97p14n/test_candidate.py\", line 18, in <module>\n    check(words_string)\n  File \"/tmp/agentfix_bf97p14n/test_candidate.py\", line 8, in check\n    assert words_string(\"Hi, my name is John\") == [\"Hi\", \"my\", \"name\", \"is\", \"John\"]\n           ^^^^^^^^^^^^^^^^^^^^^^^^^^^^^^^^^^^^^^^^^^^^^^^^^^^^^^^^^^^^^^^^^^^^^^^^^\nAssertionError\n",
          "failures": "Traceback (most recent call last):\n  File \"/tmp/agentfix_bf97p14n/test_candidate.py\", line 18, in <module>\n    check(words_string)\n  File \"/tmp/agentfix_bf97p14n/test_candidate.py\", line 8, in check\n    assert words_string(\"Hi, my name is John\") == [\"Hi\", \"my\", \"name\", \"is\", \"John\"]\n           ^^^^^^^^^^^^^^^^^^^^^^^^^^^^^^^^^^^^^^^^^^^^^^^^^^^^^^^^^^^^^^^^^^^^^^^^^\nAssertionError",
          "duration_s": 0.098
        }
      ],
      "wall_time_s": 2.482
    },
    {
      "task_id": "Python/102",
      "passed": false,
      "steps_used": 1,
      "trace": [
        {
          "step": 0,
          "patch": "def choose_num(x, y):\n    if x > y:\n        return -1\n    if y % 2 == 0:\n        return y\n    if x == y:\n        return -1\n    return x + 1",
          "passed": false,
          "stdout": "",
          "stderr": "Traceback (most recent call last):\n  File \"/tmp/agentfix_nlj74npt/test_candidate.py\", line 18, in <module>\n    check(choose_num)\n  File \"/tmp/agentfix_nlj74npt/test_candidate.py\", line 7, in check\n    assert choose_num(12, 15) == 14\n           ^^^^^^^^^^^^^^^^^^^^^^^^\nAssertionError\n",
          "failures": "Traceback (most recent call last):\n  File \"/tmp/agentfix_nlj74npt/test_candidate.py\", line 18, in <module>\n    check(choose_num)\n  File \"/tmp/agentfix_nlj74npt/test_candidate.py\", line 7, in check\n    assert choose_num(12, 15) == 14\n           ^^^^^^^^^^^^^^^^^^^^^^^^\nAssertionError",
          "duration_s": 0.097
        }
      ],
      "wall_time_s": 1.948
    },
    {
      "task_id": "Python/103",
      "passed": false,
      "steps_used": 1,
      "trace": [
        {
          "step": 0,
          "patch": "def rounded_avg(m, n):\n    if m < n:\n        return -1\n    summation = sum(range(n, m + 1))\n    return bin(round(summation / (m - n)))",
          "passed": false,
          "stdout": "",
          "stderr": "Traceback (most recent call last):\n  File \"/tmp/agentfix_7p3mciax/test_candidate.py\", line 23, in <module>\n    check(rounded_avg)\n  File \"/tmp/agentfix_7p3mciax/test_candidate.py\", line 7, in check\n    assert rounded_avg(1, 5) == \"0b11\"\n           ^^^^^^^^^^^^^^^^^^^^^^^^^^^\nAssertionError\n",
          "failures": "Traceback (most recent call last):\n  File \"/tmp/agentfix_7p3mciax/test_candidate.py\", line 23, in <module>\n    check(rounded_avg)\n  File \"/tmp/agentfix_7p3mciax/test_candidate.py\", line 7, in check\n    assert rounded_avg(1, 5) == \"0b11\"\n           ^^^^^^^^^^^^^^^^^^^^^^^^^^^\nAssertionError",
          "duration_s": 0.096
        }
      ],
      "wall_time_s": 1.793
    },
    {
      "task_id": "Python/104",
      "passed": false,
      "steps_used": 1,
      "trace": [
        {
          "step": 0,
          "patch": "def unique_digits(x):\n    odd_digit_elements = []\n    for j, i in enumerate(x):\n        if any(int(c) % 2 != 1 for c in str(i)):\n            odd_digit_elements.append(i)\n            odd_digit_elements.append(j)\n    return sorted(odd_digit_elements)",
          "passed": false,
          "stdout": "",
          "stderr": "Traceback (most recent call last):\n  File \"/tmp/agentfix_wp6qkq7p/test_candidate.py\", line 15, in <module>\n    check(unique_digits)\n  File \"/tmp/agentfix_wp6qkq7p/test_candidate.py\", line 7, in check\n    assert unique_digits([15, 33, 1422, 1]) == [1, 15, 33]\n           ^^^^^^^^^^^^^^^^^^^^^^^^^^^^^^^^^^^^^^^^^^^^^^^\nAssertionError\n",
          "failures": "Traceback (most recent call last):\n  File \"/tmp/agentfix_wp6qkq7p/test_candidate.py\", line 15, in <module>\n    check(unique_digits)\n  File \"/tmp/agentfix_wp6qkq7p/test_candidate.py\", line 7, in check\n    assert unique_digits([15, 33, 1422, 1]) == [1, 15, 33]\n           ^^^^^^^^^^^^^^^^^^^^^^^^^^^^^^^^^^^^^^^^^^^^^^^\nAssertionError",
          "duration_s": 0.097
        }
      ],
      "wall_time_s": 2.282
    },
    {
      "task_id": "Python/105",
      "passed": false,
      "steps_used": 1,
      "trace": [
        {
          "step": 0,
          "patch": "def by_length(arr):\n    dic = {\n        1: \"One\",\n        2: \"Two\",\n        3: \"Three\",\n        4: \"Four\",\n        5: \"Five\",\n        6: \"Six\",\n        7: \"Seven\",\n        8: \"Eight\",\n        9: \"Nine\",\n    }\n    sorted_arr = sorted(arr, key=len)\n    new_arr = []\n    for var in sorted_arr:\n        try:\n            new_arr.append(dic[var])\n        except:\n            pass\n    return new_arr",
          "passed": false,
          "stdout": "",
          "stderr": "Traceback (most recent call last):\n  File \"/tmp/agentfix_ybldedaz/test_candidate.py\", line 17, in <module>\n    check(by_length)\n  File \"/tmp/agentfix_ybldedaz/test_candidate.py\", line 8, in check\n    assert by_length([2, 1, 1, 4, 5, 8, 2, 3]) == [\"Eight\", \"Five\", \"Four\", \"Three\", \"Two\", \"Two\", \"One\", \"One\"], \"Error\"\n           ^^^^^^^^^^^^^^^^^^^^^^^^^^^^^^^^^^^\n  File \"/tmp/agentfix_ybldedaz/candidate.py\", line 13, in by_length\n    sorted_arr = sorted(arr, key=len)\n                 ^^^^^^^^^^^^^^^^^^^^\nTypeError: object of type 'int' has no len()\n",
          "failures": "Traceback (most recent call last):\n  File \"/tmp/agentfix_ybldedaz/test_candidate.py\", line 17, in <module>\n    check(by_length)\n  File \"/tmp/agentfix_ybldedaz/test_candidate.py\", line 8, in check\n    assert by_length([2, 1, 1, 4, 5, 8, 2, 3]) == [\"Eight\", \"Five\", \"Four\", \"Three\", \"Two\", \"Two\", \"One\", \"One\"], \"Error\"\n           ^^^^^^^^^^^^^^^^^^^^^^^^^^^^^^^^^^^\n  File \"/tmp/agentfix_ybldedaz/candidate.py\", line 13, in by_length\n    sorted_arr = sorted(arr, key=len)\n                 ^^^^^^^^^^^^^^^^^^^^\nTypeError: object of type 'int' has no len()",
          "duration_s": 0.095
        }
      ],
      "wall_time_s": 4.123
    },
    {
      "task_id": "Python/106",
      "passed": false,
      "steps_used": 1,
      "trace": [
        {
          "step": 0,
          "patch": "def f(n):\n    ret = []\n    for i in range(1, n + 1):\n        if i % 2 == 0:\n            x = 1\n            for j in range(1, i + 1):\n                x *= i\n            ret.append(x)\n        else:\n            x = 0\n            for j in range(1, i + 1):\n                x += j\n            ret.append(x)\n    return ret",
          "passed": false,
          "stdout": "",
          "stderr": "Traceback (most recent call last):\n  File \"/tmp/agentfix_bffygvxp/test_candidate.py\", line 11, in <module>\n    check(f)\n  File \"/tmp/agentfix_bffygvxp/test_candidate.py\", line 6, in check\n    assert f(5) == [1, 2, 6, 24, 15]\n           ^^^^^^^^^^^^^^^^^^^^^^^^^\nAssertionError\n",
          "failures": "Traceback (most recent call last):\n  File \"/tmp/agentfix_bffygvxp/test_candidate.py\", line 11, in <module>\n    check(f)\n  File \"/tmp/agentfix_bffygvxp/test_candidate.py\", line 6, in check\n    assert f(5) == [1, 2, 6, 24, 15]\n           ^^^^^^^^^^^^^^^^^^^^^^^^^\nAssertionError",
          "duration_s": 0.094
        }
      ],
      "wall_time_s": 3.431
    },
    {
      "task_id": "Python/107",
      "passed": false,
      "steps_used": 1,
      "trace": [
        {
          "step": 0,
          "patch": "def is_palindrome(n):\n    return str(n) == str(n)[::-1]",
          "passed": false,
          "stdout": "",
          "stderr": "Traceback (most recent call last):\n  File \"/tmp/agentfix_ffo5l5wn/test_candidate.py\", line 2, in <module>\n    from candidate import even_odd_palindrome\nImportError: cannot import name 'even_odd_palindrome' from 'candidate' (/tmp/agentfix_ffo5l5wn/candidate.py)\n",
          "failures": "Traceback (most recent call last):\n  File \"/tmp/agentfix_ffo5l5wn/test_candidate.py\", line 2, in <module>\n    from candidate import even_odd_palindrome\nImportError: cannot import name 'even_odd_palindrome' from 'candidate' (/tmp/agentfix_ffo5l5wn/candidate.py)",
          "duration_s": 0.096
        }
      ],
      "wall_time_s": 3.648
    },
    {
      "task_id": "Python/108",
      "passed": false,
      "steps_used": 1,
      "trace": [
        {
          "step": 0,
          "patch": "def count_nums(arr):\n    return len(list(filter(lambda x: x > 0, [digits_sum(i) for i in arr])))",
          "passed": false,
          "stdout": "",
          "stderr": "Traceback (most recent call last):\n  File \"/tmp/agentfix_45pbzy8s/test_candidate.py\", line 19, in <module>\n    check(count_nums)\n  File \"/tmp/agentfix_45pbzy8s/test_candidate.py\", line 8, in check\n    assert count_nums([-1, -2, 0]) == 0\n           ^^^^^^^^^^^^^^^^^^^^^^^\n  File \"/tmp/agentfix_45pbzy8s/candidate.py\", line 2, in count_nums\n    return len(list(filter(lambda x: x > 0, [digits_sum(i) for i in arr])))\n                                            ^^^^^^^^^^^^^^^^^^^^^^^^^^^^\n  File \"/tmp/agentfix_45pbzy8s/candidate.py\", line 2, in <listcomp>\n    return len(list(filter(lambda x: x > 0, [digits_sum(i) for i in arr])))\n                                             ^^^^^^^^^^\nNameError: name 'digits_sum' is not defined\n",
          "failures": "Traceback (most recent call last):\n  File \"/tmp/agentfix_45pbzy8s/test_candidate.py\", line 19, in <module>\n    check(count_nums)\n  File \"/tmp/agentfix_45pbzy8s/test_candidate.py\", line 8, in check\n    assert count_nums([-1, -2, 0]) == 0\n           ^^^^^^^^^^^^^^^^^^^^^^^\n  File \"/tmp/agentfix_45pbzy8s/candidate.py\", line 2, in count_nums\n    return len(list(filter(lambda x: x > 0, [digits_sum(i) for i in arr])))\n                                            ^^^^^^^^^^^^^^^^^^^^^^^^^^^^\n  File \"/tmp/agentfix_45pbzy8s/candidate.py\", line 2, in <listcomp>\n    return len(list(filter(lambda x: x > 0, [digits_sum(i) for i in arr])))\n                                             ^^^^^^^^^^\nNameError: name 'digits_sum' is not defined",
          "duration_s": 0.095
        }
      ],
      "wall_time_s": 1.27
    },
    {
      "task_id": "Python/109",
      "passed": false,
      "steps_used": 1,
      "trace": [
        {
          "step": 0,
          "patch": "def move_one_ball(arr):\n    if len(arr) == 0:\n        return True\n    sorted_array = sorted(arr)\n    my_arr = sorted_array[1:] + [sorted_array[0]]\n    for i in range(len(arr)):\n        if my_arr[i] != sorted_array[i]:\n            return False\n    return True",
          "passed": false,
          "stdout": "",
          "stderr": "Traceback (most recent call last):\n  File \"/tmp/agentfix_44l_qkcz/test_candidate.py\", line 14, in <module>\n    check(move_one_ball)\n  File \"/tmp/agentfix_44l_qkcz/test_candidate.py\", line 7, in check\n    assert move_one_ball([3, 4, 5, 1, 2])==True, \"This prints if this assert fails 1 (good for debugging!)\"\n           ^^^^^^^^^^^^^^^^^^^^^^^^^^^^^^^^^^^^\nAssertionError: This prints if this assert fails 1 (good for debugging!)\n",
          "failures": "Traceback (most recent call last):\n  File \"/tmp/agentfix_44l_qkcz/test_candidate.py\", line 14, in <module>\n    check(move_one_ball)\n  File \"/tmp/agentfix_44l_qkcz/test_candidate.py\", line 7, in check\n    assert move_one_ball([3, 4, 5, 1, 2])==True, \"This prints if this assert fails 1 (good for debugging!)\"\n           ^^^^^^^^^^^^^^^^^^^^^^^^^^^^^^^^^^^^\nAssertionError: This prints if this assert fails 1 (good for debugging!)",
          "duration_s": 0.098
        }
      ],
      "wall_time_s": 2.582
    },
    {
      "task_id": "Python/110",
      "passed": false,
      "steps_used": 1,
      "trace": [
        {
          "step": 0,
          "patch": "def exchange(lst1, lst2):\n    even = 0\n    odd = 0\n    for i in lst1:\n        if i % 2 == 1:\n            even += 1\n    for i in lst2:\n        if i % 2 == 0:\n            odd += 1\n    if even >= odd:\n        return \"YES\"\n    return \"NO\"",
          "passed": false,
          "stdout": "",
          "stderr": "Traceback (most recent call last):\n  File \"/tmp/agentfix_wng_adxi/test_candidate.py\", line 17, in <module>\n    check(exchange)\n  File \"/tmp/agentfix_wng_adxi/test_candidate.py\", line 8, in check\n    assert exchange([1, 2, 3, 4], [1, 5, 3, 4]) == \"NO\"\n           ^^^^^^^^^^^^^^^^^^^^^^^^^^^^^^^^^^^^^^^^^^^^\nAssertionError\n",
          "failures": "Traceback (most recent call last):\n  File \"/tmp/agentfix_wng_adxi/test_candidate.py\", line 17, in <module>\n    check(exchange)\n  File \"/tmp/agentfix_wng_adxi/test_candidate.py\", line 8, in check\n    assert exchange([1, 2, 3, 4], [1, 5, 3, 4]) == \"NO\"\n           ^^^^^^^^^^^^^^^^^^^^^^^^^^^^^^^^^^^^^^^^^^^^\nAssertionError",
          "duration_s": 0.096
        }
      ],
      "wall_time_s": 2.967
    },
    {
      "task_id": "Python/111",
      "passed": false,
      "steps_used": 1,
      "trace": [
        {
          "step": 0,
          "patch": "def histogram(test):\n    dict1 = {}\n    list1 = test.split(\" \")\n    t = 1\n\n    for i in list1:\n        if list1.count(i) > t and i != '':\n            t = list1.count(i)\n    if t > 0:\n        for i in list1:\n            if list1.count(i) == t:\n                dict1[i] = t\n    return dict1",
          "passed": false,
          "stdout": "",
          "stderr": "Traceback (most recent call last):\n  File \"/tmp/agentfix_7qfwhbeb/test_candidate.py\", line 19, in <module>\n    check(histogram)\n  File \"/tmp/agentfix_7qfwhbeb/test_candidate.py\", line 16, in check\n    assert histogram('') == {}, \"This prints if this assert fails 7 (also good for debugging!)\"\n           ^^^^^^^^^^^^^^^^^^^\nAssertionError: This prints if this assert fails 7 (also good for debugging!)\n",
          "failures": "Traceback (most recent call last):\n  File \"/tmp/agentfix_7qfwhbeb/test_candidate.py\", line 19, in <module>\n    check(histogram)\n  File \"/tmp/agentfix_7qfwhbeb/test_candidate.py\", line 16, in check\n    assert histogram('') == {}, \"This prints if this assert fails 7 (also good for debugging!)\"\n           ^^^^^^^^^^^^^^^^^^^\nAssertionError: This prints if this assert fails 7 (also good for debugging!)",
          "duration_s": 0.097
        }
      ],
      "wall_time_s": 3.17
    },
    {
      "task_id": "Python/112",
      "passed": false,
      "steps_used": 1,
      "trace": [
        {
          "step": 0,
          "patch": "def reverse_delete(s, c):\n    return ''.join([char for char in s if char not in c]), s[::-1] != s",
          "passed": false,
          "stdout": "",
          "stderr": "Traceback (most recent call last):\n  File \"/tmp/agentfix_u7_wwlh0/test_candidate.py\", line 16, in <module>\n    check(reverse_delete)\n  File \"/tmp/agentfix_u7_wwlh0/test_candidate.py\", line 6, in check\n    assert reverse_delete(\"abcde\",\"ae\") == ('bcd',False)\n           ^^^^^^^^^^^^^^^^^^^^^^^^^^^^^^^^^^^^^^^^^^^^^\nAssertionError\n",
          "failures": "Traceback (most recent call last):\n  File \"/tmp/agentfix_u7_wwlh0/test_candidate.py\", line 16, in <module>\n    check(reverse_delete)\n  File \"/tmp/agentfix_u7_wwlh0/test_candidate.py\", line 6, in check\n    assert reverse_delete(\"abcde\",\"ae\") == ('bcd',False)\n           ^^^^^^^^^^^^^^^^^^^^^^^^^^^^^^^^^^^^^^^^^^^^^\nAssertionError",
          "duration_s": 0.095
        }
      ],
      "wall_time_s": 1.307
    },
    {
      "task_id": "Python/113",
      "passed": false,
      "steps_used": 1,
      "trace": [
        {
          "step": 0,
          "patch": "def odd_count(lst):\n    res = []\n    for arr in lst:\n        n = sum(int(d) % 2 == 1 for d in arr)\n        res.append(f\"the number of odd elements {n} in the string {str(n)} of the input.\")\n    return res",
          "passed": false,
          "stdout": "",
          "stderr": "Traceback (most recent call last):\n  File \"/tmp/agentfix_fwj4zhfv/test_candidate.py\", line 18, in <module>\n    check(odd_count)\n  File \"/tmp/agentfix_fwj4zhfv/test_candidate.py\", line 7, in check\n    assert odd_count(['1234567']) == [\"the number of odd elements 4n the str4ng 4 of the 4nput.\"], \"Test 1\"\n           ^^^^^^^^^^^^^^^^^^^^^^^^^^^^^^^^^^^^^^^^^^^^^^^^^^^^^^^^^^^^^^^^^^^^^^^^^^^^^^^^^^^^^^\nAssertionError: Test 1\n",
          "failures": "Traceback (most recent call last):\n  File \"/tmp/agentfix_fwj4zhfv/test_candidate.py\", line 18, in <module>\n    check(odd_count)\n  File \"/tmp/agentfix_fwj4zhfv/test_candidate.py\", line 7, in check\n    assert odd_count(['1234567']) == [\"the number of odd elements 4n the str4ng 4 of the 4nput.\"], \"Test 1\"\n           ^^^^^^^^^^^^^^^^^^^^^^^^^^^^^^^^^^^^^^^^^^^^^^^^^^^^^^^^^^^^^^^^^^^^^^^^^^^^^^^^^^^^^^\nAssertionError: Test 1",
          "duration_s": 0.093
        }
      ],
      "wall_time_s": 2.292
    },
    {
      "task_id": "Python/114",
      "passed": false,
      "steps_used": 1,
      "trace": [
        {
          "step": 0,
          "patch": "def minSubArraySum(nums):\n    min_sum = float('inf')\n    s = 0\n    for num in nums:\n        s += num\n        if s < min_sum:\n            min_sum = s\n    return min_sum",
          "passed": false,
          "stdout": "",
          "stderr": "Traceback (most recent call last):\n  File \"/tmp/agentfix_tivk6kld/test_candidate.py\", line 22, in <module>\n    check(minSubArraySum)\n  File \"/tmp/agentfix_tivk6kld/test_candidate.py\", line 7, in check\n    assert minSubArraySum([2, 3, 4, 1, 2, 4]) == 1, \"This prints if this assert fails 1 (good for debugging!)\"\n           ^^^^^^^^^^^^^^^^^^^^^^^^^^^^^^^^^^^^^^^\nAssertionError: This prints if this assert fails 1 (good for debugging!)\n",
          "failures": "Traceback (most recent call last):\n  File \"/tmp/agentfix_tivk6kld/test_candidate.py\", line 22, in <module>\n    check(minSubArraySum)\n  File \"/tmp/agentfix_tivk6kld/test_candidate.py\", line 7, in check\n    assert minSubArraySum([2, 3, 4, 1, 2, 4]) == 1, \"This prints if this assert fails 1 (good for debugging!)\"\n           ^^^^^^^^^^^^^^^^^^^^^^^^^^^^^^^^^^^^^^^\nAssertionError: This prints if this assert fails 1 (good for debugging!)",
          "duration_s": 0.095
        }
      ],
      "wall_time_s": 2.019
    },
    {
      "task_id": "Python/115",
      "passed": false,
      "steps_used": 1,
      "trace": [
        {
          "step": 0,
          "patch": "def max_fill(grid):\n    return sum([int(math.floor(sum(arr)/capacity)) for arr in grid])",
          "passed": false,
          "stdout": "",
          "stderr": "Traceback (most recent call last):\n  File \"/tmp/agentfix_go53pvgy/test_candidate.py\", line 18, in <module>\n    check(max_fill)\n  File \"/tmp/agentfix_go53pvgy/test_candidate.py\", line 9, in check\n    assert max_fill([[0,0,1,0], [0,1,0,0], [1,1,1,1]], 1) == 6, \"Error\"\n           ^^^^^^^^^^^^^^^^^^^^^^^^^^^^^^^^^^^^^^^^^^^^^^\nTypeError: max_fill() takes 1 positional argument but 2 were given\n",
          "failures": "Traceback (most recent call last):\n  File \"/tmp/agentfix_go53pvgy/test_candidate.py\", line 18, in <module>\n    check(max_fill)\n  File \"/tmp/agentfix_go53pvgy/test_candidate.py\", line 9, in check\n    assert max_fill([[0,0,1,0], [0,1,0,0], [1,1,1,1]], 1) == 6, \"Error\"\n           ^^^^^^^^^^^^^^^^^^^^^^^^^^^^^^^^^^^^^^^^^^^^^^\nTypeError: max_fill() takes 1 positional argument but 2 were given",
          "duration_s": 0.095
        }
      ],
      "wall_time_s": 1.028
    },
    {
      "task_id": "Python/116",
      "passed": false,
      "steps_used": 1,
      "trace": [
        {
          "step": 0,
          "patch": "def sort_array(arr):\n    return sorted(arr, key=lambda x: arr.count('1'))",
          "passed": false,
          "stdout": "",
          "stderr": "Traceback (most recent call last):\n  File \"/tmp/agentfix_msubwhzx/test_candidate.py\", line 20, in <module>\n    check(sort_array)\n  File \"/tmp/agentfix_msubwhzx/test_candidate.py\", line 8, in check\n    assert sort_array([1,5,2,3,4]) == [1, 2, 4, 3, 5]\n           ^^^^^^^^^^^^^^^^^^^^^^^^^^^^^^^^^^^^^^^^^^\nAssertionError\n",
          "failures": "Traceback (most recent call last):\n  File \"/tmp/agentfix_msubwhzx/test_candidate.py\", line 20, in <module>\n    check(sort_array)\n  File \"/tmp/agentfix_msubwhzx/test_candidate.py\", line 8, in check\n    assert sort_array([1,5,2,3,4]) == [1, 2, 4, 3, 5]\n           ^^^^^^^^^^^^^^^^^^^^^^^^^^^^^^^^^^^^^^^^^^\nAssertionError",
          "duration_s": 0.095
        }
      ],
      "wall_time_s": 0.932
    },
    {
      "task_id": "Python/117",
      "passed": true,
      "steps_used": 1,
      "trace": [
        {
          "step": 0,
          "patch": "def select_words(s, n):\n    result = []\n    for word in s.split():\n        n_consonants = 0\n        for i in range(len(word)):\n            if word[i].lower() not in [\"a\", \"e\", \"i\", \"o\", \"u\"]:\n                n_consonants += 1\n        if n_consonants == n:\n            result.append(word)\n    return result",
          "passed": true,
          "stdout": "",
          "stderr": "",
          "failures": "",
          "duration_s": 0.096
        }
      ],
      "wall_time_s": 3.094
    },
    {
      "task_id": "Python/118",
      "passed": false,
      "steps_used": 1,
      "trace": [
        {
          "step": 0,
          "patch": "def get_closest_vowel(word):\n    if len(word) < 3:\n        return \" \"\n\n    vowels = {\"a\", \"e\", \"i\", \"o\", \"u\", \"A\", \"E\", 'O', 'U', 'I'}\n    for i in range(len(word)-2, 0, -1):\n        if word[i] in vowels:\n            if word[i+1] not in vowels and word[i-1] not in vowels:\n                return word[i]\n    return \" \"",
          "passed": false,
          "stdout": "",
          "stderr": "Traceback (most recent call last):\n  File \"/tmp/agentfix_0kfrprw0/test_candidate.py\", line 24, in <module>\n    check(get_closest_vowel)\n  File \"/tmp/agentfix_0kfrprw0/test_candidate.py\", line 9, in check\n    assert get_closest_vowel(\"easy\") == \"\"\n           ^^^^^^^^^^^^^^^^^^^^^^^^^^^^^^^\nAssertionError\n",
          "failures": "Traceback (most recent call last):\n  File \"/tmp/agentfix_0kfrprw0/test_candidate.py\", line 24, in <module>\n    check(get_closest_vowel)\n  File \"/tmp/agentfix_0kfrprw0/test_candidate.py\", line 9, in check\n    assert get_closest_vowel(\"easy\") == \"\"\n           ^^^^^^^^^^^^^^^^^^^^^^^^^^^^^^^\nAssertionError",
          "duration_s": 0.097
        }
      ],
      "wall_time_s": 3.786
    },
    {
      "task_id": "Python/119",
      "passed": false,
      "steps_used": 1,
      "trace": [
        {
          "step": 0,
          "patch": "def match_parens(s):\n    val = 0\n    for i in s:\n        if i == '(':\n            val += 1\n        else:\n            val -= 1\n        if val < 0:\n            return False\n    return val == 0",
          "passed": false,
          "stdout": "",
          "stderr": "Traceback (most recent call last):\n  File \"/tmp/agentfix_prutbzhx/test_candidate.py\", line 23, in <module>\n    check(match_parens)\n  File \"/tmp/agentfix_prutbzhx/test_candidate.py\", line 7, in check\n    assert match_parens(['()(', ')']) == 'Yes'\n           ^^^^^^^^^^^^^^^^^^^^^^^^^^^^^^^^^^^\nAssertionError\n",
          "failures": "Traceback (most recent call last):\n  File \"/tmp/agentfix_prutbzhx/test_candidate.py\", line 23, in <module>\n    check(match_parens)\n  File \"/tmp/agentfix_prutbzhx/test_candidate.py\", line 7, in check\n    assert match_parens(['()(', ')']) == 'Yes'\n           ^^^^^^^^^^^^^^^^^^^^^^^^^^^^^^^^^^^\nAssertionError",
          "duration_s": 0.095
        }
      ],
      "wall_time_s": 2.273
    },
    {
      "task_id": "Python/120",
      "passed": false,
      "steps_used": 1,
      "trace": [
        {
          "step": 0,
          "patch": "def maximum(arr, k):\n    if k == 0:\n        return []\n    arr.sort()\n    ans = arr[-k:]\n    return ans[::-1]",
          "passed": false,
          "stdout": "",
          "stderr": "Traceback (most recent call last):\n  File \"/tmp/agentfix_3kpmoefn/test_candidate.py\", line 21, in <module>\n    check(maximum)\n  File \"/tmp/agentfix_3kpmoefn/test_candidate.py\", line 7, in check\n    assert maximum([-3, -4, 5], 3) == [-4, -3, 5]\n           ^^^^^^^^^^^^^^^^^^^^^^^^^^^^^^^^^^^^^^\nAssertionError\n",
          "failures": "Traceback (most recent call last):\n  File \"/tmp/agentfix_3kpmoefn/test_candidate.py\", line 21, in <module>\n    check(maximum)\n  File \"/tmp/agentfix_3kpmoefn/test_candidate.py\", line 7, in check\n    assert maximum([-3, -4, 5], 3) == [-4, -3, 5]\n           ^^^^^^^^^^^^^^^^^^^^^^^^^^^^^^^^^^^^^^\nAssertionError",
          "duration_s": 0.095
        }
      ],
      "wall_time_s": 1.395
    },
    {
      "task_id": "Python/121",
      "passed": false,
      "steps_used": 1,
      "trace": [
        {
          "step": 0,
          "patch": "def solution(lst):\n    return sum([x for idx, x in enumerate(lst) if idx % 2 == 1 and x % 2 != 0])",
          "passed": false,
          "stdout": "",
          "stderr": "Traceback (most recent call last):\n  File \"/tmp/agentfix_xvz6gy9w/test_candidate.py\", line 17, in <module>\n    check(solution)\n  File \"/tmp/agentfix_xvz6gy9w/test_candidate.py\", line 7, in check\n    assert solution([5, 8, 7, 1])    == 12\n           ^^^^^^^^^^^^^^^^^^^^^^^^^^^^^^^\nAssertionError\n",
          "failures": "Traceback (most recent call last):\n  File \"/tmp/agentfix_xvz6gy9w/test_candidate.py\", line 17, in <module>\n    check(solution)\n  File \"/tmp/agentfix_xvz6gy9w/test_candidate.py\", line 7, in check\n    assert solution([5, 8, 7, 1])    == 12\n           ^^^^^^^^^^^^^^^^^^^^^^^^^^^^^^^\nAssertionError",
          "duration_s": 0.096
        }
      ],
      "wall_time_s": 1.409
    },
    {
      "task_id": "Python/122",
      "passed": false,
      "steps_used": 1,
      "trace": [
        {
          "step": 0,
          "patch": "def add_elements(arr):\n    return sum(int(elem) for elem in arr if len(str(elem)) <= 2)",
          "passed": false,
          "stdout": "",
          "stderr": "Traceback (most recent call last):\n  File \"/tmp/agentfix_jzkjeiha/test_candidate.py\", line 15, in <module>\n    check(add_elements)\n  File \"/tmp/agentfix_jzkjeiha/test_candidate.py\", line 7, in check\n    assert add_elements([1,-2,-3,41,57,76,87,88,99], 3) == -4\n           ^^^^^^^^^^^^^^^^^^^^^^^^^^^^^^^^^^^^^^^^^^^^\nTypeError: add_elements() takes 1 positional argument but 2 were given\n",
          "failures": "Traceback (most recent call last):\n  File \"/tmp/agentfix_jzkjeiha/test_candidate.py\", line 15, in <module>\n    check(add_elements)\n  File \"/tmp/agentfix_jzkjeiha/test_candidate.py\", line 7, in check\n    assert add_elements([1,-2,-3,41,57,76,87,88,99], 3) == -4\n           ^^^^^^^^^^^^^^^^^^^^^^^^^^^^^^^^^^^^^^^^^^^^\nTypeError: add_elements() takes 1 positional argument but 2 were given",
          "duration_s": 0.096
        }
      ],
      "wall_time_s": 1.105
    },
    {
      "task_id": "Python/123",
      "passed": true,
      "steps_used": 1,
      "trace": [
        {
          "step": 0,
          "patch": "def get_odd_collatz(n):\n    if n % 2 == 0:\n        odd_collatz = []\n    else:\n        odd_collatz = [n]\n    \n    while n > 1:\n        if n % 2 == 0:\n            n = n // 2\n        else:\n            n = n * 3 + 1\n            \n        if n % 2 == 1:\n            odd_collatz.append(int(n))\n    \n    return sorted(odd_collatz)",
          "passed": true,
          "stdout": "",
          "stderr": "",
          "failures": "",
          "duration_s": 0.095
        }
      ],
      "wall_time_s": 3.626
    },
    {
      "task_id": "Python/124",
      "passed": false,
      "steps_used": 1,
      "trace": [
        {
          "step": 0,
          "patch": "def valid_date(date):\n    try:\n        date = date.strip()\n        day, month, year = date.split('-')\n        day, month, year = int(day), int(month), int(year)\n        if month < 1 or month > 12:\n            return False\n        if month in [1,3,5,7,8,10,12] and day < 1 or day > 31:\n            return False\n        if month in [4,6,9,11] and day < 1 or day > 30:\n            return False\n        if month == 2 and day < 1 or day > 29:\n            return False\n    except ValueError:\n        return False\n    return True",
          "passed": false,
          "stdout": "",
          "stderr": "Traceback (most recent call last):\n  File \"/tmp/agentfix_c4xxcw_l/test_candidate.py\", line 39, in <module>\n    check(valid_date)\n  File \"/tmp/agentfix_c4xxcw_l/test_candidate.py\", line 9, in check\n    assert valid_date('15-01-2012') == False\n           ^^^^^^^^^^^^^^^^^^^^^^^^^^^^^^^^^\nAssertionError\n",
          "failures": "Traceback (most recent call last):\n  File \"/tmp/agentfix_c4xxcw_l/test_candidate.py\", line 39, in <module>\n    check(valid_date)\n  File \"/tmp/agentfix_c4xxcw_l/test_candidate.py\", line 9, in check\n    assert valid_date('15-01-2012') == False\n           ^^^^^^^^^^^^^^^^^^^^^^^^^^^^^^^^^\nAssertionError",
          "duration_s": 0.095
        }
      ],
      "wall_time_s": 5.49
    },
    {
      "task_id": "Python/125",
      "passed": false,
      "steps_used": 1,
      "trace": [
        {
          "step": 0,
          "patch": "def split_words(txt):\n    if \" \" in txt:\n        return txt.split()\n    elif \",\" in txt:\n        return txt.replace(',', ' ').split()\n    else:\n        return [i for i in txt if i.islower() and ord(i) % 2 == 0]",
          "passed": false,
          "stdout": "",
          "stderr": "Traceback (most recent call last):\n  File \"/tmp/agentfix_8fw6lv1n/test_candidate.py\", line 15, in <module>\n    check(split_words)\n  File \"/tmp/agentfix_8fw6lv1n/test_candidate.py\", line 10, in check\n    assert split_words(\"abcdef\") == 3\n           ^^^^^^^^^^^^^^^^^^^^^^^^^^\nAssertionError\n",
          "failures": "Traceback (most recent call last):\n  File \"/tmp/agentfix_8fw6lv1n/test_candidate.py\", line 15, in <module>\n    check(split_words)\n  File \"/tmp/agentfix_8fw6lv1n/test_candidate.py\", line 10, in check\n    assert split_words(\"abcdef\") == 3\n           ^^^^^^^^^^^^^^^^^^^^^^^^^^\nAssertionError",
          "duration_s": 0.095
        }
      ],
      "wall_time_s": 2.223
    },
    {
      "task_id": "Python/126",
      "passed": false,
      "steps_used": 1,
      "trace": [
        {
          "step": 0,
          "patch": "def is_sorted(lst):\n    for i in range(len(lst) - 1):\n        if lst[i] > lst[i + 1]:\n            return False\n    return True",
          "passed": false,
          "stdout": "",
          "stderr": "Traceback (most recent call last):\n  File \"/tmp/agentfix_2_69ynzb/test_candidate.py\", line 23, in <module>\n    check(is_sorted)\n  File \"/tmp/agentfix_2_69ynzb/test_candidate.py\", line 18, in check\n    assert is_sorted([1, 2, 2, 2, 3, 4]) == False, \"This prints if this assert fails 5 (good for debugging!)\"\n           ^^^^^^^^^^^^^^^^^^^^^^^^^^^^^^^^^^^^^^\nAssertionError: This prints if this assert fails 5 (good for debugging!)\n",
          "failures": "Traceback (most recent call last):\n  File \"/tmp/agentfix_2_69ynzb/test_candidate.py\", line 23, in <module>\n    check(is_sorted)\n  File \"/tmp/agentfix_2_69ynzb/test_candidate.py\", line 18, in check\n    assert is_sorted([1, 2, 2, 2, 3, 4]) == False, \"This prints if this assert fails 5 (good for debugging!)\"\n           ^^^^^^^^^^^^^^^^^^^^^^^^^^^^^^^^^^^^^^\nAssertionError: This prints if this assert fails 5 (good for debugging!)",
          "duration_s": 0.094
        }
      ],
      "wall_time_s": 1.53
    },
    {
      "task_id": "Python/127",
      "passed": false,
      "steps_used": 1,
      "trace": [
        {
          "step": 0,
          "patch": "def intersection(interval1, interval2):\n    l = max(interval1[0], interval2[0])\n    r = min(interval1[1], interval2[1])\n    length = r - l\n    if length > 0:\n        return \"YES\"\n    return \"NO\"",
          "passed": false,
          "stdout": "",
          "stderr": "Traceback (most recent call last):\n  File \"/tmp/agentfix_ydyqwhjn/test_candidate.py\", line 18, in <module>\n    check(intersection)\n  File \"/tmp/agentfix_ydyqwhjn/test_candidate.py\", line 8, in check\n    assert intersection((-1, 1), (0, 4)) == \"NO\"\n           ^^^^^^^^^^^^^^^^^^^^^^^^^^^^^^^^^^^^^\nAssertionError\n",
          "failures": "Traceback (most recent call last):\n  File \"/tmp/agentfix_ydyqwhjn/test_candidate.py\", line 18, in <module>\n    check(intersection)\n  File \"/tmp/agentfix_ydyqwhjn/test_candidate.py\", line 8, in check\n    assert intersection((-1, 1), (0, 4)) == \"NO\"\n           ^^^^^^^^^^^^^^^^^^^^^^^^^^^^^^^^^^^^^\nAssertionError",
          "duration_s": 0.095
        }
      ],
      "wall_time_s": 2.321
    },
    {
      "task_id": "Python/128",
      "passed": false,
      "steps_used": 1,
      "trace": [
        {
          "step": 0,
          "patch": "def prod_signs(arr):\n    if not arr: return None\n    prod = 1 if 0 not in arr else (-1) ** 2 * len(list(filter(lambda x: x < 0, arr)))\n    return prod * sum([abs(i) for i in arr])",
          "passed": false,
          "stdout": "",
          "stderr": "Traceback (most recent call last):\n  File \"/tmp/agentfix_mxr4_mo8/test_candidate.py\", line 20, in <module>\n    check(prod_signs)\n  File \"/tmp/agentfix_mxr4_mo8/test_candidate.py\", line 8, in check\n    assert prod_signs([1, 2, 2, -4]) == -9\n           ^^^^^^^^^^^^^^^^^^^^^^^^^^^^^^^\nAssertionError\n",
          "failures": "Traceback (most recent call last):\n  File \"/tmp/agentfix_mxr4_mo8/test_candidate.py\", line 20, in <module>\n    check(prod_signs)\n  File \"/tmp/agentfix_mxr4_mo8/test_candidate.py\", line 8, in check\n    assert prod_signs([1, 2, 2, -4]) == -9\n           ^^^^^^^^^^^^^^^^^^^^^^^^^^^^^^^\nAssertionError",
          "duration_s": 0.095
        }
      ],
      "wall_time_s": 2.257
    },
    {
      "task_id": "Python/129",
      "passed": true,
      "steps_used": 1,
      "trace": [
        {
          "step": 0,
          "patch": "def minPath(grid, k):\n    n = len(grid)\n    val = n * n + 1\n    for i in range(n):\n        for j in range(n):\n            if grid[i][j] == 1:\n                temp = []\n                if i > 0:\n                    temp.append(grid[i - 1][j])\n\n                if j > 0:\n                    temp.append(grid[i][j - 1])\n\n                if i < n - 1:\n                    temp.append(grid[i + 1][j])\n\n                if j < n - 1:\n                    temp.append(grid[i][j + 1])\n\n                val = min(temp)\n\n    ans = []\n    for i in range(k):\n        if i % 2 == 0:\n            ans.append(1)\n        else:\n            ans.append(val)\n    return ans",
          "passed": true,
          "stdout": "",
          "stderr": "",
          "failures": "",
          "duration_s": 0.094
        }
      ],
      "wall_time_s": 5.882
    },
    {
      "task_id": "Python/130",
      "passed": false,
      "steps_used": 1,
      "trace": [
        {
          "step": 0,
          "patch": "def tri(n):\n    if n == 0:\n        return [1]\n    my_tri = [1, 3]\n    for i in range(2, n + 1):\n        if i % 2 == 0:\n            my_tri.append(i / 2 + 1)\n        else:\n            my_tri.append(my_tri[i - 1] + my_tri[i - 2] + i + (i + 3) / 2)\n    return my_tri",
          "passed": false,
          "stdout": "",
          "stderr": "Traceback (most recent call last):\n  File \"/tmp/agentfix_xfmj2n4i/test_candidate.py\", line 21, in <module>\n    check(tri)\n  File \"/tmp/agentfix_xfmj2n4i/test_candidate.py\", line 8, in check\n    assert tri(3) == [1, 3, 2.0, 8.0]\n           ^^^^^^^^^^^^^^^^^^^^^^^^^^\nAssertionError\n",
          "failures": "Traceback (most recent call last):\n  File \"/tmp/agentfix_xfmj2n4i/test_candidate.py\", line 21, in <module>\n    check(tri)\n  File \"/tmp/agentfix_xfmj2n4i/test_candidate.py\", line 8, in check\n    assert tri(3) == [1, 3, 2.0, 8.0]\n           ^^^^^^^^^^^^^^^^^^^^^^^^^^\nAssertionError",
          "duration_s": 0.096
        }
      ],
      "wall_time_s": 3.631
    },
    {
      "task_id": "Python/131",
      "passed": false,
      "steps_used": 1,
      "trace": [
        {
          "step": 0,
          "patch": "def digits(n):\n    product = 1\n    odd_count = 0\n    for digit in str(n):\n        int_digit = int(digit)\n        if int_digit % 2 == 1:\n            product *= product * int_digit\n            odd_count += 1\n    if odd_count == 0:\n        return 0\n    else:\n        return product",
          "passed": false,
          "stdout": "",
          "stderr": "Traceback (most recent call last):\n  File \"/tmp/agentfix_f7d2b2hf/test_candidate.py\", line 17, in <module>\n    check(digits)\n  File \"/tmp/agentfix_f7d2b2hf/test_candidate.py\", line 10, in check\n    assert digits(5014) == 5\n           ^^^^^^^^^^^^^^^^^\nAssertionError\n",
          "failures": "Traceback (most recent call last):\n  File \"/tmp/agentfix_f7d2b2hf/test_candidate.py\", line 17, in <module>\n    check(digits)\n  File \"/tmp/agentfix_f7d2b2hf/test_candidate.py\", line 10, in check\n    assert digits(5014) == 5\n           ^^^^^^^^^^^^^^^^^\nAssertionError",
          "duration_s": 0.096
        }
      ],
      "wall_time_s": 2.817
    },
    {
      "task_id": "Python/132",
      "passed": false,
      "steps_used": 1,
      "trace": [
        {
          "step": 0,
          "patch": "def is_nested(string):\n    opening_bracket_index = []\n    closing_bracket_index = []\n    for i in range(len(string)):\n        if string[i] == '(':\n            opening_bracket_index.append(i)\n        else:\n            closing_bracket_index.append(i)\n    closing_bracket_index.reverse()\n    cnt = 0\n    i = 0\n    l = len(closing_bracket_index)\n    while i < l:\n        if opening_bracket_index[i] < closing_bracket_index[i]:\n            cnt += 1\n            i += 1\n        else:\n            l -= 1\n    return cnt >= 2",
          "passed": false,
          "stdout": "",
          "stderr": "Traceback (most recent call last):\n  File \"/tmp/agentfix_wkwh3x6a/test_candidate.py\", line 24, in <module>\n    check(is_nested)\n  File \"/tmp/agentfix_wkwh3x6a/test_candidate.py\", line 7, in check\n    assert is_nested('[[]]') == True, \"This prints if this assert fails 1 (good for debugging!)\"\n           ^^^^^^^^^^^^^^^^^\n  File \"/tmp/agentfix_wkwh3x6a/candidate.py\", line 14, in is_nested\n    if opening_bracket_index[i] < closing_bracket_index[i]:\n       ~~~~~~~~~~~~~~~~~~~~~^^^\nIndexError: list index out of range\n",
          "failures": "Traceback (most recent call last):\n  File \"/tmp/agentfix_wkwh3x6a/test_candidate.py\", line 24, in <module>\n    check(is_nested)\n  File \"/tmp/agentfix_wkwh3x6a/test_candidate.py\", line 7, in check\n    assert is_nested('[[]]') == True, \"This prints if this assert fails 1 (good for debugging!)\"\n           ^^^^^^^^^^^^^^^^^\n  File \"/tmp/agentfix_wkwh3x6a/candidate.py\", line 14, in is_nested\n    if opening_bracket_index[i] < closing_bracket_index[i]:\n       ~~~~~~~~~~~~~~~~~~~~~^^^\nIndexError: list index out of range",
          "duration_s": 0.111
        }
      ],
      "wall_time_s": 4.601
    },
    {
      "task_id": "Python/133",
      "passed": false,
      "steps_used": 1,
      "trace": [
        {
          "step": 0,
          "patch": "def sum_squares(lst):\n    return sum(math.ceil(i)*2 for i in lst)",
          "passed": false,
          "stdout": "",
          "stderr": "Traceback (most recent call last):\n  File \"/tmp/agentfix_5zej09vz/test_candidate.py\", line 24, in <module>\n    check(sum_squares)\n  File \"/tmp/agentfix_5zej09vz/test_candidate.py\", line 7, in check\n    assert sum_squares([1,2,3])==14, \"This prints if this assert fails 1 (good for debugging!)\"\n           ^^^^^^^^^^^^^^^^^^^^\n  File \"/tmp/agentfix_5zej09vz/candidate.py\", line 2, in sum_squares\n    return sum(math.ceil(i)*2 for i in lst)\n           ^^^^^^^^^^^^^^^^^^^^^^^^^^^^^^^^\n  File \"/tmp/agentfix_5zej09vz/candidate.py\", line 2, in <genexpr>\n    return sum(math.ceil(i)*2 for i in lst)\n               ^^^^\nNameError: name 'math' is not defined\n",
          "failures": "Traceback (most recent call last):\n  File \"/tmp/agentfix_5zej09vz/test_candidate.py\", line 24, in <module>\n    check(sum_squares)\n  File \"/tmp/agentfix_5zej09vz/test_candidate.py\", line 7, in check\n    assert sum_squares([1,2,3])==14, \"This prints if this assert fails 1 (good for debugging!)\"\n           ^^^^^^^^^^^^^^^^^^^^\n  File \"/tmp/agentfix_5zej09vz/candidate.py\", line 2, in sum_squares\n    return sum(math.ceil(i)*2 for i in lst)\n           ^^^^^^^^^^^^^^^^^^^^^^^^^^^^^^^^\n  File \"/tmp/agentfix_5zej09vz/candidate.py\", line 2, in <genexpr>\n    return sum(math.ceil(i)*2 for i in lst)\n               ^^^^\nNameError: name 'math' is not defined",
          "duration_s": 0.093
        }
      ],
      "wall_time_s": 0.948
    },
    {
      "task_id": "Python/134",
      "passed": false,
      "steps_used": 1,
      "trace": [
        {
          "step": 0,
          "patch": "def check_if_last_char_is_a_letter(txt):\n    last_char = txt.split(' ')[-1]\n    return True if len(last_char) == 1 and (97 <= ord(last_char.upper()) <= 122) else False",
          "passed": false,
          "stdout": "",
          "stderr": "Traceback (most recent call last):\n  File \"/tmp/agentfix_ztd00gb1/test_candidate.py\", line 21, in <module>\n    check(check_if_last_char_is_a_letter)\n  File \"/tmp/agentfix_ztd00gb1/test_candidate.py\", line 8, in check\n    assert check_if_last_char_is_a_letter(\"apple pi e\") == True\n           ^^^^^^^^^^^^^^^^^^^^^^^^^^^^^^^^^^^^^^^^^^^^^^^^^^^^\nAssertionError\n",
          "failures": "Traceback (most recent call last):\n  File \"/tmp/agentfix_ztd00gb1/test_candidate.py\", line 21, in <module>\n    check(check_if_last_char_is_a_letter)\n  File \"/tmp/agentfix_ztd00gb1/test_candidate.py\", line 8, in check\n    assert check_if_last_char_is_a_letter(\"apple pi e\") == True\n           ^^^^^^^^^^^^^^^^^^^^^^^^^^^^^^^^^^^^^^^^^^^^^^^^^^^^\nAssertionError",
          "duration_s": 0.096
        }
      ],
      "wall_time_s": 1.956
    },
    {
      "task_id": "Python/135",
      "passed": false,
      "steps_used": 1,
      "trace": [
        {
          "step": 0,
          "patch": "def can_arrange(arr):\n    ind = -1\n    i = 0\n    while i < len(arr) - 1:\n        if arr[i] > arr[i + 1]:\n            ind = i\n        i += 1\n    return ind",
          "passed": false,
          "stdout": "",
          "stderr": "Traceback (most recent call last):\n  File \"/tmp/agentfix_orly7gsu/test_candidate.py\", line 15, in <module>\n    check(can_arrange)\n  File \"/tmp/agentfix_orly7gsu/test_candidate.py\", line 7, in check\n    assert can_arrange([1,2,4,3,5])==3\n           ^^^^^^^^^^^^^^^^^^^^^^^^^^^\nAssertionError\n",
          "failures": "Traceback (most recent call last):\n  File \"/tmp/agentfix_orly7gsu/test_candidate.py\", line 15, in <module>\n    check(can_arrange)\n  File \"/tmp/agentfix_orly7gsu/test_candidate.py\", line 7, in check\n    assert can_arrange([1,2,4,3,5])==3\n           ^^^^^^^^^^^^^^^^^^^^^^^^^^^\nAssertionError",
          "duration_s": 0.096
        }
      ],
      "wall_time_s": 2.125
    },
    {
      "task_id": "Python/136",
      "passed": false,
      "steps_used": 1,
      "trace": [
        {
          "step": 0,
          "patch": "def largest_smallest_integers(lst):\n    largest = list(filter(lambda x: x > 0, lst))\n    smallest = list(filter(lambda x: x < 0, lst))\n    largest = list(filter(lambda x: x > 0, largest))\n    smallest = list(filter(lambda x: x > 0, smallest))\n    return (max(smallest) if smallest else None, min(largest) if largest else None)",
          "passed": false,
          "stdout": "",
          "stderr": "Traceback (most recent call last):\n  File \"/tmp/agentfix_dclyfiir/test_candidate.py\", line 22, in <module>\n    check(largest_smallest_integers)\n  File \"/tmp/agentfix_dclyfiir/test_candidate.py\", line 9, in check\n    assert largest_smallest_integers([1, 3, 2, 4, 5, 6, -2]) == (-2, 1)\n           ^^^^^^^^^^^^^^^^^^^^^^^^^^^^^^^^^^^^^^^^^^^^^^^^^^^^^^^^^^^^\nAssertionError\n",
          "failures": "Traceback (most recent call last):\n  File \"/tmp/agentfix_dclyfiir/test_candidate.py\", line 22, in <module>\n    check(largest_smallest_integers)\n  File \"/tmp/agentfix_dclyfiir/test_candidate.py\", line 9, in check\n    assert largest_smallest_integers([1, 3, 2, 4, 5, 6, -2]) == (-2, 1)\n           ^^^^^^^^^^^^^^^^^^^^^^^^^^^^^^^^^^^^^^^^^^^^^^^^^^^^^^^^^^^^\nAssertionError",
          "duration_s": 0.096
        }
      ],
      "wall_time_s": 3.194
    },
    {
      "task_id": "Python/137",
      "passed": false,
      "steps_used": 1,
      "trace": [
        {
          "step": 0,
          "patch": "def compare_one(a, b):\n    temp_a, temp_b = a, b\n    if isinstance(temp_a, str): temp_a = temp_a.replace(',', '.').replace('.', ',')\n    if isinstance(temp_b, str): temp_b = temp_b.replace(',', '.').replace('.', ',')\n    if float(temp_a) == float(temp_b): return None\n    return a if float(temp_a) > float(temp_b) else b",
          "passed": false,
          "stdout": "",
          "stderr": "Traceback (most recent call last):\n  File \"/tmp/agentfix_78_fj0di/test_candidate.py\", line 19, in <module>\n    check(compare_one)\n  File \"/tmp/agentfix_78_fj0di/test_candidate.py\", line 11, in check\n    assert compare_one(1, \"2,3\") == \"2,3\"\n           ^^^^^^^^^^^^^^^^^^^^^\n  File \"/tmp/agentfix_78_fj0di/candidate.py\", line 5, in compare_one\n    if float(temp_a) == float(temp_b): return None\n                        ^^^^^^^^^^^^^\nValueError: could not convert string to float: '2,3'\n",
          "failures": "Traceback (most recent call last):\n  File \"/tmp/agentfix_78_fj0di/test_candidate.py\", line 19, in <module>\n    check(compare_one)\n  File \"/tmp/agentfix_78_fj0di/test_candidate.py\", line 11, in check\n    assert compare_one(1, \"2,3\") == \"2,3\"\n           ^^^^^^^^^^^^^^^^^^^^^\n  File \"/tmp/agentfix_78_fj0di/candidate.py\", line 5, in compare_one\n    if float(temp_a) == float(temp_b): return None\n                        ^^^^^^^^^^^^^\nValueError: could not convert string to float: '2,3'",
          "duration_s": 0.094
        }
      ],
      "wall_time_s": 3.273
    },
    {
      "task_id": "Python/138",
      "passed": true,
      "steps_used": 1,
      "trace": [
        {
          "step": 0,
          "patch": "def is_equal_to_sum_even(n):\n    return n % 2 == 0 and n >= 8 and n <= 16",
          "passed": true,
          "stdout": "",
          "stderr": "",
          "failures": "",
          "duration_s": 0.095
        }
      ],
      "wall_time_s": 1.267
    },
    {
      "task_id": "Python/139",
      "passed": false,
      "steps_used": 1,
      "trace": [
        {
          "step": 0,
          "patch": "def special_factorial(n):\n    special_fact = 1\n    for i in range(1, n+1):\n        special_fact *= i\n    return special_fact",
          "passed": false,
          "stdout": "",
          "stderr": "Traceback (most recent call last):\n  File \"/tmp/agentfix_r4mnpvqi/test_candidate.py\", line 14, in <module>\n    check(special_factorial)\n  File \"/tmp/agentfix_r4mnpvqi/test_candidate.py\", line 7, in check\n    assert special_factorial(4) == 288, \"Test 4\"\n           ^^^^^^^^^^^^^^^^^^^^^^^^^^^\nAssertionError: Test 4\n",
          "failures": "Traceback (most recent call last):\n  File \"/tmp/agentfix_r4mnpvqi/test_candidate.py\", line 14, in <module>\n    check(special_factorial)\n  File \"/tmp/agentfix_r4mnpvqi/test_candidate.py\", line 7, in check\n    assert special_factorial(4) == 288, \"Test 4\"\n           ^^^^^^^^^^^^^^^^^^^^^^^^^^^\nAssertionError: Test 4",
          "duration_s": 0.097
        }
      ],
      "wall_time_s": 1.488
    },
    {
      "task_id": "Python/140",
      "passed": false,
      "steps_used": 1,
      "trace": [
        {
          "step": 0,
          "patch": "def fix_spaces(text):\n    new_text = \"\"\n    i = 0\n    start, end = 0, 0\n    while i < len(text):\n        if text[i] == \" \":\n            end += 1\n        else:\n            if end - start > 2:\n                new_text += f\"-{text[i]}\"\n            elif end - start > 0:\n                new_text += f\"_{(end - start) * '_'}{text[i]}\"\n            else:\n                new_text += text[i]\n            start, end = i+1, i+1\n        i+=1\n    if end - start > 2:\n        new_text += f\"-{text[i]}\"\n    elif end - start > 0:\n        new_text += f\"__{(end - start) * '_'}{text[i]}\"\n    return new_text",
          "passed": false,
          "stdout": "",
          "stderr": "Traceback (most recent call last):\n  File \"/tmp/agentfix__a5e3cs0/test_candidate.py\", line 15, in <module>\n    check(fix_spaces)\n  File \"/tmp/agentfix__a5e3cs0/test_candidate.py\", line 8, in check\n    assert fix_spaces(\"Mudasir Hanif \") == \"Mudasir_Hanif_\", \"This prints if this assert fails 2 (good for debugging!)\"\n           ^^^^^^^^^^^^^^^^^^^^^^^^^^^^\n  File \"/tmp/agentfix__a5e3cs0/candidate.py\", line 20, in fix_spaces\n    new_text += f\"__{(end - start) * '_'}{text[i]}\"\n                                          ~~~~^^^\nIndexError: string index out of range\n",
          "failures": "Traceback (most recent call last):\n  File \"/tmp/agentfix__a5e3cs0/test_candidate.py\", line 15, in <module>\n    check(fix_spaces)\n  File \"/tmp/agentfix__a5e3cs0/test_candidate.py\", line 8, in check\n    assert fix_spaces(\"Mudasir Hanif \") == \"Mudasir_Hanif_\", \"This prints if this assert fails 2 (good for debugging!)\"\n           ^^^^^^^^^^^^^^^^^^^^^^^^^^^^\n  File \"/tmp/agentfix__a5e3cs0/candidate.py\", line 20, in fix_spaces\n    new_text += f\"__{(end - start) * '_'}{text[i]}\"\n                                          ~~~~^^^\nIndexError: string index out of range",
          "duration_s": 0.095
        }
      ],
      "wall_time_s": 6.105
    },
    {
      "task_id": "Python/141",
      "passed": false,
      "steps_used": 1,
      "trace": [
        {
          "step": 0,
          "patch": "def file_name_check(file_name):\n    suf = ['txt', 'exe', 'dll']\n    lst = file_name.split('.')\n    if len(lst) != 2:\n        return 'No'\n    if len(lst[0]) == 0:\n        return 'No'\n    if not lst[0][0].isalpha():\n        return 'No'\n    t = len([x for x in lst[0] if x.isdigit()])\n    if t > 3:\n        return 'No'\n    return 'Yes'",
          "passed": false,
          "stdout": "",
          "stderr": "Traceback (most recent call last):\n  File \"/tmp/agentfix_py3a5ypr/test_candidate.py\", line 38, in <module>\n    check(file_name_check)\n  File \"/tmp/agentfix_py3a5ypr/test_candidate.py\", line 9, in check\n    assert file_name_check('s1sdf3.asd') == 'No'\n           ^^^^^^^^^^^^^^^^^^^^^^^^^^^^^^^^^^^^^\nAssertionError\n",
          "failures": "Traceback (most recent call last):\n  File \"/tmp/agentfix_py3a5ypr/test_candidate.py\", line 38, in <module>\n    check(file_name_check)\n  File \"/tmp/agentfix_py3a5ypr/test_candidate.py\", line 9, in check\n    assert file_name_check('s1sdf3.asd') == 'No'\n           ^^^^^^^^^^^^^^^^^^^^^^^^^^^^^^^^^^^^^\nAssertionError",
          "duration_s": 0.095
        }
      ],
      "wall_time_s": 3.78
    },
    {
      "task_id": "Python/142",
      "passed": false,
      "steps_used": 1,
      "trace": [
        {
          "step": 0,
          "patch": "def sum_squares(lst):\n    result = []\n    for i in range(len(lst)):\n        if i % 3 == 0:\n            result.append(lst[i]**2)\n        elif i % 3 != 0:\n            result.append(lst[i]**3)\n        else:\n            result.append(lst[i])\n    return sum(result)",
          "passed": false,
          "stdout": "",
          "stderr": "Traceback (most recent call last):\n  File \"/tmp/agentfix_ejhoxe3p/test_candidate.py\", line 23, in <module>\n    check(sum_squares)\n  File \"/tmp/agentfix_ejhoxe3p/test_candidate.py\", line 8, in check\n    assert sum_squares([1,2,3]) == 6\n           ^^^^^^^^^^^^^^^^^^^^^^^^^\nAssertionError\n",
          "failures": "Traceback (most recent call last):\n  File \"/tmp/agentfix_ejhoxe3p/test_candidate.py\", line 23, in <module>\n    check(sum_squares)\n  File \"/tmp/agentfix_ejhoxe3p/test_candidate.py\", line 8, in check\n    assert sum_squares([1,2,3]) == 6\n           ^^^^^^^^^^^^^^^^^^^^^^^^^\nAssertionError",
          "duration_s": 0.099
        }
      ],
      "wall_time_s": 2.57
    },
    {
      "task_id": "Python/143",
      "passed": false,
      "steps_used": 1,
      "trace": [
        {
          "step": 0,
          "patch": "def words_in_sentence(sentence):\n    new_lst = []\n    for word in sentence.split():\n        flg = 0\n        for i in range(2, len(word)):\n            if len(word) % i == 0:\n                flg = 1\n        if flg == 0 or len(word) < 3:\n            new_lst.append(word)\n    return \" \".join(new_lst)",
          "passed": false,
          "stdout": "",
          "stderr": "Traceback (most recent call last):\n  File \"/tmp/agentfix_yt_shd1w/test_candidate.py\", line 17, in <module>\n    check(words_in_sentence)\n  File \"/tmp/agentfix_yt_shd1w/test_candidate.py\", line 7, in check\n    assert words_in_sentence(\"This is a test\") == \"is\"\n           ^^^^^^^^^^^^^^^^^^^^^^^^^^^^^^^^^^^^^^^^^^^\nAssertionError\n",
          "failures": "Traceback (most recent call last):\n  File \"/tmp/agentfix_yt_shd1w/test_candidate.py\", line 17, in <module>\n    check(words_in_sentence)\n  File \"/tmp/agentfix_yt_shd1w/test_candidate.py\", line 7, in check\n    assert words_in_sentence(\"This is a test\") == \"is\"\n           ^^^^^^^^^^^^^^^^^^^^^^^^^^^^^^^^^^^^^^^^^^^\nAssertionError",
          "duration_s": 0.108
        }
      ],
      "wall_time_s": 3.077
    },
    {
      "task_id": "Python/144",
      "passed": false,
      "steps_used": 1,
      "trace": [
        {
          "step": 0,
          "patch": "def simplify(x, n):\n    a, b = x.split(\"/\")\n    c, d = n.split(\"/\")\n    a = int(b) * int(c)\n    d = int(c) * int(b)\n    numerator = int(a) * int(c)\n    denom = int(b) * int(d)\n    if numerator / denom == int(numerator / denom):\n        return True\n    return False",
          "passed": false,
          "stdout": "",
          "stderr": "Traceback (most recent call last):\n  File \"/tmp/agentfix_734o9k5j/test_candidate.py\", line 24, in <module>\n    check(simplify)\n  File \"/tmp/agentfix_734o9k5j/test_candidate.py\", line 10, in check\n    assert simplify(\"7/10\", \"10/2\") == False, 'test4'\n           ^^^^^^^^^^^^^^^^^^^^^^^^^^^^^^^^^\nAssertionError: test4\n",
          "failures": "Traceback (most recent call last):\n  File \"/tmp/agentfix_734o9k5j/test_candidate.py\", line 24, in <module>\n    check(simplify)\n  File \"/tmp/agentfix_734o9k5j/test_candidate.py\", line 10, in check\n    assert simplify(\"7/10\", \"10/2\") == False, 'test4'\n           ^^^^^^^^^^^^^^^^^^^^^^^^^^^^^^^^^\nAssertionError: test4",
          "duration_s": 0.097
        }
      ],
      "wall_time_s": 3.08
    },
    {
      "task_id": "Python/145",
      "passed": false,
      "steps_used": 1,
      "trace": [
        {
          "step": 0,
          "patch": "def order_by_points(nums):\n    return sorted(nums, key=lambda x: digits_sum(x))",
          "passed": false,
          "stdout": "",
          "stderr": "Traceback (most recent call last):\n  File \"/tmp/agentfix_xbo5sq05/test_candidate.py\", line 17, in <module>\n    check(order_by_points)\n  File \"/tmp/agentfix_xbo5sq05/test_candidate.py\", line 7, in check\n    assert order_by_points([1, 11, -1, -11, -12]) == [-1, -11, 1, -12, 11]\n           ^^^^^^^^^^^^^^^^^^^^^^^^^^^^^^^^^^^^^^\n  File \"/tmp/agentfix_xbo5sq05/candidate.py\", line 2, in order_by_points\n    return sorted(nums, key=lambda x: digits_sum(x))\n           ^^^^^^^^^^^^^^^^^^^^^^^^^^^^^^^^^^^^^^^^^\n  File \"/tmp/agentfix_xbo5sq05/candidate.py\", line 2, in <lambda>\n    return sorted(nums, key=lambda x: digits_sum(x))\n                                      ^^^^^^^^^^\nNameError: name 'digits_sum' is not defined\n",
          "failures": "Traceback (most recent call last):\n  File \"/tmp/agentfix_xbo5sq05/test_candidate.py\", line 17, in <module>\n    check(order_by_points)\n  File \"/tmp/agentfix_xbo5sq05/test_candidate.py\", line 7, in check\n    assert order_by_points([1, 11, -1, -11, -12]) == [-1, -11, 1, -12, 11]\n           ^^^^^^^^^^^^^^^^^^^^^^^^^^^^^^^^^^^^^^\n  File \"/tmp/agentfix_xbo5sq05/candidate.py\", line 2, in order_by_points\n    return sorted(nums, key=lambda x: digits_sum(x))\n           ^^^^^^^^^^^^^^^^^^^^^^^^^^^^^^^^^^^^^^^^^\n  File \"/tmp/agentfix_xbo5sq05/candidate.py\", line 2, in <lambda>\n    return sorted(nums, key=lambda x: digits_sum(x))\n                                      ^^^^^^^^^^\nNameError: name 'digits_sum' is not defined",
          "duration_s": 0.097
        }
      ],
      "wall_time_s": 0.968
    },
    {
      "task_id": "Python/146",
      "passed": false,
      "steps_used": 1,
      "trace": [
        {
          "step": 0,
          "patch": "def specialFilter(nums):\n    count = 0\n    for num in nums:\n        if num > 10:\n            odd_digits = (1, 3, 5, 7, 9)\n            if num % 2 == 1 and all(int(digit) in odd_digits for digit in str(num)):\n                count += 1\n        \n    return count",
          "passed": false,
          "stdout": "",
          "stderr": "Traceback (most recent call last):\n  File \"/tmp/agentfix_1u971eic/test_candidate.py\", line 18, in <module>\n    check(specialFilter)\n  File \"/tmp/agentfix_1u971eic/test_candidate.py\", line 9, in check\n    assert specialFilter([33, -2, -3, 45, 21, 109]) == 2\n           ^^^^^^^^^^^^^^^^^^^^^^^^^^^^^^^^^^^^^^^^^^^^^\nAssertionError\n",
          "failures": "Traceback (most recent call last):\n  File \"/tmp/agentfix_1u971eic/test_candidate.py\", line 18, in <module>\n    check(specialFilter)\n  File \"/tmp/agentfix_1u971eic/test_candidate.py\", line 9, in check\n    assert specialFilter([33, -2, -3, 45, 21, 109]) == 2\n           ^^^^^^^^^^^^^^^^^^^^^^^^^^^^^^^^^^^^^^^^^^^^^\nAssertionError",
          "duration_s": 0.099
        }
      ],
      "wall_time_s": 2.918
    },
    {
      "task_id": "Python/147",
      "passed": false,
      "steps_used": 1,
      "trace": [
        {
          "step": 0,
          "patch": "def get_max_triples(n):\n    A = [i*i for i in range(1, n + 1)]\n    ans = []\n    for i in range(n):\n        for j in range(i + 1, n):\n            for k in range(j + 1, n):\n                if (A[i] + A[j] + A[k]) % 3 == 0:\n                    ans.append((A[i], A[j], A[k]))\n    return len(ans)",
          "passed": false,
          "stdout": "",
          "stderr": "Traceback (most recent call last):\n  File \"/tmp/agentfix_lbex1skh/test_candidate.py\", line 11, in <module>\n    check(get_max_triples)\n  File \"/tmp/agentfix_lbex1skh/test_candidate.py\", line 6, in check\n    assert get_max_triples(5) == 1\n           ^^^^^^^^^^^^^^^^^^^^^^^\nAssertionError\n",
          "failures": "Traceback (most recent call last):\n  File \"/tmp/agentfix_lbex1skh/test_candidate.py\", line 11, in <module>\n    check(get_max_triples)\n  File \"/tmp/agentfix_lbex1skh/test_candidate.py\", line 6, in check\n    assert get_max_triples(5) == 1\n           ^^^^^^^^^^^^^^^^^^^^^^^\nAssertionError",
          "duration_s": 0.098
        }
      ],
      "wall_time_s": 3.645
    },
    {
      "task_id": "Python/148",
      "passed": false,
      "steps_used": 1,
      "trace": [
        {
          "step": 0,
          "patch": "def bf(planet1, planet2):\n    planet_names = (\"Mercury\", \"Venus\", \"Earth\", \"Mars\", \"Jupiter\", \"Saturn\", \"Uranus\", \"Neptune\")\n    if planet1 not in planet_names or planet2 not in planet_names or planet1 == planet2:\n        return ()\n    planet1_index = planet_names.index(planet1)\n    planet2_index = planet_names.index(planet2)\n    if planet1_index < planet2_index:\n        return planet_names[planet1_index + 1: planet2_index]\n    else:\n        return planet_names[planet2_index + 1 : planet1_index + 1]",
          "passed": false,
          "stdout": "",
          "stderr": "Traceback (most recent call last):\n  File \"/tmp/agentfix_vyxfhnci/test_candidate.py\", line 18, in <module>\n    check(bf)\n  File \"/tmp/agentfix_vyxfhnci/test_candidate.py\", line 8, in check\n    assert bf(\"Earth\", \"Mercury\") == (\"Venus\",), \"Second test error: \" + str(bf(\"Earth\", \"Mercury\"))  \n           ^^^^^^^^^^^^^^^^^^^^^^^^^^^^^^^^^^^^\nAssertionError: Second test error: ('Venus', 'Earth')\n",
          "failures": "Traceback (most recent call last):\n  File \"/tmp/agentfix_vyxfhnci/test_candidate.py\", line 18, in <module>\n    check(bf)\n  File \"/tmp/agentfix_vyxfhnci/test_candidate.py\", line 8, in check\n    assert bf(\"Earth\", \"Mercury\") == (\"Venus\",), \"Second test error: \" + str(bf(\"Earth\", \"Mercury\"))  \n           ^^^^^^^^^^^^^^^^^^^^^^^^^^^^^^^^^^^^\nAssertionError: Second test error: ('Venus', 'Earth')",
          "duration_s": 0.101
        }
      ],
      "wall_time_s": 5.026
    },
    {
      "task_id": "Python/149",
      "passed": false,
      "steps_used": 1,
      "trace": [
        {
          "step": 0,
          "patch": "def sorted_list_sum(lst):\n    lst.sort()\n    new_lst = [i for i in lst if len(i) % 2 == 0]\n    return sum(new_lst)",
          "passed": false,
          "stdout": "",
          "stderr": "Traceback (most recent call last):\n  File \"/tmp/agentfix_zibdzsj3/test_candidate.py\", line 17, in <module>\n    check(sorted_list_sum)\n  File \"/tmp/agentfix_zibdzsj3/test_candidate.py\", line 7, in check\n    assert sorted_list_sum([\"aa\", \"a\", \"aaa\"]) == [\"aa\"]\n           ^^^^^^^^^^^^^^^^^^^^^^^^^^^^^^^^^^^\n  File \"/tmp/agentfix_zibdzsj3/candidate.py\", line 4, in sorted_list_sum\n    return sum(new_lst)\n           ^^^^^^^^^^^^\nTypeError: unsupported operand type(s) for +: 'int' and 'str'\n",
          "failures": "Traceback (most recent call last):\n  File \"/tmp/agentfix_zibdzsj3/test_candidate.py\", line 17, in <module>\n    check(sorted_list_sum)\n  File \"/tmp/agentfix_zibdzsj3/test_candidate.py\", line 7, in check\n    assert sorted_list_sum([\"aa\", \"a\", \"aaa\"]) == [\"aa\"]\n           ^^^^^^^^^^^^^^^^^^^^^^^^^^^^^^^^^^^\n  File \"/tmp/agentfix_zibdzsj3/candidate.py\", line 4, in sorted_list_sum\n    return sum(new_lst)\n           ^^^^^^^^^^^^\nTypeError: unsupported operand type(s) for +: 'int' and 'str'",
          "duration_s": 0.098
        }
      ],
      "wall_time_s": 1.559
    },
    {
      "task_id": "Python/150",
      "passed": false,
      "steps_used": 1,
      "trace": [
        {
          "step": 0,
          "patch": "def x_or_y(n, x, y):\n    if n == 1:\n        return y\n    for i in range(2, n):\n        if n % i - 1 == 0:\n            return y\n            break\n    else:\n        return x",
          "passed": false,
          "stdout": "",
          "stderr": "Traceback (most recent call last):\n  File \"/tmp/agentfix_uifpxvze/test_candidate.py\", line 21, in <module>\n    check(x_or_y)\n  File \"/tmp/agentfix_uifpxvze/test_candidate.py\", line 7, in check\n    assert x_or_y(7, 34, 12) == 34\n           ^^^^^^^^^^^^^^^^^^^^^^^\nAssertionError\n",
          "failures": "Traceback (most recent call last):\n  File \"/tmp/agentfix_uifpxvze/test_candidate.py\", line 21, in <module>\n    check(x_or_y)\n  File \"/tmp/agentfix_uifpxvze/test_candidate.py\", line 7, in check\n    assert x_or_y(7, 34, 12) == 34\n           ^^^^^^^^^^^^^^^^^^^^^^^\nAssertionError",
          "duration_s": 0.096
        }
      ],
      "wall_time_s": 2.283
    },
    {
      "task_id": "Python/151",
      "passed": false,
      "steps_used": 1,
      "trace": [
        {
          "step": 0,
          "patch": "def double_the_difference(lst):\n    return sum([i**2 * 2 for i in lst if i > 0 and \".\" not in str(i)])",
          "passed": false,
          "stdout": "",
          "stderr": "Traceback (most recent call last):\n  File \"/tmp/agentfix_gfllcpdj/test_candidate.py\", line 20, in <module>\n    check(double_the_difference)\n  File \"/tmp/agentfix_gfllcpdj/test_candidate.py\", line 8, in check\n    assert double_the_difference([5, 4]) == 25 , \"This prints if this assert fails 2 (good for debugging!)\"\n           ^^^^^^^^^^^^^^^^^^^^^^^^^^^^^^^^^^^\nAssertionError: This prints if this assert fails 2 (good for debugging!)\n",
          "failures": "Traceback (most recent call last):\n  File \"/tmp/agentfix_gfllcpdj/test_candidate.py\", line 20, in <module>\n    check(double_the_difference)\n  File \"/tmp/agentfix_gfllcpdj/test_candidate.py\", line 8, in check\n    assert double_the_difference([5, 4]) == 25 , \"This prints if this assert fails 2 (good for debugging!)\"\n           ^^^^^^^^^^^^^^^^^^^^^^^^^^^^^^^^^^^\nAssertionError: This prints if this assert fails 2 (good for debugging!)",
          "duration_s": 0.099
        }
      ],
      "wall_time_s": 1.405
    },
    {
      "task_id": "Python/152",
      "passed": false,
      "steps_used": 1,
      "trace": [
        {
          "step": 0,
          "patch": "def compare(game, guess):\n    return [abs(x - y) + abs(y - x) for x, y in zip(game, guess)]",
          "passed": false,
          "stdout": "",
          "stderr": "Traceback (most recent call last):\n  File \"/tmp/agentfix_8lgrg2rd/test_candidate.py\", line 18, in <module>\n    check(compare)\n  File \"/tmp/agentfix_8lgrg2rd/test_candidate.py\", line 7, in check\n    assert compare([1,2,3,4,5,1],[1,2,3,4,2,-2])==[0,0,0,0,3,3], \"This prints if this assert fails 1 (good for debugging!)\"\n           ^^^^^^^^^^^^^^^^^^^^^^^^^^^^^^^^^^^^^^^^^^^^^^^^^^^^\nAssertionError: This prints if this assert fails 1 (good for debugging!)\n",
          "failures": "Traceback (most recent call last):\n  File \"/tmp/agentfix_8lgrg2rd/test_candidate.py\", line 18, in <module>\n    check(compare)\n  File \"/tmp/agentfix_8lgrg2rd/test_candidate.py\", line 7, in check\n    assert compare([1,2,3,4,5,1],[1,2,3,4,2,-2])==[0,0,0,0,3,3], \"This prints if this assert fails 1 (good for debugging!)\"\n           ^^^^^^^^^^^^^^^^^^^^^^^^^^^^^^^^^^^^^^^^^^^^^^^^^^^^\nAssertionError: This prints if this assert fails 1 (good for debugging!)",
          "duration_s": 0.097
        }
      ],
      "wall_time_s": 1.314
    },
    {
      "task_id": "Python/153",
      "passed": false,
      "steps_used": 1,
      "trace": [
        {
          "step": 0,
          "patch": "def Strongest_Extension(extensions, class_name):\n    strong = extensions[0]\n    my_val = len([x for x in extensions[0] if x.isalpha() and x.isupper()]) - len([x for x in extensions[0] if x.isalpha() and x.islower()])\n    for s in extensions:\n        val = len([x for x in s if x.isalpha() and x.isupper()]) - len([x for x in s if x.isalpha() and x.islower()])\n        if val > my_val:\n            strong = s\n            my_val = val\n\n    ans = class_name + strong\n    return ans",
          "passed": false,
          "stdout": "",
          "stderr": "Traceback (most recent call last):\n  File \"/tmp/agentfix_ydjcsldv/test_candidate.py\", line 19, in <module>\n    check(Strongest_Extension)\n  File \"/tmp/agentfix_ydjcsldv/test_candidate.py\", line 7, in check\n    assert Strongest_Extension('Watashi', ['tEN', 'niNE', 'eIGHt8OKe']) == 'Watashi.eIGHt8OKe'\n           ^^^^^^^^^^^^^^^^^^^^^^^^^^^^^^^^^^^^^^^^^^^^^^^^^^^^^^^^^^^^\n  File \"/tmp/agentfix_ydjcsldv/candidate.py\", line 10, in Strongest_Extension\n    ans = class_name + strong\n          ~~~~~~~~~~~^~~~~~~~\nTypeError: can only concatenate list (not \"str\") to list\n",
          "failures": "Traceback (most recent call last):\n  File \"/tmp/agentfix_ydjcsldv/test_candidate.py\", line 19, in <module>\n    check(Strongest_Extension)\n  File \"/tmp/agentfix_ydjcsldv/test_candidate.py\", line 7, in check\n    assert Strongest_Extension('Watashi', ['tEN', 'niNE', 'eIGHt8OKe']) == 'Watashi.eIGHt8OKe'\n           ^^^^^^^^^^^^^^^^^^^^^^^^^^^^^^^^^^^^^^^^^^^^^^^^^^^^^^^^^^^^\n  File \"/tmp/agentfix_ydjcsldv/candidate.py\", line 10, in Strongest_Extension\n    ans = class_name + strong\n          ~~~~~~~~~~~^~~~~~~~\nTypeError: can only concatenate list (not \"str\") to list",
          "duration_s": 0.099
        }
      ],
      "wall_time_s": 4.85
    },
    {
      "task_id": "Python/154",
      "passed": false,
      "steps_used": 1,
      "trace": [
        {
          "step": 0,
          "patch": "def cycpattern_check(a, b):\n    l = len(b)\n    pat = b + b\n    for i in range(len(a) - l + 1):\n        for j in range(len(b) - l + 1):\n            if a[i:i+l] == pat[j:j+l]:\n                return True\n    return False",
          "passed": false,
          "stdout": "",
          "stderr": "Traceback (most recent call last):\n  File \"/tmp/agentfix_n4kyyupn/test_candidate.py\", line 18, in <module>\n    check(cycpattern_check)\n  File \"/tmp/agentfix_n4kyyupn/test_candidate.py\", line 14, in check\n    assert  cycpattern_check(\"efef\",\"fee\") == True , \"test #3\"\n            ^^^^^^^^^^^^^^^^^^^^^^^^^^^^^^^^^^^^^^\nAssertionError: test #3\n",
          "failures": "Traceback (most recent call last):\n  File \"/tmp/agentfix_n4kyyupn/test_candidate.py\", line 18, in <module>\n    check(cycpattern_check)\n  File \"/tmp/agentfix_n4kyyupn/test_candidate.py\", line 14, in check\n    assert  cycpattern_check(\"efef\",\"fee\") == True , \"test #3\"\n            ^^^^^^^^^^^^^^^^^^^^^^^^^^^^^^^^^^^^^^\nAssertionError: test #3",
          "duration_s": 0.099
        }
      ],
      "wall_time_s": 2.625
    },
    {
      "task_id": "Python/155",
      "passed": true,
      "steps_used": 1,
      "trace": [
        {
          "step": 0,
          "patch": "def even_odd_count(num):\n    even_count = 0\n    odd_count = 0\n    for i in str(abs(num)):\n        if int(i) % 2 == 0:\n            even_count += 1\n        else:\n            odd_count += 1\n    return (even_count, odd_count)",
          "passed": true,
          "stdout": "",
          "stderr": "",
          "failures": "",
          "duration_s": 0.097
        }
      ],
      "wall_time_s": 2.517
    },
    {
      "task_id": "Python/156",
      "passed": false,
      "steps_used": 1,
      "trace": [
        {
          "step": 0,
          "patch": "def int_to_mini_roman(num):\n    num = [1, 4, 5, 9, 10, 40, 50, 90, 100, 400, 500, 900, 1000] \n    sym = [\"I\", \"IV\", \"V\", \"IX\", \"X\", \"XL\", \"L\", \"XC\", \"C\", \"CD\", \"D\", \"CM\", \"M\"] \n    res = ''\n    while number: \n        div = number // num[i] \n        number %= num[i] \n        while div: \n            res += sym[i]\n        i -= 1\n    return res.lower()",
          "passed": false,
          "stdout": "",
          "stderr": "Traceback (most recent call last):\n  File \"/tmp/agentfix_v10vg_94/test_candidate.py\", line 25, in <module>\n    check(int_to_mini_roman)\n  File \"/tmp/agentfix_v10vg_94/test_candidate.py\", line 7, in check\n    assert int_to_mini_roman(19) == 'xix'\n           ^^^^^^^^^^^^^^^^^^^^^\n  File \"/tmp/agentfix_v10vg_94/candidate.py\", line 5, in int_to_mini_roman\n    while number: \n          ^^^^^^\nUnboundLocalError: cannot access local variable 'number' where it is not associated with a value\n",
          "failures": "Traceback (most recent call last):\n  File \"/tmp/agentfix_v10vg_94/test_candidate.py\", line 25, in <module>\n    check(int_to_mini_roman)\n  File \"/tmp/agentfix_v10vg_94/test_candidate.py\", line 7, in check\n    assert int_to_mini_roman(19) == 'xix'\n           ^^^^^^^^^^^^^^^^^^^^^\n  File \"/tmp/agentfix_v10vg_94/candidate.py\", line 5, in int_to_mini_roman\n    while number: \n          ^^^^^^\nUnboundLocalError: cannot access local variable 'number' where it is not associated with a value",
          "duration_s": 0.097
        }
      ],
      "wall_time_s": 5.504
    },
    {
      "task_id": "Python/157",
      "passed": false,
      "steps_used": 1,
      "trace": [
        {
          "step": 0,
          "patch": "def right_angle_triangle(a, b, c):\n    return c**2 == a**2 + b**2",
          "passed": false,
          "stdout": "",
          "stderr": "Traceback (most recent call last):\n  File \"/tmp/agentfix_slfbgkf_/test_candidate.py\", line 21, in <module>\n    check(right_angle_triangle)\n  File \"/tmp/agentfix_slfbgkf_/test_candidate.py\", line 9, in check\n    assert right_angle_triangle(10, 6, 8) == True\n           ^^^^^^^^^^^^^^^^^^^^^^^^^^^^^^^^^^^^^^\nAssertionError\n",
          "failures": "Traceback (most recent call last):\n  File \"/tmp/agentfix_slfbgkf_/test_candidate.py\", line 21, in <module>\n    check(right_angle_triangle)\n  File \"/tmp/agentfix_slfbgkf_/test_candidate.py\", line 9, in check\n    assert right_angle_triangle(10, 6, 8) == True\n           ^^^^^^^^^^^^^^^^^^^^^^^^^^^^^^^^^^^^^^\nAssertionError",
          "duration_s": 0.108
        }
      ],
      "wall_time_s": 1.12
    },
    {
      "task_id": "Python/158",
      "passed": false,
      "steps_used": 1,
      "trace": [
        {
          "step": 0,
          "patch": "def find_max(words):\n    return max(words)",
          "passed": false,
          "stdout": "",
          "stderr": "Traceback (most recent call last):\n  File \"/tmp/agentfix_rwwq6tuq/test_candidate.py\", line 20, in <module>\n    check(find_max)\n  File \"/tmp/agentfix_rwwq6tuq/test_candidate.py\", line 8, in check\n    assert (find_max([\"name\", \"enam\", \"game\"]) == \"enam\"), 't2'\n            ^^^^^^^^^^^^^^^^^^^^^^^^^^^^^^^^^^^^^^^^^^^^\nAssertionError: t2\n",
          "failures": "Traceback (most recent call last):\n  File \"/tmp/agentfix_rwwq6tuq/test_candidate.py\", line 20, in <module>\n    check(find_max)\n  File \"/tmp/agentfix_rwwq6tuq/test_candidate.py\", line 8, in check\n    assert (find_max([\"name\", \"enam\", \"game\"]) == \"enam\"), 't2'\n            ^^^^^^^^^^^^^^^^^^^^^^^^^^^^^^^^^^^^^^^^^^^^\nAssertionError: t2",
          "duration_s": 0.097
        }
      ],
      "wall_time_s": 0.656
    },
    {
      "task_id": "Python/159",
      "passed": false,
      "steps_used": 1,
      "trace": [
        {
          "step": 0,
          "patch": "def eat(number, remaining, need):\n    if need <= remaining:\n        return [number + need, number + remaining - need]\n    else:\n        return [number + need + remaining, 0]",
          "passed": false,
          "stdout": "",
          "stderr": "Traceback (most recent call last):\n  File \"/tmp/agentfix_o_l96nr7/test_candidate.py\", line 18, in <module>\n    check(eat)\n  File \"/tmp/agentfix_o_l96nr7/test_candidate.py\", line 8, in check\n    assert eat(5, 6, 10) == [11, 4], \"Error\"\n           ^^^^^^^^^^^^^^^^^^^^^^^^\nAssertionError: Error\n",
          "failures": "Traceback (most recent call last):\n  File \"/tmp/agentfix_o_l96nr7/test_candidate.py\", line 18, in <module>\n    check(eat)\n  File \"/tmp/agentfix_o_l96nr7/test_candidate.py\", line 8, in check\n    assert eat(5, 6, 10) == [11, 4], \"Error\"\n           ^^^^^^^^^^^^^^^^^^^^^^^^\nAssertionError: Error",
          "duration_s": 0.098
        }
      ],
      "wall_time_s": 1.776
    },
    {
      "task_id": "Python/160",
      "passed": false,
      "steps_used": 1,
      "trace": [
        {
          "step": 0,
          "patch": "def do_algebra(operand, operator):\n    expression = str(operand[0])\n    for oprt, oprn in zip(operator, operand[1:]):\n        expression += oprt + str(oprn)\n    return eval(expression)",
          "passed": false,
          "stdout": "",
          "stderr": "Traceback (most recent call last):\n  File \"/tmp/agentfix_tr0puhie/test_candidate.py\", line 14, in <module>\n    check(do_algebra)\n  File \"/tmp/agentfix_tr0puhie/test_candidate.py\", line 7, in check\n    assert do_algebra(['**', '*', '+'], [2, 3, 4, 5]) == 37\n           ^^^^^^^^^^^^^^^^^^^^^^^^^^^^^^^^^^^^^^^^^^\n  File \"/tmp/agentfix_tr0puhie/candidate.py\", line 4, in do_algebra\n    expression += oprt + str(oprn)\n                  ~~~~~^~~~~~~~~~~\nTypeError: unsupported operand type(s) for +: 'int' and 'str'\n",
          "failures": "Traceback (most recent call last):\n  File \"/tmp/agentfix_tr0puhie/test_candidate.py\", line 14, in <module>\n    check(do_algebra)\n  File \"/tmp/agentfix_tr0puhie/test_candidate.py\", line 7, in check\n    assert do_algebra(['**', '*', '+'], [2, 3, 4, 5]) == 37\n           ^^^^^^^^^^^^^^^^^^^^^^^^^^^^^^^^^^^^^^^^^^\n  File \"/tmp/agentfix_tr0puhie/candidate.py\", line 4, in do_algebra\n    expression += oprt + str(oprn)\n                  ~~~~~^~~~~~~~~~~\nTypeError: unsupported operand type(s) for +: 'int' and 'str'",
          "duration_s": 0.097
        }
      ],
      "wall_time_s": 1.915
    },
    {
      "task_id": "Python/161",
      "passed": false,
      "steps_used": 1,
      "trace": [
        {
          "step": 0,
          "patch": "def solve(s):\n    flg = 0\n    idx = 0\n    new_str = list(s)\n    for i in s:\n        if i.isalpha():\n            new_str[idx] = i\n            flg = 1\n        idx += 1\n    if flg == 0:\n        return s[::-1]\n    return ''.join(new_str)",
          "passed": false,
          "stdout": "",
          "stderr": "Traceback (most recent call last):\n  File \"/tmp/agentfix_4cnjs1vr/test_candidate.py\", line 20, in <module>\n    check(solve)\n  File \"/tmp/agentfix_4cnjs1vr/test_candidate.py\", line 7, in check\n    assert solve(\"AsDf\") == \"aSdF\"\n           ^^^^^^^^^^^^^^^^^^^^^^^\nAssertionError\n",
          "failures": "Traceback (most recent call last):\n  File \"/tmp/agentfix_4cnjs1vr/test_candidate.py\", line 20, in <module>\n    check(solve)\n  File \"/tmp/agentfix_4cnjs1vr/test_candidate.py\", line 7, in check\n    assert solve(\"AsDf\") == \"aSdF\"\n           ^^^^^^^^^^^^^^^^^^^^^^^\nAssertionError",
          "duration_s": 0.098
        }
      ],
      "wall_time_s": 2.925
    },
    {
      "task_id": "Python/162",
      "passed": false,
      "steps_used": 1,
      "trace": [
        {
          "step": 0,
          "patch": "def string_to_md5(text):\n    if not text:\n        return None\n    return hashlib.md5(text.encode()).hexdigest()",
          "passed": false,
          "stdout": "",
          "stderr": "Traceback (most recent call last):\n  File \"/tmp/agentfix_b8lgs96p/test_candidate.py\", line 15, in <module>\n    check(string_to_md5)\n  File \"/tmp/agentfix_b8lgs96p/test_candidate.py\", line 7, in check\n    assert string_to_md5('Hello world') == '3e25960a79dbc69b674cd4ec67a72c62'\n           ^^^^^^^^^^^^^^^^^^^^^^^^^^^^\n  File \"/tmp/agentfix_b8lgs96p/candidate.py\", line 4, in string_to_md5\n    return hashlib.md5(text.encode()).hexdigest()\n           ^^^^^^^\nNameError: name 'hashlib' is not defined\n",
          "failures": "Traceback (most recent call last):\n  File \"/tmp/agentfix_b8lgs96p/test_candidate.py\", line 15, in <module>\n    check(string_to_md5)\n  File \"/tmp/agentfix_b8lgs96p/test_candidate.py\", line 7, in check\n    assert string_to_md5('Hello world') == '3e25960a79dbc69b674cd4ec67a72c62'\n           ^^^^^^^^^^^^^^^^^^^^^^^^^^^^\n  File \"/tmp/agentfix_b8lgs96p/candidate.py\", line 4, in string_to_md5\n    return hashlib.md5(text.encode()).hexdigest()\n           ^^^^^^^\nNameError: name 'hashlib' is not defined",
          "duration_s": 0.098
        }
      ],
      "wall_time_s": 1.191
    },
    {
      "task_id": "Python/163",
      "passed": false,
      "steps_used": 1,
      "trace": [
        {
          "step": 0,
          "patch": "def generate_integers(a, b):\n    lower = max(2, min(a, b))\n    upper = min(8, max(a, b))\n\n    return [i for i in range(lower, upper) if i % 2 == 0]",
          "passed": false,
          "stdout": "",
          "stderr": "Traceback (most recent call last):\n  File \"/tmp/agentfix__g1tvcgp/test_candidate.py\", line 15, in <module>\n    check(generate_integers)\n  File \"/tmp/agentfix__g1tvcgp/test_candidate.py\", line 7, in check\n    assert generate_integers(2, 10) == [2, 4, 6, 8], \"Test 1\"\n           ^^^^^^^^^^^^^^^^^^^^^^^^^^^^^^^^^^^^^^^^\nAssertionError: Test 1\n",
          "failures": "Traceback (most recent call last):\n  File \"/tmp/agentfix__g1tvcgp/test_candidate.py\", line 15, in <module>\n    check(generate_integers)\n  File \"/tmp/agentfix__g1tvcgp/test_candidate.py\", line 7, in check\n    assert generate_integers(2, 10) == [2, 4, 6, 8], \"Test 1\"\n           ^^^^^^^^^^^^^^^^^^^^^^^^^^^^^^^^^^^^^^^^\nAssertionError: Test 1",
          "duration_s": 0.096
        }
      ],
      "wall_time_s": 2.078
    }
  ]
}