{
  "pass_at_1": 0.29878048780487804,
  "passed": 49,
  "total": 164,
  "config": {
    "model_id": "Qwen/Qwen2.5-Coder-1.5B-Instruct",
    "device": "cuda",
    "do_sample": true,
    "temperature": 0.2,
    "top_p": 0.9,
    "top_k": null,
    "num_beams": 1,
    "max_new_tokens": 1024,
    "repetition_penalty": 1.03
  },
  "results": [
    {
      "task_id": "Python/0",
      "passed": true,
      "steps_used": 1,
      "trace": [
        {
          "step": 0,
          "patch": "def has_close_elements(numbers, threshold):\n    for idx, elem in enumerate(numbers):\n        for idx2, elem2 in enumerate(numbers):\n            if idx != idx2:\n                distance = abs(elem - elem2)\n                if distance < threshold:\n                    return True\n\n    return False",
          "passed": true,
          "stdout": "",
          "stderr": "",
          "failures": "",
          "duration_s": 0.094
        }
      ],
      "wall_time_s": 11.162
    },
    {
      "task_id": "Python/1",
      "passed": false,
      "steps_used": 1,
      "trace": [
        {
          "step": 0,
          "patch": "def separate_paren_groups(paren_string):\n    result = []\n    current_string = []\n    current_depth = 0\n\n    for c in paren_string:\n        if c == '(':\n            current_depth += 1\n            current_string.append(c)\n        elif c == ')':\n            current_depth -= 1\n            current_string.append(c)\n\n            if current_depth < 0:\n                result.append(''.join(current_string))\n                current_string.clear()\n\n    return result",
          "passed": false,
          "stdout": "",
          "stderr": "Traceback (most recent call last):\n  File \"/tmp/agentfix_fsc3m5jf/test_candidate.py\", line 21, in <module>\n    check(separate_paren_groups)\n  File \"/tmp/agentfix_fsc3m5jf/test_candidate.py\", line 10, in check\n    assert separate_paren_groups('(()()) ((())) () ((())()())') == [\n           ^^^^^^^^^^^^^^^^^^^^^^^^^^^^^^^^^^^^^^^^^^^^^^^^^^^^^^^^^\nAssertionError\n",
          "failures": "Traceback (most recent call last):\n  File \"/tmp/agentfix_fsc3m5jf/test_candidate.py\", line 21, in <module>\n    check(separate_paren_groups)\n  File \"/tmp/agentfix_fsc3m5jf/test_candidate.py\", line 10, in check\n    assert separate_paren_groups('(()()) ((())) () ((())()())') == [\n           ^^^^^^^^^^^^^^^^^^^^^^^^^^^^^^^^^^^^^^^^^^^^^^^^^^^^^^^^^\nAssertionError",
          "duration_s": 0.096
        }
      ],
      "wall_time_s": 3.48
    },
    {
      "task_id": "Python/2",
      "passed": false,
      "steps_used": 1,
      "trace": [
        {
          "step": 0,
          "patch": "def truncate_number(number):\n    return int(number)",
          "passed": false,
          "stdout": "",
          "stderr": "Traceback (most recent call last):\n  File \"/tmp/agentfix_5cfm66dk/test_candidate.py\", line 14, in <module>\n    check(truncate_number)\n  File \"/tmp/agentfix_5cfm66dk/test_candidate.py\", line 10, in check\n    assert truncate_number(3.5) == 0.5\n           ^^^^^^^^^^^^^^^^^^^^^^^^^^^\nAssertionError\n",
          "failures": "Traceback (most recent call last):\n  File \"/tmp/agentfix_5cfm66dk/test_candidate.py\", line 14, in <module>\n    check(truncate_number)\n  File \"/tmp/agentfix_5cfm66dk/test_candidate.py\", line 10, in check\n    assert truncate_number(3.5) == 0.5\n           ^^^^^^^^^^^^^^^^^^^^^^^^^^^\nAssertionError",
          "duration_s": 0.096
        }
      ],
      "wall_time_s": 0.666
    },
    {
      "task_id": "Python/3",
      "passed": true,
      "steps_used": 1,
      "trace": [
        {
          "step": 0,
          "patch": "def below_zero(operations):\n    balance = 0\n\n    for op in operations:\n        balance += op\n        if balance < 0:\n            return True\n\n    return False",
          "passed": true,
          "stdout": "",
          "stderr": "",
          "failures": "",
          "duration_s": 0.095
        }
      ],
      "wall_time_s": 1.565
    },
    {
      "task_id": "Python/4",
      "passed": true,
      "steps_used": 1,
      "trace": [
        {
          "step": 0,
          "patch": "def mean_absolute_deviation(numbers):\n    mean = sum(numbers) / len(numbers)\n    return sum(abs(x - mean) for x in numbers) / len(numbers)",
          "passed": true,
          "stdout": "",
          "stderr": "",
          "failures": "",
          "duration_s": 0.094
        }
      ],
      "wall_time_s": 1.429
    },
    {
      "task_id": "Python/5",
      "passed": true,
      "steps_used": 1,
      "trace": [
        {
          "step": 0,
          "patch": "def intersperse(numbers, delimiter):\n    if not numbers:\n        return []\n\n    result = []\n    for n in numbers[:-1]:\n        result.append(n)\n        result.append(delimiter)\n\n    result.append(numbers[-1])\n    return result",
          "passed": true,
          "stdout": "",
          "stderr": "",
          "failures": "",
          "duration_s": 0.094
        }
      ],
      "wall_time_s": 1.949
    },
    {
      "task_id": "Python/6",
      "passed": false,
      "steps_used": 1,
      "trace": [
        {
          "step": 0,
          "patch": "def parse_nested_parens(s):\n    depth = 0\n    max_depth = 0\n    for c in s:\n        if c == '(':\n            depth += 1\n            max_depth = max(depth, max_depth)\n        elif c == ')':\n            max_depth -= 1\n\n    return max_depth",
          "passed": false,
          "stdout": "",
          "stderr": "Traceback (most recent call last):\n  File \"/tmp/agentfix_ogdsddb3/test_candidate.py\", line 14, in <module>\n    check(parse_nested_parens)\n  File \"/tmp/agentfix_ogdsddb3/test_candidate.py\", line 10, in check\n    assert parse_nested_parens('(()()) ((())) () ((())()())') == [2, 3, 1, 3]\n           ^^^^^^^^^^^^^^^^^^^^^^^^^^^^^^^^^^^^^^^^^^^^^^^^^^^^^^^^^^^^^^^^^^\nAssertionError\n",
          "failures": "Traceback (most recent call last):\n  File \"/tmp/agentfix_ogdsddb3/test_candidate.py\", line 14, in <module>\n    check(parse_nested_parens)\n  File \"/tmp/agentfix_ogdsddb3/test_candidate.py\", line 10, in check\n    assert parse_nested_parens('(()()) ((())) () ((())()())') == [2, 3, 1, 3]\n           ^^^^^^^^^^^^^^^^^^^^^^^^^^^^^^^^^^^^^^^^^^^^^^^^^^^^^^^^^^^^^^^^^^\nAssertionError",
          "duration_s": 0.095
        }
      ],
      "wall_time_s": 2.542
    },
    {
      "task_id": "Python/7",
      "passed": true,
      "steps_used": 1,
      "trace": [
        {
          "step": 0,
          "patch": "def filter_by_substring(strings, substring):\n    return [x for x in strings if substring in x]",
          "passed": true,
          "stdout": "",
          "stderr": "",
          "failures": "",
          "duration_s": 0.094
        }
      ],
      "wall_time_s": 1.048
    },
    {
      "task_id": "Python/8",
      "passed": true,
      "steps_used": 1,
      "trace": [
        {
          "step": 0,
          "patch": "def sum_product(numbers):\n    sum_value = 0\n    prod_value = 1\n\n    for n in numbers:\n        sum_value += n\n        prod_value *= n\n    return sum_value, prod_value",
          "passed": true,
          "stdout": "",
          "stderr": "",
          "failures": "",
          "duration_s": 0.094
        }
      ],
      "wall_time_s": 1.764
    },
    {
      "task_id": "Python/9",
      "passed": true,
      "steps_used": 1,
      "trace": [
        {
          "step": 0,
          "patch": "def rolling_max(numbers):\n    result = []\n    current_max = None\n\n    for n in numbers:\n        if current_max is None:\n            current_max = n\n        else:\n            current_max = max(current_max, n)\n\n        result.append(current_max)\n\n    return result",
          "passed": true,
          "stdout": "",
          "stderr": "",
          "failures": "",
          "duration_s": 0.099
        }
      ],
      "wall_time_s": 2.19
    },
    {
      "task_id": "Python/10",
      "passed": false,
      "steps_used": 1,
      "trace": [
        {
          "step": 0,
          "patch": "def make_palindrome(string):\n    if not string:\n        return ''\n\n    beginning_of_suffix = 0\n\n    while not is_palindrome(string):\n        beginning_of_suffix += 1\n\n    return string + string[:beginning_of_suffix][::-1]",
          "passed": false,
          "stdout": "",
          "stderr": "Traceback (most recent call last):\n  File \"/tmp/agentfix_cxgvvpm0/test_candidate.py\", line 16, in <module>\n    check(make_palindrome)\n  File \"/tmp/agentfix_cxgvvpm0/test_candidate.py\", line 11, in check\n    assert make_palindrome('x') == 'x'\n           ^^^^^^^^^^^^^^^^^^^^\n  File \"/tmp/agentfix_cxgvvpm0/candidate.py\", line 7, in make_palindrome\n    while not is_palindrome(string):\n              ^^^^^^^^^^^^^\nNameError: name 'is_palindrome' is not defined. Did you mean: 'make_palindrome'?\n",
          "failures": "Traceback (most recent call last):\n  File \"/tmp/agentfix_cxgvvpm0/test_candidate.py\", line 16, in <module>\n    check(make_palindrome)\n  File \"/tmp/agentfix_cxgvvpm0/test_candidate.py\", line 11, in check\n    assert make_palindrome('x') == 'x'\n           ^^^^^^^^^^^^^^^^^^^^\n  File \"/tmp/agentfix_cxgvvpm0/candidate.py\", line 7, in make_palindrome\n    while not is_palindrome(string):\n              ^^^^^^^^^^^^^\nNameError: name 'is_palindrome' is not defined. Did you mean: 'make_palindrome'?",
          "duration_s": 0.099
        }
      ],
      "wall_time_s": 2.061
    },
    {
      "task_id": "Python/11",
      "passed": false,
      "steps_used": 1,
      "trace": [
        {
          "step": 0,
          "patch": "def xor(i, j):\n    if i == j:\n        return '1'\n    else:\n        return '0'",
          "passed": false,
          "stdout": "",
          "stderr": "Traceback (most recent call last):\n  File \"/tmp/agentfix_2bzes2n4/test_candidate.py\", line 2, in <module>\n    from candidate import string_xor\nImportError: cannot import name 'string_xor' from 'candidate' (/tmp/agentfix_2bzes2n4/candidate.py)\n",
          "failures": "Traceback (most recent call last):\n  File \"/tmp/agentfix_2bzes2n4/test_candidate.py\", line 2, in <module>\n    from candidate import string_xor\nImportError: cannot import name 'string_xor' from 'candidate' (/tmp/agentfix_2bzes2n4/candidate.py)",
          "duration_s": 0.095
        }
      ],
      "wall_time_s": 1.173
    },
    {
      "task_id": "Python/12",
      "passed": true,
      "steps_used": 1,
      "trace": [
        {
          "step": 0,
          "patch": "def longest(strings):\n    if not strings:\n        return None\n\n    maxlen = max(len(x) for x in strings)\n    for s in strings:\n        if len(s) == maxlen:\n            return s",
          "passed": true,
          "stdout": "",
          "stderr": "",
          "failures": "",
          "duration_s": 0.095
        }
      ],
      "wall_time_s": 1.727
    },
    {
      "task_id": "Python/13",
      "passed": true,
      "steps_used": 1,
      "trace": [
        {
          "step": 0,
          "patch": "def greatest_common_divisor(a, b):\n    while b:\n        a, b = b, a % b\n    return a",
          "passed": true,
          "stdout": "",
          "stderr": "",
          "failures": "",
          "duration_s": 0.094
        }
      ],
      "wall_time_s": 1.235
    },
    {
      "task_id": "Python/14",
      "passed": true,
      "steps_used": 1,
      "trace": [
        {
          "step": 0,
          "patch": "def all_prefixes(string):\n    result = []\n    for i in range(len(string)):\n        result.append(string[:i+1])\n    return result",
          "passed": true,
          "stdout": "",
          "stderr": "",
          "failures": "",
          "duration_s": 0.094
        }
      ],
      "wall_time_s": 1.327
    },
    {
      "task_id": "Python/15",
      "passed": false,
      "steps_used": 1,
      "trace": [
        {
          "step": 0,
          "patch": "def string_sequence(n):\n    return ' '.join(map(str, range(n)))",
          "passed": false,
          "stdout": "",
          "stderr": "Traceback (most recent call last):\n  File \"/tmp/agentfix_a046ha32/test_candidate.py\", line 14, in <module>\n    check(string_sequence)\n  File \"/tmp/agentfix_a046ha32/test_candidate.py\", line 10, in check\n    assert string_sequence(0) == '0'\n           ^^^^^^^^^^^^^^^^^^^^^^^^^\nAssertionError\n",
          "failures": "Traceback (most recent call last):\n  File \"/tmp/agentfix_a046ha32/test_candidate.py\", line 14, in <module>\n    check(string_sequence)\n  File \"/tmp/agentfix_a046ha32/test_candidate.py\", line 10, in check\n    assert string_sequence(0) == '0'\n           ^^^^^^^^^^^^^^^^^^^^^^^^^\nAssertionError",
          "duration_s": 0.095
        }
      ],
      "wall_time_s": 0.846
    },
    {
      "task_id": "Python/16",
      "passed": false,
      "steps_used": 1,
      "trace": [
        {
          "step": 0,
          "patch": "def count_distinct_characters(string):\n    return len(set(string))",
          "passed": false,
          "stdout": "",
          "stderr": "Traceback (most recent call last):\n  File \"/tmp/agentfix_8odcdnbr/test_candidate.py\", line 16, in <module>\n    check(count_distinct_characters)\n  File \"/tmp/agentfix_8odcdnbr/test_candidate.py\", line 12, in check\n    assert count_distinct_characters('abcde' + 'cade' + 'CADE') == 5\n           ^^^^^^^^^^^^^^^^^^^^^^^^^^^^^^^^^^^^^^^^^^^^^^^^^^^^^^^^^\nAssertionError\n",
          "failures": "Traceback (most recent call last):\n  File \"/tmp/agentfix_8odcdnbr/test_candidate.py\", line 16, in <module>\n    check(count_distinct_characters)\n  File \"/tmp/agentfix_8odcdnbr/test_candidate.py\", line 12, in check\n    assert count_distinct_characters('abcde' + 'cade' + 'CADE') == 5\n           ^^^^^^^^^^^^^^^^^^^^^^^^^^^^^^^^^^^^^^^^^^^^^^^^^^^^^^^^^\nAssertionError",
          "duration_s": 0.096
        }
      ],
      "wall_time_s": 0.754
    },
    {
      "task_id": "Python/17",
      "passed": false,
      "steps_used": 1,
      "trace": [
        {
          "step": 0,
          "patch": "def parse_music(music_string):\n    note_map = {'o': 3, 'o|': 2, '.|': 1}\n    return [note_map[x] for x in music_string.split(' ') if x]",
          "passed": false,
          "stdout": "",
          "stderr": "Traceback (most recent call last):\n  File \"/tmp/agentfix_fzgse874/test_candidate.py\", line 16, in <module>\n    check(parse_music)\n  File \"/tmp/agentfix_fzgse874/test_candidate.py\", line 11, in check\n    assert parse_music('o o o o') == [4, 4, 4, 4]\n           ^^^^^^^^^^^^^^^^^^^^^^^^^^^^^^^^^^^^^^\nAssertionError\n",
          "failures": "Traceback (most recent call last):\n  File \"/tmp/agentfix_fzgse874/test_candidate.py\", line 16, in <module>\n    check(parse_music)\n  File \"/tmp/agentfix_fzgse874/test_candidate.py\", line 11, in check\n    assert parse_music('o o o o') == [4, 4, 4, 4]\n           ^^^^^^^^^^^^^^^^^^^^^^^^^^^^^^^^^^^^^^\nAssertionError",
          "duration_s": 0.094
        }
      ],
      "wall_time_s": 1.87
    },
    {
      "task_id": "Python/18",
      "passed": true,
      "steps_used": 1,
      "trace": [
        {
          "step": 0,
          "patch": "def how_many_times(string, substring):\n    times = 0\n\n    for i in range(len(string) - len(substring) + 1):\n        if string[i:i+len(substring)] == substring:\n            times += 1\n\n    return times",
          "passed": true,
          "stdout": "",
          "stderr": "",
          "failures": "",
          "duration_s": 0.095
        }
      ],
      "wall_time_s": 2.072
    },
    {
      "task_id": "Python/19",
      "passed": false,
      "steps_used": 1,
      "trace": [
        {
          "step": 0,
          "patch": "def sort_numbers(numbers):\n    value_map = {\n        'zero': 0,\n        'one': 1,\n        'two': 2,\n        'three': 3,\n        'four': 4,\n        'five': 5,\n        'six': 6,\n        'seven': 7,\n        'eight': 8,\n        'nine': 9\n    }\n    return ' '.join(sorted([value_map[x] for x in numbers.split(' ') if x]))",
          "passed": false,
          "stdout": "",
          "stderr": "Traceback (most recent call last):\n  File \"/tmp/agentfix_b3_thj5m/test_candidate.py\", line 16, in <module>\n    check(sort_numbers)\n  File \"/tmp/agentfix_b3_thj5m/test_candidate.py\", line 11, in check\n    assert sort_numbers('three') == 'three'\n           ^^^^^^^^^^^^^^^^^^^^^\n  File \"/tmp/agentfix_b3_thj5m/candidate.py\", line 14, in sort_numbers\n    return ' '.join(sorted([value_map[x] for x in numbers.split(' ') if x]))\n           ^^^^^^^^^^^^^^^^^^^^^^^^^^^^^^^^^^^^^^^^^^^^^^^^^^^^^^^^^^^^^^^^^\nTypeError: sequence item 0: expected str instance, int found\n",
          "failures": "Traceback (most recent call last):\n  File \"/tmp/agentfix_b3_thj5m/test_candidate.py\", line 16, in <module>\n    check(sort_numbers)\n  File \"/tmp/agentfix_b3_thj5m/test_candidate.py\", line 11, in check\n    assert sort_numbers('three') == 'three'\n           ^^^^^^^^^^^^^^^^^^^^^\n  File \"/tmp/agentfix_b3_thj5m/candidate.py\", line 14, in sort_numbers\n    return ' '.join(sorted([value_map[x] for x in numbers.split(' ') if x]))\n           ^^^^^^^^^^^^^^^^^^^^^^^^^^^^^^^^^^^^^^^^^^^^^^^^^^^^^^^^^^^^^^^^^\nTypeError: sequence item 0: expected str instance, int found",
          "duration_s": 0.093
        }
      ],
      "wall_time_s": 3.734
    },
    {
      "task_id": "Python/20",
      "passed": true,
      "steps_used": 1,
      "trace": [
        {
          "step": 0,
          "patch": "def find_closest_elements(numbers):\n    closest_pair = None\n    distance = None\n\n    for idx, elem in enumerate(numbers):\n        for idx2, elem2 in enumerate(numbers):\n            if idx != idx2:\n                if distance is None:\n                    distance = abs(elem - elem2)\n                    closest_pair = tuple(sorted([elem, elem2]))\n                else:\n                    new_distance = abs(elem - elem2)\n                    if new_distance < distance:\n                        distance = new_distance\n                        closest_pair = tuple(sorted([elem, elem2]))\n\n    return closest_pair",
          "passed": true,
          "stdout": "",
          "stderr": "",
          "failures": "",
          "duration_s": 0.095
        }
      ],
      "wall_time_s": 4.082
    },
    {
      "task_id": "Python/21",
      "passed": true,
      "steps_used": 1,
      "trace": [
        {
          "step": 0,
          "patch": "def rescale_to_unit(numbers):\n    min_number = min(numbers)\n    max_number = max(numbers)\n    return [(x - min_number) / (max_number - min_number) for x in numbers]",
          "passed": true,
          "stdout": "",
          "stderr": "",
          "failures": "",
          "duration_s": 0.094
        }
      ],
      "wall_time_s": 1.751
    },
    {
      "task_id": "Python/22",
      "passed": true,
      "steps_used": 1,
      "trace": [
        {
          "step": 0,
          "patch": "def filter_integers(values):\n    return [x for x in values if isinstance(x, int)]",
          "passed": true,
          "stdout": "",
          "stderr": "",
          "failures": "",
          "duration_s": 0.095
        }
      ],
      "wall_time_s": 0.976
    },
    {
      "task_id": "Python/23",
      "passed": true,
      "steps_used": 1,
      "trace": [
        {
          "step": 0,
          "patch": "def strlen(string):\n    return len(string)",
          "passed": true,
          "stdout": "",
          "stderr": "",
          "failures": "",
          "duration_s": 0.094
        }
      ],
      "wall_time_s": 0.616
    },
    {
      "task_id": "Python/24",
      "passed": false,
      "steps_used": 1,
      "trace": [
        {
          "step": 0,
          "patch": "def largest_divisor(n):\n    for i in range(n):\n        if n % i == 0:\n            return i",
          "passed": false,
          "stdout": "",
          "stderr": "Traceback (most recent call last):\n  File \"/tmp/agentfix_rlesj6xl/test_candidate.py\", line 16, in <module>\n    check(largest_divisor)\n  File \"/tmp/agentfix_rlesj6xl/test_candidate.py\", line 10, in check\n    assert largest_divisor(3) == 1\n           ^^^^^^^^^^^^^^^^^^\n  File \"/tmp/agentfix_rlesj6xl/candidate.py\", line 3, in largest_divisor\n    if n % i == 0:\n       ~~^~~\nZeroDivisionError: integer modulo by zero\n",
          "failures": "Traceback (most recent call last):\n  File \"/tmp/agentfix_rlesj6xl/test_candidate.py\", line 16, in <module>\n    check(largest_divisor)\n  File \"/tmp/agentfix_rlesj6xl/test_candidate.py\", line 10, in check\n    assert largest_divisor(3) == 1\n           ^^^^^^^^^^^^^^^^^^\n  File \"/tmp/agentfix_rlesj6xl/candidate.py\", line 3, in largest_divisor\n    if n % i == 0:\n       ~~^~~\nZeroDivisionError: integer modulo by zero",
          "duration_s": 0.094
        }
      ],
      "wall_time_s": 1.178
    },
    {
      "task_id": "Python/25",
      "passed": true,
      "steps_used": 1,
      "trace": [
        {
          "step": 0,
          "patch": "def factorize(n):\n    i = 2\n    factors = []\n    while i * i <= n:\n        if n % i:\n            i += 1\n        else:\n            n //= i\n            factors.append(i)\n    if n > 1:\n        factors.append(n)\n    return factors",
          "passed": true,
          "stdout": "",
          "stderr": "",
          "failures": "",
          "duration_s": 0.096
        }
      ],
      "wall_time_s": 2.421
    },
    {
      "task_id": "Python/26",
      "passed": false,
      "steps_used": 1,
      "trace": [
        {
          "step": 0,
          "patch": "def remove_duplicates(numbers):\n    c = collections.Counter(numbers)\n    return [n for n in numbers if c[n] == 0]",
          "passed": false,
          "stdout": "",
          "stderr": "Traceback (most recent call last):\n  File \"/tmp/agentfix_g0b666ct/test_candidate.py\", line 14, in <module>\n    check(remove_duplicates)\n  File \"/tmp/agentfix_g0b666ct/test_candidate.py\", line 10, in check\n    assert remove_duplicates([]) == []\n           ^^^^^^^^^^^^^^^^^^^^^\n  File \"/tmp/agentfix_g0b666ct/candidate.py\", line 2, in remove_duplicates\n    c = collections.Counter(numbers)\n        ^^^^^^^^^^^\nNameError: name 'collections' is not defined\n",
          "failures": "Traceback (most recent call last):\n  File \"/tmp/agentfix_g0b666ct/test_candidate.py\", line 14, in <module>\n    check(remove_duplicates)\n  File \"/tmp/agentfix_g0b666ct/test_candidate.py\", line 10, in check\n    assert remove_duplicates([]) == []\n           ^^^^^^^^^^^^^^^^^^^^^\n  File \"/tmp/agentfix_g0b666ct/candidate.py\", line 2, in remove_duplicates\n    c = collections.Counter(numbers)\n        ^^^^^^^^^^^\nNameError: name 'collections' is not defined",
          "duration_s": 0.096
        }
      ],
      "wall_time_s": 1.252
    },
    {
      "task_id": "Python/27",
      "passed": true,
      "steps_used": 1,
      "trace": [
        {
          "step": 0,
          "patch": "def flip_case(string):\n    return string.swapcase()",
          "passed": true,
          "stdout": "",
          "stderr": "",
          "failures": "",
          "duration_s": 0.094
        }
      ],
      "wall_time_s": 0.681
    },
    {
      "task_id": "Python/28",
      "passed": false,
      "steps_used": 1,
      "trace": [
        {
          "step": 0,
          "patch": "def concatenate(strings):\n    return ' '.join(strings)",
          "passed": false,
          "stdout": "",
          "stderr": "Traceback (most recent call last):\n  File \"/tmp/agentfix_u6m3p8yd/test_candidate.py\", line 14, in <module>\n    check(concatenate)\n  File \"/tmp/agentfix_u6m3p8yd/test_candidate.py\", line 11, in check\n    assert concatenate(['x', 'y', 'z']) == 'xyz'\n           ^^^^^^^^^^^^^^^^^^^^^^^^^^^^^^^^^^^^^\nAssertionError\n",
          "failures": "Traceback (most recent call last):\n  File \"/tmp/agentfix_u6m3p8yd/test_candidate.py\", line 14, in <module>\n    check(concatenate)\n  File \"/tmp/agentfix_u6m3p8yd/test_candidate.py\", line 11, in check\n    assert concatenate(['x', 'y', 'z']) == 'xyz'\n           ^^^^^^^^^^^^^^^^^^^^^^^^^^^^^^^^^^^^^\nAssertionError",
          "duration_s": 0.094
        }
      ],
      "wall_time_s": 0.675
    },
    {
      "task_id": "Python/29",
      "passed": true,
      "steps_used": 1,
      "trace": [
        {
          "step": 0,
          "patch": "def filter_by_prefix(strings, prefix):\n    return [x for x in strings if x.startswith(prefix)]",
          "passed": true,
          "stdout": "",
          "stderr": "",
          "failures": "",
          "duration_s": 0.094
        }
      ],
      "wall_time_s": 1.02
    },
    {
      "task_id": "Python/30",
      "passed": false,
      "steps_used": 1,
      "trace": [
        {
          "step": 0,
          "patch": "def get_positive(l):\n    return [e for e in l if e >= 0]",
          "passed": false,
          "stdout": "",
          "stderr": "Traceback (most recent call last):\n  File \"/tmp/agentfix_659ipg_i/test_candidate.py\", line 15, in <module>\n    check(get_positive)\n  File \"/tmp/agentfix_659ipg_i/test_candidate.py\", line 11, in check\n    assert get_positive([5, 3, -5, 2, 3, 3, 9, 0, 123, 1, -10]) == [5, 3, 2, 3, 3, 9, 123, 1]\n           ^^^^^^^^^^^^^^^^^^^^^^^^^^^^^^^^^^^^^^^^^^^^^^^^^^^^^^^^^^^^^^^^^^^^^^^^^^^^^^^^^^\nAssertionError\n",
          "failures": "Traceback (most recent call last):\n  File \"/tmp/agentfix_659ipg_i/test_candidate.py\", line 15, in <module>\n    check(get_positive)\n  File \"/tmp/agentfix_659ipg_i/test_candidate.py\", line 11, in check\n    assert get_positive([5, 3, -5, 2, 3, 3, 9, 0, 123, 1, -10]) == [5, 3, 2, 3, 3, 9, 123, 1]\n           ^^^^^^^^^^^^^^^^^^^^^^^^^^^^^^^^^^^^^^^^^^^^^^^^^^^^^^^^^^^^^^^^^^^^^^^^^^^^^^^^^^\nAssertionError",
          "duration_s": 0.094
        }
      ],
      "wall_time_s": 0.988
    },
    {
      "task_id": "Python/31",
      "passed": true,
      "steps_used": 1,
      "trace": [
        {
          "step": 0,
          "patch": "def is_prime(n):\n    if n < 2:\n        return False\n    for k in range(2, int(n**0.5) + 1):\n        if n % k == 0:\n            return False\n    return True",
          "passed": true,
          "stdout": "",
          "stderr": "",
          "failures": "",
          "duration_s": 0.094
        }
      ],
      "wall_time_s": 2.0
    },
    {
      "task_id": "Python/32",
      "passed": false,
      "steps_used": 1,
      "trace": [
        {
          "step": 0,
          "patch": "def find_zero(xs):\n    begin, end = -1., 1.\n    while poly(xs, begin) * poly(xs, end) > 0:\n        begin *= 2.0\n        end *= 2.0\n    while begin - end > 1e-10:\n        center = (begin + end) / 2.0\n        if poly(xs, center) * poly(xs, begin) > 0:\n            begin = center\n        else:\n            end = center\n    return begin",
          "passed": false,
          "stdout": "",
          "stderr": "Traceback (most recent call last):\n  File \"/tmp/agentfix_zb2nv9fm/test_candidate.py\", line 25, in <module>\n    check(find_zero)\n  File \"/tmp/agentfix_zb2nv9fm/test_candidate.py\", line 22, in check\n    solution = find_zero(copy.deepcopy(coeffs))\n               ^^^^^^^^^^^^^^^^^^^^^^^^^^^^^^^^\n  File \"/tmp/agentfix_zb2nv9fm/candidate.py\", line 3, in find_zero\n    while poly(xs, begin) * poly(xs, end) > 0:\n          ^^^^\nNameError: name 'poly' is not defined\n",
          "failures": "Traceback (most recent call last):\n  File \"/tmp/agentfix_zb2nv9fm/test_candidate.py\", line 25, in <module>\n    check(find_zero)\n  File \"/tmp/agentfix_zb2nv9fm/test_candidate.py\", line 22, in check\n    solution = find_zero(copy.deepcopy(coeffs))\n               ^^^^^^^^^^^^^^^^^^^^^^^^^^^^^^^^\n  File \"/tmp/agentfix_zb2nv9fm/candidate.py\", line 3, in find_zero\n    while poly(xs, begin) * poly(xs, end) > 0:\n          ^^^^\nNameError: name 'poly' is not defined",
          "duration_s": 0.094
        }
      ],
      "wall_time_s": 3.897
    },
    {
      "task_id": "Python/33",
      "passed": false,
      "steps_used": 1,
      "trace": [
        {
          "step": 0,
          "patch": "def sort_third(l):\n    l.sort(key=lambda x: x[2])\n    return l",
          "passed": false,
          "stdout": "",
          "stderr": "Traceback (most recent call last):\n  File \"/tmp/agentfix_cn5pjbgi/test_candidate.py\", line 18, in <module>\n    check(sort_third)\n  File \"/tmp/agentfix_cn5pjbgi/test_candidate.py\", line 10, in check\n    assert tuple(sort_third([1, 2, 3])) == tuple(sort_third([1, 2, 3]))\n                 ^^^^^^^^^^^^^^^^^^^^^\n  File \"/tmp/agentfix_cn5pjbgi/candidate.py\", line 2, in sort_third\n    l.sort(key=lambda x: x[2])\n  File \"/tmp/agentfix_cn5pjbgi/candidate.py\", line 2, in <lambda>\n    l.sort(key=lambda x: x[2])\n                         ~^^^\nTypeError: 'int' object is not subscriptable\n",
          "failures": "Traceback (most recent call last):\n  File \"/tmp/agentfix_cn5pjbgi/test_candidate.py\", line 18, in <module>\n    check(sort_third)\n  File \"/tmp/agentfix_cn5pjbgi/test_candidate.py\", line 10, in check\n    assert tuple(sort_third([1, 2, 3])) == tuple(sort_third([1, 2, 3]))\n                 ^^^^^^^^^^^^^^^^^^^^^\n  File \"/tmp/agentfix_cn5pjbgi/candidate.py\", line 2, in sort_third\n    l.sort(key=lambda x: x[2])\n  File \"/tmp/agentfix_cn5pjbgi/candidate.py\", line 2, in <lambda>\n    l.sort(key=lambda x: x[2])\n                         ~^^^\nTypeError: 'int' object is not subscriptable",
          "duration_s": 0.098
        }
      ],
      "wall_time_s": 0.968
    },
    {
      "task_id": "Python/34",
      "passed": true,
      "steps_used": 1,
      "trace": [
        {
          "step": 0,
          "patch": "def unique(l):\n    return list(set(l))",
          "passed": true,
          "stdout": "",
          "stderr": "",
          "failures": "",
          "duration_s": 0.096
        }
      ],
      "wall_time_s": 0.649
    },
    {
      "task_id": "Python/35",
      "passed": true,
      "steps_used": 1,
      "trace": [
        {
          "step": 0,
          "patch": "def max_element(l):\n    return max(l)",
          "passed": true,
          "stdout": "",
          "stderr": "",
          "failures": "",
          "duration_s": 0.094
        }
      ],
      "wall_time_s": 0.675
    },
    {
      "task_id": "Python/36",
      "passed": false,
      "steps_used": 1,
      "trace": [
        {
          "step": 0,
          "patch": "def fizz_buzz(n):\n    ns = []\n    for i in range(n):\n        if i % 11 == 0 and i % 13 == 0:\n            ns.append(i)\n    s = ''.join(list(map(str, ns)))\n    ans = 0\n    for c in s:\n        ans += (c == '7')\n    return ans",
          "passed": false,
          "stdout": "",
          "stderr": "Traceback (most recent call last):\n  File \"/tmp/agentfix_8rc4edxg/test_candidate.py\", line 19, in <module>\n    check(fizz_buzz)\n  File \"/tmp/agentfix_8rc4edxg/test_candidate.py\", line 11, in check\n    assert fizz_buzz(78) == 2\n           ^^^^^^^^^^^^^^^^^^\nAssertionError\n",
          "failures": "Traceback (most recent call last):\n  File \"/tmp/agentfix_8rc4edxg/test_candidate.py\", line 19, in <module>\n    check(fizz_buzz)\n  File \"/tmp/agentfix_8rc4edxg/test_candidate.py\", line 11, in check\n    assert fizz_buzz(78) == 2\n           ^^^^^^^^^^^^^^^^^^\nAssertionError",
          "duration_s": 0.093
        }
      ],
      "wall_time_s": 2.88
    },
    {
      "task_id": "Python/37",
      "passed": false,
      "steps_used": 1,
      "trace": [
        {
          "step": 0,
          "patch": "def sort_even(l):\n    evens = l[::2]\n    odds = l[1::2]\n    odds.sort()\n    ans = []\n    for e, o in zip(evens, odds):\n        ans.extend([e, o])\n    if len(evens) > len(odds):\n        ans.append(evens[-1])\n    return ans",
          "passed": false,
          "stdout": "",
          "stderr": "Traceback (most recent call last):\n  File \"/tmp/agentfix_i0m9g2r2/test_candidate.py\", line 14, in <module>\n    check(sort_even)\n  File \"/tmp/agentfix_i0m9g2r2/test_candidate.py\", line 11, in check\n    assert tuple(sort_even([5, 3, -5, 2, -3, 3, 9, 0, 123, 1, -10])) == tuple([-10, 3, -5, 2, -3, 3, 5, 0, 9, 1, 123])\n           ^^^^^^^^^^^^^^^^^^^^^^^^^^^^^^^^^^^^^^^^^^^^^^^^^^^^^^^^^^^^^^^^^^^^^^^^^^^^^^^^^^^^^^^^^^^^^^^^^^^^^^^^^^^\nAssertionError\n",
          "failures": "Traceback (most recent call last):\n  File \"/tmp/agentfix_i0m9g2r2/test_candidate.py\", line 14, in <module>\n    check(sort_even)\n  File \"/tmp/agentfix_i0m9g2r2/test_candidate.py\", line 11, in check\n    assert tuple(sort_even([5, 3, -5, 2, -3, 3, 9, 0, 123, 1, -10])) == tuple([-10, 3, -5, 2, -3, 3, 5, 0, 9, 1, 123])\n           ^^^^^^^^^^^^^^^^^^^^^^^^^^^^^^^^^^^^^^^^^^^^^^^^^^^^^^^^^^^^^^^^^^^^^^^^^^^^^^^^^^^^^^^^^^^^^^^^^^^^^^^^^^^\nAssertionError",
          "duration_s": 0.094
        }
      ],
      "wall_time_s": 2.711
    },
    {
      "task_id": "Python/38",
      "passed": false,
      "steps_used": 1,
      "trace": [
        {
          "step": 0,
          "patch": "def decode_cyclic(s):\n    return s[::-1]",
          "passed": false,
          "stdout": "",
          "stderr": "Traceback (most recent call last):\n  File \"/tmp/agentfix_jjftl8i7/test_candidate.py\", line 19, in <module>\n    check(decode_cyclic)\n  File \"/tmp/agentfix_jjftl8i7/test_candidate.py\", line 16, in check\n    encoded_str = encode_cyclic(str)\n                  ^^^^^^^^^^^^^\nNameError: name 'encode_cyclic' is not defined. Did you mean: 'decode_cyclic'?\n",
          "failures": "Traceback (most recent call last):\n  File \"/tmp/agentfix_jjftl8i7/test_candidate.py\", line 19, in <module>\n    check(decode_cyclic)\n  File \"/tmp/agentfix_jjftl8i7/test_candidate.py\", line 16, in check\n    encoded_str = encode_cyclic(str)\n                  ^^^^^^^^^^^^^\nNameError: name 'encode_cyclic' is not defined. Did you mean: 'decode_cyclic'?",
          "duration_s": 0.095
        }
      ],
      "wall_time_s": 0.716
    },
    {
      "task_id": "Python/39",
      "passed": false,
      "steps_used": 1,
      "trace": [
        {
          "step": 0,
          "patch": "def prime_fib(n):\n    f = [0, 1]\n    while True:\n        f.append(f[-1] + f[-2])\n        if is_prime(f[-1]):\n            n -= 1\n        if n == 0:\n            return f[-1]",
          "passed": false,
          "stdout": "",
          "stderr": "Traceback (most recent call last):\n  File \"/tmp/agentfix_zq19lxpq/test_candidate.py\", line 21, in <module>\n    check(prime_fib)\n  File \"/tmp/agentfix_zq19lxpq/test_candidate.py\", line 10, in check\n    assert prime_fib(1) == 2\n           ^^^^^^^^^^^^\n  File \"/tmp/agentfix_zq19lxpq/candidate.py\", line 5, in prime_fib\n    if is_prime(f[-1]):\n       ^^^^^^^^\nNameError: name 'is_prime' is not defined\n",
          "failures": "Traceback (most recent call last):\n  File \"/tmp/agentfix_zq19lxpq/test_candidate.py\", line 21, in <module>\n    check(prime_fib)\n  File \"/tmp/agentfix_zq19lxpq/test_candidate.py\", line 10, in check\n    assert prime_fib(1) == 2\n           ^^^^^^^^^^^^\n  File \"/tmp/agentfix_zq19lxpq/candidate.py\", line 5, in prime_fib\n    if is_prime(f[-1]):\n       ^^^^^^^^\nNameError: name 'is_prime' is not defined",
          "duration_s": 0.096
        }
      ],
      "wall_time_s": 2.247
    },
    {
      "task_id": "Python/40",
      "passed": true,
      "steps_used": 1,
      "trace": [
        {
          "step": 0,
          "patch": "def triples_sum_to_zero(l):\n    for i in range(len(l)):\n        for j in range(i + 1, len(l)):\n            for k in range(j + 1, len(l)):\n                if l[i] + l[j] + l[k] == 0:\n                    return True\n    return False",
          "passed": true,
          "stdout": "",
          "stderr": "",
          "failures": "",
          "duration_s": 0.108
        }
      ],
      "wall_time_s": 2.481
    },
    {
      "task_id": "Python/41",
      "passed": true,
      "steps_used": 1,
      "trace": [
        {
          "step": 0,
          "patch": "def car_race_collision(n):\n    return n**2",
          "passed": true,
          "stdout": "",
          "stderr": "",
          "failures": "",
          "duration_s": 0.094
        }
      ],
      "wall_time_s": 0.739
    },
    {
      "task_id": "Python/42",
      "passed": false,
      "steps_used": 1,
      "trace": [
        {
          "step": 0,
          "patch": "def incr_list(l):\n    return [e + 2 for e in l]",
          "passed": false,
          "stdout": "",
          "stderr": "Traceback (most recent call last):\n  File \"/tmp/agentfix_3j9fy6et/test_candidate.py\", line 14, in <module>\n    check(incr_list)\n  File \"/tmp/agentfix_3j9fy6et/test_candidate.py\", line 11, in check\n    assert incr_list([3, 2, 1]) == [4, 3, 2]\n           ^^^^^^^^^^^^^^^^^^^^^^^^^^^^^^^^^\nAssertionError\n",
          "failures": "Traceback (most recent call last):\n  File \"/tmp/agentfix_3j9fy6et/test_candidate.py\", line 14, in <module>\n    check(incr_list)\n  File \"/tmp/agentfix_3j9fy6et/test_candidate.py\", line 11, in check\n    assert incr_list([3, 2, 1]) == [4, 3, 2]\n           ^^^^^^^^^^^^^^^^^^^^^^^^^^^^^^^^^\nAssertionError",
          "duration_s": 0.094
        }
      ],
      "wall_time_s": 0.878
    },
    {
      "task_id": "Python/43",
      "passed": true,
      "steps_used": 1,
      "trace": [
        {
          "step": 0,
          "patch": "def pairs_sum_to_zero(l):\n    for i, l1 in enumerate(l):\n        for j in range(i + 1, len(l)):\n            if l1 + l[j] == 0:\n                return True\n    return False",
          "passed": true,
          "stdout": "",
          "stderr": "",
          "failures": "",
          "duration_s": 0.097
        }
      ],
      "wall_time_s": 1.948
    },
    {
      "task_id": "Python/44",
      "passed": true,
      "steps_used": 1,
      "trace": [
        {
          "step": 0,
          "patch": "def change_base(x, base):\n    ret = \"\"\n    while x > 0:\n        ret = str(x % base) + ret\n        x //= base\n    return ret",
          "passed": true,
          "stdout": "",
          "stderr": "",
          "failures": "",
          "duration_s": 0.095
        }
      ],
      "wall_time_s": 1.559
    },
    {
      "task_id": "Python/45",
      "passed": true,
      "steps_used": 1,
      "trace": [
        {
          "step": 0,
          "patch": "def triangle_area(a, h):\n    return a * h / 2",
          "passed": true,
          "stdout": "",
          "stderr": "",
          "failures": "",
          "duration_s": 0.095
        }
      ],
      "wall_time_s": 0.839
    },
    {
      "task_id": "Python/46",
      "passed": false,
      "steps_used": 1,
      "trace": [
        {
          "step": 0,
          "patch": "def fib4(n):\n    if n < 4:\n        return [0, 0, 2, 0][n]\n    results = [0, 0, 2, 0]\n    for _ in range(4, n + 1):\n        results.append(results[-1] + results[-2] + results[-3] + results[-4])\n        results.pop(0)\n    return results[-2]",
          "passed": false,
          "stdout": "",
          "stderr": "Traceback (most recent call last):\n  File \"/tmp/agentfix__ptnrwr9/test_candidate.py\", line 15, in <module>\n    check(fib4)\n  File \"/tmp/agentfix__ptnrwr9/test_candidate.py\", line 10, in check\n    assert fib4(5) == 4\n           ^^^^^^^^^^^^\nAssertionError\n",
          "failures": "Traceback (most recent call last):\n  File \"/tmp/agentfix__ptnrwr9/test_candidate.py\", line 15, in <module>\n    check(fib4)\n  File \"/tmp/agentfix__ptnrwr9/test_candidate.py\", line 10, in check\n    assert fib4(5) == 4\n           ^^^^^^^^^^^^\nAssertionError",
          "duration_s": 0.101
        }
      ],
      "wall_time_s": 3.245
    },
    {
      "task_id": "Python/47",
      "passed": true,
      "steps_used": 1,
      "trace": [
        {
          "step": 0,
          "patch": "def median(l):\n    l = sorted(l)\n    if len(l) % 2 == 1:\n        return l[len(l) // 2]\n    else:\n        return (l[len(l) // 2 - 1] + l[len(l) // 2]) / 2.0",
          "passed": true,
          "stdout": "",
          "stderr": "",
          "failures": "",
          "duration_s": 0.095
        }
      ],
      "wall_time_s": 2.446
    },
    {
      "task_id": "Python/48",
      "passed": true,
      "steps_used": 1,
      "trace": [
        {
          "step": 0,
          "patch": "def is_palindrome(text):\n    for i in range(len(text) // 2):\n        if text[i] != text[-(i + 1)]:\n            return False\n    return True",
          "passed": true,
          "stdout": "",
          "stderr": "",
          "failures": "",
          "duration_s": 0.096
        }
      ],
      "wall_time_s": 1.678
    },
    {
      "task_id": "Python/49",
      "passed": false,
      "steps_used": 1,
      "trace": [
        {
          "step": 0,
          "patch": "def modp(n, p):\n    ret = 0\n    for i in range(n):\n        ret = (2 * ret + 1) % p\n    return ret",
          "passed": false,
          "stdout": "",
          "stderr": "Traceback (most recent call last):\n  File \"/tmp/agentfix_f2tjbmub/test_candidate.py\", line 18, in <module>\n    check(modp)\n  File \"/tmp/agentfix_f2tjbmub/test_candidate.py\", line 10, in check\n    assert modp(3, 5) == 3\n           ^^^^^^^^^^^^^^^\nAssertionError\n",
          "failures": "Traceback (most recent call last):\n  File \"/tmp/agentfix_f2tjbmub/test_candidate.py\", line 18, in <module>\n    check(modp)\n  File \"/tmp/agentfix_f2tjbmub/test_candidate.py\", line 10, in check\n    assert modp(3, 5) == 3\n           ^^^^^^^^^^^^^^^\nAssertionError",
          "duration_s": 0.094
        }
      ],
      "wall_time_s": 1.554
    },
    {
      "task_id": "Python/50",
      "passed": false,
      "steps_used": 1,
      "trace": [
        {
          "step": 0,
          "patch": "def decode_shift(s):\n    return \"\".join([chr(((ord(ch) - 5 - ord(\"a\")) % 26) + ord(ch)) for ch in s])",
          "passed": false,
          "stdout": "",
          "stderr": "Traceback (most recent call last):\n  File \"/tmp/agentfix_fzpgrob9/test_candidate.py\", line 20, in <module>\n    check(decode_shift)\n  File \"/tmp/agentfix_fzpgrob9/test_candidate.py\", line 17, in check\n    encoded_str = encode_shift(str)\n                  ^^^^^^^^^^^^\nNameError: name 'encode_shift' is not defined. Did you mean: 'decode_shift'?\n",
          "failures": "Traceback (most recent call last):\n  File \"/tmp/agentfix_fzpgrob9/test_candidate.py\", line 20, in <module>\n    check(decode_shift)\n  File \"/tmp/agentfix_fzpgrob9/test_candidate.py\", line 17, in check\n    encoded_str = encode_shift(str)\n                  ^^^^^^^^^^^^\nNameError: name 'encode_shift' is not defined. Did you mean: 'decode_shift'?",
          "duration_s": 0.096
        }
      ],
      "wall_time_s": 1.541
    },
    {
      "task_id": "Python/51",
      "passed": false,
      "steps_used": 1,
      "trace": [
        {
          "step": 0,
          "patch": "def remove_vowels(text):\n    return \"\".join([s for s in text if s.lower() not in [\"a\", \"e\", \"i\", \"o\", \"u\", \"w\", \"y\"]])",
          "passed": false,
          "stdout": "",
          "stderr": "Traceback (most recent call last):\n  File \"/tmp/agentfix_p6v2czre/test_candidate.py\", line 18, in <module>\n    check(remove_vowels)\n  File \"/tmp/agentfix_p6v2czre/test_candidate.py\", line 16, in check\n    assert remove_vowels('ybcd') == 'ybcd'\n           ^^^^^^^^^^^^^^^^^^^^^^^^^^^^^^^\nAssertionError\n",
          "failures": "Traceback (most recent call last):\n  File \"/tmp/agentfix_p6v2czre/test_candidate.py\", line 18, in <module>\n    check(remove_vowels)\n  File \"/tmp/agentfix_p6v2czre/test_candidate.py\", line 16, in check\n    assert remove_vowels('ybcd') == 'ybcd'\n           ^^^^^^^^^^^^^^^^^^^^^^^^^^^^^^^\nAssertionError",
          "duration_s": 0.094
        }
      ],
      "wall_time_s": 1.792
    },
    {
      "task_id": "Python/52",
      "passed": false,
      "steps_used": 1,
      "trace": [
        {
          "step": 0,
          "patch": "def below_threshold(l, t):\n    for e in l:\n        if e < t:\n            return True\n    return False",
          "passed": false,
          "stdout": "",
          "stderr": "Traceback (most recent call last):\n  File \"/tmp/agentfix_3ssbwy44/test_candidate.py\", line 17, in <module>\n    check(below_threshold)\n  File \"/tmp/agentfix_3ssbwy44/test_candidate.py\", line 11, in check\n    assert not below_threshold([1, 20, 4, 10], 5)\n           ^^^^^^^^^^^^^^^^^^^^^^^^^^^^^^^^^^^^^^\nAssertionError\n",
          "failures": "Traceback (most recent call last):\n  File \"/tmp/agentfix_3ssbwy44/test_candidate.py\", line 17, in <module>\n    check(below_threshold)\n  File \"/tmp/agentfix_3ssbwy44/test_candidate.py\", line 11, in check\n    assert not below_threshold([1, 20, 4, 10], 5)\n           ^^^^^^^^^^^^^^^^^^^^^^^^^^^^^^^^^^^^^^\nAssertionError",
          "duration_s": 0.097
        }
      ],
      "wall_time_s": 1.206
    },
    {
      "task_id": "Python/53",
      "passed": false,
      "steps_used": 1,
      "trace": [
        {
          "step": 0,
          "patch": "def add(x, y):\n    return x + y + y + x",
          "passed": false,
          "stdout": "",
          "stderr": "Traceback (most recent call last):\n  File \"/tmp/agentfix_mqmge3w2/test_candidate.py\", line 22, in <module>\n    check(add)\n  File \"/tmp/agentfix_mqmge3w2/test_candidate.py\", line 12, in check\n    assert add(0, 1) == 1\n           ^^^^^^^^^^^^^^\nAssertionError\n",
          "failures": "Traceback (most recent call last):\n  File \"/tmp/agentfix_mqmge3w2/test_candidate.py\", line 22, in <module>\n    check(add)\n  File \"/tmp/agentfix_mqmge3w2/test_candidate.py\", line 12, in check\n    assert add(0, 1) == 1\n           ^^^^^^^^^^^^^^\nAssertionError",
          "duration_s": 0.095
        }
      ],
      "wall_time_s": 0.87
    },
    {
      "task_id": "Python/54",
      "passed": false,
      "steps_used": 1,
      "trace": [
        {
          "step": 0,
          "patch": "def same_chars(s0, s1):\n    return len(s0) == len(s1)",
          "passed": false,
          "stdout": "",
          "stderr": "Traceback (most recent call last):\n  File \"/tmp/agentfix_h3d_nu0g/test_candidate.py\", line 18, in <module>\n    check(same_chars)\n  File \"/tmp/agentfix_h3d_nu0g/test_candidate.py\", line 10, in check\n    assert same_chars('eabcdzzzz', 'dddzzzzzzzddeddabc') == True\n           ^^^^^^^^^^^^^^^^^^^^^^^^^^^^^^^^^^^^^^^^^^^^^^^^^^^^^\nAssertionError\n",
          "failures": "Traceback (most recent call last):\n  File \"/tmp/agentfix_h3d_nu0g/test_candidate.py\", line 18, in <module>\n    check(same_chars)\n  File \"/tmp/agentfix_h3d_nu0g/test_candidate.py\", line 10, in check\n    assert same_chars('eabcdzzzz', 'dddzzzzzzzddeddabc') == True\n           ^^^^^^^^^^^^^^^^^^^^^^^^^^^^^^^^^^^^^^^^^^^^^^^^^^^^^\nAssertionError",
          "duration_s": 0.094
        }
      ],
      "wall_time_s": 0.969
    },
    {
      "task_id": "Python/55",
      "passed": false,
      "steps_used": 1,
      "trace": [
        {
          "step": 0,
          "patch": "def fib(n):\n    if n == 0:\n        return 0\n    if n == 1:\n        return 1\n    if n == 2:\n        return 2\n    return fib(n - 1) + fib(n - 2)",
          "passed": false,
          "stdout": "",
          "stderr": "Traceback (most recent call last):\n  File \"/tmp/agentfix_br3xpdsl/test_candidate.py\", line 16, in <module>\n    check(fib)\n  File \"/tmp/agentfix_br3xpdsl/test_candidate.py\", line 10, in check\n    assert fib(10) == 55\n           ^^^^^^^^^^^^^\nAssertionError\n",
          "failures": "Traceback (most recent call last):\n  File \"/tmp/agentfix_br3xpdsl/test_candidate.py\", line 16, in <module>\n    check(fib)\n  File \"/tmp/agentfix_br3xpdsl/test_candidate.py\", line 10, in check\n    assert fib(10) == 55\n           ^^^^^^^^^^^^^\nAssertionError",
          "duration_s": 0.096
        }
      ],
      "wall_time_s": 2.118
    },
    {
      "task_id": "Python/56",
      "passed": false,
      "steps_used": 1,
      "trace": [
        {
          "step": 0,
          "patch": "def correct_bracketing(brackets):\n    depth = 0\n    for b in brackets:\n        if b == \">\":\n            depth += 1\n        else:\n            depth -= 1\n        if depth < 0:\n            return False\n    return depth == 0",
          "passed": false,
          "stdout": "",
          "stderr": "Traceback (most recent call last):\n  File \"/tmp/agentfix_l6sugblo/test_candidate.py\", line 23, in <module>\n    check(correct_bracketing)\n  File \"/tmp/agentfix_l6sugblo/test_candidate.py\", line 10, in check\n    assert correct_bracketing(\"<>\")\n           ^^^^^^^^^^^^^^^^^^^^^^^^\nAssertionError\n",
          "failures": "Traceback (most recent call last):\n  File \"/tmp/agentfix_l6sugblo/test_candidate.py\", line 23, in <module>\n    check(correct_bracketing)\n  File \"/tmp/agentfix_l6sugblo/test_candidate.py\", line 10, in check\n    assert correct_bracketing(\"<>\")\n           ^^^^^^^^^^^^^^^^^^^^^^^^\nAssertionError",
          "duration_s": 0.094
        }
      ],
      "wall_time_s": 2.252
    },
    {
      "task_id": "Python/57",
      "passed": true,
      "steps_used": 1,
      "trace": [
        {
          "step": 0,
          "patch": "def monotonic(l):\n    return l == sorted(l) or l == sorted(l, reverse=True)",
          "passed": true,
          "stdout": "",
          "stderr": "",
          "failures": "",
          "duration_s": 0.095
        }
      ],
      "wall_time_s": 1.015
    },
    {
      "task_id": "Python/58",
      "passed": true,
      "steps_used": 1,
      "trace": [
        {
          "step": 0,
          "patch": "def common(l1, l2):\n    ret = set()\n    for e1 in l1:\n        if e1 in l2:\n            ret.add(e1)\n    return sorted(list(ret))",
          "passed": true,
          "stdout": "",
          "stderr": "",
          "failures": "",
          "duration_s": 0.095
        }
      ],
      "wall_time_s": 1.646
    },
    {
      "task_id": "Python/59",
      "passed": true,
      "steps_used": 1,
      "trace": [
        {
          "step": 0,
          "patch": "def largest_prime_factor(n):\n    largest = 1\n    for j in range(2, int(n**0.5) + 1):\n        while n % j == 0:\n            largest = j\n            n //= j\n    if n > 1:\n        largest = n\n    return largest",
          "passed": true,
          "stdout": "",
          "stderr": "",
          "failures": "",
          "duration_s": 0.094
        }
      ],
      "wall_time_s": 2.528
    },
    {
      "task_id": "Python/60",
      "passed": true,
      "steps_used": 1,
      "trace": [
        {
          "step": 0,
          "patch": "def sum_to_n(n):\n    return sum(range(1, n + 1))",
          "passed": true,
          "stdout": "",
          "stderr": "",
          "failures": "",
          "duration_s": 0.094
        }
      ],
      "wall_time_s": 0.901
    },
    {
      "task_id": "Python/61",
      "passed": true,
      "steps_used": 1,
      "trace": [
        {
          "step": 0,
          "patch": "def correct_bracketing(brackets):\n    depth = 0\n    for b in brackets:\n        if b == \"(\":\n            depth += 1\n        else:\n            depth -= 1\n        if depth < 0:\n            return False\n    return depth == 0",
          "passed": true,
          "stdout": "",
          "stderr": "",
          "failures": "",
          "duration_s": 0.096
        }
      ],
      "wall_time_s": 2.228
    },
    {
      "task_id": "Python/62",
      "passed": true,
      "steps_used": 1,
      "trace": [
        {
          "step": 0,
          "patch": "def derivative(xs):\n    return [i * x for i, x in enumerate(xs)][1:]",
          "passed": true,
          "stdout": "",
          "stderr": "",
          "failures": "",
          "duration_s": 0.095
        }
      ],
      "wall_time_s": 0.983
    },
    {
      "task_id": "Python/63",
      "passed": false,
      "steps_used": 1,
      "trace": [
        {
          "step": 0,
          "patch": "def fibfib(n):\n    if n == 0:\n        return 0\n    if n == 1:\n        return 1\n    if n == 2:\n        return 2\n    return fibfib(n - 1) + fibfib(n - 2)",
          "passed": false,
          "stdout": "",
          "stderr": "Traceback (most recent call last):\n  File \"/tmp/agentfix_ivy1imcw/test_candidate.py\", line 18, in <module>\n    check(fibfib)\n  File \"/tmp/agentfix_ivy1imcw/test_candidate.py\", line 10, in check\n    assert fibfib(2) == 1\n           ^^^^^^^^^^^^^^\nAssertionError\n",
          "failures": "Traceback (most recent call last):\n  File \"/tmp/agentfix_ivy1imcw/test_candidate.py\", line 18, in <module>\n    check(fibfib)\n  File \"/tmp/agentfix_ivy1imcw/test_candidate.py\", line 10, in check\n    assert fibfib(2) == 1\n           ^^^^^^^^^^^^^^\nAssertionError",
          "duration_s": 0.093
        }
      ],
      "wall_time_s": 2.209
    },
    {
      "task_id": "Python/64",
      "passed": false,
      "steps_used": 1,
      "trace": [
        {
          "step": 0,
          "patch": "def vowels_count(s):\n    vowels = \"aeiouyAEIOUY\"\n    return sum(c in vowels for c in s)",
          "passed": false,
          "stdout": "",
          "stderr": "Traceback (most recent call last):\n  File \"/tmp/agentfix_9p20g4hh/test_candidate.py\", line 18, in <module>\n    check(vowels_count)\n  File \"/tmp/agentfix_9p20g4hh/test_candidate.py\", line 10, in check\n    assert vowels_count(\"bye\") == 1, \"Test 4\"\n           ^^^^^^^^^^^^^^^^^^^^^^^^\nAssertionError: Test 4\n",
          "failures": "Traceback (most recent call last):\n  File \"/tmp/agentfix_9p20g4hh/test_candidate.py\", line 18, in <module>\n    check(vowels_count)\n  File \"/tmp/agentfix_9p20g4hh/test_candidate.py\", line 10, in check\n    assert vowels_count(\"bye\") == 1, \"Test 4\"\n           ^^^^^^^^^^^^^^^^^^^^^^^^\nAssertionError: Test 4",
          "duration_s": 0.096
        }
      ],
      "wall_time_s": 1.213
    },
    {
      "task_id": "Python/65",
      "passed": true,
      "steps_used": 1,
      "trace": [
        {
          "step": 0,
          "patch": "def circular_shift(x, shift):\n    s = str(x)\n    if shift > len(s):\n        return s[::-1]\n    else:\n        return s[-shift:] + s[:-shift]",
          "passed": true,
          "stdout": "",
          "stderr": "",
          "failures": "",
          "duration_s": 0.094
        }
      ],
      "wall_time_s": 1.609
    },
    {
      "task_id": "Python/66",
      "passed": false,
      "steps_used": 1,
      "trace": [
        {
          "step": 0,
          "patch": "def digitSum(s):\n    if s == \"\":\n        return 0\n    return sum(ord(char) if char.islower() else 0 for char in s)",
          "passed": false,
          "stdout": "",
          "stderr": "Traceback (most recent call last):\n  File \"/tmp/agentfix_03nwc1p3/test_candidate.py\", line 20, in <module>\n    check(digitSum)\n  File \"/tmp/agentfix_03nwc1p3/test_candidate.py\", line 9, in check\n    assert digitSum(\"abAB\") == 131, \"Error\"\n           ^^^^^^^^^^^^^^^^^^^^^^^\nAssertionError: Error\n",
          "failures": "Traceback (most recent call last):\n  File \"/tmp/agentfix_03nwc1p3/test_candidate.py\", line 20, in <module>\n    check(digitSum)\n  File \"/tmp/agentfix_03nwc1p3/test_candidate.py\", line 9, in check\n    assert digitSum(\"abAB\") == 131, \"Error\"\n           ^^^^^^^^^^^^^^^^^^^^^^^\nAssertionError: Error",
          "duration_s": 0.096
        }
      ],
      "wall_time_s": 1.455
    },
    {
      "task_id": "Python/67",
      "passed": false,
      "steps_used": 1,
      "trace": [
        {
          "step": 0,
          "patch": "def fruit_distribution(n, s):\n    lis = [int(i) for i in s.split(' ') if i.isdigit()]\n    return n - sum(lis) - 1",
          "passed": false,
          "stdout": "",
          "stderr": "Traceback (most recent call last):\n  File \"/tmp/agentfix_y8eowzaz/test_candidate.py\", line 15, in <module>\n    check(fruit_distribution)\n  File \"/tmp/agentfix_y8eowzaz/test_candidate.py\", line 7, in check\n    assert fruit_distribution(\"5 apples and 6 oranges\",19) == 8\n           ^^^^^^^^^^^^^^^^^^^^^^^^^^^^^^^^^^^^^^^^^^^^^^^\n  File \"/tmp/agentfix_y8eowzaz/candidate.py\", line 2, in fruit_distribution\n    lis = [int(i) for i in s.split(' ') if i.isdigit()]\n                           ^^^^^^^\nAttributeError: 'int' object has no attribute 'split'\n",
          "failures": "Traceback (most recent call last):\n  File \"/tmp/agentfix_y8eowzaz/test_candidate.py\", line 15, in <module>\n    check(fruit_distribution)\n  File \"/tmp/agentfix_y8eowzaz/test_candidate.py\", line 7, in check\n    assert fruit_distribution(\"5 apples and 6 oranges\",19) == 8\n           ^^^^^^^^^^^^^^^^^^^^^^^^^^^^^^^^^^^^^^^^^^^^^^^\n  File \"/tmp/agentfix_y8eowzaz/candidate.py\", line 2, in fruit_distribution\n    lis = [int(i) for i in s.split(' ') if i.isdigit()]\n                           ^^^^^^^\nAttributeError: 'int' object has no attribute 'split'",
          "duration_s": 0.094
        }
      ],
      "wall_time_s": 1.527
    },
    {
      "task_id": "Python/68",
      "passed": false,
      "steps_used": 1,
      "trace": [
        {
          "step": 0,
          "patch": "def pluck(arr):\n    if len(arr) == 0: return []\n    evens = list(filter(lambda x: x % 2 == 0, arr))\n    if not evens: return []\n    return [arr.index(min(evens)), min(evens)]",
          "passed": false,
          "stdout": "",
          "stderr": "Traceback (most recent call last):\n  File \"/tmp/agentfix_162gsgr1/test_candidate.py\", line 20, in <module>\n    check(pluck)\n  File \"/tmp/agentfix_162gsgr1/test_candidate.py\", line 8, in check\n    assert pluck([4,2,3]) == [2, 1], \"Error\"\n           ^^^^^^^^^^^^^^^^^^^^^^^^\nAssertionError: Error\n",
          "failures": "Traceback (most recent call last):\n  File \"/tmp/agentfix_162gsgr1/test_candidate.py\", line 20, in <module>\n    check(pluck)\n  File \"/tmp/agentfix_162gsgr1/test_candidate.py\", line 8, in check\n    assert pluck([4,2,3]) == [2, 1], \"Error\"\n           ^^^^^^^^^^^^^^^^^^^^^^^^\nAssertionError: Error",
          "duration_s": 0.095
        }
      ],
      "wall_time_s": 2.15
    },
    {
      "task_id": "Python/69",
      "passed": false,
      "steps_used": 1,
      "trace": [
        {
          "step": 0,
          "patch": "def search(lst):\n    frq = [0] * (max(lst) + 1)\n    for i in lst:\n        frq[i] += 1\n\n    ans = 0\n    for i in range(1, len(frq)):\n        if frq[i] >= i:\n            ans = i\n    \n    return ans",
          "passed": false,
          "stdout": "",
          "stderr": "Traceback (most recent call last):\n  File \"/tmp/agentfix_991bjq_k/test_candidate.py\", line 35, in <module>\n    check(search)\n  File \"/tmp/agentfix_991bjq_k/test_candidate.py\", line 9, in check\n    assert search([3, 3]) == -1\n           ^^^^^^^^^^^^^^^^^^^^\nAssertionError\n",
          "failures": "Traceback (most recent call last):\n  File \"/tmp/agentfix_991bjq_k/test_candidate.py\", line 35, in <module>\n    check(search)\n  File \"/tmp/agentfix_991bjq_k/test_candidate.py\", line 9, in check\n    assert search([3, 3]) == -1\n           ^^^^^^^^^^^^^^^^^^^^\nAssertionError",
          "duration_s": 0.095
        }
      ],
      "wall_time_s": 2.64
    },
    {
      "task_id": "Python/70",
      "passed": true,
      "steps_used": 1,
      "trace": [
        {
          "step": 0,
          "patch": "def strange_sort_list(lst):\n    res, switch = [], False\n    while lst:\n        if switch:\n            res.append(max(lst))\n        else:\n            res.append(min(lst))\n        lst.remove(res[-1])\n        switch = not switch\n    return res",
          "passed": true,
          "stdout": "",
          "stderr": "",
          "failures": "",
          "duration_s": 0.094
        }
      ],
      "wall_time_s": 2.07
    },
    {
      "task_id": "Python/71",
      "passed": false,
      "steps_used": 1,
      "trace": [
        {
          "step": 0,
          "patch": "def triangle_area(a, b, c):\n    if a + b <= c or a + c <= b or b + c <= a:\n        return -1 \n    s = (a + b + c)    \n    area = (s * (s - a) * (s - b) * (s - c)) ** 0.5\n    area = round(area, 2)\n    return area",
          "passed": false,
          "stdout": "",
          "stderr": "Traceback (most recent call last):\n  File \"/tmp/agentfix_9ixj3j0z/test_candidate.py\", line 19, in <module>\n    check(triangle_area)\n  File \"/tmp/agentfix_9ixj3j0z/test_candidate.py\", line 7, in check\n    assert triangle_area(3, 4, 5) == 6.00, \"This prints if this assert fails 1 (good for debugging!)\"\n           ^^^^^^^^^^^^^^^^^^^^^^^^^^^^^^\nAssertionError: This prints if this assert fails 1 (good for debugging!)\n",
          "failures": "Traceback (most recent call last):\n  File \"/tmp/agentfix_9ixj3j0z/test_candidate.py\", line 19, in <module>\n    check(triangle_area)\n  File \"/tmp/agentfix_9ixj3j0z/test_candidate.py\", line 7, in check\n    assert triangle_area(3, 4, 5) == 6.00, \"This prints if this assert fails 1 (good for debugging!)\"\n           ^^^^^^^^^^^^^^^^^^^^^^^^^^^^^^\nAssertionError: This prints if this assert fails 1 (good for debugging!)",
          "duration_s": 0.093
        }
      ],
      "wall_time_s": 3.219
    },
    {
      "task_id": "Python/72",
      "passed": false,
      "steps_used": 1,
      "trace": [
        {
          "step": 0,
          "patch": "def will_it_fly(q, w):\n    if sum(q) > w:\n        return False\n\n    i, j = 0, len(q)-1\n    while i < j:\n        if q[i] == q[j]:\n            return False\n        i += 1\n        j -= 1\n    return True",
          "passed": false,
          "stdout": "",
          "stderr": "Traceback (most recent call last):\n  File \"/tmp/agentfix_2___ndnu/test_candidate.py\", line 17, in <module>\n    check(will_it_fly)\n  File \"/tmp/agentfix_2___ndnu/test_candidate.py\", line 7, in check\n    assert will_it_fly([3, 2, 3], 9) is True\n           ^^^^^^^^^^^^^^^^^^^^^^^^^^^^^^^^^\nAssertionError\n",
          "failures": "Traceback (most recent call last):\n  File \"/tmp/agentfix_2___ndnu/test_candidate.py\", line 17, in <module>\n    check(will_it_fly)\n  File \"/tmp/agentfix_2___ndnu/test_candidate.py\", line 7, in check\n    assert will_it_fly([3, 2, 3], 9) is True\n           ^^^^^^^^^^^^^^^^^^^^^^^^^^^^^^^^^\nAssertionError",
          "duration_s": 0.096
        }
      ],
      "wall_time_s": 2.605
    },
    {
      "task_id": "Python/73",
      "passed": false,
      "steps_used": 1,
      "trace": [
        {
          "step": 0,
          "patch": "def smallest_change(arr):\n    ans = 0\n    for i in range(len(arr) // 2):\n        if ans != arr[len(arr) - i - 1]:\n            ans += 1\n    return ans",
          "passed": false,
          "stdout": "",
          "stderr": "Traceback (most recent call last):\n  File \"/tmp/agentfix_cn98xi7i/test_candidate.py\", line 18, in <module>\n    check(smallest_change)\n  File \"/tmp/agentfix_cn98xi7i/test_candidate.py\", line 8, in check\n    assert smallest_change([1, 2, 3, 4, 3, 2, 2]) == 1\n           ^^^^^^^^^^^^^^^^^^^^^^^^^^^^^^^^^^^^^^^^^^^\nAssertionError\n",
          "failures": "Traceback (most recent call last):\n  File \"/tmp/agentfix_cn98xi7i/test_candidate.py\", line 18, in <module>\n    check(smallest_change)\n  File \"/tmp/agentfix_cn98xi7i/test_candidate.py\", line 8, in check\n    assert smallest_change([1, 2, 3, 4, 3, 2, 2]) == 1\n           ^^^^^^^^^^^^^^^^^^^^^^^^^^^^^^^^^^^^^^^^^^^\nAssertionError",
          "duration_s": 0.097
        }
      ],
      "wall_time_s": 1.893
    },
    {
      "task_id": "Python/74",
      "passed": false,
      "steps_used": 1,
      "trace": [
        {
          "step": 0,
          "patch": "def total_match(lst1, lst2):\n    l1 = sum(len(st) for st in lst1)\n    l2 = sum(len(st) for st in lst2)\n    if l1 <= l2:\n        return lst2\n    else:\n        return lst1",
          "passed": false,
          "stdout": "",
          "stderr": "Traceback (most recent call last):\n  File \"/tmp/agentfix_pmu2mtj3/test_candidate.py\", line 22, in <module>\n    check(total_match)\n  File \"/tmp/agentfix_pmu2mtj3/test_candidate.py\", line 9, in check\n    assert total_match(['hi', 'admin'], ['hi', 'hi']) == ['hi', 'hi']\n           ^^^^^^^^^^^^^^^^^^^^^^^^^^^^^^^^^^^^^^^^^^^^^^^^^^^^^^^^^^\nAssertionError\n",
          "failures": "Traceback (most recent call last):\n  File \"/tmp/agentfix_pmu2mtj3/test_candidate.py\", line 22, in <module>\n    check(total_match)\n  File \"/tmp/agentfix_pmu2mtj3/test_candidate.py\", line 9, in check\n    assert total_match(['hi', 'admin'], ['hi', 'hi']) == ['hi', 'hi']\n           ^^^^^^^^^^^^^^^^^^^^^^^^^^^^^^^^^^^^^^^^^^^^^^^^^^^^^^^^^^\nAssertionError",
          "duration_s": 0.094
        }
      ],
      "wall_time_s": 2.233
    },
    {
      "task_id": "Python/75",
      "passed": false,
      "steps_used": 1,
      "trace": [
        {
          "step": 0,
          "patch": "def is_multiply_prime(a):\n    for i in range(2, int(a**0.5) + 1):\n        if a % i == 0:\n            return False\n    return True",
          "passed": false,
          "stdout": "",
          "stderr": "Traceback (most recent call last):\n  File \"/tmp/agentfix_epn0nfi5/test_candidate.py\", line 17, in <module>\n    check(is_multiply_prime)\n  File \"/tmp/agentfix_epn0nfi5/test_candidate.py\", line 6, in check\n    assert is_multiply_prime(5) == False\n           ^^^^^^^^^^^^^^^^^^^^^^^^^^^^^\nAssertionError\n",
          "failures": "Traceback (most recent call last):\n  File \"/tmp/agentfix_epn0nfi5/test_candidate.py\", line 17, in <module>\n    check(is_multiply_prime)\n  File \"/tmp/agentfix_epn0nfi5/test_candidate.py\", line 6, in check\n    assert is_multiply_prime(5) == False\n           ^^^^^^^^^^^^^^^^^^^^^^^^^^^^^\nAssertionError",
          "duration_s": 0.096
        }
      ],
      "wall_time_s": 1.764
    },
    {
      "task_id": "Python/76",
      "passed": false,
      "steps_used": 1,
      "trace": [
        {
          "step": 0,
          "patch": "def is_simple_power(n, x):\n    if n == 1:\n        return x == 1\n    power = 1\n    while power < n:\n        power *= n\n    return power == x",
          "passed": false,
          "stdout": "",
          "stderr": "Traceback (most recent call last):\n  File \"/tmp/agentfix_cn8dpg37/test_candidate.py\", line 27, in <module>\n    check(is_simple_power)\n  File \"/tmp/agentfix_cn8dpg37/test_candidate.py\", line 7, in check\n    assert is_simple_power(1, 4)== True, \"This prints if this assert fails 1 (good for debugging!)\"\n           ^^^^^^^^^^^^^^^^^^^^^^^^^^^^\nAssertionError: This prints if this assert fails 1 (good for debugging!)\n",
          "failures": "Traceback (most recent call last):\n  File \"/tmp/agentfix_cn8dpg37/test_candidate.py\", line 27, in <module>\n    check(is_simple_power)\n  File \"/tmp/agentfix_cn8dpg37/test_candidate.py\", line 7, in check\n    assert is_simple_power(1, 4)== True, \"This prints if this assert fails 1 (good for debugging!)\"\n           ^^^^^^^^^^^^^^^^^^^^^^^^^^^^\nAssertionError: This prints if this assert fails 1 (good for debugging!)",
          "duration_s": 0.094
        }
      ],
      "wall_time_s": 1.8
    },
    {
      "task_id": "Python/77",
      "passed": false,
      "steps_used": 1,
      "trace": [
        {
          "step": 0,
          "patch": "def iscube(a):\n    a = abs(a)\n    return round(a ** (1. / 3)) == a",
          "passed": false,
          "stdout": "",
          "stderr": "Traceback (most recent call last):\n  File \"/tmp/agentfix_eg_2942a/test_candidate.py\", line 19, in <module>\n    check(iscube)\n  File \"/tmp/agentfix_eg_2942a/test_candidate.py\", line 10, in check\n    assert iscube(64) == True, \"Fourth test error: \" + str(iscube(64))\n           ^^^^^^^^^^^^^^^^^^\nAssertionError: Fourth test error: False\n",
          "failures": "Traceback (most recent call last):\n  File \"/tmp/agentfix_eg_2942a/test_candidate.py\", line 19, in <module>\n    check(iscube)\n  File \"/tmp/agentfix_eg_2942a/test_candidate.py\", line 10, in check\n    assert iscube(64) == True, \"Fourth test error: \" + str(iscube(64))\n           ^^^^^^^^^^^^^^^^^^\nAssertionError: Fourth test error: False",
          "duration_s": 0.097
        }
      ],
      "wall_time_s": 1.181
    },
    {
      "task_id": "Python/78",
      "passed": true,
      "steps_used": 1,
      "trace": [
        {
          "step": 0,
          "patch": "def hex_key(num):\n    primes = ('2', '3', '5', '7', 'B', 'D')\n    total = 0\n    for i in range(0, len(num)):\n        if num[i] in primes:\n            total += 1\n    return total",
          "passed": true,
          "stdout": "",
          "stderr": "",
          "failures": "",
          "duration_s": 0.094
        }
      ],
      "wall_time_s": 2.314
    },
    {
      "task_id": "Python/79",
      "passed": false,
      "steps_used": 1,
      "trace": [
        {
          "step": 0,
          "patch": "def decimal_to_binary(decimal):\n    return \"db\" + bin(decimal)[2:] + \"d\"",
          "passed": false,
          "stdout": "",
          "stderr": "Traceback (most recent call last):\n  File \"/tmp/agentfix_lqhn_9kr/test_candidate.py\", line 15, in <module>\n    check(decimal_to_binary)\n  File \"/tmp/agentfix_lqhn_9kr/test_candidate.py\", line 7, in check\n    assert decimal_to_binary(0) == \"db0db\"\n           ^^^^^^^^^^^^^^^^^^^^^^^^^^^^^^^\nAssertionError\n",
          "failures": "Traceback (most recent call last):\n  File \"/tmp/agentfix_lqhn_9kr/test_candidate.py\", line 15, in <module>\n    check(decimal_to_binary)\n  File \"/tmp/agentfix_lqhn_9kr/test_candidate.py\", line 7, in check\n    assert decimal_to_binary(0) == \"db0db\"\n           ^^^^^^^^^^^^^^^^^^^^^^^^^^^^^^^\nAssertionError",
          "duration_s": 0.093
        }
      ],
      "wall_time_s": 1.025
    },
    {
      "task_id": "Python/80",
      "passed": false,
      "steps_used": 1,
      "trace": [
        {
          "step": 0,
          "patch": "def is_happy(s):\n    if len(s) < 3:\n        return False\n\n    for i in range(len(s) - 2):\n        if s[i] == s[i+1] and s[i+1] == s[i+2]:\n            return False\n    return True",
          "passed": false,
          "stdout": "",
          "stderr": "Traceback (most recent call last):\n  File \"/tmp/agentfix_438emupx/test_candidate.py\", line 16, in <module>\n    check(is_happy)\n  File \"/tmp/agentfix_438emupx/test_candidate.py\", line 10, in check\n    assert is_happy(\"aabb\") == False , \"aabb\"\n           ^^^^^^^^^^^^^^^^^^^^^^^^^\nAssertionError: aabb\n",
          "failures": "Traceback (most recent call last):\n  File \"/tmp/agentfix_438emupx/test_candidate.py\", line 16, in <module>\n    check(is_happy)\n  File \"/tmp/agentfix_438emupx/test_candidate.py\", line 10, in check\n    assert is_happy(\"aabb\") == False , \"aabb\"\n           ^^^^^^^^^^^^^^^^^^^^^^^^^\nAssertionError: aabb",
          "duration_s": 0.113
        }
      ],
      "wall_time_s": 2.368
    },
    {
      "task_id": "Python/81",
      "passed": false,
      "steps_used": 1,
      "trace": [
        {
          "step": 0,
          "patch": "def numerical_letter_grade(grades):\n    letter_grade = []\n    for gpa in grades:\n        if gpa == 4.0:\n            letter_grade.append(\"A+\")\n        elif gpa > 3.7:\n            letter_grade.append(\"A\")\n        elif gpa > 3.3:\n            letter_grade.append(\"A-\")\n        elif gpa > 3.0:\n            letter_grade.append(\"B+\")\n        elif gpa > 2.7:\n            letter_grade.append(\"B\")\n        elif gpa > 2.3:\n            letter_grade.append(\"B-\")\n        elif gpa > 2.0:\n            letter_grade.append(\"C+\")\n        elif gpa > 1.7:\n            letter_grade.append(\"C\")\n        elif gpa > 1.3:\n            letter_grade.append(\"C-\")\n        elif gpa > 1.0:\n            letter_grade.append(\"D+\")\n        elif gpa > 0.7:\n            letter_grade.append(\"D\")\n        elif gpa > 0.0:\n            letter_grade.append(\"D-\")\n        else:\n            letter_grade.append(\"E+\")\n    return letter_grade",
          "passed": false,
          "stdout": "",
          "stderr": "Traceback (most recent call last):\n  File \"/tmp/agentfix_0z1qlg73/test_candidate.py\", line 17, in <module>\n    check(numerical_letter_grade)\n  File \"/tmp/agentfix_0z1qlg73/test_candidate.py\", line 10, in check\n    assert numerical_letter_grade([0.0]) == ['E']\n           ^^^^^^^^^^^^^^^^^^^^^^^^^^^^^^^^^^^^^^\nAssertionError\n",
          "failures": "Traceback (most recent call last):\n  File \"/tmp/agentfix_0z1qlg73/test_candidate.py\", line 17, in <module>\n    check(numerical_letter_grade)\n  File \"/tmp/agentfix_0z1qlg73/test_candidate.py\", line 10, in check\n    assert numerical_letter_grade([0.0]) == ['E']\n           ^^^^^^^^^^^^^^^^^^^^^^^^^^^^^^^^^^^^^^\nAssertionError",
          "duration_s": 0.096
        }
      ],
      "wall_time_s": 8.468
    },
    {
      "task_id": "Python/82",
      "passed": false,
      "steps_used": 1,
      "trace": [
        {
          "step": 0,
          "patch": "def prime_length(string):\n    if len(string) <= 1:\n        return False\n    for i in range(2, int(string**0.5) + 1):\n        if string % i == 0:\n            return False\n    return True",
          "passed": false,
          "stdout": "",
          "stderr": "Traceback (most recent call last):\n  File \"/tmp/agentfix_9k3mdpb7/test_candidate.py\", line 26, in <module>\n    check(prime_length)\n  File \"/tmp/agentfix_9k3mdpb7/test_candidate.py\", line 7, in check\n    assert prime_length('Hello') == True\n           ^^^^^^^^^^^^^^^^^^^^^\n  File \"/tmp/agentfix_9k3mdpb7/candidate.py\", line 4, in prime_length\n    for i in range(2, int(string**0.5) + 1):\n                          ~~~~~~^^~~~\nTypeError: unsupported operand type(s) for ** or pow(): 'str' and 'float'\n",
          "failures": "Traceback (most recent call last):\n  File \"/tmp/agentfix_9k3mdpb7/test_candidate.py\", line 26, in <module>\n    check(prime_length)\n  File \"/tmp/agentfix_9k3mdpb7/test_candidate.py\", line 7, in check\n    assert prime_length('Hello') == True\n           ^^^^^^^^^^^^^^^^^^^^^\n  File \"/tmp/agentfix_9k3mdpb7/candidate.py\", line 4, in prime_length\n    for i in range(2, int(string**0.5) + 1):\n                          ~~~~~~^^~~~\nTypeError: unsupported operand type(s) for ** or pow(): 'str' and 'float'",
          "duration_s": 0.101
        }
      ],
      "wall_time_s": 2.138
    },
    {
      "task_id": "Python/83",
      "passed": false,
      "steps_used": 1,
      "trace": [
        {
          "step": 0,
          "patch": "def starts_one_ends(n):\n    if n == 1: return 1\n    return 18 * n * (10 ** (n - 1))",
          "passed": false,
          "stdout": "",
          "stderr": "Traceback (most recent call last):\n  File \"/tmp/agentfix_hoj4gc82/test_candidate.py\", line 17, in <module>\n    check(starts_one_ends)\n  File \"/tmp/agentfix_hoj4gc82/test_candidate.py\", line 9, in check\n    assert starts_one_ends(2) == 18\n           ^^^^^^^^^^^^^^^^^^^^^^^^\nAssertionError\n",
          "failures": "Traceback (most recent call last):\n  File \"/tmp/agentfix_hoj4gc82/test_candidate.py\", line 17, in <module>\n    check(starts_one_ends)\n  File \"/tmp/agentfix_hoj4gc82/test_candidate.py\", line 9, in check\n    assert starts_one_ends(2) == 18\n           ^^^^^^^^^^^^^^^^^^^^^^^^\nAssertionError",
          "duration_s": 0.094
        }
      ],
      "wall_time_s": 1.477
    },
    {
      "task_id": "Python/84",
      "passed": false,
      "steps_used": 1,
      "trace": [
        {
          "step": 0,
          "patch": "def solve(N):\n    return bin(int(str(N)[-1]))[2:]",
          "passed": false,
          "stdout": "",
          "stderr": "Traceback (most recent call last):\n  File \"/tmp/agentfix_j1p9m_kq/test_candidate.py\", line 17, in <module>\n    check(solve)\n  File \"/tmp/agentfix_j1p9m_kq/test_candidate.py\", line 8, in check\n    assert solve(1000) == \"1\", \"Error\"\n           ^^^^^^^^^^^^^^^^^^\nAssertionError: Error\n",
          "failures": "Traceback (most recent call last):\n  File \"/tmp/agentfix_j1p9m_kq/test_candidate.py\", line 17, in <module>\n    check(solve)\n  File \"/tmp/agentfix_j1p9m_kq/test_candidate.py\", line 8, in check\n    assert solve(1000) == \"1\", \"Error\"\n           ^^^^^^^^^^^^^^^^^^\nAssertionError: Error",
          "duration_s": 0.094
        }
      ],
      "wall_time_s": 0.863
    },
    {
      "task_id": "Python/85",
      "passed": true,
      "steps_used": 1,
      "trace": [
        {
          "step": 0,
          "patch": "def add(lst):\n    return sum([lst[i] for i in range(1, len(lst), 2) if lst[i] % 2 == 0])",
          "passed": true,
          "stdout": "",
          "stderr": "",
          "failures": "",
          "duration_s": 0.093
        }
      ],
      "wall_time_s": 1.475
    },
    {
      "task_id": "Python/86",
      "passed": false,
      "steps_used": 1,
      "trace": [
        {
          "step": 0,
          "patch": "def anti_shuffle(s):\n    return ''.join([''.join(sorted(list(i))) for i in s.split(' ')])",
          "passed": false,
          "stdout": "",
          "stderr": "Traceback (most recent call last):\n  File \"/tmp/agentfix_7s6xta7d/test_candidate.py\", line 17, in <module>\n    check(anti_shuffle)\n  File \"/tmp/agentfix_7s6xta7d/test_candidate.py\", line 11, in check\n    assert anti_shuffle('Hello World!!!') == 'Hello !!!Wdlor'\n           ^^^^^^^^^^^^^^^^^^^^^^^^^^^^^^^^^^^^^^^^^^^^^^^^^^\nAssertionError\n",
          "failures": "Traceback (most recent call last):\n  File \"/tmp/agentfix_7s6xta7d/test_candidate.py\", line 17, in <module>\n    check(anti_shuffle)\n  File \"/tmp/agentfix_7s6xta7d/test_candidate.py\", line 11, in check\n    assert anti_shuffle('Hello World!!!') == 'Hello !!!Wdlor'\n           ^^^^^^^^^^^^^^^^^^^^^^^^^^^^^^^^^^^^^^^^^^^^^^^^^^\nAssertionError",
          "duration_s": 0.095
        }
      ],
      "wall_time_s": 1.111
    },
    {
      "task_id": "Python/87",
      "passed": false,
      "steps_used": 1,
      "trace": [
        {
          "step": 0,
          "patch": "def get_row(lst, x):\n    coords = [(j, i) for i in range(len(lst)) for j in range(len(lst[i])) if lst[i][j] == x]\n    return sorted(coords, key=lambda x: x[1], reverse=True)",
          "passed": false,
          "stdout": "",
          "stderr": "Traceback (most recent call last):\n  File \"/tmp/agentfix_ahg4au4n/test_candidate.py\", line 36, in <module>\n    check(get_row)\n  File \"/tmp/agentfix_ahg4au4n/test_candidate.py\", line 7, in check\n    assert get_row([\n           ^^^^^^^^^\nAssertionError\n",
          "failures": "Traceback (most recent call last):\n  File \"/tmp/agentfix_ahg4au4n/test_candidate.py\", line 36, in <module>\n    check(get_row)\n  File \"/tmp/agentfix_ahg4au4n/test_candidate.py\", line 7, in check\n    assert get_row([\n           ^^^^^^^^^\nAssertionError",
          "duration_s": 0.095
        }
      ],
      "wall_time_s": 2.119
    },
    {
      "task_id": "Python/88",
      "passed": false,
      "steps_used": 1,
      "trace": [
        {
          "step": 0,
          "patch": "def sort_array(array):\n    if len(array) == 0:\n        return []\n    return sorted(array, reverse=(array[0] + array[-1]) % 2 != 0)",
          "passed": false,
          "stdout": "",
          "stderr": "Traceback (most recent call last):\n  File \"/tmp/agentfix_da_pvcf1/test_candidate.py\", line 19, in <module>\n    check(sort_array)\n  File \"/tmp/agentfix_da_pvcf1/test_candidate.py\", line 10, in check\n    assert sort_array([2, 4, 3, 0, 1, 5]) == [0, 1, 2, 3, 4, 5], \"Error\"\n           ^^^^^^^^^^^^^^^^^^^^^^^^^^^^^^^^^^^^^^^^^^^^^^^^^^^^\nAssertionError: Error\n",
          "failures": "Traceback (most recent call last):\n  File \"/tmp/agentfix_da_pvcf1/test_candidate.py\", line 19, in <module>\n    check(sort_array)\n  File \"/tmp/agentfix_da_pvcf1/test_candidate.py\", line 10, in check\n    assert sort_array([2, 4, 3, 0, 1, 5]) == [0, 1, 2, 3, 4, 5], \"Error\"\n           ^^^^^^^^^^^^^^^^^^^^^^^^^^^^^^^^^^^^^^^^^^^^^^^^^^^^\nAssertionError: Error",
          "duration_s": 0.1
        }
      ],
      "wall_time_s": 1.669
    },
    {
      "task_id": "Python/89",
      "passed": false,
      "steps_used": 1,
      "trace": [
        {
          "step": 0,
          "patch": "def encrypt(s):\n    d = 'abcdefghijklmnopqrstuvwxyz'\n    out = ''\n    for c in s:\n        if c in d:\n            out += d[(d.index(c)+2*2) % 24]\n        else:\n            out += c\n    return out",
          "passed": false,
          "stdout": "",
          "stderr": "Traceback (most recent call last):\n  File \"/tmp/agentfix_d9nqqvv5/test_candidate.py\", line 19, in <module>\n    check(encrypt)\n  File \"/tmp/agentfix_d9nqqvv5/test_candidate.py\", line 12, in check\n    assert encrypt('faewfawefaewg')=='jeiajeaijeiak', \"This prints if this assert fails 1 (good for debugging!)\"\n           ^^^^^^^^^^^^^^^^^^^^^^^^^^^^^^^^^^^^^^^^^\nAssertionError: This prints if this assert fails 1 (good for debugging!)\n",
          "failures": "Traceback (most recent call last):\n  File \"/tmp/agentfix_d9nqqvv5/test_candidate.py\", line 19, in <module>\n    check(encrypt)\n  File \"/tmp/agentfix_d9nqqvv5/test_candidate.py\", line 12, in check\n    assert encrypt('faewfawefaewg')=='jeiajeaijeiak', \"This prints if this assert fails 1 (good for debugging!)\"\n           ^^^^^^^^^^^^^^^^^^^^^^^^^^^^^^^^^^^^^^^^^\nAssertionError: This prints if this assert fails 1 (good for debugging!)",
          "duration_s": 0.094
        }
      ],
      "wall_time_s": 2.2
    },
    {
      "task_id": "Python/90",
      "passed": false,
      "steps_used": 1,
      "trace": [
        {
          "step": 0,
          "patch": "def next_smallest(lst):\n    lst = sorted(set(lst))\n    return lst[1] if len(lst) >= 3 else None",
          "passed": false,
          "stdout": "",
          "stderr": "Traceback (most recent call last):\n  File \"/tmp/agentfix_yekyc9is/test_candidate.py\", line 18, in <module>\n    check(next_smallest)\n  File \"/tmp/agentfix_yekyc9is/test_candidate.py\", line 11, in check\n    assert next_smallest([1,1,1,1,0]) == 1\n           ^^^^^^^^^^^^^^^^^^^^^^^^^^^^^^^\nAssertionError\n",
          "failures": "Traceback (most recent call last):\n  File \"/tmp/agentfix_yekyc9is/test_candidate.py\", line 18, in <module>\n    check(next_smallest)\n  File \"/tmp/agentfix_yekyc9is/test_candidate.py\", line 11, in check\n    assert next_smallest([1,1,1,1,0]) == 1\n           ^^^^^^^^^^^^^^^^^^^^^^^^^^^^^^^\nAssertionError",
          "duration_s": 0.094
        }
      ],
      "wall_time_s": 1.277
    },
    {
      "task_id": "Python/91",
      "passed": false,
      "steps_used": 1,
      "trace": [
        {
          "step": 0,
          "patch": "def is_bored(S):\n    sentences = S.split(r'[.?!]\\s*')\n    return sum(sentence[:2] == ' I' for sentence in sentences)",
          "passed": false,
          "stdout": "",
          "stderr": "Traceback (most recent call last):\n  File \"/tmp/agentfix_hknlkp7l/test_candidate.py\", line 17, in <module>\n    check(is_bored)\n  File \"/tmp/agentfix_hknlkp7l/test_candidate.py\", line 9, in check\n    assert is_bored(\"I love It !\") == 1, \"Test 3\"\n           ^^^^^^^^^^^^^^^^^^^^^^^^^^^^\nAssertionError: Test 3\n",
          "failures": "Traceback (most recent call last):\n  File \"/tmp/agentfix_hknlkp7l/test_candidate.py\", line 17, in <module>\n    check(is_bored)\n  File \"/tmp/agentfix_hknlkp7l/test_candidate.py\", line 9, in check\n    assert is_bored(\"I love It !\") == 1, \"Test 3\"\n           ^^^^^^^^^^^^^^^^^^^^^^^^^^^^\nAssertionError: Test 3",
          "duration_s": 0.093
        }
      ],
      "wall_time_s": 1.459
    },
    {
      "task_id": "Python/92",
      "passed": false,
      "steps_used": 1,
      "trace": [
        {
          "step": 0,
          "patch": "def any_int(x, y, z):\n    if isinstance(x, int) and isinstance(y, int) and isinstance(z, int):\n        if (x + y == z) or (y + z == x):\n            return True\n        return False\n    return False",
          "passed": false,
          "stdout": "",
          "stderr": "Traceback (most recent call last):\n  File \"/tmp/agentfix_lzzz1o6k/test_candidate.py\", line 20, in <module>\n    check(any_int)\n  File \"/tmp/agentfix_lzzz1o6k/test_candidate.py\", line 7, in check\n    assert any_int(2, 3, 1)==True, \"This prints if this assert fails 1 (good for debugging!)\"\n           ^^^^^^^^^^^^^^^^^^^^^^\nAssertionError: This prints if this assert fails 1 (good for debugging!)\n",
          "failures": "Traceback (most recent call last):\n  File \"/tmp/agentfix_lzzz1o6k/test_candidate.py\", line 20, in <module>\n    check(any_int)\n  File \"/tmp/agentfix_lzzz1o6k/test_candidate.py\", line 7, in check\n    assert any_int(2, 3, 1)==True, \"This prints if this assert fails 1 (good for debugging!)\"\n           ^^^^^^^^^^^^^^^^^^^^^^\nAssertionError: This prints if this assert fails 1 (good for debugging!)",
          "duration_s": 0.097
        }
      ],
      "wall_time_s": 2.177
    },
    {
      "task_id": "Python/93",
      "passed": false,
      "steps_used": 1,
      "trace": [
        {
          "step": 0,
          "patch": "def encode(message):\n    vowels = \"aeiou\"\n    vowels_replace = dict([(i, chr(ord(i) + 2)) for i in vowels])\n    message = message.swapcase()\n    return ''.join([vowels_replace[i] if i in vowels else i for i in message])",
          "passed": false,
          "stdout": "",
          "stderr": "Traceback (most recent call last):\n  File \"/tmp/agentfix_en8s31m1/test_candidate.py\", line 15, in <module>\n    check(encode)\n  File \"/tmp/agentfix_en8s31m1/test_candidate.py\", line 8, in check\n    assert encode('Mudasir') == 'mWDCSKR', \"This prints if this assert fails 2 (good for debugging!)\"\n           ^^^^^^^^^^^^^^^^^^^^^^^^^^^^^^\nAssertionError: This prints if this assert fails 2 (good for debugging!)\n",
          "failures": "Traceback (most recent call last):\n  File \"/tmp/agentfix_en8s31m1/test_candidate.py\", line 15, in <module>\n    check(encode)\n  File \"/tmp/agentfix_en8s31m1/test_candidate.py\", line 8, in check\n    assert encode('Mudasir') == 'mWDCSKR', \"This prints if this assert fails 2 (good for debugging!)\"\n           ^^^^^^^^^^^^^^^^^^^^^^^^^^^^^^\nAssertionError: This prints if this assert fails 2 (good for debugging!)",
          "duration_s": 0.095
        }
      ],
      "wall_time_s": 2.333
    },
    {
      "task_id": "Python/94",
      "passed": false,
      "steps_used": 1,
      "trace": [
        {
          "step": 0,
          "patch": "def isPrime(n):\n    if n <= 1:\n        return False\n    for i in range(2, int(n**0.5) + 1):\n        if n % i == 0:\n            return False\n    return True",
          "passed": false,
          "stdout": "",
          "stderr": "Traceback (most recent call last):\n  File \"/tmp/agentfix_ufeca97x/test_candidate.py\", line 2, in <module>\n    from candidate import skjkasdkd\nImportError: cannot import name 'skjkasdkd' from 'candidate' (/tmp/agentfix_ufeca97x/candidate.py)\n",
          "failures": "Traceback (most recent call last):\n  File \"/tmp/agentfix_ufeca97x/test_candidate.py\", line 2, in <module>\n    from candidate import skjkasdkd\nImportError: cannot import name 'skjkasdkd' from 'candidate' (/tmp/agentfix_ufeca97x/candidate.py)",
          "duration_s": 0.097
        }
      ],
      "wall_time_s": 2.094
    },
    {
      "task_id": "Python/95",
      "passed": false,
      "steps_used": 1,
      "trace": [
        {
          "step": 0,
          "patch": "def check_dict_case(dict):\n    if len(dict.keys()) == 0:\n        return False\n    else:\n        state = \"start\"\n        for key in dict.keys():\n            if isinstance(key, str) == False:\n                state = \"mixed\"\n                break\n            if state == \"start\":\n                if key.isupper():\n                    state = \"upper\"\n                elif key.islower():\n                    state = \"lower\"\n                else:\n                    break\n            elif (state == \"upper\" and not key.isupper()) and (state == \"lower\" and not key.islower()):\n                state = \"mixed\"\n                break\n            else:\n                break\n        return state == \"upper\" or state == \"lower\"",
          "passed": false,
          "stdout": "",
          "stderr": "Traceback (most recent call last):\n  File \"/tmp/agentfix_p_1cr3qp/test_candidate.py\", line 18, in <module>\n    check(check_dict_case)\n  File \"/tmp/agentfix_p_1cr3qp/test_candidate.py\", line 8, in check\n    assert check_dict_case({\"p\":\"pineapple\", \"A\":\"banana\", \"B\":\"banana\"}) == False, \"Second test error: \" + str(check_dict_case({\"p\":\"pineapple\", \"A\":\"banana\", \"B\":\"banana\"}))\n           ^^^^^^^^^^^^^^^^^^^^^^^^^^^^^^^^^^^^^^^^^^^^^^^^^^^^^^^^^^^^^^^^^^^^^^^\nAssertionError: Second test error: True\n",
          "failures": "Traceback (most recent call last):\n  File \"/tmp/agentfix_p_1cr3qp/test_candidate.py\", line 18, in <module>\n    check(check_dict_case)\n  File \"/tmp/agentfix_p_1cr3qp/test_candidate.py\", line 8, in check\n    assert check_dict_case({\"p\":\"pineapple\", \"A\":\"banana\", \"B\":\"banana\"}) == False, \"Second test error: \" + str(check_dict_case({\"p\":\"pineapple\", \"A\":\"banana\", \"B\":\"banana\"}))\n           ^^^^^^^^^^^^^^^^^^^^^^^^^^^^^^^^^^^^^^^^^^^^^^^^^^^^^^^^^^^^^^^^^^^^^^^\nAssertionError: Second test error: True",
          "duration_s": 0.094
        }
      ],
      "wall_time_s": 5.145
    },
    {
      "task_id": "Python/96",
      "passed": false,
      "steps_used": 1,
      "trace": [
        {
          "step": 0,
          "patch": "def count_up_to(n):\n    primes = []\n    for i in range(2, n):\n        is_prime = True\n        for j in range(2, i):\n            if j * j > i:\n                break\n            if j % i == 0:\n                is_prime = False\n                break\n        if is_prime:\n            primes.append(i)\n    return primes",
          "passed": false,
          "stdout": "",
          "stderr": "Traceback (most recent call last):\n  File \"/tmp/agentfix_8zwpb67f/test_candidate.py\", line 17, in <module>\n    check(count_up_to)\n  File \"/tmp/agentfix_8zwpb67f/test_candidate.py\", line 6, in check\n    assert count_up_to(5) == [2,3]\n           ^^^^^^^^^^^^^^^^^^^^^^^\nAssertionError\n",
          "failures": "Traceback (most recent call last):\n  File \"/tmp/agentfix_8zwpb67f/test_candidate.py\", line 17, in <module>\n    check(count_up_to)\n  File \"/tmp/agentfix_8zwpb67f/test_candidate.py\", line 6, in check\n    assert count_up_to(5) == [2,3]\n           ^^^^^^^^^^^^^^^^^^^^^^^\nAssertionError",
          "duration_s": 0.094
        }
      ],
      "wall_time_s": 2.891
    },
    {
      "task_id": "Python/97",
      "passed": false,
      "steps_used": 1,
      "trace": [
        {
          "step": 0,
          "patch": "def multiply(a, b):\n    return abs(a % 10) * abs(b % 10) * a * b",
          "passed": false,
          "stdout": "",
          "stderr": "Traceback (most recent call last):\n  File \"/tmp/agentfix_5hv25pif/test_candidate.py\", line 19, in <module>\n    check(multiply)\n  File \"/tmp/agentfix_5hv25pif/test_candidate.py\", line 7, in check\n    assert multiply(148, 412) == 16, \"First test error: \" + str(multiply(148, 412))                    \n           ^^^^^^^^^^^^^^^^^^^^^^^^\nAssertionError: First test error: 975616\n",
          "failures": "Traceback (most recent call last):\n  File \"/tmp/agentfix_5hv25pif/test_candidate.py\", line 19, in <module>\n    check(multiply)\n  File \"/tmp/agentfix_5hv25pif/test_candidate.py\", line 7, in check\n    assert multiply(148, 412) == 16, \"First test error: \" + str(multiply(148, 412))                    \n           ^^^^^^^^^^^^^^^^^^^^^^^^\nAssertionError: First test error: 975616",
          "duration_s": 0.094
        }
      ],
      "wall_time_s": 1.287
    },
    {
      "task_id": "Python/98",
      "passed": false,
      "steps_used": 1,
      "trace": [
        {
          "step": 0,
          "patch": "def count_upper(s):\n    count = 0\n    for i in range(0, len(s), 2):\n        if s[i].upper() in \"AEIOU\":\n            count += 2\n    return count",
          "passed": false,
          "stdout": "",
          "stderr": "Traceback (most recent call last):\n  File \"/tmp/agentfix_naoxdnx_/test_candidate.py\", line 18, in <module>\n    check(count_upper)\n  File \"/tmp/agentfix_naoxdnx_/test_candidate.py\", line 7, in check\n    assert count_upper('aBCdEf')  == 1\n           ^^^^^^^^^^^^^^^^^^^^^^^^^^^\nAssertionError\n",
          "failures": "Traceback (most recent call last):\n  File \"/tmp/agentfix_naoxdnx_/test_candidate.py\", line 18, in <module>\n    check(count_upper)\n  File \"/tmp/agentfix_naoxdnx_/test_candidate.py\", line 7, in check\n    assert count_upper('aBCdEf')  == 1\n           ^^^^^^^^^^^^^^^^^^^^^^^^^^^\nAssertionError",
          "duration_s": 0.097
        }
      ],
      "wall_time_s": 1.902
    },
    {
      "task_id": "Python/99",
      "passed": false,
      "steps_used": 1,
      "trace": [
        {
          "step": 0,
          "patch": "def closest_integer(value):\n    if value.count('.') == 1:\n        # remove trailing zeros\n        while (value[-1] == '0'):\n            value = value[:-1]\n\n    num = float(value)\n    if value[-2:] == '.5':\n        if num > 0:\n            res = floor(num)\n        else:\n            res = ceil(num)\n    elif len(value) > 0:\n        res = round(num)\n    else:\n        res = 0\n\n    return res",
          "passed": false,
          "stdout": "",
          "stderr": "Traceback (most recent call last):\n  File \"/tmp/agentfix_zmha65us/test_candidate.py\", line 15, in <module>\n    check(closest_integer)\n  File \"/tmp/agentfix_zmha65us/test_candidate.py\", line 8, in check\n    assert closest_integer(\"14.5\") == 15, \"Test 2\"\n           ^^^^^^^^^^^^^^^^^^^^^^^\n  File \"/tmp/agentfix_zmha65us/candidate.py\", line 10, in closest_integer\n    res = floor(num)\n          ^^^^^\nNameError: name 'floor' is not defined. Did you mean: 'float'?\n",
          "failures": "Traceback (most recent call last):\n  File \"/tmp/agentfix_zmha65us/test_candidate.py\", line 15, in <module>\n    check(closest_integer)\n  File \"/tmp/agentfix_zmha65us/test_candidate.py\", line 8, in check\n    assert closest_integer(\"14.5\") == 15, \"Test 2\"\n           ^^^^^^^^^^^^^^^^^^^^^^^\n  File \"/tmp/agentfix_zmha65us/candidate.py\", line 10, in closest_integer\n    res = floor(num)\n          ^^^^^\nNameError: name 'floor' is not defined. Did you mean: 'float'?",
          "duration_s": 0.097
        }
      ],
      "wall_time_s": 3.774
    },
    {
      "task_id": "Python/100",
      "passed": false,
      "steps_used": 1,
      "trace": [
        {
          "step": 0,
          "patch": "def make_a_pile(n):\n    return [n + 2*i + i for i in range(n)]",
          "passed": false,
          "stdout": "",
          "stderr": "Traceback (most recent call last):\n  File \"/tmp/agentfix_4hf54x3k/test_candidate.py\", line 16, in <module>\n    check(make_a_pile)\n  File \"/tmp/agentfix_4hf54x3k/test_candidate.py\", line 7, in check\n    assert make_a_pile(3) == [3, 5, 7], \"Test 3\"\n           ^^^^^^^^^^^^^^^^^^^^^^^^^^^\nAssertionError: Test 3\n",
          "failures": "Traceback (most recent call last):\n  File \"/tmp/agentfix_4hf54x3k/test_candidate.py\", line 16, in <module>\n    check(make_a_pile)\n  File \"/tmp/agentfix_4hf54x3k/test_candidate.py\", line 7, in check\n    assert make_a_pile(3) == [3, 5, 7], \"Test 3\"\n           ^^^^^^^^^^^^^^^^^^^^^^^^^^^\nAssertionError: Test 3",
          "duration_s": 0.097
        }
      ],
      "wall_time_s": 1.084
    },
    {
      "task_id": "Python/101",
      "passed": false,
      "steps_used": 1,
      "trace": [
        {
          "step": 0,
          "patch": "def words_string(s):\n    if not s:\n        return []\n\n    s_list = []\n\n    for letter in s:\n        if letter == ',':\n            s_list.append(',')\n        else:\n            s_list.append(letter)\n\n    return \"\".join(s_list).split()",
          "passed": false,
          "stdout": "",
          "stderr": "Traceback (most recent call last):\n  File \"/tmp/agentfix_j59tqj1_/test_candidate.py\", line 18, in <module>\n    check(words_string)\n  File \"/tmp/agentfix_j59tqj1_/test_candidate.py\", line 8, in check\n    assert words_string(\"Hi, my name is John\") == [\"Hi\", \"my\", \"name\", \"is\", \"John\"]\n           ^^^^^^^^^^^^^^^^^^^^^^^^^^^^^^^^^^^^^^^^^^^^^^^^^^^^^^^^^^^^^^^^^^^^^^^^^\nAssertionError\n",
          "failures": "Traceback (most recent call last):\n  File \"/tmp/agentfix_j59tqj1_/test_candidate.py\", line 18, in <module>\n    check(words_string)\n  File \"/tmp/agentfix_j59tqj1_/test_candidate.py\", line 8, in check\n    assert words_string(\"Hi, my name is John\") == [\"Hi\", \"my\", \"name\", \"is\", \"John\"]\n           ^^^^^^^^^^^^^^^^^^^^^^^^^^^^^^^^^^^^^^^^^^^^^^^^^^^^^^^^^^^^^^^^^^^^^^^^^\nAssertionError",
          "duration_s": 0.096
        }
      ],
      "wall_time_s": 2.082
    },
    {
      "task_id": "Python/102",
      "passed": false,
      "steps_used": 1,
      "trace": [
        {
          "step": 0,
          "patch": "def choose_num(x, y):\n    if x > y:\n        return -1\n    if y % 2 == 0:\n        return y\n    if x == y:\n        return -1\n    return x + 1",
          "passed": false,
          "stdout": "",
          "stderr": "Traceback (most recent call last):\n  File \"/tmp/agentfix_uhv16ssd/test_candidate.py\", line 18, in <module>\n    check(choose_num)\n  File \"/tmp/agentfix_uhv16ssd/test_candidate.py\", line 7, in check\n    assert choose_num(12, 15) == 14\n           ^^^^^^^^^^^^^^^^^^^^^^^^\nAssertionError\n",
          "failures": "Traceback (most recent call last):\n  File \"/tmp/agentfix_uhv16ssd/test_candidate.py\", line 18, in <module>\n    check(choose_num)\n  File \"/tmp/agentfix_uhv16ssd/test_candidate.py\", line 7, in check\n    assert choose_num(12, 15) == 14\n           ^^^^^^^^^^^^^^^^^^^^^^^^\nAssertionError",
          "duration_s": 0.094
        }
      ],
      "wall_time_s": 2.003
    },
    {
      "task_id": "Python/103",
      "passed": false,
      "steps_used": 1,
      "trace": [
        {
          "step": 0,
          "patch": "def rounded_avg(m, n):\n    if m < n:\n        return -1\n    summation = 0\n    for i in range(n, m+1):\n        summation += i\n    return bin(round(summation / (m - n)))",
          "passed": false,
          "stdout": "",
          "stderr": "Traceback (most recent call last):\n  File \"/tmp/agentfix_63odya5v/test_candidate.py\", line 23, in <module>\n    check(rounded_avg)\n  File \"/tmp/agentfix_63odya5v/test_candidate.py\", line 7, in check\n    assert rounded_avg(1, 5) == \"0b11\"\n           ^^^^^^^^^^^^^^^^^^^^^^^^^^^\nAssertionError\n",
          "failures": "Traceback (most recent call last):\n  File \"/tmp/agentfix_63odya5v/test_candidate.py\", line 23, in <module>\n    check(rounded_avg)\n  File \"/tmp/agentfix_63odya5v/test_candidate.py\", line 7, in check\n    assert rounded_avg(1, 5) == \"0b11\"\n           ^^^^^^^^^^^^^^^^^^^^^^^^^^^\nAssertionError",
          "duration_s": 0.095
        }
      ],
      "wall_time_s": 2.117
    },
    {
      "task_id": "Python/104",
      "passed": false,
      "steps_used": 1,
      "trace": [
        {
          "step": 0,
          "patch": "def unique_digits(x):\n    odd_digit_elements = []\n    for j, i in enumerate(x):\n        if all(int(c) % 2 == 1 for c in str(i)):\n            odd_digit_elements.append(i)\n            odd_digit_elements.append(j)\n    return sorted(odd_digit_elements)",
          "passed": false,
          "stdout": "",
          "stderr": "Traceback (most recent call last):\n  File \"/tmp/agentfix_mayh583y/test_candidate.py\", line 15, in <module>\n    check(unique_digits)\n  File \"/tmp/agentfix_mayh583y/test_candidate.py\", line 7, in check\n    assert unique_digits([15, 33, 1422, 1]) == [1, 15, 33]\n           ^^^^^^^^^^^^^^^^^^^^^^^^^^^^^^^^^^^^^^^^^^^^^^^\nAssertionError\n",
          "failures": "Traceback (most recent call last):\n  File \"/tmp/agentfix_mayh583y/test_candidate.py\", line 15, in <module>\n    check(unique_digits)\n  File \"/tmp/agentfix_mayh583y/test_candidate.py\", line 7, in check\n    assert unique_digits([15, 33, 1422, 1]) == [1, 15, 33]\n           ^^^^^^^^^^^^^^^^^^^^^^^^^^^^^^^^^^^^^^^^^^^^^^^\nAssertionError",
          "duration_s": 0.096
        }
      ],
      "wall_time_s": 2.291
    },
    {
      "task_id": "Python/105",
      "passed": false,
      "steps_used": 1,
      "trace": [
        {
          "step": 0,
          "patch": "def by_length(arr):\n    dic = {\n        1: \"One\",\n        2: \"Two\",\n        3: \"Three\",\n        4: \"Four\",\n        5: \"Five\",\n        6: \"Six\",\n        7: \"Seven\",\n        8: \"Eight\",\n        9: \"Nine\",\n    }\n    sorted_arr = sorted(arr, key=len)\n    new_arr = []\n    for var in sorted_arr:\n        try:\n            new_arr.append(dic[var])\n        except:\n            pass\n    return new_arr",
          "passed": false,
          "stdout": "",
          "stderr": "Traceback (most recent call last):\n  File \"/tmp/agentfix_duznltlb/test_candidate.py\", line 17, in <module>\n    check(by_length)\n  File \"/tmp/agentfix_duznltlb/test_candidate.py\", line 8, in check\n    assert by_length([2, 1, 1, 4, 5, 8, 2, 3]) == [\"Eight\", \"Five\", \"Four\", \"Three\", \"Two\", \"Two\", \"One\", \"One\"], \"Error\"\n           ^^^^^^^^^^^^^^^^^^^^^^^^^^^^^^^^^^^\n  File \"/tmp/agentfix_duznltlb/candidate.py\", line 13, in by_length\n    sorted_arr = sorted(arr, key=len)\n                 ^^^^^^^^^^^^^^^^^^^^\nTypeError: object of type 'int' has no len()\n",
          "failures": "Traceback (most recent call last):\n  File \"/tmp/agentfix_duznltlb/test_candidate.py\", line 17, in <module>\n    check(by_length)\n  File \"/tmp/agentfix_duznltlb/test_candidate.py\", line 8, in check\n    assert by_length([2, 1, 1, 4, 5, 8, 2, 3]) == [\"Eight\", \"Five\", \"Four\", \"Three\", \"Two\", \"Two\", \"One\", \"One\"], \"Error\"\n           ^^^^^^^^^^^^^^^^^^^^^^^^^^^^^^^^^^^\n  File \"/tmp/agentfix_duznltlb/candidate.py\", line 13, in by_length\n    sorted_arr = sorted(arr, key=len)\n                 ^^^^^^^^^^^^^^^^^^^^\nTypeError: object of type 'int' has no len()",
          "duration_s": 0.095
        }
      ],
      "wall_time_s": 4.153
    },
    {
      "task_id": "Python/106",
      "passed": false,
      "steps_used": 1,
      "trace": [
        {
          "step": 0,
          "patch": "def f(n):\n    ret = []\n    for i in range(1, n + 1):\n        if i % 2 == 0:\n            x = 1\n            for j in range(1, i + 1):\n                x *= i\n            ret.append(x)\n        else:\n            x = 0\n            for j in range(1, i + 1):\n                x += j\n            ret.append(x)\n    return ret",
          "passed": false,
          "stdout": "",
          "stderr": "Traceback (most recent call last):\n  File \"/tmp/agentfix_7u9f4bxu/test_candidate.py\", line 11, in <module>\n    check(f)\n  File \"/tmp/agentfix_7u9f4bxu/test_candidate.py\", line 6, in check\n    assert f(5) == [1, 2, 6, 24, 15]\n           ^^^^^^^^^^^^^^^^^^^^^^^^^\nAssertionError\n",
          "failures": "Traceback (most recent call last):\n  File \"/tmp/agentfix_7u9f4bxu/test_candidate.py\", line 11, in <module>\n    check(f)\n  File \"/tmp/agentfix_7u9f4bxu/test_candidate.py\", line 6, in check\n    assert f(5) == [1, 2, 6, 24, 15]\n           ^^^^^^^^^^^^^^^^^^^^^^^^^\nAssertionError",
          "duration_s": 0.095
        }
      ],
      "wall_time_s": 3.5
    },
    {
      "task_id": "Python/107",
      "passed": false,
      "steps_used": 1,
      "trace": [
        {
          "step": 0,
          "patch": "def even_odd_palindrome(n):\n    return sum(1 for i in range(1, n) if i % 2 == 0 and str(i) == str(i)[::-1])",
          "passed": false,
          "stdout": "",
          "stderr": "Traceback (most recent call last):\n  File \"/tmp/agentfix_po4etrsd/test_candidate.py\", line 18, in <module>\n    check(even_odd_palindrome)\n  File \"/tmp/agentfix_po4etrsd/test_candidate.py\", line 7, in check\n    assert even_odd_palindrome(123) == (8, 13)\n           ^^^^^^^^^^^^^^^^^^^^^^^^^^^^^^^^^^^\nAssertionError\n",
          "failures": "Traceback (most recent call last):\n  File \"/tmp/agentfix_po4etrsd/test_candidate.py\", line 18, in <module>\n    check(even_odd_palindrome)\n  File \"/tmp/agentfix_po4etrsd/test_candidate.py\", line 7, in check\n    assert even_odd_palindrome(123) == (8, 13)\n           ^^^^^^^^^^^^^^^^^^^^^^^^^^^^^^^^^^^\nAssertionError",
          "duration_s": 0.095
        }
      ],
      "wall_time_s": 1.685
    },
    {
      "task_id": "Python/108",
      "passed": false,
      "steps_used": 1,
      "trace": [
        {
          "step": 0,
          "patch": "def count_nums(arr):\n    return len(list(filter(lambda x: x > 0, [digits_sum(i) for i in arr])))",
          "passed": false,
          "stdout": "",
          "stderr": "Traceback (most recent call last):\n  File \"/tmp/agentfix_k6b9ygya/test_candidate.py\", line 19, in <module>\n    check(count_nums)\n  File \"/tmp/agentfix_k6b9ygya/test_candidate.py\", line 8, in check\n    assert count_nums([-1, -2, 0]) == 0\n           ^^^^^^^^^^^^^^^^^^^^^^^\n  File \"/tmp/agentfix_k6b9ygya/candidate.py\", line 2, in count_nums\n    return len(list(filter(lambda x: x > 0, [digits_sum(i) for i in arr])))\n                                            ^^^^^^^^^^^^^^^^^^^^^^^^^^^^\n  File \"/tmp/agentfix_k6b9ygya/candidate.py\", line 2, in <listcomp>\n    return len(list(filter(lambda x: x > 0, [digits_sum(i) for i in arr])))\n                                             ^^^^^^^^^^\nNameError: name 'digits_sum' is not defined\n",
          "failures": "Traceback (most recent call last):\n  File \"/tmp/agentfix_k6b9ygya/test_candidate.py\", line 19, in <module>\n    check(count_nums)\n  File \"/tmp/agentfix_k6b9ygya/test_candidate.py\", line 8, in check\n    assert count_nums([-1, -2, 0]) == 0\n           ^^^^^^^^^^^^^^^^^^^^^^^\n  File \"/tmp/agentfix_k6b9ygya/candidate.py\", line 2, in count_nums\n    return len(list(filter(lambda x: x > 0, [digits_sum(i) for i in arr])))\n                                            ^^^^^^^^^^^^^^^^^^^^^^^^^^^^\n  File \"/tmp/agentfix_k6b9ygya/candidate.py\", line 2, in <listcomp>\n    return len(list(filter(lambda x: x > 0, [digits_sum(i) for i in arr])))\n                                             ^^^^^^^^^^\nNameError: name 'digits_sum' is not defined",
          "duration_s": 0.099
        }
      ],
      "wall_time_s": 1.292
    },
    {
      "task_id": "Python/109",
      "passed": false,
      "steps_used": 1,
      "trace": [
        {
          "step": 0,
          "patch": "def move_one_ball(arr):\n    if len(arr) == 0:\n        return True\n    sorted_array = sorted(arr)\n    my_arr = arr[1:] + arr[:1]\n    for i in range(len(arr)):\n        if my_arr[i] != sorted_array[i]:\n            return False\n    return True",
          "passed": false,
          "stdout": "",
          "stderr": "Traceback (most recent call last):\n  File \"/tmp/agentfix_0kkn6xdt/test_candidate.py\", line 14, in <module>\n    check(move_one_ball)\n  File \"/tmp/agentfix_0kkn6xdt/test_candidate.py\", line 7, in check\n    assert move_one_ball([3, 4, 5, 1, 2])==True, \"This prints if this assert fails 1 (good for debugging!)\"\n           ^^^^^^^^^^^^^^^^^^^^^^^^^^^^^^^^^^^^\nAssertionError: This prints if this assert fails 1 (good for debugging!)\n",
          "failures": "Traceback (most recent call last):\n  File \"/tmp/agentfix_0kkn6xdt/test_candidate.py\", line 14, in <module>\n    check(move_one_ball)\n  File \"/tmp/agentfix_0kkn6xdt/test_candidate.py\", line 7, in check\n    assert move_one_ball([3, 4, 5, 1, 2])==True, \"This prints if this assert fails 1 (good for debugging!)\"\n           ^^^^^^^^^^^^^^^^^^^^^^^^^^^^^^^^^^^^\nAssertionError: This prints if this assert fails 1 (good for debugging!)",
          "duration_s": 0.093
        }
      ],
      "wall_time_s": 2.528
    },
    {
      "task_id": "Python/110",
      "passed": false,
      "steps_used": 1,
      "trace": [
        {
          "step": 0,
          "patch": "def exchange(lst1, lst2):\n    odd = 0\n    even = 0\n    for i in lst1:\n        if i % 2 == 1:\n            even -= 1\n    for i in lst2:\n        if i % 2 == 0:\n            odd += 1\n    if even >= odd:\n        return \"YES\"\n    return \"NO\"",
          "passed": false,
          "stdout": "",
          "stderr": "Traceback (most recent call last):\n  File \"/tmp/agentfix_rsn504_2/test_candidate.py\", line 17, in <module>\n    check(exchange)\n  File \"/tmp/agentfix_rsn504_2/test_candidate.py\", line 7, in check\n    assert exchange([1, 2, 3, 4], [1, 2, 3, 4]) == \"YES\"\n           ^^^^^^^^^^^^^^^^^^^^^^^^^^^^^^^^^^^^^^^^^^^^^\nAssertionError\n",
          "failures": "Traceback (most recent call last):\n  File \"/tmp/agentfix_rsn504_2/test_candidate.py\", line 17, in <module>\n    check(exchange)\n  File \"/tmp/agentfix_rsn504_2/test_candidate.py\", line 7, in check\n    assert exchange([1, 2, 3, 4], [1, 2, 3, 4]) == \"YES\"\n           ^^^^^^^^^^^^^^^^^^^^^^^^^^^^^^^^^^^^^^^^^^^^^\nAssertionError",
          "duration_s": 0.094
        }
      ],
      "wall_time_s": 3.031
    },
    {
      "task_id": "Python/111",
      "passed": false,
      "steps_used": 1,
      "trace": [
        {
          "step": 0,
          "patch": "def histogram(test):\n    dict1 = {}\n    list1 = test.split(\" \")\n    t = 1\n\n    for i in list1:\n        if list1.count(i) > t and i != '':\n            t = list1.count(i)\n    if t > 0:\n        for i in list1:\n            if list1.count(i) == t:\n                dict1[i] = t\n    return dict1",
          "passed": false,
          "stdout": "",
          "stderr": "Traceback (most recent call last):\n  File \"/tmp/agentfix_ilt44237/test_candidate.py\", line 19, in <module>\n    check(histogram)\n  File \"/tmp/agentfix_ilt44237/test_candidate.py\", line 16, in check\n    assert histogram('') == {}, \"This prints if this assert fails 7 (also good for debugging!)\"\n           ^^^^^^^^^^^^^^^^^^^\nAssertionError: This prints if this assert fails 7 (also good for debugging!)\n",
          "failures": "Traceback (most recent call last):\n  File \"/tmp/agentfix_ilt44237/test_candidate.py\", line 19, in <module>\n    check(histogram)\n  File \"/tmp/agentfix_ilt44237/test_candidate.py\", line 16, in check\n    assert histogram('') == {}, \"This prints if this assert fails 7 (also good for debugging!)\"\n           ^^^^^^^^^^^^^^^^^^^\nAssertionError: This prints if this assert fails 7 (also good for debugging!)",
          "duration_s": 0.098
        }
      ],
      "wall_time_s": 3.225
    },
    {
      "task_id": "Python/112",
      "passed": false,
      "steps_used": 1,
      "trace": [
        {
          "step": 0,
          "patch": "def reverse_delete(s, c):\n    return (s, s[::-1] != s)",
          "passed": false,
          "stdout": "",
          "stderr": "Traceback (most recent call last):\n  File \"/tmp/agentfix_o5j_q0u4/test_candidate.py\", line 16, in <module>\n    check(reverse_delete)\n  File \"/tmp/agentfix_o5j_q0u4/test_candidate.py\", line 6, in check\n    assert reverse_delete(\"abcde\",\"ae\") == ('bcd',False)\n           ^^^^^^^^^^^^^^^^^^^^^^^^^^^^^^^^^^^^^^^^^^^^^\nAssertionError\n",
          "failures": "Traceback (most recent call last):\n  File \"/tmp/agentfix_o5j_q0u4/test_candidate.py\", line 16, in <module>\n    check(reverse_delete)\n  File \"/tmp/agentfix_o5j_q0u4/test_candidate.py\", line 6, in check\n    assert reverse_delete(\"abcde\",\"ae\") == ('bcd',False)\n           ^^^^^^^^^^^^^^^^^^^^^^^^^^^^^^^^^^^^^^^^^^^^^\nAssertionError",
          "duration_s": 0.095
        }
      ],
      "wall_time_s": 0.959
    },
    {
      "task_id": "Python/113",
      "passed": false,
      "steps_used": 1,
      "trace": [
        {
          "step": 0,
          "patch": "def odd_count(lst):\n    res = []\n    for arr in lst:\n        n = sum(int(d) % 2 == 1 for d in arr)\n        res.append(f\"the number of odd elements {n} in the string {n} of {n} the input.\")\n    return res",
          "passed": false,
          "stdout": "",
          "stderr": "Traceback (most recent call last):\n  File \"/tmp/agentfix_vujd10e_/test_candidate.py\", line 18, in <module>\n    check(odd_count)\n  File \"/tmp/agentfix_vujd10e_/test_candidate.py\", line 7, in check\n    assert odd_count(['1234567']) == [\"the number of odd elements 4n the str4ng 4 of the 4nput.\"], \"Test 1\"\n           ^^^^^^^^^^^^^^^^^^^^^^^^^^^^^^^^^^^^^^^^^^^^^^^^^^^^^^^^^^^^^^^^^^^^^^^^^^^^^^^^^^^^^^\nAssertionError: Test 1\n",
          "failures": "Traceback (most recent call last):\n  File \"/tmp/agentfix_vujd10e_/test_candidate.py\", line 18, in <module>\n    check(odd_count)\n  File \"/tmp/agentfix_vujd10e_/test_candidate.py\", line 7, in check\n    assert odd_count(['1234567']) == [\"the number of odd elements 4n the str4ng 4 of the 4nput.\"], \"Test 1\"\n           ^^^^^^^^^^^^^^^^^^^^^^^^^^^^^^^^^^^^^^^^^^^^^^^^^^^^^^^^^^^^^^^^^^^^^^^^^^^^^^^^^^^^^^\nAssertionError: Test 1",
          "duration_s": 0.095
        }
      ],
      "wall_time_s": 2.397
    },
    {
      "task_id": "Python/114",
      "passed": false,
      "steps_used": 1,
      "trace": [
        {
          "step": 0,
          "patch": "def minSubArraySum(nums):\n    max_sum = 0\n    s = 0\n    for num in nums:\n        s += num\n        if (s < 0):\n            s = 0\n        max_sum = max(s, max_sum)\n    if max_sum == 0:\n        max_sum = min(-i for i in nums)\n    min_sum = min(-i for i in nums)\n    return min_sum",
          "passed": false,
          "stdout": "",
          "stderr": "Traceback (most recent call last):\n  File \"/tmp/agentfix_6_jqmx30/test_candidate.py\", line 22, in <module>\n    check(minSubArraySum)\n  File \"/tmp/agentfix_6_jqmx30/test_candidate.py\", line 7, in check\n    assert minSubArraySum([2, 3, 4, 1, 2, 4]) == 1, \"This prints if this assert fails 1 (good for debugging!)\"\n           ^^^^^^^^^^^^^^^^^^^^^^^^^^^^^^^^^^^^^^^\nAssertionError: This prints if this assert fails 1 (good for debugging!)\n",
          "failures": "Traceback (most recent call last):\n  File \"/tmp/agentfix_6_jqmx30/test_candidate.py\", line 22, in <module>\n    check(minSubArraySum)\n  File \"/tmp/agentfix_6_jqmx30/test_candidate.py\", line 7, in check\n    assert minSubArraySum([2, 3, 4, 1, 2, 4]) == 1, \"This prints if this assert fails 1 (good for debugging!)\"\n           ^^^^^^^^^^^^^^^^^^^^^^^^^^^^^^^^^^^^^^^\nAssertionError: This prints if this assert fails 1 (good for debugging!)",
          "duration_s": 0.097
        }
      ],
      "wall_time_s": 3.452
    },
    {
      "task_id": "Python/115",
      "passed": false,
      "steps_used": 1,
      "trace": [
        {
          "step": 0,
          "patch": "def max_fill(grid, capacity):\n    return sum([math.floor(sum(arr) / capacity) for arr in grid])",
          "passed": false,
          "stdout": "",
          "stderr": "Traceback (most recent call last):\n  File \"/tmp/agentfix_rohbiq5v/test_candidate.py\", line 18, in <module>\n    check(max_fill)\n  File \"/tmp/agentfix_rohbiq5v/test_candidate.py\", line 9, in check\n    assert max_fill([[0,0,1,0], [0,1,0,0], [1,1,1,1]], 1) == 6, \"Error\"\n           ^^^^^^^^^^^^^^^^^^^^^^^^^^^^^^^^^^^^^^^^^^^^^^\n  File \"/tmp/agentfix_rohbiq5v/candidate.py\", line 2, in max_fill\n    return sum([math.floor(sum(arr) / capacity) for arr in grid])\n               ^^^^^^^^^^^^^^^^^^^^^^^^^^^^^^^^^^^^^^^^^^^^^^^^^\n  File \"/tmp/agentfix_rohbiq5v/candidate.py\", line 2, in <listcomp>\n    return sum([math.floor(sum(arr) / capacity) for arr in grid])\n                ^^^^\nNameError: name 'math' is not defined\n",
          "failures": "Traceback (most recent call last):\n  File \"/tmp/agentfix_rohbiq5v/test_candidate.py\", line 18, in <module>\n    check(max_fill)\n  File \"/tmp/agentfix_rohbiq5v/test_candidate.py\", line 9, in check\n    assert max_fill([[0,0,1,0], [0,1,0,0], [1,1,1,1]], 1) == 6, \"Error\"\n           ^^^^^^^^^^^^^^^^^^^^^^^^^^^^^^^^^^^^^^^^^^^^^^\n  File \"/tmp/agentfix_rohbiq5v/candidate.py\", line 2, in max_fill\n    return sum([math.floor(sum(arr) / capacity) for arr in grid])\n               ^^^^^^^^^^^^^^^^^^^^^^^^^^^^^^^^^^^^^^^^^^^^^^^^^\n  File \"/tmp/agentfix_rohbiq5v/candidate.py\", line 2, in <listcomp>\n    return sum([math.floor(sum(arr) / capacity) for arr in grid])\n                ^^^^\nNameError: name 'math' is not defined",
          "duration_s": 0.096
        }
      ],
      "wall_time_s": 1.128
    },
    {
      "task_id": "Python/116",
      "passed": false,
      "steps_used": 1,
      "trace": [
        {
          "step": 0,
          "patch": "def sort_array(arr):\n    return sorted(sorted(arr), key=lambda x: arr.count('1'))",
          "passed": false,
          "stdout": "",
          "stderr": "Traceback (most recent call last):\n  File \"/tmp/agentfix_l434evna/test_candidate.py\", line 20, in <module>\n    check(sort_array)\n  File \"/tmp/agentfix_l434evna/test_candidate.py\", line 8, in check\n    assert sort_array([1,5,2,3,4]) == [1, 2, 4, 3, 5]\n           ^^^^^^^^^^^^^^^^^^^^^^^^^^^^^^^^^^^^^^^^^^\nAssertionError\n",
          "failures": "Traceback (most recent call last):\n  File \"/tmp/agentfix_l434evna/test_candidate.py\", line 20, in <module>\n    check(sort_array)\n  File \"/tmp/agentfix_l434evna/test_candidate.py\", line 8, in check\n    assert sort_array([1,5,2,3,4]) == [1, 2, 4, 3, 5]\n           ^^^^^^^^^^^^^^^^^^^^^^^^^^^^^^^^^^^^^^^^^^\nAssertionError",
          "duration_s": 0.098
        }
      ],
      "wall_time_s": 0.999
    },
    {
      "task_id": "Python/117",
      "passed": true,
      "steps_used": 1,
      "trace": [
        {
          "step": 0,
          "patch": "def select_words(s, n):\n    result = []\n    for word in s.split():\n        n_consonants = sum(1 for char in word if char.lower() not in \"aeiou\")\n        if n_consonants == n:\n            result.append(word)\n    return result",
          "passed": true,
          "stdout": "",
          "stderr": "",
          "failures": "",
          "duration_s": 0.094
        }
      ],
      "wall_time_s": 2.258
    },
    {
      "task_id": "Python/118",
      "passed": false,
      "steps_used": 1,
      "trace": [
        {
          "step": 0,
          "patch": "def get_closest_vowel(word):\n    if len(word) < 3:\n        return \" \"\n\n    vowels = {\"a\", \"e\", \"i\", \"o\", \"u\", \"A\", \"E\", 'O', 'U', 'I'}\n    for i in range(len(word)-2, 0, -1):\n        if word[i] in vowels:\n            if (word[i+1] not in vowels) and (word[i-1] not in vowels):\n                return word[i]\n    return \" \"",
          "passed": false,
          "stdout": "",
          "stderr": "Traceback (most recent call last):\n  File \"/tmp/agentfix_0wtr9_mk/test_candidate.py\", line 24, in <module>\n    check(get_closest_vowel)\n  File \"/tmp/agentfix_0wtr9_mk/test_candidate.py\", line 9, in check\n    assert get_closest_vowel(\"easy\") == \"\"\n           ^^^^^^^^^^^^^^^^^^^^^^^^^^^^^^^\nAssertionError\n",
          "failures": "Traceback (most recent call last):\n  File \"/tmp/agentfix_0wtr9_mk/test_candidate.py\", line 24, in <module>\n    check(get_closest_vowel)\n  File \"/tmp/agentfix_0wtr9_mk/test_candidate.py\", line 9, in check\n    assert get_closest_vowel(\"easy\") == \"\"\n           ^^^^^^^^^^^^^^^^^^^^^^^^^^^^^^^\nAssertionError",
          "duration_s": 0.111
        }
      ],
      "wall_time_s": 3.917
    },
    {
      "task_id": "Python/119",
      "passed": false,
      "steps_used": 1,
      "trace": [
        {
          "step": 0,
          "patch": "def match_parens(s):\n    val = 0\n    for i in s:\n        if i == '(':\n            val += 1\n        else:\n            val -= 1\n        if val < 0:\n            return False\n    return val == 0",
          "passed": false,
          "stdout": "",
          "stderr": "Traceback (most recent call last):\n  File \"/tmp/agentfix_emig91hy/test_candidate.py\", line 23, in <module>\n    check(match_parens)\n  File \"/tmp/agentfix_emig91hy/test_candidate.py\", line 7, in check\n    assert match_parens(['()(', ')']) == 'Yes'\n           ^^^^^^^^^^^^^^^^^^^^^^^^^^^^^^^^^^^\nAssertionError\n",
          "failures": "Traceback (most recent call last):\n  File \"/tmp/agentfix_emig91hy/test_candidate.py\", line 23, in <module>\n    check(match_parens)\n  File \"/tmp/agentfix_emig91hy/test_candidate.py\", line 7, in check\n    assert match_parens(['()(', ')']) == 'Yes'\n           ^^^^^^^^^^^^^^^^^^^^^^^^^^^^^^^^^^^\nAssertionError",
          "duration_s": 0.093
        }
      ],
      "wall_time_s": 2.277
    },
    {
      "task_id": "Python/120",
      "passed": false,
      "steps_used": 1,
      "trace": [
        {
          "step": 0,
          "patch": "def maximum(arr, k):\n    if k == 0:\n        return []\n    arr.sort()\n    ans = arr[-k:]\n    return ans[::-1]",
          "passed": false,
          "stdout": "",
          "stderr": "Traceback (most recent call last):\n  File \"/tmp/agentfix_e2x3e5p3/test_candidate.py\", line 21, in <module>\n    check(maximum)\n  File \"/tmp/agentfix_e2x3e5p3/test_candidate.py\", line 7, in check\n    assert maximum([-3, -4, 5], 3) == [-4, -3, 5]\n           ^^^^^^^^^^^^^^^^^^^^^^^^^^^^^^^^^^^^^^\nAssertionError\n",
          "failures": "Traceback (most recent call last):\n  File \"/tmp/agentfix_e2x3e5p3/test_candidate.py\", line 21, in <module>\n    check(maximum)\n  File \"/tmp/agentfix_e2x3e5p3/test_candidate.py\", line 7, in check\n    assert maximum([-3, -4, 5], 3) == [-4, -3, 5]\n           ^^^^^^^^^^^^^^^^^^^^^^^^^^^^^^^^^^^^^^\nAssertionError",
          "duration_s": 0.095
        }
      ],
      "wall_time_s": 1.397
    },
    {
      "task_id": "Python/121",
      "passed": false,
      "steps_used": 1,
      "trace": [
        {
          "step": 0,
          "patch": "def solution(lst):\n    return sum([x for idx, x in enumerate(lst) if idx%2==0 and x%2==0])",
          "passed": false,
          "stdout": "",
          "stderr": "Traceback (most recent call last):\n  File \"/tmp/agentfix_adpt19qx/test_candidate.py\", line 17, in <module>\n    check(solution)\n  File \"/tmp/agentfix_adpt19qx/test_candidate.py\", line 7, in check\n    assert solution([5, 8, 7, 1])    == 12\n           ^^^^^^^^^^^^^^^^^^^^^^^^^^^^^^^\nAssertionError\n",
          "failures": "Traceback (most recent call last):\n  File \"/tmp/agentfix_adpt19qx/test_candidate.py\", line 17, in <module>\n    check(solution)\n  File \"/tmp/agentfix_adpt19qx/test_candidate.py\", line 7, in check\n    assert solution([5, 8, 7, 1])    == 12\n           ^^^^^^^^^^^^^^^^^^^^^^^^^^^^^^^\nAssertionError",
          "duration_s": 0.094
        }
      ],
      "wall_time_s": 1.308
    },
    {
      "task_id": "Python/122",
      "passed": false,
      "steps_used": 1,
      "trace": [
        {
          "step": 0,
          "patch": "def add_elements(arr):\n    return sum(elem for elem in arr if len(str(elem)) <= 2)",
          "passed": false,
          "stdout": "",
          "stderr": "Traceback (most recent call last):\n  File \"/tmp/agentfix_9o8dnrog/test_candidate.py\", line 15, in <module>\n    check(add_elements)\n  File \"/tmp/agentfix_9o8dnrog/test_candidate.py\", line 7, in check\n    assert add_elements([1,-2,-3,41,57,76,87,88,99], 3) == -4\n           ^^^^^^^^^^^^^^^^^^^^^^^^^^^^^^^^^^^^^^^^^^^^\nTypeError: add_elements() takes 1 positional argument but 2 were given\n",
          "failures": "Traceback (most recent call last):\n  File \"/tmp/agentfix_9o8dnrog/test_candidate.py\", line 15, in <module>\n    check(add_elements)\n  File \"/tmp/agentfix_9o8dnrog/test_candidate.py\", line 7, in check\n    assert add_elements([1,-2,-3,41,57,76,87,88,99], 3) == -4\n           ^^^^^^^^^^^^^^^^^^^^^^^^^^^^^^^^^^^^^^^^^^^^\nTypeError: add_elements() takes 1 positional argument but 2 were given",
          "duration_s": 0.095
        }
      ],
      "wall_time_s": 1.047
    },
    {
      "task_id": "Python/123",
      "passed": false,
      "steps_used": 1,
      "trace": [
        {
          "step": 0,
          "patch": "def get_odd_collatz(n):\n    odd_collatz = []\n    while n > 1:\n        if n % 2 == 0:\n            n = n / 2\n        else:\n            n = n * 2 + 1\n            \n        if n % 2 == 1:\n            odd_collatz.append(int(n))\n    \n    return sorted(odd_collatz)",
          "passed": false,
          "stdout": "",
          "stderr": "Traceback (most recent call last):\n  File \"/tmp/agentfix_1x_3_lua/test_candidate.py\", line 14, in <module>\n    check(get_odd_collatz)\n  File \"/tmp/agentfix_1x_3_lua/test_candidate.py\", line 7, in check\n    assert get_odd_collatz(14) == [1, 5, 7, 11, 13, 17]\n           ^^^^^^^^^^^^^^^^^^^^^^^^^^^^^^^^^^^^^^^^^^^^\nAssertionError\n",
          "failures": "Traceback (most recent call last):\n  File \"/tmp/agentfix_1x_3_lua/test_candidate.py\", line 14, in <module>\n    check(get_odd_collatz)\n  File \"/tmp/agentfix_1x_3_lua/test_candidate.py\", line 7, in check\n    assert get_odd_collatz(14) == [1, 5, 7, 11, 13, 17]\n           ^^^^^^^^^^^^^^^^^^^^^^^^^^^^^^^^^^^^^^^^^^^^\nAssertionError",
          "duration_s": 0.095
        }
      ],
      "wall_time_s": 2.932
    },
    {
      "task_id": "Python/124",
      "passed": false,
      "steps_used": 1,
      "trace": [
        {
          "step": 0,
          "patch": "def valid_date(date):\n    try:\n        date = date.strip()\n        day, month, year = date.split('-')\n        day, month, year = int(day), int(month), int(year)\n        if month < 1 or month > 12:\n            return False\n        if month in [1,3,5,7,8,10,12] and day < 1 or day > 31:\n            return False\n        if month in [4,6,9,11] and day < 1 or day > 30:\n            return False\n        if month == 2 and day < 1 or day > 29:\n            return False\n    except ValueError:\n        return False\n    return True",
          "passed": false,
          "stdout": "",
          "stderr": "Traceback (most recent call last):\n  File \"/tmp/agentfix__1f_iw3a/test_candidate.py\", line 39, in <module>\n    check(valid_date)\n  File \"/tmp/agentfix__1f_iw3a/test_candidate.py\", line 9, in check\n    assert valid_date('15-01-2012') == False\n           ^^^^^^^^^^^^^^^^^^^^^^^^^^^^^^^^^\nAssertionError\n",
          "failures": "Traceback (most recent call last):\n  File \"/tmp/agentfix__1f_iw3a/test_candidate.py\", line 39, in <module>\n    check(valid_date)\n  File \"/tmp/agentfix__1f_iw3a/test_candidate.py\", line 9, in check\n    assert valid_date('15-01-2012') == False\n           ^^^^^^^^^^^^^^^^^^^^^^^^^^^^^^^^^\nAssertionError",
          "duration_s": 0.095
        }
      ],
      "wall_time_s": 5.603
    },
    {
      "task_id": "Python/125",
      "passed": false,
      "steps_used": 1,
      "trace": [
        {
          "step": 0,
          "patch": "def split_words(txt):\n    if \" \" in txt:\n        return txt.split()\n    elif \",\" in txt:\n        return txt.replace(',', ' ').split()\n    else:\n        return [i for i in txt if i.islower() and ord(i) % 2 == 0]",
          "passed": false,
          "stdout": "",
          "stderr": "Traceback (most recent call last):\n  File \"/tmp/agentfix_ye1lu082/test_candidate.py\", line 15, in <module>\n    check(split_words)\n  File \"/tmp/agentfix_ye1lu082/test_candidate.py\", line 10, in check\n    assert split_words(\"abcdef\") == 3\n           ^^^^^^^^^^^^^^^^^^^^^^^^^^\nAssertionError\n",
          "failures": "Traceback (most recent call last):\n  File \"/tmp/agentfix_ye1lu082/test_candidate.py\", line 15, in <module>\n    check(split_words)\n  File \"/tmp/agentfix_ye1lu082/test_candidate.py\", line 10, in check\n    assert split_words(\"abcdef\") == 3\n           ^^^^^^^^^^^^^^^^^^^^^^^^^^\nAssertionError",
          "duration_s": 0.095
        }
      ],
      "wall_time_s": 2.259
    },
    {
      "task_id": "Python/126",
      "passed": false,
      "steps_used": 1,
      "trace": [
        {
          "step": 0,
          "patch": "def is_sorted(lst):\n    for i in range(1, len(lst)):\n        if lst[i-1] > lst[i]:\n            return False\n    return True",
          "passed": false,
          "stdout": "",
          "stderr": "Traceback (most recent call last):\n  File \"/tmp/agentfix_dblsvc4d/test_candidate.py\", line 23, in <module>\n    check(is_sorted)\n  File \"/tmp/agentfix_dblsvc4d/test_candidate.py\", line 18, in check\n    assert is_sorted([1, 2, 2, 2, 3, 4]) == False, \"This prints if this assert fails 5 (good for debugging!)\"\n           ^^^^^^^^^^^^^^^^^^^^^^^^^^^^^^^^^^^^^^\nAssertionError: This prints if this assert fails 5 (good for debugging!)\n",
          "failures": "Traceback (most recent call last):\n  File \"/tmp/agentfix_dblsvc4d/test_candidate.py\", line 23, in <module>\n    check(is_sorted)\n  File \"/tmp/agentfix_dblsvc4d/test_candidate.py\", line 18, in check\n    assert is_sorted([1, 2, 2, 2, 3, 4]) == False, \"This prints if this assert fails 5 (good for debugging!)\"\n           ^^^^^^^^^^^^^^^^^^^^^^^^^^^^^^^^^^^^^^\nAssertionError: This prints if this assert fails 5 (good for debugging!)",
          "duration_s": 0.095
        }
      ],
      "wall_time_s": 1.491
    },
    {
      "task_id": "Python/127",
      "passed": false,
      "steps_used": 1,
      "trace": [
        {
          "step": 0,
          "patch": "def intersection(interval1, interval2):\n    l = max(interval1[0], interval2[0])\n    r = min(interval1[1], interval2[1])\n    length = r - l\n    if length > 0:\n        return \"YES\"\n    return \"NO\"",
          "passed": false,
          "stdout": "",
          "stderr": "Traceback (most recent call last):\n  File \"/tmp/agentfix_q92wmagy/test_candidate.py\", line 18, in <module>\n    check(intersection)\n  File \"/tmp/agentfix_q92wmagy/test_candidate.py\", line 8, in check\n    assert intersection((-1, 1), (0, 4)) == \"NO\"\n           ^^^^^^^^^^^^^^^^^^^^^^^^^^^^^^^^^^^^^\nAssertionError\n",
          "failures": "Traceback (most recent call last):\n  File \"/tmp/agentfix_q92wmagy/test_candidate.py\", line 18, in <module>\n    check(intersection)\n  File \"/tmp/agentfix_q92wmagy/test_candidate.py\", line 8, in check\n    assert intersection((-1, 1), (0, 4)) == \"NO\"\n           ^^^^^^^^^^^^^^^^^^^^^^^^^^^^^^^^^^^^^\nAssertionError",
          "duration_s": 0.093
        }
      ],
      "wall_time_s": 2.393
    },
    {
      "task_id": "Python/128",
      "passed": false,
      "steps_used": 1,
      "trace": [
        {
          "step": 0,
          "patch": "def prod_signs(arr):\n    if not arr: return None\n    prod = 0 if 0 in arr else (-1) ** 2 * len(list(filter(lambda x: x < 0, arr)))\n    return prod * sum([abs(i) for i in arr])",
          "passed": false,
          "stdout": "",
          "stderr": "Traceback (most recent call last):\n  File \"/tmp/agentfix_gx0bcq_l/test_candidate.py\", line 20, in <module>\n    check(prod_signs)\n  File \"/tmp/agentfix_gx0bcq_l/test_candidate.py\", line 8, in check\n    assert prod_signs([1, 2, 2, -4]) == -9\n           ^^^^^^^^^^^^^^^^^^^^^^^^^^^^^^^\nAssertionError\n",
          "failures": "Traceback (most recent call last):\n  File \"/tmp/agentfix_gx0bcq_l/test_candidate.py\", line 20, in <module>\n    check(prod_signs)\n  File \"/tmp/agentfix_gx0bcq_l/test_candidate.py\", line 8, in check\n    assert prod_signs([1, 2, 2, -4]) == -9\n           ^^^^^^^^^^^^^^^^^^^^^^^^^^^^^^^\nAssertionError",
          "duration_s": 0.095
        }
      ],
      "wall_time_s": 2.246
    },
    {
      "task_id": "Python/129",
      "passed": true,
      "steps_used": 1,
      "trace": [
        {
          "step": 0,
          "patch": "def minPath(grid, k):\n    n = len(grid)\n    val = n * n + 1\n    for i in range(n):\n        for j in range(n):\n            if grid[i][j] == 1:\n                temp = []\n                if i != 0:\n                    temp.append(grid[i-1][j])\n\n                if j != 0:\n                    temp.append(grid[i][j-1])\n\n                if i != n - 1:\n                    temp.append(grid[i+1][j])\n\n                if j != n - 1:\n                    temp.append(grid[i][j+1])\n\n                val = min(temp)\n\n    ans = []\n    for i in range(k):\n        if i % 2 == 0:\n            ans.append(1)\n        else:\n            ans.append(val)\n    return ans",
          "passed": true,
          "stdout": "",
          "stderr": "",
          "failures": "",
          "duration_s": 0.096
        }
      ],
      "wall_time_s": 5.886
    },
    {
      "task_id": "Python/130",
      "passed": false,
      "steps_used": 1,
      "trace": [
        {
          "step": 0,
          "patch": "def tri(n):\n    if n == 0:\n        return [1]\n    my_tri = [1, 3]\n    for i in range(2, n + 1):\n        if i % 2 == 0:\n            my_tri.append(i / 2 + 1)\n        else:\n            my_tri.append(my_tri[i - 1] + my_tri[i - 2] + i + (i + 3) / 2)\n    return my_tri",
          "passed": false,
          "stdout": "",
          "stderr": "Traceback (most recent call last):\n  File \"/tmp/agentfix_leb60zkc/test_candidate.py\", line 21, in <module>\n    check(tri)\n  File \"/tmp/agentfix_leb60zkc/test_candidate.py\", line 8, in check\n    assert tri(3) == [1, 3, 2.0, 8.0]\n           ^^^^^^^^^^^^^^^^^^^^^^^^^^\nAssertionError\n",
          "failures": "Traceback (most recent call last):\n  File \"/tmp/agentfix_leb60zkc/test_candidate.py\", line 21, in <module>\n    check(tri)\n  File \"/tmp/agentfix_leb60zkc/test_candidate.py\", line 8, in check\n    assert tri(3) == [1, 3, 2.0, 8.0]\n           ^^^^^^^^^^^^^^^^^^^^^^^^^^\nAssertionError",
          "duration_s": 0.095
        }
      ],
      "wall_time_s": 3.676
    },
    {
      "task_id": "Python/131",
      "passed": true,
      "steps_used": 1,
      "trace": [
        {
          "step": 0,
          "patch": "def digits(n):\n    product = 1\n    odd_count = 0\n    for digit in str(n):\n        int_digit = int(digit)\n        if int_digit % 2 == 1:\n            product *= int_digit\n            odd_count += 1\n    if odd_count == 0:\n        return 0\n    else:\n        return product",
          "passed": true,
          "stdout": "",
          "stderr": "",
          "failures": "",
          "duration_s": 0.094
        }
      ],
      "wall_time_s": 2.795
    },
    {
      "task_id": "Python/132",
      "passed": false,
      "steps_used": 1,
      "trace": [
        {
          "step": 0,
          "patch": "def is_nested(string):\n    opening_bracket_index = []\n    closing_bracket_index = []\n    for i in range(len(string)):\n        if string[i] == '(':\n            opening_bracket_index.append(i)\n        else:\n            closing_bracket_index.append(i)\n    closing_bracket_index.reverse()\n    cnt = 0\n    i = 0\n    l = len(closing_bracket_index)\n    for idx in opening_bracket_index:\n        if i < l and idx < closing_bracket_index[i]:\n            cnt += 1\n            i += 1\n    return cnt >= 2",
          "passed": false,
          "stdout": "",
          "stderr": "Traceback (most recent call last):\n  File \"/tmp/agentfix_gi0oyz00/test_candidate.py\", line 24, in <module>\n    check(is_nested)\n  File \"/tmp/agentfix_gi0oyz00/test_candidate.py\", line 7, in check\n    assert is_nested('[[]]') == True, \"This prints if this assert fails 1 (good for debugging!)\"\n           ^^^^^^^^^^^^^^^^^^^^^^^^^\nAssertionError: This prints if this assert fails 1 (good for debugging!)\n",
          "failures": "Traceback (most recent call last):\n  File \"/tmp/agentfix_gi0oyz00/test_candidate.py\", line 24, in <module>\n    check(is_nested)\n  File \"/tmp/agentfix_gi0oyz00/test_candidate.py\", line 7, in check\n    assert is_nested('[[]]') == True, \"This prints if this assert fails 1 (good for debugging!)\"\n           ^^^^^^^^^^^^^^^^^^^^^^^^^\nAssertionError: This prints if this assert fails 1 (good for debugging!)",
          "duration_s": 0.095
        }
      ],
      "wall_time_s": 4.445
    },
    {
      "task_id": "Python/133",
      "passed": false,
      "steps_used": 1,
      "trace": [
        {
          "step": 0,
          "patch": "def sum_squares(lst):\n    squared = 0\n    for i in lst:\n        squared += math.ceil(i) * 2\n    return squared",
          "passed": false,
          "stdout": "",
          "stderr": "Traceback (most recent call last):\n  File \"/tmp/agentfix_502rtp7m/test_candidate.py\", line 24, in <module>\n    check(sum_squares)\n  File \"/tmp/agentfix_502rtp7m/test_candidate.py\", line 7, in check\n    assert sum_squares([1,2,3])==14, \"This prints if this assert fails 1 (good for debugging!)\"\n           ^^^^^^^^^^^^^^^^^^^^\n  File \"/tmp/agentfix_502rtp7m/candidate.py\", line 4, in sum_squares\n    squared += math.ceil(i) * 2\n               ^^^^\nNameError: name 'math' is not defined\n",
          "failures": "Traceback (most recent call last):\n  File \"/tmp/agentfix_502rtp7m/test_candidate.py\", line 24, in <module>\n    check(sum_squares)\n  File \"/tmp/agentfix_502rtp7m/test_candidate.py\", line 7, in check\n    assert sum_squares([1,2,3])==14, \"This prints if this assert fails 1 (good for debugging!)\"\n           ^^^^^^^^^^^^^^^^^^^^\n  File \"/tmp/agentfix_502rtp7m/candidate.py\", line 4, in sum_squares\n    squared += math.ceil(i) * 2\n               ^^^^\nNameError: name 'math' is not defined",
          "duration_s": 0.097
        }
      ],
      "wall_time_s": 1.428
    },
    {
      "task_id": "Python/134",
      "passed": false,
      "steps_used": 1,
      "trace": [
        {
          "step": 0,
          "patch": "def check_if_last_char_is_a_letter(txt):\n    return True if len(txt.split(' ')[-1]) == 1 and (97 <= ord(txt.split(' ')[-1].upper()) <= 122) else False",
          "passed": false,
          "stdout": "",
          "stderr": "Traceback (most recent call last):\n  File \"/tmp/agentfix_xlroidz9/test_candidate.py\", line 21, in <module>\n    check(check_if_last_char_is_a_letter)\n  File \"/tmp/agentfix_xlroidz9/test_candidate.py\", line 8, in check\n    assert check_if_last_char_is_a_letter(\"apple pi e\") == True\n           ^^^^^^^^^^^^^^^^^^^^^^^^^^^^^^^^^^^^^^^^^^^^^^^^^^^^\nAssertionError\n",
          "failures": "Traceback (most recent call last):\n  File \"/tmp/agentfix_xlroidz9/test_candidate.py\", line 21, in <module>\n    check(check_if_last_char_is_a_letter)\n  File \"/tmp/agentfix_xlroidz9/test_candidate.py\", line 8, in check\n    assert check_if_last_char_is_a_letter(\"apple pi e\") == True\n           ^^^^^^^^^^^^^^^^^^^^^^^^^^^^^^^^^^^^^^^^^^^^^^^^^^^^\nAssertionError",
          "duration_s": 0.095
        }
      ],
      "wall_time_s": 1.921
    },
    {
      "task_id": "Python/135",
      "passed": true,
      "steps_used": 1,
      "trace": [
        {
          "step": 0,
          "patch": "def can_arrange(arr):\n    ind = -1\n    i = 1\n    while i < len(arr):\n        if arr[i] < arr[i - 1]:\n            ind = i\n        i += 1\n    return ind",
          "passed": true,
          "stdout": "",
          "stderr": "",
          "failures": "",
          "duration_s": 0.095
        }
      ],
      "wall_time_s": 2.028
    },
    {
      "task_id": "Python/136",
      "passed": false,
      "steps_used": 1,
      "trace": [
        {
          "step": 0,
          "patch": "def largest_smallest_integers(lst):\n    smallest = list(filter(lambda x: x < 0, lst))\n    largest = list(filter(lambda x: x > 0, lst))\n    largest = list(filter(lambda x: x > 0, smallest))\n    smallest = list(filter(lambda x: x > 0, largest))\n    return (max(smallest) if smallest else None, min(largest) if largest else None)",
          "passed": false,
          "stdout": "",
          "stderr": "Traceback (most recent call last):\n  File \"/tmp/agentfix_uwb3u5ig/test_candidate.py\", line 22, in <module>\n    check(largest_smallest_integers)\n  File \"/tmp/agentfix_uwb3u5ig/test_candidate.py\", line 7, in check\n    assert largest_smallest_integers([2, 4, 1, 3, 5, 7]) == (None, 1)\n           ^^^^^^^^^^^^^^^^^^^^^^^^^^^^^^^^^^^^^^^^^^^^^^^^^^^^^^^^^^\nAssertionError\n",
          "failures": "Traceback (most recent call last):\n  File \"/tmp/agentfix_uwb3u5ig/test_candidate.py\", line 22, in <module>\n    check(largest_smallest_integers)\n  File \"/tmp/agentfix_uwb3u5ig/test_candidate.py\", line 7, in check\n    assert largest_smallest_integers([2, 4, 1, 3, 5, 7]) == (None, 1)\n           ^^^^^^^^^^^^^^^^^^^^^^^^^^^^^^^^^^^^^^^^^^^^^^^^^^^^^^^^^^\nAssertionError",
          "duration_s": 0.095
        }
      ],
      "wall_time_s": 3.258
    },
    {
      "task_id": "Python/137",
      "passed": false,
      "steps_used": 1,
      "trace": [
        {
          "step": 0,
          "patch": "def compare_one(a, b):\n    temp_a, temp_b = a, b\n    if isinstance(temp_a, str): temp_a = temp_a.replace(',', '.').replace('.', ',')\n    if isinstance(temp_b, str): temp_b = temp_b.replace(',', '.').replace('.', ',')\n    if float(temp_a) == float(temp_b): return None\n    return a if float(temp_a) > float(temp_b) else b",
          "passed": false,
          "stdout": "",
          "stderr": "Traceback (most recent call last):\n  File \"/tmp/agentfix_6gyna34z/test_candidate.py\", line 19, in <module>\n    check(compare_one)\n  File \"/tmp/agentfix_6gyna34z/test_candidate.py\", line 11, in check\n    assert compare_one(1, \"2,3\") == \"2,3\"\n           ^^^^^^^^^^^^^^^^^^^^^\n  File \"/tmp/agentfix_6gyna34z/candidate.py\", line 5, in compare_one\n    if float(temp_a) == float(temp_b): return None\n                        ^^^^^^^^^^^^^\nValueError: could not convert string to float: '2,3'\n",
          "failures": "Traceback (most recent call last):\n  File \"/tmp/agentfix_6gyna34z/test_candidate.py\", line 19, in <module>\n    check(compare_one)\n  File \"/tmp/agentfix_6gyna34z/test_candidate.py\", line 11, in check\n    assert compare_one(1, \"2,3\") == \"2,3\"\n           ^^^^^^^^^^^^^^^^^^^^^\n  File \"/tmp/agentfix_6gyna34z/candidate.py\", line 5, in compare_one\n    if float(temp_a) == float(temp_b): return None\n                        ^^^^^^^^^^^^^\nValueError: could not convert string to float: '2,3'",
          "duration_s": 0.096
        }
      ],
      "wall_time_s": 3.35
    },
    {
      "task_id": "Python/138",
      "passed": true,
      "steps_used": 1,
      "trace": [
        {
          "step": 0,
          "patch": "def is_equal_to_sum_even(n):\n    return n % 2 == 0 and n >= 8 and n <= 16",
          "passed": true,
          "stdout": "",
          "stderr": "",
          "failures": "",
          "duration_s": 0.094
        }
      ],
      "wall_time_s": 1.276
    },
    {
      "task_id": "Python/139",
      "passed": true,
      "steps_used": 1,
      "trace": [
        {
          "step": 0,
          "patch": "def special_factorial(n):\n    fact_i = 1\n    special_fact = 1\n    for i in range(1, n+1):\n        fact_i *= i\n        special_fact *= fact_i\n    return special_fact",
          "passed": true,
          "stdout": "",
          "stderr": "",
          "failures": "",
          "duration_s": 0.094
        }
      ],
      "wall_time_s": 1.964
    },
    {
      "task_id": "Python/140",
      "passed": false,
      "steps_used": 1,
      "trace": [
        {
          "step": 0,
          "patch": "def fix_spaces(text):\n    new_text = \"\"\n    i = 0\n    start, end = 0, 0\n    while i < len(text):\n        if text[i] == \" \":\n            end += 1\n        else:\n            if end - start > 2:\n                new_text += \"-\"+text[i]\n            elif end - start > 0:\n                new_text += \"_\"*(end - start)+text[i]\n            else:\n                new_text += text[i]\n            start, end = i+1, i+1\n        i+=1\n    if end - start > 2:\n        new_text += \"-\"\n    elif end - start > 0:\n        new_text += \"__\"\n    return new_text",
          "passed": false,
          "stdout": "",
          "stderr": "Traceback (most recent call last):\n  File \"/tmp/agentfix_mvx1wy2s/test_candidate.py\", line 15, in <module>\n    check(fix_spaces)\n  File \"/tmp/agentfix_mvx1wy2s/test_candidate.py\", line 8, in check\n    assert fix_spaces(\"Mudasir Hanif \") == \"Mudasir_Hanif_\", \"This prints if this assert fails 2 (good for debugging!)\"\n           ^^^^^^^^^^^^^^^^^^^^^^^^^^^^^^^^^^^^^^^^^^^^^^^^\nAssertionError: This prints if this assert fails 2 (good for debugging!)\n",
          "failures": "Traceback (most recent call last):\n  File \"/tmp/agentfix_mvx1wy2s/test_candidate.py\", line 15, in <module>\n    check(fix_spaces)\n  File \"/tmp/agentfix_mvx1wy2s/test_candidate.py\", line 8, in check\n    assert fix_spaces(\"Mudasir Hanif \") == \"Mudasir_Hanif_\", \"This prints if this assert fails 2 (good for debugging!)\"\n           ^^^^^^^^^^^^^^^^^^^^^^^^^^^^^^^^^^^^^^^^^^^^^^^^\nAssertionError: This prints if this assert fails 2 (good for debugging!)",
          "duration_s": 0.094
        }
      ],
      "wall_time_s": 5.388
    },
    {
      "task_id": "Python/141",
      "passed": false,
      "steps_used": 1,
      "trace": [
        {
          "step": 0,
          "patch": "def file_name_check(file_name):\n    suf = ['txt', 'exe', 'dll']\n    lst = file_name.split('.')\n    if len(lst) != 2:\n        return 'No'\n    if len(lst[0]) == 0:\n        return 'No'\n    if not lst[0][0].isalpha():\n        return 'No'\n    t = len([x for x in lst[0] if x.isdigit()])\n    if t > 3:\n        return 'No'\n    return 'Yes'",
          "passed": false,
          "stdout": "",
          "stderr": "Traceback (most recent call last):\n  File \"/tmp/agentfix_x4pembjx/test_candidate.py\", line 38, in <module>\n    check(file_name_check)\n  File \"/tmp/agentfix_x4pembjx/test_candidate.py\", line 9, in check\n    assert file_name_check('s1sdf3.asd') == 'No'\n           ^^^^^^^^^^^^^^^^^^^^^^^^^^^^^^^^^^^^^\nAssertionError\n",
          "failures": "Traceback (most recent call last):\n  File \"/tmp/agentfix_x4pembjx/test_candidate.py\", line 38, in <module>\n    check(file_name_check)\n  File \"/tmp/agentfix_x4pembjx/test_candidate.py\", line 9, in check\n    assert file_name_check('s1sdf3.asd') == 'No'\n           ^^^^^^^^^^^^^^^^^^^^^^^^^^^^^^^^^^^^^\nAssertionError",
          "duration_s": 0.096
        }
      ],
      "wall_time_s": 3.857
    },
    {
      "task_id": "Python/142",
      "passed": false,
      "steps_used": 1,
      "trace": [
        {
          "step": 0,
          "patch": "def sum_squares(lst):\n    return sum(x**2 if i % 3 == 0 else x**3 for i, x in enumerate(lst))",
          "passed": false,
          "stdout": "",
          "stderr": "Traceback (most recent call last):\n  File \"/tmp/agentfix_usogc5d_/test_candidate.py\", line 23, in <module>\n    check(sum_squares)\n  File \"/tmp/agentfix_usogc5d_/test_candidate.py\", line 8, in check\n    assert sum_squares([1,2,3]) == 6\n           ^^^^^^^^^^^^^^^^^^^^^^^^^\nAssertionError\n",
          "failures": "Traceback (most recent call last):\n  File \"/tmp/agentfix_usogc5d_/test_candidate.py\", line 23, in <module>\n    check(sum_squares)\n  File \"/tmp/agentfix_usogc5d_/test_candidate.py\", line 8, in check\n    assert sum_squares([1,2,3]) == 6\n           ^^^^^^^^^^^^^^^^^^^^^^^^^\nAssertionError",
          "duration_s": 0.094
        }
      ],
      "wall_time_s": 1.375
    },
    {
      "task_id": "Python/143",
      "passed": false,
      "steps_used": 1,
      "trace": [
        {
          "step": 0,
          "patch": "def words_in_sentence(sentence):\n    new_lst = []\n    for word in sentence.split():\n        flg = 0\n        for i in range(2, len(word)):\n            if len(word) % i == 0:\n                flg = 1\n        if flg == 0 or len(word) == 2:\n            new_lst.append(word)\n    return \" \".join(new_lst)",
          "passed": false,
          "stdout": "",
          "stderr": "Traceback (most recent call last):\n  File \"/tmp/agentfix_2mh8_dqr/test_candidate.py\", line 17, in <module>\n    check(words_in_sentence)\n  File \"/tmp/agentfix_2mh8_dqr/test_candidate.py\", line 7, in check\n    assert words_in_sentence(\"This is a test\") == \"is\"\n           ^^^^^^^^^^^^^^^^^^^^^^^^^^^^^^^^^^^^^^^^^^^\nAssertionError\n",
          "failures": "Traceback (most recent call last):\n  File \"/tmp/agentfix_2mh8_dqr/test_candidate.py\", line 17, in <module>\n    check(words_in_sentence)\n  File \"/tmp/agentfix_2mh8_dqr/test_candidate.py\", line 7, in check\n    assert words_in_sentence(\"This is a test\") == \"is\"\n           ^^^^^^^^^^^^^^^^^^^^^^^^^^^^^^^^^^^^^^^^^^^\nAssertionError",
          "duration_s": 0.093
        }
      ],
      "wall_time_s": 3.04
    },
    {
      "task_id": "Python/144",
      "passed": false,
      "steps_used": 1,
      "trace": [
        {
          "step": 0,
          "patch": "def simplify(x, n):\n    a, b = x.split(\"/\")\n    c, d = n.split(\"/\")\n    a = int(b) * int(c)\n    d = int(c) * int(b)\n    numerator = int(a) * int(c)\n    denom = int(b) * int(d)\n    return numerator == denom",
          "passed": false,
          "stdout": "",
          "stderr": "Traceback (most recent call last):\n  File \"/tmp/agentfix_u5howjhx/test_candidate.py\", line 24, in <module>\n    check(simplify)\n  File \"/tmp/agentfix_u5howjhx/test_candidate.py\", line 9, in check\n    assert simplify(\"5/1\", \"3/1\") == True, 'test3'\n           ^^^^^^^^^^^^^^^^^^^^^^^^^^^^^^\nAssertionError: test3\n",
          "failures": "Traceback (most recent call last):\n  File \"/tmp/agentfix_u5howjhx/test_candidate.py\", line 24, in <module>\n    check(simplify)\n  File \"/tmp/agentfix_u5howjhx/test_candidate.py\", line 9, in check\n    assert simplify(\"5/1\", \"3/1\") == True, 'test3'\n           ^^^^^^^^^^^^^^^^^^^^^^^^^^^^^^\nAssertionError: test3",
          "duration_s": 0.096
        }
      ],
      "wall_time_s": 2.591
    },
    {
      "task_id": "Python/145",
      "passed": false,
      "steps_used": 1,
      "trace": [
        {
          "step": 0,
          "patch": "def order_by_points(nums):\n    neg = 1\n    if nums[0] < 0: nums[0], neg = -1 * nums[0], -1 + nums[0]\n    nums = [int(i) for i in str(nums[0])]\n    nums[0] = nums[0] * neg\n    return sorted(nums, key=digits_sum)",
          "passed": false,
          "stdout": "",
          "stderr": "Traceback (most recent call last):\n  File \"/tmp/agentfix_la42b3md/test_candidate.py\", line 17, in <module>\n    check(order_by_points)\n  File \"/tmp/agentfix_la42b3md/test_candidate.py\", line 7, in check\n    assert order_by_points([1, 11, -1, -11, -12]) == [-1, -11, 1, -12, 11]\n           ^^^^^^^^^^^^^^^^^^^^^^^^^^^^^^^^^^^^^^\n  File \"/tmp/agentfix_la42b3md/candidate.py\", line 6, in order_by_points\n    return sorted(nums, key=digits_sum)\n                            ^^^^^^^^^^\nNameError: name 'digits_sum' is not defined\n",
          "failures": "Traceback (most recent call last):\n  File \"/tmp/agentfix_la42b3md/test_candidate.py\", line 17, in <module>\n    check(order_by_points)\n  File \"/tmp/agentfix_la42b3md/test_candidate.py\", line 7, in check\n    assert order_by_points([1, 11, -1, -11, -12]) == [-1, -11, 1, -12, 11]\n           ^^^^^^^^^^^^^^^^^^^^^^^^^^^^^^^^^^^^^^\n  File \"/tmp/agentfix_la42b3md/candidate.py\", line 6, in order_by_points\n    return sorted(nums, key=digits_sum)\n                            ^^^^^^^^^^\nNameError: name 'digits_sum' is not defined",
          "duration_s": 0.095
        }
      ],
      "wall_time_s": 2.928
    },
    {
      "task_id": "Python/146",
      "passed": true,
      "steps_used": 1,
      "trace": [
        {
          "step": 0,
          "patch": "def specialFilter(nums):\n    count = 0\n    for num in nums:\n        if num > 10:\n            odd_digits = (1, 3, 5, 7, 9)\n            number_as_string = str(num)\n            if int(number_as_string[0]) in odd_digits and int(number_as_string[-1]) in odd_digits:\n                count += 1\n        \n    return count",
          "passed": true,
          "stdout": "",
          "stderr": "",
          "failures": "",
          "duration_s": 0.095
        }
      ],
      "wall_time_s": 3.128
    },
    {
      "task_id": "Python/147",
      "passed": false,
      "steps_used": 1,
      "trace": [
        {
          "step": 0,
          "patch": "def get_max_triples(n):\n    A = [i*i for i in range(1, n+1)]\n    ans = []\n    for i in range(n):\n        for j in range(i+1, n):\n            for k in range(j+1, n):\n                if (A[i] + A[j] + A[k]) % 3 == 0:\n                    ans.append((A[i], A[j], A[k]))\n    return len(ans)",
          "passed": false,
          "stdout": "",
          "stderr": "Traceback (most recent call last):\n  File \"/tmp/agentfix_lrsewokv/test_candidate.py\", line 11, in <module>\n    check(get_max_triples)\n  File \"/tmp/agentfix_lrsewokv/test_candidate.py\", line 6, in check\n    assert get_max_triples(5) == 1\n           ^^^^^^^^^^^^^^^^^^^^^^^\nAssertionError\n",
          "failures": "Traceback (most recent call last):\n  File \"/tmp/agentfix_lrsewokv/test_candidate.py\", line 11, in <module>\n    check(get_max_triples)\n  File \"/tmp/agentfix_lrsewokv/test_candidate.py\", line 6, in check\n    assert get_max_triples(5) == 1\n           ^^^^^^^^^^^^^^^^^^^^^^^\nAssertionError",
          "duration_s": 0.096
        }
      ],
      "wall_time_s": 3.485
    },
    {
      "task_id": "Python/148",
      "passed": true,
      "steps_used": 1,
      "trace": [
        {
          "step": 0,
          "patch": "def bf(planet1, planet2):\n    planet_names = (\"Mercury\", \"Venus\", \"Earth\", \"Mars\", \"Jupiter\", \"Saturn\", \"Uranus\", \"Neptune\")\n    if planet1 not in planet_names or planet2 not in planet_names or planet1 == planet2:\n        return ()\n    planet1_index = planet_names.index(planet1)\n    planet2_index = planet_names.index(planet2)\n    if planet1_index < planet2_index:\n        return planet_names[planet1_index + 1: planet2_index]\n    else:\n        return planet_names[planet2_index + 1: planet1_index]",
          "passed": true,
          "stdout": "",
          "stderr": "",
          "failures": "",
          "duration_s": 0.094
        }
      ],
      "wall_time_s": 4.942
    },
    {
      "task_id": "Python/149",
      "passed": false,
      "steps_used": 1,
      "trace": [
        {
          "step": 0,
          "patch": "def sorted_list_sum(lst):\n    lst.sort()\n    new_lst = [i for i in lst if len(i) % 2 == 0]\n    return sum(new_lst)",
          "passed": false,
          "stdout": "",
          "stderr": "Traceback (most recent call last):\n  File \"/tmp/agentfix_7i1_mbrx/test_candidate.py\", line 17, in <module>\n    check(sorted_list_sum)\n  File \"/tmp/agentfix_7i1_mbrx/test_candidate.py\", line 7, in check\n    assert sorted_list_sum([\"aa\", \"a\", \"aaa\"]) == [\"aa\"]\n           ^^^^^^^^^^^^^^^^^^^^^^^^^^^^^^^^^^^\n  File \"/tmp/agentfix_7i1_mbrx/candidate.py\", line 4, in sorted_list_sum\n    return sum(new_lst)\n           ^^^^^^^^^^^^\nTypeError: unsupported operand type(s) for +: 'int' and 'str'\n",
          "failures": "Traceback (most recent call last):\n  File \"/tmp/agentfix_7i1_mbrx/test_candidate.py\", line 17, in <module>\n    check(sorted_list_sum)\n  File \"/tmp/agentfix_7i1_mbrx/test_candidate.py\", line 7, in check\n    assert sorted_list_sum([\"aa\", \"a\", \"aaa\"]) == [\"aa\"]\n           ^^^^^^^^^^^^^^^^^^^^^^^^^^^^^^^^^^^\n  File \"/tmp/agentfix_7i1_mbrx/candidate.py\", line 4, in sorted_list_sum\n    return sum(new_lst)\n           ^^^^^^^^^^^^\nTypeError: unsupported operand type(s) for +: 'int' and 'str'",
          "duration_s": 0.097
        }
      ],
      "wall_time_s": 1.57
    },
    {
      "task_id": "Python/150",
      "passed": true,
      "steps_used": 1,
      "trace": [
        {
          "step": 0,
          "patch": "def x_or_y(n, x, y):\n    if n == 1:\n        return y\n    for i in range(2, n):\n        if n % i == 0:\n            return y\n            break\n    else:\n        return x",
          "passed": true,
          "stdout": "",
          "stderr": "",
          "failures": "",
          "duration_s": 0.095
        }
      ],
      "wall_time_s": 2.147
    },
    {
      "task_id": "Python/151",
      "passed": false,
      "steps_used": 1,
      "trace": [
        {
          "step": 0,
          "patch": "def double_the_difference(lst):\n    return sum([i**2 for i in lst if i > 0 and \".\" not in str(i)])",
          "passed": false,
          "stdout": "",
          "stderr": "Traceback (most recent call last):\n  File \"/tmp/agentfix_tkb4svmt/test_candidate.py\", line 20, in <module>\n    check(double_the_difference)\n  File \"/tmp/agentfix_tkb4svmt/test_candidate.py\", line 8, in check\n    assert double_the_difference([5, 4]) == 25 , \"This prints if this assert fails 2 (good for debugging!)\"\n           ^^^^^^^^^^^^^^^^^^^^^^^^^^^^^^^^^^^\nAssertionError: This prints if this assert fails 2 (good for debugging!)\n",
          "failures": "Traceback (most recent call last):\n  File \"/tmp/agentfix_tkb4svmt/test_candidate.py\", line 20, in <module>\n    check(double_the_difference)\n  File \"/tmp/agentfix_tkb4svmt/test_candidate.py\", line 8, in check\n    assert double_the_difference([5, 4]) == 25 , \"This prints if this assert fails 2 (good for debugging!)\"\n           ^^^^^^^^^^^^^^^^^^^^^^^^^^^^^^^^^^^\nAssertionError: This prints if this assert fails 2 (good for debugging!)",
          "duration_s": 0.109
        }
      ],
      "wall_time_s": 1.321
    },
    {
      "task_id": "Python/152",
      "passed": false,
      "steps_used": 1,
      "trace": [
        {
          "step": 0,
          "patch": "def compare(game, guess):\n    return [abs(x - y) + abs(y - x) for x, y in zip(game, guess)]",
          "passed": false,
          "stdout": "",
          "stderr": "Traceback (most recent call last):\n  File \"/tmp/agentfix_dhpf5yse/test_candidate.py\", line 18, in <module>\n    check(compare)\n  File \"/tmp/agentfix_dhpf5yse/test_candidate.py\", line 7, in check\n    assert compare([1,2,3,4,5,1],[1,2,3,4,2,-2])==[0,0,0,0,3,3], \"This prints if this assert fails 1 (good for debugging!)\"\n           ^^^^^^^^^^^^^^^^^^^^^^^^^^^^^^^^^^^^^^^^^^^^^^^^^^^^\nAssertionError: This prints if this assert fails 1 (good for debugging!)\n",
          "failures": "Traceback (most recent call last):\n  File \"/tmp/agentfix_dhpf5yse/test_candidate.py\", line 18, in <module>\n    check(compare)\n  File \"/tmp/agentfix_dhpf5yse/test_candidate.py\", line 7, in check\n    assert compare([1,2,3,4,5,1],[1,2,3,4,2,-2])==[0,0,0,0,3,3], \"This prints if this assert fails 1 (good for debugging!)\"\n           ^^^^^^^^^^^^^^^^^^^^^^^^^^^^^^^^^^^^^^^^^^^^^^^^^^^^\nAssertionError: This prints if this assert fails 1 (good for debugging!)",
          "duration_s": 0.095
        }
      ],
      "wall_time_s": 1.335
    },
    {
      "task_id": "Python/153",
      "passed": false,
      "steps_used": 1,
      "trace": [
        {
          "step": 0,
          "patch": "def Strongest_Extension(extensions, class_name):\n    strong = extensions[0]\n    my_val = len([x for x in extensions[0] if x.isalpha() and x.isupper()]) - len([x for x in extensions[0] if x.isalpha() and x.islower()])\n    for s in extensions:\n        val = len([x for x in s if x.isalpha() and x.isupper()]) - len([x for x in s if x.isalpha() and x.islower()])\n        if val > my_val:\n            strong = s\n            my_val = val\n\n    ans = class_name + strong\n    return ans",
          "passed": false,
          "stdout": "",
          "stderr": "Traceback (most recent call last):\n  File \"/tmp/agentfix_6s2jek_b/test_candidate.py\", line 19, in <module>\n    check(Strongest_Extension)\n  File \"/tmp/agentfix_6s2jek_b/test_candidate.py\", line 7, in check\n    assert Strongest_Extension('Watashi', ['tEN', 'niNE', 'eIGHt8OKe']) == 'Watashi.eIGHt8OKe'\n           ^^^^^^^^^^^^^^^^^^^^^^^^^^^^^^^^^^^^^^^^^^^^^^^^^^^^^^^^^^^^\n  File \"/tmp/agentfix_6s2jek_b/candidate.py\", line 10, in Strongest_Extension\n    ans = class_name + strong\n          ~~~~~~~~~~~^~~~~~~~\nTypeError: can only concatenate list (not \"str\") to list\n",
          "failures": "Traceback (most recent call last):\n  File \"/tmp/agentfix_6s2jek_b/test_candidate.py\", line 19, in <module>\n    check(Strongest_Extension)\n  File \"/tmp/agentfix_6s2jek_b/test_candidate.py\", line 7, in check\n    assert Strongest_Extension('Watashi', ['tEN', 'niNE', 'eIGHt8OKe']) == 'Watashi.eIGHt8OKe'\n           ^^^^^^^^^^^^^^^^^^^^^^^^^^^^^^^^^^^^^^^^^^^^^^^^^^^^^^^^^^^^\n  File \"/tmp/agentfix_6s2jek_b/candidate.py\", line 10, in Strongest_Extension\n    ans = class_name + strong\n          ~~~~~~~~~~~^~~~~~~~\nTypeError: can only concatenate list (not \"str\") to list",
          "duration_s": 0.095
        }
      ],
      "wall_time_s": 4.895
    },
    {
      "task_id": "Python/154",
      "passed": false,
      "steps_used": 1,
      "trace": [
        {
          "step": 0,
          "patch": "def cycpattern_check(a, b):\n    l = len(b)\n    pat = b + b\n    for i in range(len(a) - l + 1):\n        for j in range(len(b) - l + 1):\n            if a[i:i+l] == pat[j:j+l]:\n                return True\n    return False",
          "passed": false,
          "stdout": "",
          "stderr": "Traceback (most recent call last):\n  File \"/tmp/agentfix_dcnjy9bi/test_candidate.py\", line 18, in <module>\n    check(cycpattern_check)\n  File \"/tmp/agentfix_dcnjy9bi/test_candidate.py\", line 14, in check\n    assert  cycpattern_check(\"efef\",\"fee\") == True , \"test #3\"\n            ^^^^^^^^^^^^^^^^^^^^^^^^^^^^^^^^^^^^^^\nAssertionError: test #3\n",
          "failures": "Traceback (most recent call last):\n  File \"/tmp/agentfix_dcnjy9bi/test_candidate.py\", line 18, in <module>\n    check(cycpattern_check)\n  File \"/tmp/agentfix_dcnjy9bi/test_candidate.py\", line 14, in check\n    assert  cycpattern_check(\"efef\",\"fee\") == True , \"test #3\"\n            ^^^^^^^^^^^^^^^^^^^^^^^^^^^^^^^^^^^^^^\nAssertionError: test #3",
          "duration_s": 0.102
        }
      ],
      "wall_time_s": 2.63
    },
    {
      "task_id": "Python/155",
      "passed": true,
      "steps_used": 1,
      "trace": [
        {
          "step": 0,
          "patch": "def even_odd_count(num):\n    even_count = 0\n    odd_count = 0\n    for i in str(abs(num)):\n        if int(i) % 2 == 0:\n            even_count += 1\n        else:\n            odd_count += 1\n    return (even_count, odd_count)",
          "passed": true,
          "stdout": "",
          "stderr": "",
          "failures": "",
          "duration_s": 0.094
        }
      ],
      "wall_time_s": 2.525
    },
    {
      "task_id": "Python/156",
      "passed": false,
      "steps_used": 1,
      "trace": [
        {
          "step": 0,
          "patch": "def int_to_mini_roman(num):\n    num = [1, 4, 5, 9, 10, 40, 50, 90, 100, 400, 500, 900, 1000] \n    sym = [\"I\", \"IV\", \"V\", \"IX\", \"X\", \"XL\", \"L\", \"XC\", \"C\", \"CD\", \"D\", \"CM\", \"M\"] \n    i = 12\n    res = ''\n    while number: \n        div = number // num[i] \n        number %= num[i] \n        while div: \n            res += sym[i]\n        i -= 1\n    return res.lower()",
          "passed": false,
          "stdout": "",
          "stderr": "Traceback (most recent call last):\n  File \"/tmp/agentfix_boq2s6ro/test_candidate.py\", line 25, in <module>\n    check(int_to_mini_roman)\n  File \"/tmp/agentfix_boq2s6ro/test_candidate.py\", line 7, in check\n    assert int_to_mini_roman(19) == 'xix'\n           ^^^^^^^^^^^^^^^^^^^^^\n  File \"/tmp/agentfix_boq2s6ro/candidate.py\", line 6, in int_to_mini_roman\n    while number: \n          ^^^^^^\nUnboundLocalError: cannot access local variable 'number' where it is not associated with a value\n",
          "failures": "Traceback (most recent call last):\n  File \"/tmp/agentfix_boq2s6ro/test_candidate.py\", line 25, in <module>\n    check(int_to_mini_roman)\n  File \"/tmp/agentfix_boq2s6ro/test_candidate.py\", line 7, in check\n    assert int_to_mini_roman(19) == 'xix'\n           ^^^^^^^^^^^^^^^^^^^^^\n  File \"/tmp/agentfix_boq2s6ro/candidate.py\", line 6, in int_to_mini_roman\n    while number: \n          ^^^^^^\nUnboundLocalError: cannot access local variable 'number' where it is not associated with a value",
          "duration_s": 0.094
        }
      ],
      "wall_time_s": 5.693
    },
    {
      "task_id": "Python/157",
      "passed": false,
      "steps_used": 1,
      "trace": [
        {
          "step": 0,
          "patch": "def right_angle_triangle(a, b, c):\n    return a**2 + b**2 == c**2",
          "passed": false,
          "stdout": "",
          "stderr": "Traceback (most recent call last):\n  File \"/tmp/agentfix_mj3hvpzs/test_candidate.py\", line 21, in <module>\n    check(right_angle_triangle)\n  File \"/tmp/agentfix_mj3hvpzs/test_candidate.py\", line 9, in check\n    assert right_angle_triangle(10, 6, 8) == True\n           ^^^^^^^^^^^^^^^^^^^^^^^^^^^^^^^^^^^^^^\nAssertionError\n",
          "failures": "Traceback (most recent call last):\n  File \"/tmp/agentfix_mj3hvpzs/test_candidate.py\", line 21, in <module>\n    check(right_angle_triangle)\n  File \"/tmp/agentfix_mj3hvpzs/test_candidate.py\", line 9, in check\n    assert right_angle_triangle(10, 6, 8) == True\n           ^^^^^^^^^^^^^^^^^^^^^^^^^^^^^^^^^^^^^^\nAssertionError",
          "duration_s": 0.095
        }
      ],
      "wall_time_s": 1.086
    },
    {
      "task_id": "Python/158",
      "passed": false,
      "steps_used": 1,
      "trace": [
        {
          "step": 0,
          "patch": "def find_max(words):\n    return max(words)",
          "passed": false,
          "stdout": "",
          "stderr": "Traceback (most recent call last):\n  File \"/tmp/agentfix_awcsygv4/test_candidate.py\", line 20, in <module>\n    check(find_max)\n  File \"/tmp/agentfix_awcsygv4/test_candidate.py\", line 8, in check\n    assert (find_max([\"name\", \"enam\", \"game\"]) == \"enam\"), 't2'\n            ^^^^^^^^^^^^^^^^^^^^^^^^^^^^^^^^^^^^^^^^^^^^\nAssertionError: t2\n",
          "failures": "Traceback (most recent call last):\n  File \"/tmp/agentfix_awcsygv4/test_candidate.py\", line 20, in <module>\n    check(find_max)\n  File \"/tmp/agentfix_awcsygv4/test_candidate.py\", line 8, in check\n    assert (find_max([\"name\", \"enam\", \"game\"]) == \"enam\"), 't2'\n            ^^^^^^^^^^^^^^^^^^^^^^^^^^^^^^^^^^^^^^^^^^^^\nAssertionError: t2",
          "duration_s": 0.097
        }
      ],
      "wall_time_s": 0.642
    },
    {
      "task_id": "Python/159",
      "passed": false,
      "steps_used": 1,
      "trace": [
        {
          "step": 0,
          "patch": "def eat(number, need, remaining):\n    if(need <= remaining):\n        return [ number + need , number + remaining-need ]\n    else:\n        return [ number + need + remaining , 0]",
          "passed": false,
          "stdout": "",
          "stderr": "Traceback (most recent call last):\n  File \"/tmp/agentfix_5dc6j4lz/test_candidate.py\", line 18, in <module>\n    check(eat)\n  File \"/tmp/agentfix_5dc6j4lz/test_candidate.py\", line 8, in check\n    assert eat(5, 6, 10) == [11, 4], \"Error\"\n           ^^^^^^^^^^^^^^^^^^^^^^^^\nAssertionError: Error\n",
          "failures": "Traceback (most recent call last):\n  File \"/tmp/agentfix_5dc6j4lz/test_candidate.py\", line 18, in <module>\n    check(eat)\n  File \"/tmp/agentfix_5dc6j4lz/test_candidate.py\", line 8, in check\n    assert eat(5, 6, 10) == [11, 4], \"Error\"\n           ^^^^^^^^^^^^^^^^^^^^^^^^\nAssertionError: Error",
          "duration_s": 0.095
        }
      ],
      "wall_time_s": 1.76
    },
    {
      "task_id": "Python/160",
      "passed": false,
      "steps_used": 1,
      "trace": [
        {
          "step": 0,
          "patch": "def do_algebra(operand, operator):\n    expression = str(operand[0])\n    for oprt, oprn in zip(operator, operand[1:]):\n        expression += oprt + str(oprn)\n    return eval(expression)",
          "passed": false,
          "stdout": "",
          "stderr": "Traceback (most recent call last):\n  File \"/tmp/agentfix_67to9c8w/test_candidate.py\", line 14, in <module>\n    check(do_algebra)\n  File \"/tmp/agentfix_67to9c8w/test_candidate.py\", line 7, in check\n    assert do_algebra(['**', '*', '+'], [2, 3, 4, 5]) == 37\n           ^^^^^^^^^^^^^^^^^^^^^^^^^^^^^^^^^^^^^^^^^^\n  File \"/tmp/agentfix_67to9c8w/candidate.py\", line 4, in do_algebra\n    expression += oprt + str(oprn)\n                  ~~~~~^~~~~~~~~~~\nTypeError: unsupported operand type(s) for +: 'int' and 'str'\n",
          "failures": "Traceback (most recent call last):\n  File \"/tmp/agentfix_67to9c8w/test_candidate.py\", line 14, in <module>\n    check(do_algebra)\n  File \"/tmp/agentfix_67to9c8w/test_candidate.py\", line 7, in check\n    assert do_algebra(['**', '*', '+'], [2, 3, 4, 5]) == 37\n           ^^^^^^^^^^^^^^^^^^^^^^^^^^^^^^^^^^^^^^^^^^\n  File \"/tmp/agentfix_67to9c8w/candidate.py\", line 4, in do_algebra\n    expression += oprt + str(oprn)\n                  ~~~~~^~~~~~~~~~~\nTypeError: unsupported operand type(s) for +: 'int' and 'str'",
          "duration_s": 0.096
        }
      ],
      "wall_time_s": 1.939
    },
    {
      "task_id": "Python/161",
      "passed": false,
      "steps_used": 1,
      "trace": [
        {
          "step": 0,
          "patch": "def solve(s):\n    flg = 0\n    idx = 0\n    new_str = list(s)\n    for i in s:\n        if i.isalpha():\n            new_str[idx] = i\n            flg = 1\n        idx += 1\n    s = \"\"\n    for i in new_str:\n        s += i\n    if flg == 0:\n        return s[::-1]\n    return s",
          "passed": false,
          "stdout": "",
          "stderr": "Traceback (most recent call last):\n  File \"/tmp/agentfix_q1mr0beq/test_candidate.py\", line 20, in <module>\n    check(solve)\n  File \"/tmp/agentfix_q1mr0beq/test_candidate.py\", line 7, in check\n    assert solve(\"AsDf\") == \"aSdF\"\n           ^^^^^^^^^^^^^^^^^^^^^^^\nAssertionError\n",
          "failures": "Traceback (most recent call last):\n  File \"/tmp/agentfix_q1mr0beq/test_candidate.py\", line 20, in <module>\n    check(solve)\n  File \"/tmp/agentfix_q1mr0beq/test_candidate.py\", line 7, in check\n    assert solve(\"AsDf\") == \"aSdF\"\n           ^^^^^^^^^^^^^^^^^^^^^^^\nAssertionError",
          "duration_s": 0.094
        }
      ],
      "wall_time_s": 3.318
    },
    {
      "task_id": "Python/162",
      "passed": true,
      "steps_used": 1,
      "trace": [
        {
          "step": 0,
          "patch": "def string_to_md5(text):\n    import hashlib\n    return hashlib.md5(text.encode()).hexdigest() if text else None",
          "passed": true,
          "stdout": "",
          "stderr": "",
          "failures": "",
          "duration_s": 0.094
        }
      ],
      "wall_time_s": 1.169
    },
    {
      "task_id": "Python/163",
      "passed": false,
      "steps_used": 1,
      "trace": [
        {
          "step": 0,
          "patch": "def generate_integers(a, b):\n    lower = max(2, min(a, b))\n    upper = min(8, max(a, b))\n\n    return [i for i in range(lower, upper) if i % 2 == 0]",
          "passed": false,
          "stdout": "",
          "stderr": "Traceback (most recent call last):\n  File \"/tmp/agentfix_loet2d8h/test_candidate.py\", line 15, in <module>\n    check(generate_integers)\n  File \"/tmp/agentfix_loet2d8h/test_candidate.py\", line 7, in check\n    assert generate_integers(2, 10) == [2, 4, 6, 8], \"Test 1\"\n           ^^^^^^^^^^^^^^^^^^^^^^^^^^^^^^^^^^^^^^^^\nAssertionError: Test 1\n",
          "failures": "Traceback (most recent call last):\n  File \"/tmp/agentfix_loet2d8h/test_candidate.py\", line 15, in <module>\n    check(generate_integers)\n  File \"/tmp/agentfix_loet2d8h/test_candidate.py\", line 7, in check\n    assert generate_integers(2, 10) == [2, 4, 6, 8], \"Test 1\"\n           ^^^^^^^^^^^^^^^^^^^^^^^^^^^^^^^^^^^^^^^^\nAssertionError: Test 1",
          "duration_s": 0.101
        }
      ],
      "wall_time_s": 2.082
    }
  ]
}